2022-03-12 05:27:29,876 - ### Training Machine Ip address ###
 127.0.1.1

2022-03-12 05:27:29,877 - ### Model summary below###
 Downstream(
  (decoder): Decoder(
    (linear): ModuleList(
      (0): Linear(in_features=256, out_features=128, bias=True)
      (1): ReLU()
      (2): Linear(in_features=128, out_features=64, bias=True)
      (3): ReLU()
      (4): Linear(in_features=64, out_features=32, bias=True)
      (5): ReLU()
      (6): Linear(in_features=32, out_features=16, bias=True)
      (7): ReLU()
    )
    (out): Linear(in_features=16, out_features=4, bias=True)
    (softmax): Softmax(dim=None)
  )
  (softmax): Softmax(dim=None)
  (lsoftmax): LogSoftmax(dim=None)
  (loss_mean): CrossEntropyLoss()
)

2022-03-12 05:27:29,877 - ===> Configuration parameter
                                    GPU_id: 1
                                    batch_size: 64
                                    epoch: 300
                                    n_warmup_steps: 30
                                    validataion_period: 1
                                    ckpt_period: 5
                                    ckpt_dir: /home/user/data/HyeongseokJeon/HMC_prediction/ckpt/
                                    learning_rate: 1e-06
                                    logging: True
                                    data_dir_train: /home/user/data/HyeongseokJeon/HMC_prediction/data/drone_data/processed/train/
                                    data_dir_val: /home/user/data/HyeongseokJeon/HMC_prediction/data/drone_data/processed/val/
                                    data_dir_orig: /home/user/data/HyeongseokJeon/HMC_prediction/data/drone_data/processed/archive/
                                    occlusion_rate: 0.2
                                    splicing_num: 128
                                    LC_multiple: 5
                                    FOV: 30
                                    interpolate: False
                                    max_pred_time: 5
                                    max_hist_time: 10
                                    hz: 2
                                    val_rate: 0.2
                                    n_linear_layer: 4
                                    n_hidden_after_deconv: 256
                                    log_dir: logs/

2022-03-12 05:27:29,877 - ===> Model total parameter: 43828
2022-03-12 05:27:29,877 - ### Selected Encoder model >>> File_id : maneuver_prediction-2022-03-10_04_02_34
2022-03-12 05:27:29,877 - ### Selected Encoder weight >>> weight_id : model_35.pt
2022-03-12 05:27:29,877 - ===> Model Training Start
2022-03-12 05:39:31,822 - ===> Train Epoch: 1 	 Accuracy: 34.38% 	 Loss: 1.37540947
2022-03-12 05:45:00,278 - ===> Validation after Training epoch: 1 	 Overall Accuracy: 25.25%	 Before inlet accuracy: 25.59% 	 After inlet accuracy: 23.70%
2022-03-12 06:04:05,977 - ===> Train Epoch: 2 	 Accuracy: 34.00% 	 Loss: 1.37403920
2022-03-12 06:09:33,868 - ===> Validation after Training epoch: 2 	 Overall Accuracy: 25.85%	 Before inlet accuracy: 26.39% 	 After inlet accuracy: 23.46%
2022-03-12 06:28:45,555 - ===> Train Epoch: 3 	 Accuracy: 33.96% 	 Loss: 1.37146446
2022-03-12 06:34:17,163 - ===> Validation after Training epoch: 3 	 Overall Accuracy: 25.54%	 Before inlet accuracy: 25.94% 	 After inlet accuracy: 23.72%
2022-03-12 06:53:33,401 - ===> Train Epoch: 4 	 Accuracy: 34.20% 	 Loss: 1.36698620
2022-03-12 06:59:00,690 - ===> Validation after Training epoch: 4 	 Overall Accuracy: 26.36%	 Before inlet accuracy: 26.89% 	 After inlet accuracy: 23.95%
2022-03-12 07:18:10,666 - ===> Train Epoch: 5 	 Accuracy: 34.21% 	 Loss: 1.36162077
2022-03-12 07:23:41,112 - ===> Validation after Training epoch: 5 	 Overall Accuracy: 25.76%	 Before inlet accuracy: 26.26% 	 After inlet accuracy: 23.55%
2022-03-12 07:42:50,666 - ===> Train Epoch: 6 	 Accuracy: 34.08% 	 Loss: 1.35474515
2022-03-12 07:48:17,254 - ===> Validation after Training epoch: 6 	 Overall Accuracy: 25.58%	 Before inlet accuracy: 25.97% 	 After inlet accuracy: 23.82%
2022-03-12 08:07:22,862 - ===> Train Epoch: 7 	 Accuracy: 35.23% 	 Loss: 1.34582505
2022-03-12 08:12:51,609 - ===> Validation after Training epoch: 7 	 Overall Accuracy: 30.90%	 Before inlet accuracy: 32.43% 	 After inlet accuracy: 23.84%
2022-03-12 08:32:03,379 - ===> Train Epoch: 8 	 Accuracy: 42.56% 	 Loss: 1.33296121
2022-03-12 08:37:29,520 - ===> Validation after Training epoch: 8 	 Overall Accuracy: 41.67%	 Before inlet accuracy: 43.33% 	 After inlet accuracy: 34.11%
2022-03-12 08:56:36,474 - ===> Train Epoch: 9 	 Accuracy: 48.39% 	 Loss: 1.31841475
2022-03-12 09:02:04,988 - ===> Validation after Training epoch: 9 	 Overall Accuracy: 47.56%	 Before inlet accuracy: 47.34% 	 After inlet accuracy: 48.56%
2022-03-12 09:21:10,355 - ===> Train Epoch: 10 	 Accuracy: 51.67% 	 Loss: 1.30034936
2022-03-12 09:26:39,532 - ===> Validation after Training epoch: 10 	 Overall Accuracy: 50.32%	 Before inlet accuracy: 49.62% 	 After inlet accuracy: 53.52%
2022-03-12 09:45:49,563 - ===> Train Epoch: 11 	 Accuracy: 52.70% 	 Loss: 1.27922007
2022-03-12 09:51:17,723 - ===> Validation after Training epoch: 11 	 Overall Accuracy: 50.76%	 Before inlet accuracy: 49.76% 	 After inlet accuracy: 55.41%
2022-03-12 10:10:28,963 - ===> Train Epoch: 12 	 Accuracy: 54.99% 	 Loss: 1.25490556
2022-03-12 10:15:58,497 - ===> Validation after Training epoch: 12 	 Overall Accuracy: 56.33%	 Before inlet accuracy: 56.19% 	 After inlet accuracy: 56.98%
2022-03-12 10:35:01,839 - ===> Train Epoch: 13 	 Accuracy: 62.78% 	 Loss: 1.22979331
2022-03-12 10:40:31,319 - ===> Validation after Training epoch: 13 	 Overall Accuracy: 65.67%	 Before inlet accuracy: 67.40% 	 After inlet accuracy: 57.75%
2022-03-12 10:59:43,105 - ===> Train Epoch: 14 	 Accuracy: 67.23% 	 Loss: 1.20323375
2022-03-12 11:05:11,414 - ===> Validation after Training epoch: 14 	 Overall Accuracy: 69.91%	 Before inlet accuracy: 71.92% 	 After inlet accuracy: 60.72%
2022-03-12 11:24:17,523 - ===> Train Epoch: 15 	 Accuracy: 70.40% 	 Loss: 1.17622863
2022-03-12 11:29:46,290 - ===> Validation after Training epoch: 15 	 Overall Accuracy: 73.86%	 Before inlet accuracy: 75.96% 	 After inlet accuracy: 64.19%
2022-03-12 11:48:49,237 - ===> Train Epoch: 16 	 Accuracy: 72.60% 	 Loss: 1.15194839
2022-03-12 11:54:17,682 - ===> Validation after Training epoch: 16 	 Overall Accuracy: 76.80%	 Before inlet accuracy: 78.97% 	 After inlet accuracy: 66.81%
2022-03-12 12:13:28,106 - ===> Train Epoch: 17 	 Accuracy: 74.54% 	 Loss: 1.12880640
2022-03-12 12:19:01,406 - ===> Validation after Training epoch: 17 	 Overall Accuracy: 78.83%	 Before inlet accuracy: 80.59% 	 After inlet accuracy: 70.73%
2022-03-12 12:38:05,834 - ===> Train Epoch: 18 	 Accuracy: 76.17% 	 Loss: 1.11095572
2022-03-12 12:43:33,442 - ===> Validation after Training epoch: 18 	 Overall Accuracy: 81.10%	 Before inlet accuracy: 82.68% 	 After inlet accuracy: 73.82%
2022-03-12 13:02:35,928 - ===> Train Epoch: 19 	 Accuracy: 77.78% 	 Loss: 1.09216326
2022-03-12 13:08:05,830 - ===> Validation after Training epoch: 19 	 Overall Accuracy: 81.82%	 Before inlet accuracy: 83.40% 	 After inlet accuracy: 74.62%
2022-03-12 13:27:15,906 - ===> Train Epoch: 20 	 Accuracy: 78.79% 	 Loss: 1.07456173
2022-03-12 13:32:44,030 - ===> Validation after Training epoch: 20 	 Overall Accuracy: 82.32%	 Before inlet accuracy: 83.84% 	 After inlet accuracy: 75.41%
2022-03-12 13:51:50,813 - ===> Train Epoch: 21 	 Accuracy: 79.38% 	 Loss: 1.06079024
2022-03-12 13:57:25,455 - ===> Validation after Training epoch: 21 	 Overall Accuracy: 82.40%	 Before inlet accuracy: 83.77% 	 After inlet accuracy: 76.17%
2022-03-12 14:16:32,522 - ===> Train Epoch: 22 	 Accuracy: 80.09% 	 Loss: 1.04623831
2022-03-12 14:22:02,089 - ===> Validation after Training epoch: 22 	 Overall Accuracy: 82.69%	 Before inlet accuracy: 83.86% 	 After inlet accuracy: 77.21%
2022-03-12 14:41:05,272 - ===> Train Epoch: 23 	 Accuracy: 80.29% 	 Loss: 1.03495324
2022-03-12 14:46:36,127 - ===> Validation after Training epoch: 23 	 Overall Accuracy: 82.78%	 Before inlet accuracy: 84.08% 	 After inlet accuracy: 76.84%
2022-03-12 15:05:40,327 - ===> Train Epoch: 24 	 Accuracy: 80.40% 	 Loss: 1.02316795
2022-03-12 15:11:11,084 - ===> Validation after Training epoch: 24 	 Overall Accuracy: 82.66%	 Before inlet accuracy: 83.93% 	 After inlet accuracy: 76.91%
2022-03-12 15:30:17,494 - ===> Train Epoch: 25 	 Accuracy: 80.88% 	 Loss: 1.01298387
2022-03-12 15:35:49,037 - ===> Validation after Training epoch: 25 	 Overall Accuracy: 83.70%	 Before inlet accuracy: 84.88% 	 After inlet accuracy: 78.16%
2022-03-12 15:54:53,975 - ===> Train Epoch: 26 	 Accuracy: 80.87% 	 Loss: 1.00505575
2022-03-12 16:00:27,896 - ===> Validation after Training epoch: 26 	 Overall Accuracy: 82.68%	 Before inlet accuracy: 83.82% 	 After inlet accuracy: 77.49%
2022-03-12 16:19:30,798 - ===> Train Epoch: 27 	 Accuracy: 80.82% 	 Loss: 0.99742806
2022-03-12 16:25:03,971 - ===> Validation after Training epoch: 27 	 Overall Accuracy: 83.01%	 Before inlet accuracy: 84.14% 	 After inlet accuracy: 77.96%
