2022-03-12 05:28:37,919 - ### Training Machine Ip address ###
 127.0.1.1

2022-03-12 05:28:37,920 - ### Model summary below###
 Downstream(
  (decoder): Decoder(
    (linear): ModuleList(
      (0): Linear(in_features=256, out_features=128, bias=True)
      (1): ReLU()
      (2): Linear(in_features=128, out_features=64, bias=True)
      (3): ReLU()
      (4): Linear(in_features=64, out_features=32, bias=True)
      (5): ReLU()
      (6): Linear(in_features=32, out_features=16, bias=True)
      (7): ReLU()
    )
    (out): Linear(in_features=16, out_features=4, bias=True)
    (softmax): Softmax(dim=None)
  )
  (softmax): Softmax(dim=None)
  (lsoftmax): LogSoftmax(dim=None)
  (loss_mean): CrossEntropyLoss()
)

2022-03-12 05:28:37,920 - ===> Configuration parameter
                                    GPU_id: 2
                                    batch_size: 64
                                    epoch: 300
                                    n_warmup_steps: 30
                                    validataion_period: 1
                                    ckpt_period: 5
                                    ckpt_dir: /home/user/data/HyeongseokJeon/HMC_prediction/ckpt/
                                    learning_rate: 1e-06
                                    logging: True
                                    data_dir_train: /home/user/data/HyeongseokJeon/HMC_prediction/data/drone_data/processed/train/
                                    data_dir_val: /home/user/data/HyeongseokJeon/HMC_prediction/data/drone_data/processed/val/
                                    data_dir_orig: /home/user/data/HyeongseokJeon/HMC_prediction/data/drone_data/processed/archive/
                                    occlusion_rate: 0.2
                                    splicing_num: 128
                                    LC_multiple: 5
                                    FOV: 30
                                    interpolate: False
                                    max_pred_time: 5
                                    max_hist_time: 10
                                    hz: 2
                                    val_rate: 0.2
                                    n_linear_layer: 4
                                    n_hidden_after_deconv: 256
                                    log_dir: logs/

2022-03-12 05:28:37,920 - ===> Model total parameter: 43828
2022-03-12 05:28:37,920 - ### Selected Encoder model >>> File_id : maneuver_prediction-2022-03-10_04_02_34
2022-03-12 05:28:37,920 - ### Selected Encoder weight >>> weight_id : model_80.pt
2022-03-12 05:28:37,920 - ===> Model Training Start
2022-03-12 05:41:30,621 - ===> Train Epoch: 1 	 Accuracy: 25.87% 	 Loss: 1.38334541
2022-03-12 05:46:48,987 - ===> Validation after Training epoch: 1 	 Overall Accuracy: 35.97%	 Before inlet accuracy: 33.69% 	 After inlet accuracy: 46.43%
2022-03-12 06:05:33,528 - ===> Train Epoch: 2 	 Accuracy: 26.12% 	 Loss: 1.37983684
2022-03-12 06:10:50,154 - ===> Validation after Training epoch: 2 	 Overall Accuracy: 35.38%	 Before inlet accuracy: 33.11% 	 After inlet accuracy: 45.85%
2022-03-12 06:29:31,790 - ===> Train Epoch: 3 	 Accuracy: 26.08% 	 Loss: 1.37573179
2022-03-12 06:34:50,175 - ===> Validation after Training epoch: 3 	 Overall Accuracy: 35.49%	 Before inlet accuracy: 33.25% 	 After inlet accuracy: 45.88%
2022-03-12 06:53:37,820 - ===> Train Epoch: 4 	 Accuracy: 26.00% 	 Loss: 1.36985134
2022-03-12 06:58:57,918 - ===> Validation after Training epoch: 4 	 Overall Accuracy: 35.33%	 Before inlet accuracy: 33.06% 	 After inlet accuracy: 45.68%
2022-03-12 07:17:41,386 - ===> Train Epoch: 5 	 Accuracy: 25.92% 	 Loss: 1.36199479
2022-03-12 07:22:57,615 - ===> Validation after Training epoch: 5 	 Overall Accuracy: 35.38%	 Before inlet accuracy: 33.11% 	 After inlet accuracy: 45.85%
2022-03-12 07:41:52,338 - ===> Train Epoch: 6 	 Accuracy: 25.90% 	 Loss: 1.35191273
2022-03-12 07:47:10,922 - ===> Validation after Training epoch: 6 	 Overall Accuracy: 35.85%	 Before inlet accuracy: 33.50% 	 After inlet accuracy: 46.39%
2022-03-12 08:05:58,017 - ===> Train Epoch: 7 	 Accuracy: 28.92% 	 Loss: 1.33857717
2022-03-12 08:11:15,962 - ===> Validation after Training epoch: 7 	 Overall Accuracy: 45.67%	 Before inlet accuracy: 45.31% 	 After inlet accuracy: 47.31%
2022-03-12 08:30:06,204 - ===> Train Epoch: 8 	 Accuracy: 39.02% 	 Loss: 1.32217025
2022-03-12 08:35:23,639 - ===> Validation after Training epoch: 8 	 Overall Accuracy: 54.09%	 Before inlet accuracy: 54.55% 	 After inlet accuracy: 51.97%
2022-03-12 08:54:09,687 - ===> Train Epoch: 9 	 Accuracy: 45.28% 	 Loss: 1.30313821
2022-03-12 08:59:26,548 - ===> Validation after Training epoch: 9 	 Overall Accuracy: 59.30%	 Before inlet accuracy: 59.61% 	 After inlet accuracy: 57.89%
2022-03-12 09:18:10,155 - ===> Train Epoch: 10 	 Accuracy: 51.97% 	 Loss: 1.28174727
2022-03-12 09:23:28,336 - ===> Validation after Training epoch: 10 	 Overall Accuracy: 61.78%	 Before inlet accuracy: 62.37% 	 After inlet accuracy: 59.05%
2022-03-12 09:42:17,665 - ===> Train Epoch: 11 	 Accuracy: 56.20% 	 Loss: 1.25480481
2022-03-12 09:47:37,823 - ===> Validation after Training epoch: 11 	 Overall Accuracy: 62.55%	 Before inlet accuracy: 62.84% 	 After inlet accuracy: 61.22%
2022-03-12 10:06:27,519 - ===> Train Epoch: 12 	 Accuracy: 57.33% 	 Loss: 1.23036363
2022-03-12 10:11:45,185 - ===> Validation after Training epoch: 12 	 Overall Accuracy: 61.73%	 Before inlet accuracy: 61.66% 	 After inlet accuracy: 62.06%
2022-03-12 10:30:35,460 - ===> Train Epoch: 13 	 Accuracy: 57.72% 	 Loss: 1.20751984
2022-03-12 10:35:51,757 - ===> Validation after Training epoch: 13 	 Overall Accuracy: 61.57%	 Before inlet accuracy: 61.31% 	 After inlet accuracy: 62.80%
