2022-03-12 05:29:25,633 - ### Training Machine Ip address ###
 127.0.1.1

2022-03-12 05:29:25,633 - ### Model summary below###
 Downstream(
  (decoder): Decoder(
    (linear): ModuleList(
      (0): Linear(in_features=256, out_features=128, bias=True)
      (1): ReLU()
      (2): Linear(in_features=128, out_features=64, bias=True)
      (3): ReLU()
      (4): Linear(in_features=64, out_features=32, bias=True)
      (5): ReLU()
      (6): Linear(in_features=32, out_features=16, bias=True)
      (7): ReLU()
    )
    (out): Linear(in_features=16, out_features=4, bias=True)
    (softmax): Softmax(dim=None)
  )
  (softmax): Softmax(dim=None)
  (lsoftmax): LogSoftmax(dim=None)
  (loss_mean): CrossEntropyLoss()
)

2022-03-12 05:29:25,633 - ===> Configuration parameter
                                    GPU_id: 3
                                    batch_size: 64
                                    epoch: 300
                                    n_warmup_steps: 30
                                    validataion_period: 1
                                    ckpt_period: 5
                                    ckpt_dir: /home/user/data/HyeongseokJeon/HMC_prediction/ckpt/
                                    learning_rate: 1e-06
                                    logging: True
                                    data_dir_train: /home/user/data/HyeongseokJeon/HMC_prediction/data/drone_data/processed/train/
                                    data_dir_val: /home/user/data/HyeongseokJeon/HMC_prediction/data/drone_data/processed/val/
                                    data_dir_orig: /home/user/data/HyeongseokJeon/HMC_prediction/data/drone_data/processed/archive/
                                    occlusion_rate: 0.2
                                    splicing_num: 128
                                    LC_multiple: 5
                                    FOV: 30
                                    interpolate: False
                                    max_pred_time: 5
                                    max_hist_time: 10
                                    hz: 2
                                    val_rate: 0.2
                                    n_linear_layer: 4
                                    n_hidden_after_deconv: 256
                                    log_dir: logs/

2022-03-12 05:29:25,633 - ===> Model total parameter: 43828
2022-03-12 05:29:25,634 - ### Selected Encoder model >>> File_id : maneuver_prediction-2022-03-10_04_02_34
2022-03-12 05:29:25,634 - ### Selected Encoder weight >>> weight_id : model_105.pt
2022-03-12 05:29:25,634 - ===> Model Training Start
2022-03-12 05:42:36,229 - ===> Train Epoch: 1 	 Accuracy: 39.67% 	 Loss: 1.38342538
2022-03-12 05:48:02,136 - ===> Validation after Training epoch: 1 	 Overall Accuracy: 36.72%	 Before inlet accuracy: 38.73% 	 After inlet accuracy: 27.67%
2022-03-12 06:06:58,697 - ===> Train Epoch: 2 	 Accuracy: 39.31% 	 Loss: 1.38131381
2022-03-12 06:12:20,715 - ===> Validation after Training epoch: 2 	 Overall Accuracy: 36.58%	 Before inlet accuracy: 38.68% 	 After inlet accuracy: 26.94%
2022-03-12 06:31:13,213 - ===> Train Epoch: 3 	 Accuracy: 39.44% 	 Loss: 1.37817208
2022-03-12 06:36:33,227 - ===> Validation after Training epoch: 3 	 Overall Accuracy: 36.47%	 Before inlet accuracy: 38.34% 	 After inlet accuracy: 27.86%
2022-03-12 06:55:25,983 - ===> Train Epoch: 4 	 Accuracy: 39.31% 	 Loss: 1.37428024
2022-03-12 07:00:49,111 - ===> Validation after Training epoch: 4 	 Overall Accuracy: 36.29%	 Before inlet accuracy: 38.09% 	 After inlet accuracy: 27.81%
2022-03-12 07:19:49,856 - ===> Train Epoch: 5 	 Accuracy: 39.78% 	 Loss: 1.36899958
2022-03-12 07:25:10,598 - ===> Validation after Training epoch: 5 	 Overall Accuracy: 37.92%	 Before inlet accuracy: 39.48% 	 After inlet accuracy: 30.77%
2022-03-12 07:44:09,440 - ===> Train Epoch: 6 	 Accuracy: 46.60% 	 Loss: 1.36239529
2022-03-12 07:49:31,535 - ===> Validation after Training epoch: 6 	 Overall Accuracy: 56.05%	 Before inlet accuracy: 57.02% 	 After inlet accuracy: 51.51%
2022-03-12 08:08:29,619 - ===> Train Epoch: 7 	 Accuracy: 66.02% 	 Loss: 1.35455471
2022-03-12 08:13:51,046 - ===> Validation after Training epoch: 7 	 Overall Accuracy: 74.77%	 Before inlet accuracy: 76.61% 	 After inlet accuracy: 66.27%
2022-03-12 08:32:50,271 - ===> Train Epoch: 8 	 Accuracy: 77.15% 	 Loss: 1.34428543
2022-03-12 08:38:13,363 - ===> Validation after Training epoch: 8 	 Overall Accuracy: 81.57%	 Before inlet accuracy: 83.25% 	 After inlet accuracy: 74.04%
2022-03-12 08:57:10,119 - ===> Train Epoch: 9 	 Accuracy: 77.76% 	 Loss: 1.33027500
2022-03-12 09:02:29,572 - ===> Validation after Training epoch: 9 	 Overall Accuracy: 79.59%	 Before inlet accuracy: 80.72% 	 After inlet accuracy: 74.39%
2022-03-12 09:21:29,121 - ===> Train Epoch: 10 	 Accuracy: 72.63% 	 Loss: 1.31229673
2022-03-12 09:26:54,444 - ===> Validation after Training epoch: 10 	 Overall Accuracy: 72.29%	 Before inlet accuracy: 73.59% 	 After inlet accuracy: 66.38%
2022-03-12 09:45:58,498 - ===> Train Epoch: 11 	 Accuracy: 66.97% 	 Loss: 1.28956991
2022-03-12 09:51:20,294 - ===> Validation after Training epoch: 11 	 Overall Accuracy: 63.80%	 Before inlet accuracy: 64.45% 	 After inlet accuracy: 60.84%
2022-03-12 10:10:18,210 - ===> Train Epoch: 12 	 Accuracy: 59.30% 	 Loss: 1.26483246
2022-03-12 10:15:43,489 - ===> Validation after Training epoch: 12 	 Overall Accuracy: 55.58%	 Before inlet accuracy: 54.87% 	 After inlet accuracy: 58.88%
2022-03-12 10:34:48,517 - ===> Train Epoch: 13 	 Accuracy: 55.88% 	 Loss: 1.23716048
2022-03-12 10:40:07,403 - ===> Validation after Training epoch: 13 	 Overall Accuracy: 53.30%	 Before inlet accuracy: 52.34% 	 After inlet accuracy: 57.68%
2022-03-12 10:59:05,082 - ===> Train Epoch: 14 	 Accuracy: 55.21% 	 Loss: 1.21108381
2022-03-12 11:04:29,188 - ===> Validation after Training epoch: 14 	 Overall Accuracy: 53.47%	 Before inlet accuracy: 52.44% 	 After inlet accuracy: 58.25%
2022-03-12 11:23:31,105 - ===> Train Epoch: 15 	 Accuracy: 54.87% 	 Loss: 1.18855348
2022-03-12 11:28:51,270 - ===> Validation after Training epoch: 15 	 Overall Accuracy: 53.18%	 Before inlet accuracy: 52.24% 	 After inlet accuracy: 57.45%
2022-03-12 11:47:52,475 - ===> Train Epoch: 16 	 Accuracy: 54.73% 	 Loss: 1.16966294
2022-03-12 11:53:12,683 - ===> Validation after Training epoch: 16 	 Overall Accuracy: 53.74%	 Before inlet accuracy: 52.68% 	 After inlet accuracy: 58.69%
2022-03-12 12:12:13,208 - ===> Train Epoch: 17 	 Accuracy: 54.87% 	 Loss: 1.15145487
2022-03-12 12:17:34,656 - ===> Validation after Training epoch: 17 	 Overall Accuracy: 54.33%	 Before inlet accuracy: 53.52% 	 After inlet accuracy: 58.05%
2022-03-12 12:36:37,391 - ===> Train Epoch: 18 	 Accuracy: 55.31% 	 Loss: 1.13846061
2022-03-12 12:41:57,181 - ===> Validation after Training epoch: 18 	 Overall Accuracy: 54.38%	 Before inlet accuracy: 53.70% 	 After inlet accuracy: 57.44%
2022-03-12 13:00:55,486 - ===> Train Epoch: 19 	 Accuracy: 56.08% 	 Loss: 1.12512291
2022-03-12 13:06:18,238 - ===> Validation after Training epoch: 19 	 Overall Accuracy: 55.76%	 Before inlet accuracy: 55.03% 	 After inlet accuracy: 59.07%
2022-03-12 13:25:23,279 - ===> Train Epoch: 20 	 Accuracy: 57.26% 	 Loss: 1.11616004
2022-03-12 13:30:41,964 - ===> Validation after Training epoch: 20 	 Overall Accuracy: 59.18%	 Before inlet accuracy: 59.08% 	 After inlet accuracy: 59.62%
2022-03-12 13:49:37,084 - ===> Train Epoch: 21 	 Accuracy: 60.29% 	 Loss: 1.10649240
2022-03-12 13:54:57,694 - ===> Validation after Training epoch: 21 	 Overall Accuracy: 62.60%	 Before inlet accuracy: 62.77% 	 After inlet accuracy: 61.80%
2022-03-12 14:13:55,894 - ===> Train Epoch: 22 	 Accuracy: 63.16% 	 Loss: 1.09979716
2022-03-12 14:19:19,623 - ===> Validation after Training epoch: 22 	 Overall Accuracy: 66.38%	 Before inlet accuracy: 67.05% 	 After inlet accuracy: 63.26%
2022-03-12 14:38:18,621 - ===> Train Epoch: 23 	 Accuracy: 65.55% 	 Loss: 1.08845369
2022-03-12 14:43:39,056 - ===> Validation after Training epoch: 23 	 Overall Accuracy: 68.54%	 Before inlet accuracy: 69.64% 	 After inlet accuracy: 63.51%
2022-03-12 15:02:36,878 - ===> Train Epoch: 24 	 Accuracy: 67.10% 	 Loss: 1.08272102
2022-03-12 15:07:52,920 - ===> Validation after Training epoch: 24 	 Overall Accuracy: 70.78%	 Before inlet accuracy: 71.87% 	 After inlet accuracy: 65.76%
2022-03-12 15:26:51,524 - ===> Train Epoch: 25 	 Accuracy: 68.74% 	 Loss: 1.07690544
2022-03-12 15:32:07,395 - ===> Validation after Training epoch: 25 	 Overall Accuracy: 73.27%	 Before inlet accuracy: 74.42% 	 After inlet accuracy: 67.97%
2022-03-12 15:51:10,420 - ===> Train Epoch: 26 	 Accuracy: 70.93% 	 Loss: 1.07070581
2022-03-12 15:56:31,940 - ===> Validation after Training epoch: 26 	 Overall Accuracy: 75.87%	 Before inlet accuracy: 77.13% 	 After inlet accuracy: 70.09%
2022-03-12 16:15:26,778 - ===> Train Epoch: 27 	 Accuracy: 73.32% 	 Loss: 1.06567629
2022-03-12 16:20:47,756 - ===> Validation after Training epoch: 27 	 Overall Accuracy: 77.65%	 Before inlet accuracy: 79.06% 	 After inlet accuracy: 71.20%
