2022-03-12 05:45:06,097 - ### Training Machine Ip address ###
 192.168.0.7

2022-03-12 05:45:06,097 - ### Model summary below###
 Downstream(
  (decoder): Decoder(
    (linear): ModuleList(
      (0): Linear(in_features=256, out_features=128, bias=True)
      (1): ReLU()
      (2): Linear(in_features=128, out_features=64, bias=True)
      (3): ReLU()
      (4): Linear(in_features=64, out_features=32, bias=True)
      (5): ReLU()
      (6): Linear(in_features=32, out_features=16, bias=True)
      (7): ReLU()
    )
    (out): Linear(in_features=16, out_features=4, bias=True)
    (softmax): Softmax(dim=None)
  )
  (softmax): Softmax(dim=None)
  (lsoftmax): LogSoftmax(dim=None)
  (loss_mean): CrossEntropyLoss()
)

2022-03-12 05:45:06,098 - ===> Configuration parameter
                                    GPU_id: 0
                                    batch_size: 64
                                    epoch: 300
                                    n_warmup_steps: 30
                                    validataion_period: 1
                                    ckpt_period: 5
                                    ckpt_dir: C:\Users\VDCLAB\Desktop\hs\HMC_prediction/ckpt/
                                    learning_rate: 1e-06
                                    logging: True
                                    data_dir_train: C:\Users\VDCLAB\Desktop\hs\HMC_prediction/data/drone_data/processed/train/
                                    data_dir_val: C:\Users\VDCLAB\Desktop\hs\HMC_prediction/data/drone_data/processed/val/
                                    data_dir_orig: C:\Users\VDCLAB\Desktop\hs\HMC_prediction/data/drone_data/processed/archive/
                                    occlusion_rate: 0.2
                                    splicing_num: 128
                                    LC_multiple: 5
                                    FOV: 30
                                    interpolate: False
                                    max_pred_time: 5
                                    max_hist_time: 10
                                    hz: 2
                                    val_rate: 0.2
                                    n_linear_layer: 4
                                    n_hidden_after_deconv: 256
                                    log_dir: logs/

2022-03-12 05:45:06,098 - ===> Model total parameter: 43828
2022-03-12 05:45:06,098 - ### Selected Encoder model >>> File_id : maneuver_prediction-2022-03-10_04_02_34
2022-03-12 05:45:06,098 - ### Selected Encoder weight >>> weight_id : model_215.pt
2022-03-12 05:45:06,099 - ===> Model Training Start
2022-03-12 05:56:39,880 - ===> Train Epoch: 1 	 Accuracy: 26.07% 	 Loss: 1.36479650
2022-03-12 05:59:44,519 - ===> Validation after Training epoch: 1 	 Overall Accuracy: 35.16%	 Before inlet accuracy: 32.84% 	 After inlet accuracy: 45.85%
2022-03-12 06:11:24,895 - ===> Train Epoch: 2 	 Accuracy: 27.94% 	 Loss: 1.36195020
2022-03-12 06:14:30,583 - ===> Validation after Training epoch: 2 	 Overall Accuracy: 46.02%	 Before inlet accuracy: 45.77% 	 After inlet accuracy: 47.17%
2022-03-12 06:26:15,608 - ===> Train Epoch: 3 	 Accuracy: 41.69% 	 Loss: 1.35831224
2022-03-12 06:29:19,437 - ===> Validation after Training epoch: 3 	 Overall Accuracy: 60.22%	 Before inlet accuracy: 60.69% 	 After inlet accuracy: 58.05%
2022-03-12 06:41:01,173 - ===> Train Epoch: 4 	 Accuracy: 52.74% 	 Loss: 1.35315414
2022-03-12 06:44:04,828 - ===> Validation after Training epoch: 4 	 Overall Accuracy: 61.13%	 Before inlet accuracy: 61.12% 	 After inlet accuracy: 61.18%
2022-03-12 06:55:45,815 - ===> Train Epoch: 5 	 Accuracy: 56.72% 	 Loss: 1.34691685
2022-03-12 06:58:49,179 - ===> Validation after Training epoch: 5 	 Overall Accuracy: 60.67%	 Before inlet accuracy: 60.58% 	 After inlet accuracy: 61.07%
2022-03-12 07:10:34,746 - ===> Train Epoch: 6 	 Accuracy: 57.85% 	 Loss: 1.33820314
2022-03-12 07:13:37,992 - ===> Validation after Training epoch: 6 	 Overall Accuracy: 60.96%	 Before inlet accuracy: 60.92% 	 After inlet accuracy: 61.15%
2022-03-12 07:25:18,512 - ===> Train Epoch: 7 	 Accuracy: 59.61% 	 Loss: 1.32716253
2022-03-12 07:28:22,787 - ===> Validation after Training epoch: 7 	 Overall Accuracy: 62.85%	 Before inlet accuracy: 63.14% 	 After inlet accuracy: 61.49%
2022-03-12 07:40:04,498 - ===> Train Epoch: 8 	 Accuracy: 61.60% 	 Loss: 1.31330074
2022-03-12 07:43:09,258 - ===> Validation after Training epoch: 8 	 Overall Accuracy: 65.02%	 Before inlet accuracy: 66.15% 	 After inlet accuracy: 59.86%
2022-03-12 07:54:49,244 - ===> Train Epoch: 9 	 Accuracy: 63.82% 	 Loss: 1.29584454
2022-03-12 07:57:57,704 - ===> Validation after Training epoch: 9 	 Overall Accuracy: 66.87%	 Before inlet accuracy: 68.44% 	 After inlet accuracy: 59.72%
2022-03-12 08:09:29,287 - ===> Train Epoch: 10 	 Accuracy: 65.73% 	 Loss: 1.27446171
2022-03-12 08:12:30,581 - ===> Validation after Training epoch: 10 	 Overall Accuracy: 69.58%	 Before inlet accuracy: 71.42% 	 After inlet accuracy: 61.10%
2022-03-12 08:24:00,508 - ===> Train Epoch: 11 	 Accuracy: 67.45% 	 Loss: 1.25351372
2022-03-12 08:27:03,048 - ===> Validation after Training epoch: 11 	 Overall Accuracy: 70.55%	 Before inlet accuracy: 72.75% 	 After inlet accuracy: 60.45%
2022-03-12 08:38:30,571 - ===> Train Epoch: 12 	 Accuracy: 69.26% 	 Loss: 1.23096226
2022-03-12 08:41:32,057 - ===> Validation after Training epoch: 12 	 Overall Accuracy: 72.00%	 Before inlet accuracy: 74.07% 	 After inlet accuracy: 62.51%
2022-03-12 08:53:01,677 - ===> Train Epoch: 13 	 Accuracy: 71.30% 	 Loss: 1.21104339
2022-03-12 08:56:03,191 - ===> Validation after Training epoch: 13 	 Overall Accuracy: 75.05%	 Before inlet accuracy: 77.07% 	 After inlet accuracy: 65.94%
2022-03-12 09:07:30,725 - ===> Train Epoch: 14 	 Accuracy: 73.28% 	 Loss: 1.18867984
2022-03-12 09:10:31,202 - ===> Validation after Training epoch: 14 	 Overall Accuracy: 76.95%	 Before inlet accuracy: 78.76% 	 After inlet accuracy: 68.45%
2022-03-12 09:22:00,685 - ===> Train Epoch: 15 	 Accuracy: 74.85% 	 Loss: 1.16880156
2022-03-12 09:25:00,586 - ===> Validation after Training epoch: 15 	 Overall Accuracy: 78.32%	 Before inlet accuracy: 79.75% 	 After inlet accuracy: 71.91%
2022-03-12 09:36:29,820 - ===> Train Epoch: 16 	 Accuracy: 76.50% 	 Loss: 1.14940960
2022-03-12 09:39:31,592 - ===> Validation after Training epoch: 16 	 Overall Accuracy: 79.81%	 Before inlet accuracy: 81.20% 	 After inlet accuracy: 73.43%
2022-03-12 09:51:00,385 - ===> Train Epoch: 17 	 Accuracy: 77.42% 	 Loss: 1.13258126
2022-03-12 09:54:01,332 - ===> Validation after Training epoch: 17 	 Overall Accuracy: 80.94%	 Before inlet accuracy: 82.35% 	 After inlet accuracy: 74.58%
2022-03-12 10:05:30,976 - ===> Train Epoch: 18 	 Accuracy: 79.03% 	 Loss: 1.11255164
2022-03-12 10:08:32,416 - ===> Validation after Training epoch: 18 	 Overall Accuracy: 82.07%	 Before inlet accuracy: 83.39% 	 After inlet accuracy: 75.95%
2022-03-12 10:20:01,975 - ===> Train Epoch: 19 	 Accuracy: 79.87% 	 Loss: 1.09568275
2022-03-12 10:23:04,523 - ===> Validation after Training epoch: 19 	 Overall Accuracy: 83.11%	 Before inlet accuracy: 84.52% 	 After inlet accuracy: 76.71%
2022-03-12 10:34:33,041 - ===> Train Epoch: 20 	 Accuracy: 80.74% 	 Loss: 1.07666671
2022-03-12 10:37:35,527 - ===> Validation after Training epoch: 20 	 Overall Accuracy: 83.01%	 Before inlet accuracy: 84.23% 	 After inlet accuracy: 77.53%
2022-03-12 10:49:09,626 - ===> Train Epoch: 21 	 Accuracy: 81.00% 	 Loss: 1.06073495
2022-03-12 10:52:09,113 - ===> Validation after Training epoch: 21 	 Overall Accuracy: 83.16%	 Before inlet accuracy: 84.43% 	 After inlet accuracy: 77.41%
2022-03-12 11:03:35,537 - ===> Train Epoch: 22 	 Accuracy: 81.77% 	 Loss: 1.04263247
2022-03-12 11:06:36,166 - ===> Validation after Training epoch: 22 	 Overall Accuracy: 84.54%	 Before inlet accuracy: 85.59% 	 After inlet accuracy: 79.68%
2022-03-12 11:18:03,280 - ===> Train Epoch: 23 	 Accuracy: 82.00% 	 Loss: 1.02645310
2022-03-12 11:21:03,568 - ===> Validation after Training epoch: 23 	 Overall Accuracy: 83.95%	 Before inlet accuracy: 84.95% 	 After inlet accuracy: 79.31%
2022-03-12 11:32:28,232 - ===> Train Epoch: 24 	 Accuracy: 81.99% 	 Loss: 1.01244239
2022-03-12 11:35:29,352 - ===> Validation after Training epoch: 24 	 Overall Accuracy: 83.66%	 Before inlet accuracy: 84.52% 	 After inlet accuracy: 79.67%
2022-03-12 11:46:56,206 - ===> Train Epoch: 25 	 Accuracy: 81.99% 	 Loss: 1.00007816
2022-03-12 11:49:56,771 - ===> Validation after Training epoch: 25 	 Overall Accuracy: 83.72%	 Before inlet accuracy: 84.63% 	 After inlet accuracy: 79.63%
2022-03-12 12:01:41,766 - ===> Train Epoch: 26 	 Accuracy: 82.09% 	 Loss: 0.98691884
2022-03-12 12:04:48,476 - ===> Validation after Training epoch: 26 	 Overall Accuracy: 84.17%	 Before inlet accuracy: 84.97% 	 After inlet accuracy: 80.52%
2022-03-12 12:16:33,918 - ===> Train Epoch: 27 	 Accuracy: 82.41% 	 Loss: 0.97405319
2022-03-12 12:19:41,023 - ===> Validation after Training epoch: 27 	 Overall Accuracy: 84.25%	 Before inlet accuracy: 84.91% 	 After inlet accuracy: 81.21%
2022-03-12 12:31:24,740 - ===> Train Epoch: 28 	 Accuracy: 82.41% 	 Loss: 0.96440760
2022-03-12 12:34:29,712 - ===> Validation after Training epoch: 28 	 Overall Accuracy: 84.93%	 Before inlet accuracy: 85.84% 	 After inlet accuracy: 80.71%
2022-03-12 12:46:08,082 - ===> Train Epoch: 29 	 Accuracy: 82.59% 	 Loss: 0.95500620
2022-03-12 12:49:14,140 - ===> Validation after Training epoch: 29 	 Overall Accuracy: 83.99%	 Before inlet accuracy: 84.51% 	 After inlet accuracy: 81.64%
2022-03-12 13:00:51,687 - ===> Train Epoch: 30 	 Accuracy: 82.61% 	 Loss: 0.94871353
2022-03-12 13:03:58,018 - ===> Validation after Training epoch: 30 	 Overall Accuracy: 84.33%	 Before inlet accuracy: 85.25% 	 After inlet accuracy: 80.17%
2022-03-12 13:15:36,519 - ===> Train Epoch: 31 	 Accuracy: 82.53% 	 Loss: 0.94447062
2022-03-12 13:18:42,965 - ===> Validation after Training epoch: 31 	 Overall Accuracy: 84.66%	 Before inlet accuracy: 85.40% 	 After inlet accuracy: 81.26%
2022-03-12 13:30:19,632 - ===> Train Epoch: 32 	 Accuracy: 82.52% 	 Loss: 0.94006558
2022-03-12 13:33:25,165 - ===> Validation after Training epoch: 32 	 Overall Accuracy: 84.36%	 Before inlet accuracy: 85.08% 	 After inlet accuracy: 81.06%
2022-03-12 13:45:02,798 - ===> Train Epoch: 33 	 Accuracy: 82.31% 	 Loss: 0.93917815
2022-03-12 13:48:08,421 - ===> Validation after Training epoch: 33 	 Overall Accuracy: 84.70%	 Before inlet accuracy: 85.40% 	 After inlet accuracy: 81.46%
2022-03-12 13:59:46,808 - ===> Train Epoch: 34 	 Accuracy: 82.80% 	 Loss: 0.93214428
2022-03-12 14:02:53,335 - ===> Validation after Training epoch: 34 	 Overall Accuracy: 84.64%	 Before inlet accuracy: 85.34% 	 After inlet accuracy: 81.48%
2022-03-12 14:14:30,165 - ===> Train Epoch: 35 	 Accuracy: 82.76% 	 Loss: 0.93059107
2022-03-12 14:17:35,820 - ===> Validation after Training epoch: 35 	 Overall Accuracy: 83.88%	 Before inlet accuracy: 84.52% 	 After inlet accuracy: 80.95%
2022-03-12 14:29:14,343 - ===> Train Epoch: 36 	 Accuracy: 82.71% 	 Loss: 0.92899668
2022-03-12 14:32:20,215 - ===> Validation after Training epoch: 36 	 Overall Accuracy: 84.70%	 Before inlet accuracy: 85.48% 	 After inlet accuracy: 81.07%
2022-03-12 14:43:58,387 - ===> Train Epoch: 37 	 Accuracy: 83.00% 	 Loss: 0.92449299
2022-03-12 14:47:05,362 - ===> Validation after Training epoch: 37 	 Overall Accuracy: 84.14%	 Before inlet accuracy: 84.80% 	 After inlet accuracy: 81.13%
2022-03-12 14:58:44,036 - ===> Train Epoch: 38 	 Accuracy: 82.56% 	 Loss: 0.92709650
2022-03-12 15:01:48,677 - ===> Validation after Training epoch: 38 	 Overall Accuracy: 84.77%	 Before inlet accuracy: 85.64% 	 After inlet accuracy: 80.88%
2022-03-12 15:13:27,801 - ===> Train Epoch: 39 	 Accuracy: 82.86% 	 Loss: 0.92368524
2022-03-12 15:16:34,377 - ===> Validation after Training epoch: 39 	 Overall Accuracy: 85.19%	 Before inlet accuracy: 85.95% 	 After inlet accuracy: 81.66%
2022-03-12 15:28:12,323 - ===> Train Epoch: 40 	 Accuracy: 82.58% 	 Loss: 0.92530464
2022-03-12 15:31:19,498 - ===> Validation after Training epoch: 40 	 Overall Accuracy: 84.79%	 Before inlet accuracy: 85.68% 	 After inlet accuracy: 80.69%
2022-03-12 15:42:54,027 - ===> Train Epoch: 41 	 Accuracy: 82.93% 	 Loss: 0.92154239
2022-03-12 15:45:59,747 - ===> Validation after Training epoch: 41 	 Overall Accuracy: 84.62%	 Before inlet accuracy: 85.17% 	 After inlet accuracy: 82.10%
2022-03-12 15:57:37,438 - ===> Train Epoch: 42 	 Accuracy: 83.06% 	 Loss: 0.91932996
2022-03-12 16:00:44,187 - ===> Validation after Training epoch: 42 	 Overall Accuracy: 84.60%	 Before inlet accuracy: 85.27% 	 After inlet accuracy: 81.51%
2022-03-12 16:12:21,773 - ===> Train Epoch: 43 	 Accuracy: 82.91% 	 Loss: 0.92008758
2022-03-12 16:15:29,396 - ===> Validation after Training epoch: 43 	 Overall Accuracy: 84.28%	 Before inlet accuracy: 84.82% 	 After inlet accuracy: 81.72%
2022-03-12 16:27:05,237 - ===> Train Epoch: 44 	 Accuracy: 83.09% 	 Loss: 0.91768806
2022-03-12 16:30:12,902 - ===> Validation after Training epoch: 44 	 Overall Accuracy: 84.77%	 Before inlet accuracy: 85.37% 	 After inlet accuracy: 82.07%
2022-03-12 16:41:42,657 - ===> Train Epoch: 45 	 Accuracy: 82.83% 	 Loss: 0.91975177
2022-03-12 16:44:45,100 - ===> Validation after Training epoch: 45 	 Overall Accuracy: 84.82%	 Before inlet accuracy: 85.72% 	 After inlet accuracy: 80.78%
2022-03-12 16:56:10,771 - ===> Train Epoch: 46 	 Accuracy: 83.09% 	 Loss: 0.91660984
2022-03-12 16:59:14,261 - ===> Validation after Training epoch: 46 	 Overall Accuracy: 84.62%	 Before inlet accuracy: 85.52% 	 After inlet accuracy: 80.55%
2022-03-12 17:10:43,770 - ===> Train Epoch: 47 	 Accuracy: 82.72% 	 Loss: 0.92005273
2022-03-12 17:13:47,190 - ===> Validation after Training epoch: 47 	 Overall Accuracy: 84.52%	 Before inlet accuracy: 85.44% 	 After inlet accuracy: 80.33%
2022-03-12 17:25:12,166 - ===> Train Epoch: 48 	 Accuracy: 83.03% 	 Loss: 0.91640185
2022-03-12 17:28:15,426 - ===> Validation after Training epoch: 48 	 Overall Accuracy: 84.64%	 Before inlet accuracy: 85.24% 	 After inlet accuracy: 81.87%
2022-03-12 17:39:42,916 - ===> Train Epoch: 49 	 Accuracy: 82.97% 	 Loss: 0.91698759
2022-03-12 17:42:47,475 - ===> Validation after Training epoch: 49 	 Overall Accuracy: 84.58%	 Before inlet accuracy: 85.25% 	 After inlet accuracy: 81.48%
2022-03-12 17:54:13,459 - ===> Train Epoch: 50 	 Accuracy: 82.99% 	 Loss: 0.91637966
2022-03-12 17:57:16,594 - ===> Validation after Training epoch: 50 	 Overall Accuracy: 85.02%	 Before inlet accuracy: 85.73% 	 After inlet accuracy: 81.74%
2022-03-12 18:08:49,095 - ===> Train Epoch: 51 	 Accuracy: 83.18% 	 Loss: 0.91412404
2022-03-12 18:11:53,755 - ===> Validation after Training epoch: 51 	 Overall Accuracy: 85.00%	 Before inlet accuracy: 85.92% 	 After inlet accuracy: 80.76%
2022-03-12 18:23:24,786 - ===> Train Epoch: 52 	 Accuracy: 83.06% 	 Loss: 0.91518945
2022-03-12 18:26:29,942 - ===> Validation after Training epoch: 52 	 Overall Accuracy: 84.92%	 Before inlet accuracy: 85.68% 	 After inlet accuracy: 81.40%
2022-03-12 18:38:01,626 - ===> Train Epoch: 53 	 Accuracy: 82.99% 	 Loss: 0.91562062
2022-03-12 18:41:06,609 - ===> Validation after Training epoch: 53 	 Overall Accuracy: 84.56%	 Before inlet accuracy: 85.44% 	 After inlet accuracy: 80.62%
2022-03-12 18:52:40,871 - ===> Train Epoch: 54 	 Accuracy: 83.31% 	 Loss: 0.91268608
2022-03-12 18:55:45,913 - ===> Validation after Training epoch: 54 	 Overall Accuracy: 84.97%	 Before inlet accuracy: 85.75% 	 After inlet accuracy: 81.37%
2022-03-12 19:07:17,325 - ===> Train Epoch: 55 	 Accuracy: 83.27% 	 Loss: 0.91278823
2022-03-12 19:10:23,109 - ===> Validation after Training epoch: 55 	 Overall Accuracy: 84.75%	 Before inlet accuracy: 85.54% 	 After inlet accuracy: 81.16%
2022-03-12 19:21:54,700 - ===> Train Epoch: 56 	 Accuracy: 83.11% 	 Loss: 0.91393943
2022-03-12 19:24:59,188 - ===> Validation after Training epoch: 56 	 Overall Accuracy: 84.38%	 Before inlet accuracy: 85.12% 	 After inlet accuracy: 81.02%
2022-03-12 19:36:30,716 - ===> Train Epoch: 57 	 Accuracy: 83.44% 	 Loss: 0.91060088
2022-03-12 19:39:35,450 - ===> Validation after Training epoch: 57 	 Overall Accuracy: 84.67%	 Before inlet accuracy: 85.30% 	 After inlet accuracy: 81.81%
2022-03-12 19:51:09,248 - ===> Train Epoch: 58 	 Accuracy: 83.48% 	 Loss: 0.91028536
2022-03-12 19:54:14,516 - ===> Validation after Training epoch: 58 	 Overall Accuracy: 85.02%	 Before inlet accuracy: 85.59% 	 After inlet accuracy: 82.38%
2022-03-12 20:05:48,589 - ===> Train Epoch: 59 	 Accuracy: 82.87% 	 Loss: 0.91594242
2022-03-12 20:08:53,584 - ===> Validation after Training epoch: 59 	 Overall Accuracy: 84.88%	 Before inlet accuracy: 85.74% 	 After inlet accuracy: 80.92%
2022-03-12 20:20:24,906 - ===> Train Epoch: 60 	 Accuracy: 83.21% 	 Loss: 0.91252700
2022-03-12 20:23:30,691 - ===> Validation after Training epoch: 60 	 Overall Accuracy: 84.41%	 Before inlet accuracy: 84.84% 	 After inlet accuracy: 82.39%
2022-03-12 20:34:59,117 - ===> Train Epoch: 61 	 Accuracy: 83.25% 	 Loss: 0.91197700
2022-03-12 20:38:05,001 - ===> Validation after Training epoch: 61 	 Overall Accuracy: 84.64%	 Before inlet accuracy: 85.18% 	 After inlet accuracy: 82.19%
2022-03-12 20:49:35,150 - ===> Train Epoch: 62 	 Accuracy: 83.14% 	 Loss: 0.91297063
2022-03-12 20:52:40,998 - ===> Validation after Training epoch: 62 	 Overall Accuracy: 84.78%	 Before inlet accuracy: 85.68% 	 After inlet accuracy: 80.69%
2022-03-12 21:04:10,741 - ===> Train Epoch: 63 	 Accuracy: 83.24% 	 Loss: 0.91169273
2022-03-12 21:07:16,557 - ===> Validation after Training epoch: 63 	 Overall Accuracy: 84.86%	 Before inlet accuracy: 85.69% 	 After inlet accuracy: 81.06%
2022-03-12 21:18:46,837 - ===> Train Epoch: 64 	 Accuracy: 83.29% 	 Loss: 0.91131210
2022-03-12 21:21:52,615 - ===> Validation after Training epoch: 64 	 Overall Accuracy: 84.94%	 Before inlet accuracy: 85.58% 	 After inlet accuracy: 82.03%
2022-03-12 21:33:22,394 - ===> Train Epoch: 65 	 Accuracy: 83.29% 	 Loss: 0.91120068
2022-03-12 21:36:28,633 - ===> Validation after Training epoch: 65 	 Overall Accuracy: 84.29%	 Before inlet accuracy: 84.93% 	 After inlet accuracy: 81.34%
2022-03-12 21:48:00,475 - ===> Train Epoch: 66 	 Accuracy: 83.38% 	 Loss: 0.91059955
2022-03-12 21:51:04,581 - ===> Validation after Training epoch: 66 	 Overall Accuracy: 84.63%	 Before inlet accuracy: 85.42% 	 After inlet accuracy: 80.96%
2022-03-12 22:02:34,065 - ===> Train Epoch: 67 	 Accuracy: 83.44% 	 Loss: 0.90947763
2022-03-12 22:05:40,596 - ===> Validation after Training epoch: 67 	 Overall Accuracy: 84.80%	 Before inlet accuracy: 85.40% 	 After inlet accuracy: 82.06%
