2022-03-12 05:46:26,879 - ### Training Machine Ip address ###
 192.168.0.7

2022-03-12 05:46:26,880 - ### Model summary below###
 Downstream(
  (decoder): Decoder(
    (linear): ModuleList(
      (0): Linear(in_features=256, out_features=128, bias=True)
      (1): ReLU()
      (2): Linear(in_features=128, out_features=64, bias=True)
      (3): ReLU()
      (4): Linear(in_features=64, out_features=32, bias=True)
      (5): ReLU()
      (6): Linear(in_features=32, out_features=16, bias=True)
      (7): ReLU()
    )
    (out): Linear(in_features=16, out_features=4, bias=True)
    (softmax): Softmax(dim=None)
  )
  (softmax): Softmax(dim=None)
  (lsoftmax): LogSoftmax(dim=None)
  (loss_mean): CrossEntropyLoss()
)

2022-03-12 05:46:26,880 - ===> Configuration parameter
                                    GPU_id: 0
                                    batch_size: 64
                                    epoch: 300
                                    n_warmup_steps: 30
                                    validataion_period: 1
                                    ckpt_period: 5
                                    ckpt_dir: C:\Users\VDCLAB\Desktop\hs\HMC_prediction/ckpt/
                                    learning_rate: 1e-06
                                    logging: True
                                    data_dir_train: C:\Users\VDCLAB\Desktop\hs\HMC_prediction/data/drone_data/processed/train/
                                    data_dir_val: C:\Users\VDCLAB\Desktop\hs\HMC_prediction/data/drone_data/processed/val/
                                    data_dir_orig: C:\Users\VDCLAB\Desktop\hs\HMC_prediction/data/drone_data/processed/archive/
                                    occlusion_rate: 0.2
                                    splicing_num: 128
                                    LC_multiple: 5
                                    FOV: 30
                                    interpolate: False
                                    max_pred_time: 5
                                    max_hist_time: 10
                                    hz: 2
                                    val_rate: 0.2
                                    n_linear_layer: 4
                                    n_hidden_after_deconv: 256
                                    log_dir: logs/

2022-03-12 05:46:26,881 - ===> Model total parameter: 43828
2022-03-12 05:46:26,881 - ### Selected Encoder model >>> File_id : maneuver_prediction-2022-03-10_04_02_34
2022-03-12 05:46:26,881 - ### Selected Encoder weight >>> weight_id : model_230.pt
2022-03-12 05:46:26,881 - ===> Model Training Start
2022-03-12 05:58:15,738 - ===> Train Epoch: 1 	 Accuracy: 26.10% 	 Loss: 1.38142886
2022-03-12 06:01:19,755 - ===> Validation after Training epoch: 1 	 Overall Accuracy: 36.12%	 Before inlet accuracy: 33.72% 	 After inlet accuracy: 47.16%
2022-03-12 06:13:01,095 - ===> Train Epoch: 2 	 Accuracy: 26.09% 	 Loss: 1.37851337
2022-03-12 06:16:06,063 - ===> Validation after Training epoch: 2 	 Overall Accuracy: 36.07%	 Before inlet accuracy: 33.94% 	 After inlet accuracy: 45.85%
2022-03-12 06:27:50,049 - ===> Train Epoch: 3 	 Accuracy: 26.14% 	 Loss: 1.37430751
2022-03-12 06:30:55,679 - ===> Validation after Training epoch: 3 	 Overall Accuracy: 35.72%	 Before inlet accuracy: 33.51% 	 After inlet accuracy: 45.82%
2022-03-12 06:42:38,013 - ===> Train Epoch: 4 	 Accuracy: 26.07% 	 Loss: 1.36931188
2022-03-12 06:45:43,688 - ===> Validation after Training epoch: 4 	 Overall Accuracy: 35.98%	 Before inlet accuracy: 33.81% 	 After inlet accuracy: 45.80%
2022-03-12 06:57:21,876 - ===> Train Epoch: 5 	 Accuracy: 31.75% 	 Loss: 1.36290622
2022-03-12 07:00:26,998 - ===> Validation after Training epoch: 5 	 Overall Accuracy: 47.87%	 Before inlet accuracy: 47.47% 	 After inlet accuracy: 49.70%
2022-03-12 07:12:12,010 - ===> Train Epoch: 6 	 Accuracy: 46.08% 	 Loss: 1.35544496
2022-03-12 07:15:16,216 - ===> Validation after Training epoch: 6 	 Overall Accuracy: 52.86%	 Before inlet accuracy: 52.46% 	 After inlet accuracy: 54.68%
2022-03-12 07:26:56,291 - ===> Train Epoch: 7 	 Accuracy: 50.83% 	 Loss: 1.34508828
2022-03-12 07:30:00,865 - ===> Validation after Training epoch: 7 	 Overall Accuracy: 54.14%	 Before inlet accuracy: 53.93% 	 After inlet accuracy: 55.13%
2022-03-12 07:41:41,848 - ===> Train Epoch: 8 	 Accuracy: 53.17% 	 Loss: 1.33148545
2022-03-12 07:44:45,891 - ===> Validation after Training epoch: 8 	 Overall Accuracy: 55.99%	 Before inlet accuracy: 55.96% 	 After inlet accuracy: 56.14%
2022-03-12 07:56:28,714 - ===> Train Epoch: 9 	 Accuracy: 62.49% 	 Loss: 1.31553546
2022-03-12 07:59:36,632 - ===> Validation after Training epoch: 9 	 Overall Accuracy: 71.66%	 Before inlet accuracy: 73.73% 	 After inlet accuracy: 62.14%
2022-03-12 08:11:05,372 - ===> Train Epoch: 10 	 Accuracy: 70.24% 	 Loss: 1.29513087
2022-03-12 08:14:06,475 - ===> Validation after Training epoch: 10 	 Overall Accuracy: 77.46%	 Before inlet accuracy: 78.97% 	 After inlet accuracy: 70.45%
2022-03-12 08:25:34,811 - ===> Train Epoch: 11 	 Accuracy: 70.78% 	 Loss: 1.27211441
2022-03-12 08:28:36,263 - ===> Validation after Training epoch: 11 	 Overall Accuracy: 74.26%	 Before inlet accuracy: 75.37% 	 After inlet accuracy: 69.15%
2022-03-12 08:40:06,715 - ===> Train Epoch: 12 	 Accuracy: 66.94% 	 Loss: 1.24632020
2022-03-12 08:43:08,475 - ===> Validation after Training epoch: 12 	 Overall Accuracy: 69.00%	 Before inlet accuracy: 69.36% 	 After inlet accuracy: 67.35%
2022-03-12 08:54:37,795 - ===> Train Epoch: 13 	 Accuracy: 63.38% 	 Loss: 1.22057447
2022-03-12 08:57:40,546 - ===> Validation after Training epoch: 13 	 Overall Accuracy: 66.62%	 Before inlet accuracy: 66.93% 	 After inlet accuracy: 65.20%
2022-03-12 09:09:08,988 - ===> Train Epoch: 14 	 Accuracy: 62.31% 	 Loss: 1.19548611
2022-03-12 09:12:10,310 - ===> Validation after Training epoch: 14 	 Overall Accuracy: 65.76%	 Before inlet accuracy: 66.02% 	 After inlet accuracy: 64.55%
2022-03-12 09:23:39,815 - ===> Train Epoch: 15 	 Accuracy: 61.00% 	 Loss: 1.17413154
2022-03-12 09:26:41,768 - ===> Validation after Training epoch: 15 	 Overall Accuracy: 64.02%	 Before inlet accuracy: 64.05% 	 After inlet accuracy: 63.88%
2022-03-12 09:38:08,790 - ===> Train Epoch: 16 	 Accuracy: 60.62% 	 Loss: 1.15345086
2022-03-12 09:41:11,251 - ===> Validation after Training epoch: 16 	 Overall Accuracy: 63.42%	 Before inlet accuracy: 63.26% 	 After inlet accuracy: 64.14%
2022-03-12 09:52:40,966 - ===> Train Epoch: 17 	 Accuracy: 60.07% 	 Loss: 1.13800773
2022-03-12 09:55:41,849 - ===> Validation after Training epoch: 17 	 Overall Accuracy: 63.54%	 Before inlet accuracy: 63.41% 	 After inlet accuracy: 64.17%
2022-03-12 10:07:11,544 - ===> Train Epoch: 18 	 Accuracy: 60.71% 	 Loss: 1.12174365
2022-03-12 10:10:13,171 - ===> Validation after Training epoch: 18 	 Overall Accuracy: 64.14%	 Before inlet accuracy: 64.26% 	 After inlet accuracy: 63.57%
2022-03-12 10:21:42,528 - ===> Train Epoch: 19 	 Accuracy: 61.23% 	 Loss: 1.11107115
2022-03-12 10:24:44,439 - ===> Validation after Training epoch: 19 	 Overall Accuracy: 64.79%	 Before inlet accuracy: 64.92% 	 After inlet accuracy: 64.19%
2022-03-12 10:36:13,421 - ===> Train Epoch: 20 	 Accuracy: 63.51% 	 Loss: 1.09872761
2022-03-12 10:39:14,327 - ===> Validation after Training epoch: 20 	 Overall Accuracy: 69.12%	 Before inlet accuracy: 70.06% 	 After inlet accuracy: 64.86%
2022-03-12 10:50:47,699 - ===> Train Epoch: 21 	 Accuracy: 67.78% 	 Loss: 1.08778112
2022-03-12 10:53:51,850 - ===> Validation after Training epoch: 21 	 Overall Accuracy: 74.47%	 Before inlet accuracy: 75.52% 	 After inlet accuracy: 69.63%
2022-03-12 11:05:25,494 - ===> Train Epoch: 22 	 Accuracy: 73.39% 	 Loss: 1.07652947
2022-03-12 11:08:29,203 - ===> Validation after Training epoch: 22 	 Overall Accuracy: 78.93%	 Before inlet accuracy: 80.16% 	 After inlet accuracy: 73.25%
2022-03-12 11:20:01,791 - ===> Train Epoch: 23 	 Accuracy: 77.06% 	 Loss: 1.06231714
2022-03-12 11:23:05,444 - ===> Validation after Training epoch: 23 	 Overall Accuracy: 81.28%	 Before inlet accuracy: 82.70% 	 After inlet accuracy: 74.80%
2022-03-12 11:34:37,676 - ===> Train Epoch: 24 	 Accuracy: 78.92% 	 Loss: 1.05243817
2022-03-12 11:37:40,738 - ===> Validation after Training epoch: 24 	 Overall Accuracy: 82.58%	 Before inlet accuracy: 83.75% 	 After inlet accuracy: 77.23%
2022-03-12 11:49:14,595 - ===> Train Epoch: 25 	 Accuracy: 80.18% 	 Loss: 1.03766710
2022-03-12 11:52:24,923 - ===> Validation after Training epoch: 25 	 Overall Accuracy: 82.78%	 Before inlet accuracy: 83.79% 	 After inlet accuracy: 78.24%
2022-03-12 12:04:14,341 - ===> Train Epoch: 26 	 Accuracy: 81.09% 	 Loss: 1.02305687
2022-03-12 12:07:23,472 - ===> Validation after Training epoch: 26 	 Overall Accuracy: 82.94%	 Before inlet accuracy: 83.67% 	 After inlet accuracy: 79.55%
2022-03-12 12:19:15,210 - ===> Train Epoch: 27 	 Accuracy: 81.21% 	 Loss: 1.01273332
2022-03-12 12:22:25,712 - ===> Validation after Training epoch: 27 	 Overall Accuracy: 84.07%	 Before inlet accuracy: 85.13% 	 After inlet accuracy: 79.20%
2022-03-12 12:34:12,549 - ===> Train Epoch: 28 	 Accuracy: 81.67% 	 Loss: 1.00004334
2022-03-12 12:37:20,231 - ===> Validation after Training epoch: 28 	 Overall Accuracy: 83.94%	 Before inlet accuracy: 84.93% 	 After inlet accuracy: 79.45%
2022-03-12 12:49:04,197 - ===> Train Epoch: 29 	 Accuracy: 81.51% 	 Loss: 0.99100721
2022-03-12 12:52:12,993 - ===> Validation after Training epoch: 29 	 Overall Accuracy: 84.21%	 Before inlet accuracy: 85.04% 	 After inlet accuracy: 80.38%
2022-03-12 13:03:56,396 - ===> Train Epoch: 30 	 Accuracy: 82.07% 	 Loss: 0.97875451
2022-03-12 13:07:05,829 - ===> Validation after Training epoch: 30 	 Overall Accuracy: 83.58%	 Before inlet accuracy: 84.55% 	 After inlet accuracy: 79.20%
2022-03-12 13:18:51,514 - ===> Train Epoch: 31 	 Accuracy: 81.94% 	 Loss: 0.97259080
2022-03-12 13:21:59,756 - ===> Validation after Training epoch: 31 	 Overall Accuracy: 84.11%	 Before inlet accuracy: 85.13% 	 After inlet accuracy: 79.45%
2022-03-12 13:33:44,978 - ===> Train Epoch: 32 	 Accuracy: 81.99% 	 Loss: 0.96495345
2022-03-12 13:36:53,375 - ===> Validation after Training epoch: 32 	 Overall Accuracy: 84.13%	 Before inlet accuracy: 85.02% 	 After inlet accuracy: 80.08%
2022-03-12 13:48:37,262 - ===> Train Epoch: 33 	 Accuracy: 82.04% 	 Loss: 0.95807396
2022-03-12 13:51:45,547 - ===> Validation after Training epoch: 33 	 Overall Accuracy: 84.21%	 Before inlet accuracy: 84.95% 	 After inlet accuracy: 80.87%
2022-03-12 14:03:31,064 - ===> Train Epoch: 34 	 Accuracy: 82.10% 	 Loss: 0.95383513
2022-03-12 14:06:38,262 - ===> Validation after Training epoch: 34 	 Overall Accuracy: 83.90%	 Before inlet accuracy: 84.74% 	 After inlet accuracy: 80.07%
2022-03-12 14:18:22,425 - ===> Train Epoch: 35 	 Accuracy: 82.01% 	 Loss: 0.95002596
2022-03-12 14:21:29,749 - ===> Validation after Training epoch: 35 	 Overall Accuracy: 83.92%	 Before inlet accuracy: 84.58% 	 After inlet accuracy: 80.94%
2022-03-12 14:33:15,553 - ===> Train Epoch: 36 	 Accuracy: 82.41% 	 Loss: 0.94316041
2022-03-12 14:36:25,092 - ===> Validation after Training epoch: 36 	 Overall Accuracy: 84.58%	 Before inlet accuracy: 85.35% 	 After inlet accuracy: 81.01%
2022-03-12 14:48:09,469 - ===> Train Epoch: 37 	 Accuracy: 81.91% 	 Loss: 0.94493816
2022-03-12 14:51:18,651 - ===> Validation after Training epoch: 37 	 Overall Accuracy: 84.49%	 Before inlet accuracy: 85.25% 	 After inlet accuracy: 80.94%
2022-03-12 15:03:04,010 - ===> Train Epoch: 38 	 Accuracy: 82.21% 	 Loss: 0.94014345
2022-03-12 15:06:12,277 - ===> Validation after Training epoch: 38 	 Overall Accuracy: 83.91%	 Before inlet accuracy: 84.54% 	 After inlet accuracy: 81.04%
2022-03-12 15:17:57,758 - ===> Train Epoch: 39 	 Accuracy: 82.47% 	 Loss: 0.93537483
2022-03-12 15:21:06,662 - ===> Validation after Training epoch: 39 	 Overall Accuracy: 84.85%	 Before inlet accuracy: 85.52% 	 After inlet accuracy: 81.72%
2022-03-12 15:32:52,146 - ===> Train Epoch: 40 	 Accuracy: 82.51% 	 Loss: 0.93312537
2022-03-12 15:36:00,948 - ===> Validation after Training epoch: 40 	 Overall Accuracy: 84.22%	 Before inlet accuracy: 85.22% 	 After inlet accuracy: 79.66%
2022-03-12 15:47:47,309 - ===> Train Epoch: 41 	 Accuracy: 82.43% 	 Loss: 0.93227832
2022-03-12 15:50:55,528 - ===> Validation after Training epoch: 41 	 Overall Accuracy: 84.05%	 Before inlet accuracy: 84.70% 	 After inlet accuracy: 81.01%
2022-03-12 16:02:36,709 - ===> Train Epoch: 42 	 Accuracy: 82.41% 	 Loss: 0.93127793
2022-03-12 16:05:44,581 - ===> Validation after Training epoch: 42 	 Overall Accuracy: 84.10%	 Before inlet accuracy: 84.95% 	 After inlet accuracy: 80.26%
2022-03-12 16:17:27,910 - ===> Train Epoch: 43 	 Accuracy: 82.55% 	 Loss: 0.92881953
2022-03-12 16:20:37,000 - ===> Validation after Training epoch: 43 	 Overall Accuracy: 84.50%	 Before inlet accuracy: 85.12% 	 After inlet accuracy: 81.62%
2022-03-12 16:32:22,373 - ===> Train Epoch: 44 	 Accuracy: 82.38% 	 Loss: 0.92906808
2022-03-12 16:35:30,173 - ===> Validation after Training epoch: 44 	 Overall Accuracy: 84.56%	 Before inlet accuracy: 85.20% 	 After inlet accuracy: 81.65%
2022-03-12 16:46:59,861 - ===> Train Epoch: 45 	 Accuracy: 82.71% 	 Loss: 0.92585564
2022-03-12 16:50:03,747 - ===> Validation after Training epoch: 45 	 Overall Accuracy: 84.38%	 Before inlet accuracy: 85.07% 	 After inlet accuracy: 81.20%
2022-03-12 17:01:32,293 - ===> Train Epoch: 46 	 Accuracy: 82.46% 	 Loss: 0.92665294
2022-03-12 17:04:36,045 - ===> Validation after Training epoch: 46 	 Overall Accuracy: 84.33%	 Before inlet accuracy: 85.07% 	 After inlet accuracy: 80.94%
2022-03-12 17:16:07,538 - ===> Train Epoch: 47 	 Accuracy: 82.95% 	 Loss: 0.92191763
2022-03-12 17:19:11,438 - ===> Validation after Training epoch: 47 	 Overall Accuracy: 84.96%	 Before inlet accuracy: 85.77% 	 After inlet accuracy: 81.26%
2022-03-12 17:30:41,182 - ===> Train Epoch: 48 	 Accuracy: 82.77% 	 Loss: 0.92224614
2022-03-12 17:33:45,140 - ===> Validation after Training epoch: 48 	 Overall Accuracy: 84.06%	 Before inlet accuracy: 85.01% 	 After inlet accuracy: 79.71%
2022-03-12 17:45:14,329 - ===> Train Epoch: 49 	 Accuracy: 82.98% 	 Loss: 0.92007154
2022-03-12 17:48:18,454 - ===> Validation after Training epoch: 49 	 Overall Accuracy: 84.30%	 Before inlet accuracy: 84.87% 	 After inlet accuracy: 81.62%
2022-03-12 17:59:48,281 - ===> Train Epoch: 50 	 Accuracy: 82.70% 	 Loss: 0.92218858
2022-03-12 18:02:50,749 - ===> Validation after Training epoch: 50 	 Overall Accuracy: 84.56%	 Before inlet accuracy: 85.28% 	 After inlet accuracy: 81.27%
2022-03-12 18:14:34,542 - ===> Train Epoch: 51 	 Accuracy: 83.00% 	 Loss: 0.91882210
2022-03-12 18:17:42,886 - ===> Validation after Training epoch: 51 	 Overall Accuracy: 84.66%	 Before inlet accuracy: 85.60% 	 After inlet accuracy: 80.42%
2022-03-12 18:29:26,653 - ===> Train Epoch: 52 	 Accuracy: 82.93% 	 Loss: 0.91871418
2022-03-12 18:32:35,006 - ===> Validation after Training epoch: 52 	 Overall Accuracy: 84.48%	 Before inlet accuracy: 85.20% 	 After inlet accuracy: 81.16%
2022-03-12 18:44:15,706 - ===> Train Epoch: 53 	 Accuracy: 83.24% 	 Loss: 0.91535386
2022-03-12 18:47:25,148 - ===> Validation after Training epoch: 53 	 Overall Accuracy: 84.47%	 Before inlet accuracy: 85.22% 	 After inlet accuracy: 81.01%
2022-03-12 18:59:07,266 - ===> Train Epoch: 54 	 Accuracy: 82.84% 	 Loss: 0.91896874
2022-03-12 19:02:15,838 - ===> Validation after Training epoch: 54 	 Overall Accuracy: 84.07%	 Before inlet accuracy: 84.79% 	 After inlet accuracy: 80.80%
2022-03-12 19:13:55,057 - ===> Train Epoch: 55 	 Accuracy: 82.95% 	 Loss: 0.91754454
2022-03-12 19:17:02,728 - ===> Validation after Training epoch: 55 	 Overall Accuracy: 85.10%	 Before inlet accuracy: 85.59% 	 After inlet accuracy: 82.88%
2022-03-12 19:28:43,623 - ===> Train Epoch: 56 	 Accuracy: 83.04% 	 Loss: 0.91628925
2022-03-12 19:31:51,133 - ===> Validation after Training epoch: 56 	 Overall Accuracy: 84.66%	 Before inlet accuracy: 85.53% 	 After inlet accuracy: 80.77%
2022-03-12 19:43:32,394 - ===> Train Epoch: 57 	 Accuracy: 83.23% 	 Loss: 0.91433410
2022-03-12 19:46:40,324 - ===> Validation after Training epoch: 57 	 Overall Accuracy: 84.58%	 Before inlet accuracy: 85.00% 	 After inlet accuracy: 82.64%
2022-03-12 19:58:21,653 - ===> Train Epoch: 58 	 Accuracy: 82.89% 	 Loss: 0.91732302
2022-03-12 20:01:31,226 - ===> Validation after Training epoch: 58 	 Overall Accuracy: 84.28%	 Before inlet accuracy: 84.96% 	 After inlet accuracy: 81.10%
2022-03-12 20:13:11,893 - ===> Train Epoch: 59 	 Accuracy: 82.83% 	 Loss: 0.91785147
2022-03-12 20:16:19,542 - ===> Validation after Training epoch: 59 	 Overall Accuracy: 84.94%	 Before inlet accuracy: 85.68% 	 After inlet accuracy: 81.57%
2022-03-12 20:27:58,284 - ===> Train Epoch: 60 	 Accuracy: 83.08% 	 Loss: 0.91509799
2022-03-12 20:31:05,050 - ===> Validation after Training epoch: 60 	 Overall Accuracy: 84.04%	 Before inlet accuracy: 84.70% 	 After inlet accuracy: 81.01%
2022-03-12 20:42:45,716 - ===> Train Epoch: 61 	 Accuracy: 82.68% 	 Loss: 0.91868546
2022-03-12 20:45:51,639 - ===> Validation after Training epoch: 61 	 Overall Accuracy: 84.84%	 Before inlet accuracy: 85.60% 	 After inlet accuracy: 81.36%
2022-03-12 20:57:32,001 - ===> Train Epoch: 62 	 Accuracy: 83.24% 	 Loss: 0.91317315
2022-03-12 21:00:39,267 - ===> Validation after Training epoch: 62 	 Overall Accuracy: 84.73%	 Before inlet accuracy: 85.38% 	 After inlet accuracy: 81.72%
2022-03-12 21:12:21,585 - ===> Train Epoch: 63 	 Accuracy: 82.89% 	 Loss: 0.91632544
2022-03-12 21:15:30,053 - ===> Validation after Training epoch: 63 	 Overall Accuracy: 84.74%	 Before inlet accuracy: 85.56% 	 After inlet accuracy: 81.08%
2022-03-12 21:27:10,410 - ===> Train Epoch: 64 	 Accuracy: 83.05% 	 Loss: 0.91482282
2022-03-12 21:30:16,830 - ===> Validation after Training epoch: 64 	 Overall Accuracy: 84.82%	 Before inlet accuracy: 85.42% 	 After inlet accuracy: 82.06%
2022-03-12 21:42:00,210 - ===> Train Epoch: 65 	 Accuracy: 83.25% 	 Loss: 0.91284990
2022-03-12 21:45:08,316 - ===> Validation after Training epoch: 65 	 Overall Accuracy: 84.70%	 Before inlet accuracy: 85.42% 	 After inlet accuracy: 81.38%
2022-03-12 21:56:48,277 - ===> Train Epoch: 66 	 Accuracy: 82.99% 	 Loss: 0.91503950
2022-03-12 21:59:56,680 - ===> Validation after Training epoch: 66 	 Overall Accuracy: 85.11%	 Before inlet accuracy: 85.90% 	 After inlet accuracy: 81.47%
2022-03-12 22:11:40,049 - ===> Train Epoch: 67 	 Accuracy: 83.40% 	 Loss: 0.91083284
2022-03-12 22:14:51,555 - ===> Validation after Training epoch: 67 	 Overall Accuracy: 84.32%	 Before inlet accuracy: 85.22% 	 After inlet accuracy: 80.30%
2022-03-12 22:23:54,255 - ===> Train Epoch: 68 	 Accuracy: 83.20% 	 Loss: 0.91303313
2022-03-12 22:26:16,927 - ===> Validation after Training epoch: 68 	 Overall Accuracy: 85.00%	 Before inlet accuracy: 85.63% 	 After inlet accuracy: 82.12%
2022-03-12 22:35:06,306 - ===> Train Epoch: 69 	 Accuracy: 83.07% 	 Loss: 0.91386214
2022-03-12 22:37:26,811 - ===> Validation after Training epoch: 69 	 Overall Accuracy: 85.14%	 Before inlet accuracy: 85.87% 	 After inlet accuracy: 81.73%
2022-03-12 22:46:13,216 - ===> Train Epoch: 70 	 Accuracy: 83.28% 	 Loss: 0.91173789
2022-03-12 22:48:32,537 - ===> Validation after Training epoch: 70 	 Overall Accuracy: 84.61%	 Before inlet accuracy: 85.18% 	 After inlet accuracy: 82.01%
2022-03-12 22:57:20,044 - ===> Train Epoch: 71 	 Accuracy: 83.32% 	 Loss: 0.91111426
2022-03-12 22:59:39,481 - ===> Validation after Training epoch: 71 	 Overall Accuracy: 84.42%	 Before inlet accuracy: 84.90% 	 After inlet accuracy: 82.22%
2022-03-12 23:08:31,153 - ===> Train Epoch: 72 	 Accuracy: 83.15% 	 Loss: 0.91306462
2022-03-12 23:10:52,271 - ===> Validation after Training epoch: 72 	 Overall Accuracy: 85.00%	 Before inlet accuracy: 85.68% 	 After inlet accuracy: 81.88%
2022-03-12 23:19:46,523 - ===> Train Epoch: 73 	 Accuracy: 83.38% 	 Loss: 0.91045769
2022-03-12 23:22:08,091 - ===> Validation after Training epoch: 73 	 Overall Accuracy: 84.78%	 Before inlet accuracy: 85.44% 	 After inlet accuracy: 81.78%
2022-03-12 23:31:01,721 - ===> Train Epoch: 74 	 Accuracy: 83.23% 	 Loss: 0.91171340
2022-03-12 23:33:24,863 - ===> Validation after Training epoch: 74 	 Overall Accuracy: 84.63%	 Before inlet accuracy: 85.32% 	 After inlet accuracy: 81.46%
2022-03-12 23:42:17,947 - ===> Train Epoch: 75 	 Accuracy: 83.18% 	 Loss: 0.91239842
2022-03-12 23:44:37,604 - ===> Validation after Training epoch: 75 	 Overall Accuracy: 84.90%	 Before inlet accuracy: 85.50% 	 After inlet accuracy: 82.15%
2022-03-12 23:53:25,967 - ===> Train Epoch: 76 	 Accuracy: 83.33% 	 Loss: 0.91067965
2022-03-12 23:55:45,611 - ===> Validation after Training epoch: 76 	 Overall Accuracy: 84.58%	 Before inlet accuracy: 85.10% 	 After inlet accuracy: 82.20%
2022-03-13 00:04:34,280 - ===> Train Epoch: 77 	 Accuracy: 83.38% 	 Loss: 0.91048768
2022-03-13 00:06:54,495 - ===> Validation after Training epoch: 77 	 Overall Accuracy: 84.81%	 Before inlet accuracy: 85.58% 	 After inlet accuracy: 81.34%
2022-03-13 00:15:43,423 - ===> Train Epoch: 78 	 Accuracy: 83.08% 	 Loss: 0.91283354
2022-03-13 00:18:03,688 - ===> Validation after Training epoch: 78 	 Overall Accuracy: 84.25%	 Before inlet accuracy: 84.98% 	 After inlet accuracy: 80.91%
2022-03-13 00:26:51,494 - ===> Train Epoch: 79 	 Accuracy: 83.49% 	 Loss: 0.90908507
2022-03-13 00:29:10,916 - ===> Validation after Training epoch: 79 	 Overall Accuracy: 84.50%	 Before inlet accuracy: 85.41% 	 After inlet accuracy: 80.36%
2022-03-13 00:38:00,804 - ===> Train Epoch: 80 	 Accuracy: 83.19% 	 Loss: 0.91192050
2022-03-13 00:40:21,013 - ===> Validation after Training epoch: 80 	 Overall Accuracy: 84.55%	 Before inlet accuracy: 85.09% 	 After inlet accuracy: 82.01%
2022-03-13 00:49:08,825 - ===> Train Epoch: 81 	 Accuracy: 83.31% 	 Loss: 0.91050999
2022-03-13 00:51:28,707 - ===> Validation after Training epoch: 81 	 Overall Accuracy: 84.90%	 Before inlet accuracy: 85.57% 	 After inlet accuracy: 81.77%
2022-03-13 01:00:18,142 - ===> Train Epoch: 82 	 Accuracy: 83.18% 	 Loss: 0.91166446
2022-03-13 01:02:38,861 - ===> Validation after Training epoch: 82 	 Overall Accuracy: 84.25%	 Before inlet accuracy: 84.98% 	 After inlet accuracy: 80.96%
2022-03-13 01:11:27,083 - ===> Train Epoch: 83 	 Accuracy: 83.24% 	 Loss: 0.91150291
2022-03-13 01:13:48,172 - ===> Validation after Training epoch: 83 	 Overall Accuracy: 85.28%	 Before inlet accuracy: 86.12% 	 After inlet accuracy: 81.49%
2022-03-13 01:22:36,988 - ===> Train Epoch: 84 	 Accuracy: 83.55% 	 Loss: 0.90826274
2022-03-13 01:24:57,092 - ===> Validation after Training epoch: 84 	 Overall Accuracy: 84.40%	 Before inlet accuracy: 85.15% 	 After inlet accuracy: 80.98%
2022-03-13 01:33:46,577 - ===> Train Epoch: 85 	 Accuracy: 83.73% 	 Loss: 0.90643056
2022-03-13 01:36:07,610 - ===> Validation after Training epoch: 85 	 Overall Accuracy: 84.48%	 Before inlet accuracy: 85.01% 	 After inlet accuracy: 82.05%
2022-03-13 01:44:57,446 - ===> Train Epoch: 86 	 Accuracy: 83.59% 	 Loss: 0.90757977
2022-03-13 01:47:17,172 - ===> Validation after Training epoch: 86 	 Overall Accuracy: 84.28%	 Before inlet accuracy: 84.82% 	 After inlet accuracy: 81.81%
2022-03-13 01:56:04,412 - ===> Train Epoch: 87 	 Accuracy: 83.14% 	 Loss: 0.91179216
2022-03-13 01:58:25,372 - ===> Validation after Training epoch: 87 	 Overall Accuracy: 84.33%	 Before inlet accuracy: 84.90% 	 After inlet accuracy: 81.62%
2022-03-13 02:07:14,489 - ===> Train Epoch: 88 	 Accuracy: 83.32% 	 Loss: 0.91026964
2022-03-13 02:09:34,758 - ===> Validation after Training epoch: 88 	 Overall Accuracy: 84.84%	 Before inlet accuracy: 85.41% 	 After inlet accuracy: 82.20%
2022-03-13 02:18:23,740 - ===> Train Epoch: 89 	 Accuracy: 83.78% 	 Loss: 0.90583513
2022-03-13 02:20:43,938 - ===> Validation after Training epoch: 89 	 Overall Accuracy: 84.81%	 Before inlet accuracy: 85.55% 	 After inlet accuracy: 81.47%
2022-03-13 02:29:33,286 - ===> Train Epoch: 90 	 Accuracy: 83.42% 	 Loss: 0.90901561
2022-03-13 02:31:52,582 - ===> Validation after Training epoch: 90 	 Overall Accuracy: 85.18%	 Before inlet accuracy: 85.92% 	 After inlet accuracy: 81.77%
2022-03-13 02:40:41,554 - ===> Train Epoch: 91 	 Accuracy: 83.65% 	 Loss: 0.90694882
2022-03-13 02:43:01,862 - ===> Validation after Training epoch: 91 	 Overall Accuracy: 84.71%	 Before inlet accuracy: 85.41% 	 After inlet accuracy: 81.47%
2022-03-13 02:51:48,759 - ===> Train Epoch: 92 	 Accuracy: 83.39% 	 Loss: 0.90946623
2022-03-13 02:54:07,680 - ===> Validation after Training epoch: 92 	 Overall Accuracy: 84.60%	 Before inlet accuracy: 85.23% 	 After inlet accuracy: 81.73%
2022-03-13 03:02:57,004 - ===> Train Epoch: 93 	 Accuracy: 83.75% 	 Loss: 0.90613839
2022-03-13 03:05:16,606 - ===> Validation after Training epoch: 93 	 Overall Accuracy: 84.64%	 Before inlet accuracy: 85.39% 	 After inlet accuracy: 81.28%
2022-03-13 03:14:05,616 - ===> Train Epoch: 94 	 Accuracy: 83.73% 	 Loss: 0.90604528
2022-03-13 03:16:25,506 - ===> Validation after Training epoch: 94 	 Overall Accuracy: 84.46%	 Before inlet accuracy: 84.93% 	 After inlet accuracy: 82.30%
2022-03-13 03:25:12,750 - ===> Train Epoch: 95 	 Accuracy: 83.51% 	 Loss: 0.90849327
2022-03-13 03:27:32,910 - ===> Validation after Training epoch: 95 	 Overall Accuracy: 84.72%	 Before inlet accuracy: 85.58% 	 After inlet accuracy: 80.81%
2022-03-13 03:36:21,038 - ===> Train Epoch: 96 	 Accuracy: 83.74% 	 Loss: 0.90557342
2022-03-13 03:38:40,128 - ===> Validation after Training epoch: 96 	 Overall Accuracy: 84.54%	 Before inlet accuracy: 85.21% 	 After inlet accuracy: 81.45%
2022-03-13 03:47:28,703 - ===> Train Epoch: 97 	 Accuracy: 83.51% 	 Loss: 0.90790107
2022-03-13 03:49:48,445 - ===> Validation after Training epoch: 97 	 Overall Accuracy: 84.90%	 Before inlet accuracy: 85.52% 	 After inlet accuracy: 82.04%
2022-03-13 03:58:36,699 - ===> Train Epoch: 98 	 Accuracy: 83.72% 	 Loss: 0.90585072
2022-03-13 04:00:55,770 - ===> Validation after Training epoch: 98 	 Overall Accuracy: 85.27%	 Before inlet accuracy: 85.95% 	 After inlet accuracy: 82.17%
2022-03-13 04:09:43,586 - ===> Train Epoch: 99 	 Accuracy: 84.01% 	 Loss: 0.90345686
2022-03-13 04:12:03,012 - ===> Validation after Training epoch: 99 	 Overall Accuracy: 84.78%	 Before inlet accuracy: 85.46% 	 After inlet accuracy: 81.64%
2022-03-13 04:20:52,267 - ===> Train Epoch: 100 	 Accuracy: 83.87% 	 Loss: 0.90477650
2022-03-13 04:23:13,726 - ===> Validation after Training epoch: 100 	 Overall Accuracy: 84.73%	 Before inlet accuracy: 85.42% 	 After inlet accuracy: 81.59%
2022-03-13 04:32:08,619 - ===> Train Epoch: 101 	 Accuracy: 83.67% 	 Loss: 0.90659115
2022-03-13 04:34:27,489 - ===> Validation after Training epoch: 101 	 Overall Accuracy: 85.07%	 Before inlet accuracy: 85.90% 	 After inlet accuracy: 81.30%
2022-03-13 04:43:16,271 - ===> Train Epoch: 102 	 Accuracy: 83.73% 	 Loss: 0.90576270
2022-03-13 04:45:36,265 - ===> Validation after Training epoch: 102 	 Overall Accuracy: 85.01%	 Before inlet accuracy: 85.57% 	 After inlet accuracy: 82.44%
2022-03-13 04:54:31,917 - ===> Train Epoch: 103 	 Accuracy: 83.66% 	 Loss: 0.90657919
2022-03-13 04:56:53,022 - ===> Validation after Training epoch: 103 	 Overall Accuracy: 84.43%	 Before inlet accuracy: 85.16% 	 After inlet accuracy: 81.14%
2022-03-13 05:05:45,034 - ===> Train Epoch: 104 	 Accuracy: 83.79% 	 Loss: 0.90528904
2022-03-13 05:08:06,609 - ===> Validation after Training epoch: 104 	 Overall Accuracy: 84.15%	 Before inlet accuracy: 84.85% 	 After inlet accuracy: 80.95%
2022-03-13 05:16:57,818 - ===> Train Epoch: 105 	 Accuracy: 83.67% 	 Loss: 0.90669474
2022-03-13 05:19:18,757 - ===> Validation after Training epoch: 105 	 Overall Accuracy: 84.68%	 Before inlet accuracy: 85.28% 	 After inlet accuracy: 81.94%
2022-03-13 05:28:10,927 - ===> Train Epoch: 106 	 Accuracy: 83.86% 	 Loss: 0.90477258
2022-03-13 05:30:32,566 - ===> Validation after Training epoch: 106 	 Overall Accuracy: 84.50%	 Before inlet accuracy: 85.13% 	 After inlet accuracy: 81.59%
2022-03-13 05:39:23,905 - ===> Train Epoch: 107 	 Accuracy: 83.69% 	 Loss: 0.90619500
2022-03-13 05:41:44,738 - ===> Validation after Training epoch: 107 	 Overall Accuracy: 85.15%	 Before inlet accuracy: 86.18% 	 After inlet accuracy: 80.53%
2022-03-13 05:50:35,657 - ===> Train Epoch: 108 	 Accuracy: 83.73% 	 Loss: 0.90590748
2022-03-13 05:52:56,563 - ===> Validation after Training epoch: 108 	 Overall Accuracy: 84.54%	 Before inlet accuracy: 85.30% 	 After inlet accuracy: 81.06%
2022-03-13 06:01:47,423 - ===> Train Epoch: 109 	 Accuracy: 83.57% 	 Loss: 0.90696269
2022-03-13 06:04:08,106 - ===> Validation after Training epoch: 109 	 Overall Accuracy: 84.65%	 Before inlet accuracy: 85.16% 	 After inlet accuracy: 82.29%
2022-03-13 06:12:58,402 - ===> Train Epoch: 110 	 Accuracy: 83.69% 	 Loss: 0.90624721
2022-03-13 06:15:19,722 - ===> Validation after Training epoch: 110 	 Overall Accuracy: 84.86%	 Before inlet accuracy: 85.63% 	 After inlet accuracy: 81.34%
2022-03-13 06:24:10,618 - ===> Train Epoch: 111 	 Accuracy: 83.66% 	 Loss: 0.90650014
2022-03-13 06:26:31,626 - ===> Validation after Training epoch: 111 	 Overall Accuracy: 84.67%	 Before inlet accuracy: 85.43% 	 After inlet accuracy: 81.21%
2022-03-13 06:35:38,911 - ===> Train Epoch: 112 	 Accuracy: 83.92% 	 Loss: 0.90397860
2022-03-13 06:38:03,281 - ===> Validation after Training epoch: 112 	 Overall Accuracy: 84.63%	 Before inlet accuracy: 85.34% 	 After inlet accuracy: 81.40%
2022-03-13 06:47:01,962 - ===> Train Epoch: 113 	 Accuracy: 83.85% 	 Loss: 0.90462514
2022-03-13 06:49:22,824 - ===> Validation after Training epoch: 113 	 Overall Accuracy: 84.77%	 Before inlet accuracy: 85.46% 	 After inlet accuracy: 81.58%
2022-03-13 06:58:15,268 - ===> Train Epoch: 114 	 Accuracy: 83.87% 	 Loss: 0.90461179
2022-03-13 07:00:36,479 - ===> Validation after Training epoch: 114 	 Overall Accuracy: 84.40%	 Before inlet accuracy: 85.08% 	 After inlet accuracy: 81.31%
2022-03-13 07:09:30,232 - ===> Train Epoch: 115 	 Accuracy: 84.07% 	 Loss: 0.90233826
2022-03-13 07:11:51,357 - ===> Validation after Training epoch: 115 	 Overall Accuracy: 84.63%	 Before inlet accuracy: 85.34% 	 After inlet accuracy: 81.45%
2022-03-13 07:20:44,383 - ===> Train Epoch: 116 	 Accuracy: 83.77% 	 Loss: 0.90533767
2022-03-13 07:23:05,081 - ===> Validation after Training epoch: 116 	 Overall Accuracy: 84.51%	 Before inlet accuracy: 85.25% 	 After inlet accuracy: 81.14%
2022-03-13 07:31:58,415 - ===> Train Epoch: 117 	 Accuracy: 84.04% 	 Loss: 0.90246083
2022-03-13 07:34:18,800 - ===> Validation after Training epoch: 117 	 Overall Accuracy: 84.90%	 Before inlet accuracy: 85.52% 	 After inlet accuracy: 82.07%
2022-03-13 07:43:11,848 - ===> Train Epoch: 118 	 Accuracy: 83.98% 	 Loss: 0.90290528
2022-03-13 07:45:33,160 - ===> Validation after Training epoch: 118 	 Overall Accuracy: 85.03%	 Before inlet accuracy: 85.62% 	 After inlet accuracy: 82.34%
2022-03-13 07:54:38,641 - ===> Train Epoch: 119 	 Accuracy: 83.93% 	 Loss: 0.90370793
2022-03-13 07:57:01,539 - ===> Validation after Training epoch: 119 	 Overall Accuracy: 84.59%	 Before inlet accuracy: 85.24% 	 After inlet accuracy: 81.55%
2022-03-13 08:05:56,502 - ===> Train Epoch: 120 	 Accuracy: 83.92% 	 Loss: 0.90393338
2022-03-13 08:08:18,306 - ===> Validation after Training epoch: 120 	 Overall Accuracy: 84.72%	 Before inlet accuracy: 85.61% 	 After inlet accuracy: 80.71%
2022-03-13 08:17:10,945 - ===> Train Epoch: 121 	 Accuracy: 84.05% 	 Loss: 0.90259240
2022-03-13 08:19:32,740 - ===> Validation after Training epoch: 121 	 Overall Accuracy: 84.76%	 Before inlet accuracy: 85.35% 	 After inlet accuracy: 82.05%
2022-03-13 08:28:26,440 - ===> Train Epoch: 122 	 Accuracy: 83.93% 	 Loss: 0.90384191
2022-03-13 08:30:48,162 - ===> Validation after Training epoch: 122 	 Overall Accuracy: 84.66%	 Before inlet accuracy: 85.19% 	 After inlet accuracy: 82.22%
2022-03-13 08:39:43,440 - ===> Train Epoch: 123 	 Accuracy: 84.08% 	 Loss: 0.90203966
2022-03-13 08:42:04,162 - ===> Validation after Training epoch: 123 	 Overall Accuracy: 85.00%	 Before inlet accuracy: 85.54% 	 After inlet accuracy: 82.58%
2022-03-13 08:50:57,135 - ===> Train Epoch: 124 	 Accuracy: 84.26% 	 Loss: 0.90082238
2022-03-13 08:53:17,962 - ===> Validation after Training epoch: 124 	 Overall Accuracy: 84.76%	 Before inlet accuracy: 85.40% 	 After inlet accuracy: 81.83%
2022-03-13 09:02:12,529 - ===> Train Epoch: 125 	 Accuracy: 84.11% 	 Loss: 0.90192149
2022-03-13 09:04:34,343 - ===> Validation after Training epoch: 125 	 Overall Accuracy: 84.54%	 Before inlet accuracy: 85.22% 	 After inlet accuracy: 81.48%
2022-03-13 09:13:29,511 - ===> Train Epoch: 126 	 Accuracy: 83.96% 	 Loss: 0.90336461
2022-03-13 09:15:50,052 - ===> Validation after Training epoch: 126 	 Overall Accuracy: 84.84%	 Before inlet accuracy: 85.58% 	 After inlet accuracy: 81.40%
2022-03-13 09:24:45,437 - ===> Train Epoch: 127 	 Accuracy: 83.96% 	 Loss: 0.90330029
2022-03-13 09:27:06,715 - ===> Validation after Training epoch: 127 	 Overall Accuracy: 85.26%	 Before inlet accuracy: 86.03% 	 After inlet accuracy: 81.78%
2022-03-13 09:36:01,308 - ===> Train Epoch: 128 	 Accuracy: 84.26% 	 Loss: 0.90053485
2022-03-13 09:38:22,468 - ===> Validation after Training epoch: 128 	 Overall Accuracy: 85.26%	 Before inlet accuracy: 85.94% 	 After inlet accuracy: 82.15%
2022-03-13 09:47:17,617 - ===> Train Epoch: 129 	 Accuracy: 84.10% 	 Loss: 0.90192770
2022-03-13 09:49:39,889 - ===> Validation after Training epoch: 129 	 Overall Accuracy: 84.71%	 Before inlet accuracy: 85.40% 	 After inlet accuracy: 81.50%
2022-03-13 09:58:34,231 - ===> Train Epoch: 130 	 Accuracy: 84.25% 	 Loss: 0.90053243
2022-03-13 10:00:55,443 - ===> Validation after Training epoch: 130 	 Overall Accuracy: 85.31%	 Before inlet accuracy: 86.13% 	 After inlet accuracy: 81.54%
2022-03-13 10:09:48,062 - ===> Train Epoch: 131 	 Accuracy: 83.79% 	 Loss: 0.90470130
2022-03-13 10:12:09,553 - ===> Validation after Training epoch: 131 	 Overall Accuracy: 84.57%	 Before inlet accuracy: 85.44% 	 After inlet accuracy: 80.60%
2022-03-13 10:21:04,508 - ===> Train Epoch: 132 	 Accuracy: 84.21% 	 Loss: 0.90087776
2022-03-13 10:23:25,406 - ===> Validation after Training epoch: 132 	 Overall Accuracy: 85.06%	 Before inlet accuracy: 85.81% 	 After inlet accuracy: 81.64%
2022-03-13 10:32:29,241 - ===> Train Epoch: 133 	 Accuracy: 84.13% 	 Loss: 0.90152036
2022-03-13 10:34:50,041 - ===> Validation after Training epoch: 133 	 Overall Accuracy: 84.92%	 Before inlet accuracy: 85.76% 	 After inlet accuracy: 81.10%
2022-03-13 10:43:44,837 - ===> Train Epoch: 134 	 Accuracy: 84.09% 	 Loss: 0.90190971
2022-03-13 10:46:04,833 - ===> Validation after Training epoch: 134 	 Overall Accuracy: 84.85%	 Before inlet accuracy: 85.50% 	 After inlet accuracy: 81.85%
2022-03-13 10:54:58,780 - ===> Train Epoch: 135 	 Accuracy: 83.99% 	 Loss: 0.90311486
2022-03-13 10:57:20,116 - ===> Validation after Training epoch: 135 	 Overall Accuracy: 84.53%	 Before inlet accuracy: 84.99% 	 After inlet accuracy: 82.41%
2022-03-13 11:06:15,012 - ===> Train Epoch: 136 	 Accuracy: 84.25% 	 Loss: 0.90058986
2022-03-13 11:08:36,243 - ===> Validation after Training epoch: 136 	 Overall Accuracy: 84.70%	 Before inlet accuracy: 85.42% 	 After inlet accuracy: 81.41%
2022-03-13 11:17:31,398 - ===> Train Epoch: 137 	 Accuracy: 84.11% 	 Loss: 0.90183268
2022-03-13 11:19:52,240 - ===> Validation after Training epoch: 137 	 Overall Accuracy: 84.90%	 Before inlet accuracy: 85.50% 	 After inlet accuracy: 82.10%
2022-03-13 11:28:46,307 - ===> Train Epoch: 138 	 Accuracy: 84.26% 	 Loss: 0.90036266
2022-03-13 11:31:08,443 - ===> Validation after Training epoch: 138 	 Overall Accuracy: 84.82%	 Before inlet accuracy: 85.55% 	 After inlet accuracy: 81.52%
2022-03-13 11:40:02,183 - ===> Train Epoch: 139 	 Accuracy: 84.04% 	 Loss: 0.90259432
2022-03-13 11:42:22,738 - ===> Validation after Training epoch: 139 	 Overall Accuracy: 84.78%	 Before inlet accuracy: 85.35% 	 After inlet accuracy: 82.15%
2022-03-13 11:51:18,080 - ===> Train Epoch: 140 	 Accuracy: 84.13% 	 Loss: 0.90165821
2022-03-13 11:53:38,780 - ===> Validation after Training epoch: 140 	 Overall Accuracy: 85.28%	 Before inlet accuracy: 85.97% 	 After inlet accuracy: 82.10%
2022-03-13 12:02:34,074 - ===> Train Epoch: 141 	 Accuracy: 84.29% 	 Loss: 0.89989412
2022-03-13 12:04:55,059 - ===> Validation after Training epoch: 141 	 Overall Accuracy: 84.74%	 Before inlet accuracy: 85.52% 	 After inlet accuracy: 81.20%
2022-03-13 12:13:52,298 - ===> Train Epoch: 142 	 Accuracy: 84.10% 	 Loss: 0.90194573
2022-03-13 12:16:12,315 - ===> Validation after Training epoch: 142 	 Overall Accuracy: 85.11%	 Before inlet accuracy: 85.75% 	 After inlet accuracy: 82.15%
2022-03-13 12:25:06,298 - ===> Train Epoch: 143 	 Accuracy: 83.92% 	 Loss: 0.90366762
2022-03-13 12:27:28,062 - ===> Validation after Training epoch: 143 	 Overall Accuracy: 84.80%	 Before inlet accuracy: 85.45% 	 After inlet accuracy: 81.84%
2022-03-13 12:36:23,471 - ===> Train Epoch: 144 	 Accuracy: 84.35% 	 Loss: 0.89935777
2022-03-13 12:38:43,776 - ===> Validation after Training epoch: 144 	 Overall Accuracy: 84.65%	 Before inlet accuracy: 85.21% 	 After inlet accuracy: 82.09%
2022-03-13 12:47:38,431 - ===> Train Epoch: 145 	 Accuracy: 84.34% 	 Loss: 0.89954706
2022-03-13 12:49:59,911 - ===> Validation after Training epoch: 145 	 Overall Accuracy: 84.71%	 Before inlet accuracy: 85.34% 	 After inlet accuracy: 81.81%
2022-03-13 12:58:54,112 - ===> Train Epoch: 146 	 Accuracy: 84.06% 	 Loss: 0.90239920
2022-03-13 13:01:14,746 - ===> Validation after Training epoch: 146 	 Overall Accuracy: 84.54%	 Before inlet accuracy: 85.31% 	 After inlet accuracy: 81.05%
2022-03-13 13:10:09,711 - ===> Train Epoch: 147 	 Accuracy: 84.41% 	 Loss: 0.89888200
2022-03-13 13:12:30,852 - ===> Validation after Training epoch: 147 	 Overall Accuracy: 85.07%	 Before inlet accuracy: 85.91% 	 After inlet accuracy: 81.23%
2022-03-13 13:21:26,501 - ===> Train Epoch: 148 	 Accuracy: 84.07% 	 Loss: 0.90240570
2022-03-13 13:23:47,214 - ===> Validation after Training epoch: 148 	 Overall Accuracy: 84.57%	 Before inlet accuracy: 85.09% 	 After inlet accuracy: 82.20%
2022-03-13 13:32:41,908 - ===> Train Epoch: 149 	 Accuracy: 84.09% 	 Loss: 0.90202132
2022-03-13 13:35:02,577 - ===> Validation after Training epoch: 149 	 Overall Accuracy: 84.94%	 Before inlet accuracy: 85.59% 	 After inlet accuracy: 81.95%
2022-03-13 13:43:54,621 - ===> Train Epoch: 150 	 Accuracy: 84.06% 	 Loss: 0.90222481
2022-03-13 13:46:15,018 - ===> Validation after Training epoch: 150 	 Overall Accuracy: 84.80%	 Before inlet accuracy: 85.39% 	 After inlet accuracy: 82.12%
2022-03-13 13:55:08,767 - ===> Train Epoch: 151 	 Accuracy: 84.28% 	 Loss: 0.90017698
2022-03-13 13:57:30,108 - ===> Validation after Training epoch: 151 	 Overall Accuracy: 84.87%	 Before inlet accuracy: 85.60% 	 After inlet accuracy: 81.54%
2022-03-13 14:06:24,867 - ===> Train Epoch: 152 	 Accuracy: 84.24% 	 Loss: 0.90031249
2022-03-13 14:08:45,825 - ===> Validation after Training epoch: 152 	 Overall Accuracy: 85.33%	 Before inlet accuracy: 85.83% 	 After inlet accuracy: 83.04%
2022-03-13 14:17:40,284 - ===> Train Epoch: 153 	 Accuracy: 84.33% 	 Loss: 0.89972070
2022-03-13 14:20:01,772 - ===> Validation after Training epoch: 153 	 Overall Accuracy: 84.89%	 Before inlet accuracy: 85.62% 	 After inlet accuracy: 81.57%
2022-03-13 14:28:56,777 - ===> Train Epoch: 154 	 Accuracy: 84.21% 	 Loss: 0.90085790
2022-03-13 14:31:17,804 - ===> Validation after Training epoch: 154 	 Overall Accuracy: 85.00%	 Before inlet accuracy: 85.55% 	 After inlet accuracy: 82.41%
2022-03-13 14:40:11,801 - ===> Train Epoch: 155 	 Accuracy: 84.10% 	 Loss: 0.90209062
2022-03-13 14:42:32,506 - ===> Validation after Training epoch: 155 	 Overall Accuracy: 85.21%	 Before inlet accuracy: 85.94% 	 After inlet accuracy: 81.86%
2022-03-13 14:51:27,409 - ===> Train Epoch: 156 	 Accuracy: 84.19% 	 Loss: 0.90094491
2022-03-13 14:53:47,869 - ===> Validation after Training epoch: 156 	 Overall Accuracy: 84.93%	 Before inlet accuracy: 85.64% 	 After inlet accuracy: 81.70%
2022-03-13 15:02:42,271 - ===> Train Epoch: 157 	 Accuracy: 84.70% 	 Loss: 0.89644189
2022-03-13 15:05:03,608 - ===> Validation after Training epoch: 157 	 Overall Accuracy: 84.82%	 Before inlet accuracy: 85.51% 	 After inlet accuracy: 81.66%
2022-03-13 15:13:57,579 - ===> Train Epoch: 158 	 Accuracy: 84.50% 	 Loss: 0.89784927
2022-03-13 15:16:19,501 - ===> Validation after Training epoch: 158 	 Overall Accuracy: 84.79%	 Before inlet accuracy: 85.60% 	 After inlet accuracy: 81.08%
2022-03-13 15:25:14,996 - ===> Train Epoch: 159 	 Accuracy: 84.43% 	 Loss: 0.89855253
2022-03-13 15:27:36,310 - ===> Validation after Training epoch: 159 	 Overall Accuracy: 84.51%	 Before inlet accuracy: 85.30% 	 After inlet accuracy: 80.91%
2022-03-13 15:36:29,655 - ===> Train Epoch: 160 	 Accuracy: 84.35% 	 Loss: 0.89924657
2022-03-13 15:38:50,649 - ===> Validation after Training epoch: 160 	 Overall Accuracy: 84.81%	 Before inlet accuracy: 85.41% 	 After inlet accuracy: 82.09%
2022-03-13 15:47:45,174 - ===> Train Epoch: 161 	 Accuracy: 84.50% 	 Loss: 0.89813778
2022-03-13 15:50:06,369 - ===> Validation after Training epoch: 161 	 Overall Accuracy: 84.96%	 Before inlet accuracy: 85.76% 	 After inlet accuracy: 81.32%
2022-03-13 15:59:01,264 - ===> Train Epoch: 162 	 Accuracy: 84.21% 	 Loss: 0.90059667
2022-03-13 16:01:22,187 - ===> Validation after Training epoch: 162 	 Overall Accuracy: 84.61%	 Before inlet accuracy: 85.52% 	 After inlet accuracy: 80.47%
2022-03-13 16:10:17,397 - ===> Train Epoch: 163 	 Accuracy: 84.22% 	 Loss: 0.90056175
2022-03-13 16:12:37,972 - ===> Validation after Training epoch: 163 	 Overall Accuracy: 84.97%	 Before inlet accuracy: 85.79% 	 After inlet accuracy: 81.25%
2022-03-13 16:21:33,163 - ===> Train Epoch: 164 	 Accuracy: 84.37% 	 Loss: 0.89919707
2022-03-13 16:23:54,346 - ===> Validation after Training epoch: 164 	 Overall Accuracy: 84.44%	 Before inlet accuracy: 84.95% 	 After inlet accuracy: 82.12%
2022-03-13 16:32:48,357 - ===> Train Epoch: 165 	 Accuracy: 84.58% 	 Loss: 0.89730452
2022-03-13 16:35:10,061 - ===> Validation after Training epoch: 165 	 Overall Accuracy: 84.82%	 Before inlet accuracy: 85.38% 	 After inlet accuracy: 82.21%
2022-03-13 16:44:04,448 - ===> Train Epoch: 166 	 Accuracy: 84.49% 	 Loss: 0.89820632
2022-03-13 16:46:26,672 - ===> Validation after Training epoch: 166 	 Overall Accuracy: 84.80%	 Before inlet accuracy: 85.48% 	 After inlet accuracy: 81.68%
2022-03-13 16:55:20,123 - ===> Train Epoch: 167 	 Accuracy: 84.49% 	 Loss: 0.89827590
2022-03-13 16:57:41,076 - ===> Validation after Training epoch: 167 	 Overall Accuracy: 85.04%	 Before inlet accuracy: 85.83% 	 After inlet accuracy: 81.44%
2022-03-13 17:06:34,965 - ===> Train Epoch: 168 	 Accuracy: 84.55% 	 Loss: 0.89729317
2022-03-13 17:08:56,463 - ===> Validation after Training epoch: 168 	 Overall Accuracy: 85.11%	 Before inlet accuracy: 85.86% 	 After inlet accuracy: 81.64%
2022-03-13 17:17:50,676 - ===> Train Epoch: 169 	 Accuracy: 84.65% 	 Loss: 0.89634062
2022-03-13 17:20:11,735 - ===> Validation after Training epoch: 169 	 Overall Accuracy: 84.52%	 Before inlet accuracy: 85.07% 	 After inlet accuracy: 81.99%
2022-03-13 17:29:06,160 - ===> Train Epoch: 170 	 Accuracy: 84.42% 	 Loss: 0.89888853
2022-03-13 17:31:26,511 - ===> Validation after Training epoch: 170 	 Overall Accuracy: 84.62%	 Before inlet accuracy: 85.20% 	 After inlet accuracy: 81.90%
2022-03-13 17:40:21,352 - ===> Train Epoch: 171 	 Accuracy: 84.39% 	 Loss: 0.89872442
2022-03-13 17:42:42,211 - ===> Validation after Training epoch: 171 	 Overall Accuracy: 84.39%	 Before inlet accuracy: 85.15% 	 After inlet accuracy: 80.99%
2022-03-13 17:51:38,234 - ===> Train Epoch: 172 	 Accuracy: 84.49% 	 Loss: 0.89833976
2022-03-13 17:54:00,009 - ===> Validation after Training epoch: 172 	 Overall Accuracy: 84.70%	 Before inlet accuracy: 85.43% 	 After inlet accuracy: 81.37%
2022-03-13 18:02:55,144 - ===> Train Epoch: 173 	 Accuracy: 84.46% 	 Loss: 0.89831083
2022-03-13 18:05:17,414 - ===> Validation after Training epoch: 173 	 Overall Accuracy: 84.79%	 Before inlet accuracy: 85.38% 	 After inlet accuracy: 82.08%
2022-03-13 18:14:11,291 - ===> Train Epoch: 174 	 Accuracy: 84.57% 	 Loss: 0.89722090
2022-03-13 18:16:32,673 - ===> Validation after Training epoch: 174 	 Overall Accuracy: 84.10%	 Before inlet accuracy: 84.91% 	 After inlet accuracy: 80.43%
2022-03-13 18:25:26,031 - ===> Train Epoch: 175 	 Accuracy: 84.43% 	 Loss: 0.89880621
2022-03-13 18:27:46,415 - ===> Validation after Training epoch: 175 	 Overall Accuracy: 84.92%	 Before inlet accuracy: 85.63% 	 After inlet accuracy: 81.70%
2022-03-13 18:36:41,302 - ===> Train Epoch: 176 	 Accuracy: 84.49% 	 Loss: 0.89804547
2022-03-13 18:39:02,491 - ===> Validation after Training epoch: 176 	 Overall Accuracy: 85.12%	 Before inlet accuracy: 85.81% 	 After inlet accuracy: 81.97%
2022-03-13 18:47:57,895 - ===> Train Epoch: 177 	 Accuracy: 84.60% 	 Loss: 0.89713109
2022-03-13 18:50:18,435 - ===> Validation after Training epoch: 177 	 Overall Accuracy: 84.94%	 Before inlet accuracy: 85.63% 	 After inlet accuracy: 81.81%
2022-03-13 18:59:15,238 - ===> Train Epoch: 178 	 Accuracy: 84.09% 	 Loss: 0.90186422
2022-03-13 19:01:36,520 - ===> Validation after Training epoch: 178 	 Overall Accuracy: 84.98%	 Before inlet accuracy: 85.84% 	 After inlet accuracy: 81.02%
2022-03-13 19:10:31,859 - ===> Train Epoch: 179 	 Accuracy: 84.51% 	 Loss: 0.89789511
2022-03-13 19:12:53,575 - ===> Validation after Training epoch: 179 	 Overall Accuracy: 85.11%	 Before inlet accuracy: 85.70% 	 After inlet accuracy: 82.38%
2022-03-13 19:21:49,917 - ===> Train Epoch: 180 	 Accuracy: 84.58% 	 Loss: 0.89713029
2022-03-13 19:24:11,397 - ===> Validation after Training epoch: 180 	 Overall Accuracy: 84.79%	 Before inlet accuracy: 85.48% 	 After inlet accuracy: 81.65%
2022-03-13 19:33:06,570 - ===> Train Epoch: 181 	 Accuracy: 84.67% 	 Loss: 0.89644182
2022-03-13 19:35:28,030 - ===> Validation after Training epoch: 181 	 Overall Accuracy: 84.45%	 Before inlet accuracy: 84.95% 	 After inlet accuracy: 82.09%
2022-03-13 19:44:25,895 - ===> Train Epoch: 182 	 Accuracy: 84.51% 	 Loss: 0.89804676
2022-03-13 19:46:47,447 - ===> Validation after Training epoch: 182 	 Overall Accuracy: 85.11%	 Before inlet accuracy: 85.79% 	 After inlet accuracy: 81.99%
2022-03-13 19:55:45,566 - ===> Train Epoch: 183 	 Accuracy: 84.49% 	 Loss: 0.89807552
2022-03-13 19:58:09,614 - ===> Validation after Training epoch: 183 	 Overall Accuracy: 85.22%	 Before inlet accuracy: 85.74% 	 After inlet accuracy: 82.81%
2022-03-13 20:07:03,979 - ===> Train Epoch: 184 	 Accuracy: 84.52% 	 Loss: 0.89771154
2022-03-13 20:09:25,732 - ===> Validation after Training epoch: 184 	 Overall Accuracy: 85.05%	 Before inlet accuracy: 85.82% 	 After inlet accuracy: 81.60%
2022-03-13 20:18:19,352 - ===> Train Epoch: 185 	 Accuracy: 84.59% 	 Loss: 0.89717145
2022-03-13 20:20:40,590 - ===> Validation after Training epoch: 185 	 Overall Accuracy: 84.52%	 Before inlet accuracy: 85.30% 	 After inlet accuracy: 80.92%
2022-03-13 20:29:34,452 - ===> Train Epoch: 186 	 Accuracy: 84.64% 	 Loss: 0.89678377
2022-03-13 20:31:54,589 - ===> Validation after Training epoch: 186 	 Overall Accuracy: 84.99%	 Before inlet accuracy: 85.93% 	 After inlet accuracy: 80.72%
2022-03-13 20:40:47,729 - ===> Train Epoch: 187 	 Accuracy: 84.53% 	 Loss: 0.89775925
2022-03-13 20:43:09,214 - ===> Validation after Training epoch: 187 	 Overall Accuracy: 84.91%	 Before inlet accuracy: 85.47% 	 After inlet accuracy: 82.31%
2022-03-13 20:52:01,866 - ===> Train Epoch: 188 	 Accuracy: 84.76% 	 Loss: 0.89530631
2022-03-13 20:54:23,053 - ===> Validation after Training epoch: 188 	 Overall Accuracy: 85.32%	 Before inlet accuracy: 85.97% 	 After inlet accuracy: 82.39%
2022-03-13 21:03:18,259 - ===> Train Epoch: 189 	 Accuracy: 84.51% 	 Loss: 0.89797942
2022-03-13 21:05:38,190 - ===> Validation after Training epoch: 189 	 Overall Accuracy: 84.83%	 Before inlet accuracy: 85.59% 	 After inlet accuracy: 81.41%
2022-03-13 21:14:27,749 - ===> Train Epoch: 190 	 Accuracy: 84.58% 	 Loss: 0.89731474
2022-03-13 21:16:48,753 - ===> Validation after Training epoch: 190 	 Overall Accuracy: 85.07%	 Before inlet accuracy: 85.70% 	 After inlet accuracy: 82.13%
2022-03-13 21:25:38,613 - ===> Train Epoch: 191 	 Accuracy: 84.40% 	 Loss: 0.89898040
2022-03-13 21:28:00,739 - ===> Validation after Training epoch: 191 	 Overall Accuracy: 85.34%	 Before inlet accuracy: 85.98% 	 After inlet accuracy: 82.41%
2022-03-13 21:36:51,095 - ===> Train Epoch: 192 	 Accuracy: 84.72% 	 Loss: 0.89592573
2022-03-13 21:39:10,581 - ===> Validation after Training epoch: 192 	 Overall Accuracy: 85.19%	 Before inlet accuracy: 85.88% 	 After inlet accuracy: 81.98%
2022-03-13 21:48:02,426 - ===> Train Epoch: 193 	 Accuracy: 84.63% 	 Loss: 0.89674958
2022-03-13 21:50:22,720 - ===> Validation after Training epoch: 193 	 Overall Accuracy: 84.38%	 Before inlet accuracy: 84.93% 	 After inlet accuracy: 81.83%
2022-03-13 21:59:13,490 - ===> Train Epoch: 194 	 Accuracy: 84.58% 	 Loss: 0.89692427
2022-03-13 22:01:34,960 - ===> Validation after Training epoch: 194 	 Overall Accuracy: 84.93%	 Before inlet accuracy: 85.50% 	 After inlet accuracy: 82.34%
2022-03-13 22:10:26,113 - ===> Train Epoch: 195 	 Accuracy: 84.67% 	 Loss: 0.89635244
2022-03-13 22:12:46,896 - ===> Validation after Training epoch: 195 	 Overall Accuracy: 84.46%	 Before inlet accuracy: 85.09% 	 After inlet accuracy: 81.60%
2022-03-13 22:21:38,771 - ===> Train Epoch: 196 	 Accuracy: 84.88% 	 Loss: 0.89440948
2022-03-13 22:24:01,404 - ===> Validation after Training epoch: 196 	 Overall Accuracy: 84.85%	 Before inlet accuracy: 85.51% 	 After inlet accuracy: 81.75%
2022-03-13 22:32:53,558 - ===> Train Epoch: 197 	 Accuracy: 84.66% 	 Loss: 0.89629266
2022-03-13 22:35:16,297 - ===> Validation after Training epoch: 197 	 Overall Accuracy: 84.63%	 Before inlet accuracy: 85.40% 	 After inlet accuracy: 81.15%
2022-03-13 22:44:17,463 - ===> Train Epoch: 198 	 Accuracy: 84.98% 	 Loss: 0.89343551
2022-03-13 22:46:39,193 - ===> Validation after Training epoch: 198 	 Overall Accuracy: 84.97%	 Before inlet accuracy: 85.89% 	 After inlet accuracy: 80.79%
2022-03-13 22:55:29,726 - ===> Train Epoch: 199 	 Accuracy: 84.90% 	 Loss: 0.89424777
2022-03-13 22:57:50,802 - ===> Validation after Training epoch: 199 	 Overall Accuracy: 85.28%	 Before inlet accuracy: 86.00% 	 After inlet accuracy: 82.00%
2022-03-13 23:06:44,463 - ===> Train Epoch: 200 	 Accuracy: 84.79% 	 Loss: 0.89531754
2022-03-13 23:09:05,739 - ===> Validation after Training epoch: 200 	 Overall Accuracy: 84.84%	 Before inlet accuracy: 85.50% 	 After inlet accuracy: 81.81%
2022-03-13 23:17:58,010 - ===> Train Epoch: 201 	 Accuracy: 84.61% 	 Loss: 0.89709925
2022-03-13 23:20:19,246 - ===> Validation after Training epoch: 201 	 Overall Accuracy: 84.75%	 Before inlet accuracy: 85.23% 	 After inlet accuracy: 82.54%
2022-03-13 23:29:12,366 - ===> Train Epoch: 202 	 Accuracy: 84.90% 	 Loss: 0.89408286
2022-03-13 23:31:33,325 - ===> Validation after Training epoch: 202 	 Overall Accuracy: 85.30%	 Before inlet accuracy: 86.03% 	 After inlet accuracy: 81.96%
2022-03-13 23:40:26,771 - ===> Train Epoch: 203 	 Accuracy: 84.65% 	 Loss: 0.89673867
2022-03-13 23:42:47,913 - ===> Validation after Training epoch: 203 	 Overall Accuracy: 84.92%	 Before inlet accuracy: 85.65% 	 After inlet accuracy: 81.52%
2022-03-13 23:51:42,111 - ===> Train Epoch: 204 	 Accuracy: 84.58% 	 Loss: 0.89730660
2022-03-13 23:54:03,562 - ===> Validation after Training epoch: 204 	 Overall Accuracy: 85.43%	 Before inlet accuracy: 86.22% 	 After inlet accuracy: 81.83%
2022-03-14 00:02:55,987 - ===> Train Epoch: 205 	 Accuracy: 84.72% 	 Loss: 0.89596207
2022-03-14 00:05:18,120 - ===> Validation after Training epoch: 205 	 Overall Accuracy: 84.92%	 Before inlet accuracy: 85.72% 	 After inlet accuracy: 81.22%
2022-03-14 00:14:09,676 - ===> Train Epoch: 206 	 Accuracy: 84.76% 	 Loss: 0.89534389
2022-03-14 00:16:30,797 - ===> Validation after Training epoch: 206 	 Overall Accuracy: 84.99%	 Before inlet accuracy: 85.63% 	 After inlet accuracy: 82.07%
2022-03-14 00:25:22,533 - ===> Train Epoch: 207 	 Accuracy: 84.71% 	 Loss: 0.89602387
2022-03-14 00:27:44,442 - ===> Validation after Training epoch: 207 	 Overall Accuracy: 84.85%	 Before inlet accuracy: 85.37% 	 After inlet accuracy: 82.47%
2022-03-14 00:36:37,406 - ===> Train Epoch: 208 	 Accuracy: 84.65% 	 Loss: 0.89650376
2022-03-14 00:38:58,339 - ===> Validation after Training epoch: 208 	 Overall Accuracy: 84.91%	 Before inlet accuracy: 85.63% 	 After inlet accuracy: 81.55%
2022-03-14 00:47:48,408 - ===> Train Epoch: 209 	 Accuracy: 84.86% 	 Loss: 0.89465281
2022-03-14 00:50:08,790 - ===> Validation after Training epoch: 209 	 Overall Accuracy: 85.31%	 Before inlet accuracy: 85.86% 	 After inlet accuracy: 82.81%
2022-03-14 00:58:56,983 - ===> Train Epoch: 210 	 Accuracy: 84.84% 	 Loss: 0.89450934
2022-03-14 01:01:17,113 - ===> Validation after Training epoch: 210 	 Overall Accuracy: 85.50%	 Before inlet accuracy: 86.26% 	 After inlet accuracy: 82.02%
2022-03-14 01:10:14,278 - ===> Train Epoch: 211 	 Accuracy: 84.83% 	 Loss: 0.89458727
2022-03-14 01:12:35,910 - ===> Validation after Training epoch: 211 	 Overall Accuracy: 84.84%	 Before inlet accuracy: 85.46% 	 After inlet accuracy: 81.98%
2022-03-14 01:21:25,172 - ===> Train Epoch: 212 	 Accuracy: 84.69% 	 Loss: 0.89606856
2022-03-14 01:23:45,812 - ===> Validation after Training epoch: 212 	 Overall Accuracy: 84.81%	 Before inlet accuracy: 85.54% 	 After inlet accuracy: 81.45%
2022-03-14 01:32:40,519 - ===> Train Epoch: 213 	 Accuracy: 84.80% 	 Loss: 0.89517333
2022-03-14 01:35:03,831 - ===> Validation after Training epoch: 213 	 Overall Accuracy: 84.62%	 Before inlet accuracy: 85.32% 	 After inlet accuracy: 81.38%
2022-03-14 01:44:12,878 - ===> Train Epoch: 214 	 Accuracy: 84.69% 	 Loss: 0.89615715
2022-03-14 01:46:32,982 - ===> Validation after Training epoch: 214 	 Overall Accuracy: 84.75%	 Before inlet accuracy: 85.44% 	 After inlet accuracy: 81.60%
2022-03-14 01:55:17,269 - ===> Train Epoch: 215 	 Accuracy: 84.68% 	 Loss: 0.89606189
2022-03-14 01:57:37,030 - ===> Validation after Training epoch: 215 	 Overall Accuracy: 84.98%	 Before inlet accuracy: 85.71% 	 After inlet accuracy: 81.61%
2022-03-14 02:06:21,269 - ===> Train Epoch: 216 	 Accuracy: 84.73% 	 Loss: 0.89564316
2022-03-14 02:08:40,899 - ===> Validation after Training epoch: 216 	 Overall Accuracy: 84.54%	 Before inlet accuracy: 85.28% 	 After inlet accuracy: 81.17%
2022-03-14 02:17:25,993 - ===> Train Epoch: 217 	 Accuracy: 84.81% 	 Loss: 0.89511904
2022-03-14 02:19:45,367 - ===> Validation after Training epoch: 217 	 Overall Accuracy: 85.11%	 Before inlet accuracy: 85.98% 	 After inlet accuracy: 81.14%
2022-03-14 02:28:32,820 - ===> Train Epoch: 218 	 Accuracy: 85.00% 	 Loss: 0.89295415
2022-03-14 02:30:55,537 - ===> Validation after Training epoch: 218 	 Overall Accuracy: 84.73%	 Before inlet accuracy: 85.27% 	 After inlet accuracy: 82.28%
2022-03-14 02:39:49,540 - ===> Train Epoch: 219 	 Accuracy: 84.78% 	 Loss: 0.89523944
2022-03-14 02:42:11,697 - ===> Validation after Training epoch: 219 	 Overall Accuracy: 85.11%	 Before inlet accuracy: 85.82% 	 After inlet accuracy: 81.85%
2022-03-14 02:51:07,464 - ===> Train Epoch: 220 	 Accuracy: 84.73% 	 Loss: 0.89573013
2022-03-14 02:53:29,392 - ===> Validation after Training epoch: 220 	 Overall Accuracy: 85.02%	 Before inlet accuracy: 85.76% 	 After inlet accuracy: 81.64%
2022-03-14 03:02:26,087 - ===> Train Epoch: 221 	 Accuracy: 84.61% 	 Loss: 0.89676205
2022-03-14 03:04:49,393 - ===> Validation after Training epoch: 221 	 Overall Accuracy: 84.78%	 Before inlet accuracy: 85.47% 	 After inlet accuracy: 81.57%
2022-03-14 03:13:44,434 - ===> Train Epoch: 222 	 Accuracy: 84.48% 	 Loss: 0.89776421
2022-03-14 03:16:07,451 - ===> Validation after Training epoch: 222 	 Overall Accuracy: 85.15%	 Before inlet accuracy: 85.91% 	 After inlet accuracy: 81.69%
2022-03-14 03:25:03,184 - ===> Train Epoch: 223 	 Accuracy: 84.59% 	 Loss: 0.89677763
2022-03-14 03:27:26,444 - ===> Validation after Training epoch: 223 	 Overall Accuracy: 84.74%	 Before inlet accuracy: 85.44% 	 After inlet accuracy: 81.58%
2022-03-14 03:36:24,840 - ===> Train Epoch: 224 	 Accuracy: 84.79% 	 Loss: 0.89523307
2022-03-14 03:38:44,731 - ===> Validation after Training epoch: 224 	 Overall Accuracy: 84.72%	 Before inlet accuracy: 85.43% 	 After inlet accuracy: 81.58%
2022-03-14 03:47:34,222 - ===> Train Epoch: 225 	 Accuracy: 84.61% 	 Loss: 0.89657248
2022-03-14 03:49:54,008 - ===> Validation after Training epoch: 225 	 Overall Accuracy: 85.01%	 Before inlet accuracy: 85.73% 	 After inlet accuracy: 81.67%
2022-03-14 03:58:47,576 - ===> Train Epoch: 226 	 Accuracy: 84.97% 	 Loss: 0.89341584
2022-03-14 04:01:11,468 - ===> Validation after Training epoch: 226 	 Overall Accuracy: 85.01%	 Before inlet accuracy: 85.66% 	 After inlet accuracy: 82.06%
