2022-03-12 05:35:30,445 - ### Training Machine Ip address ###
 127.0.1.1

2022-03-12 05:35:30,445 - ### Model summary below###
 Downstream(
  (decoder): Decoder(
    (linear): ModuleList(
      (0): Linear(in_features=256, out_features=128, bias=True)
      (1): ReLU()
      (2): Linear(in_features=128, out_features=64, bias=True)
      (3): ReLU()
      (4): Linear(in_features=64, out_features=32, bias=True)
      (5): ReLU()
      (6): Linear(in_features=32, out_features=16, bias=True)
      (7): ReLU()
    )
    (out): Linear(in_features=16, out_features=4, bias=True)
    (softmax): Softmax(dim=None)
  )
  (softmax): Softmax(dim=None)
  (lsoftmax): LogSoftmax(dim=None)
  (loss_mean): CrossEntropyLoss()
)

2022-03-12 05:35:30,445 - ===> Configuration parameter
                                    GPU_id: 0
                                    batch_size: 64
                                    epoch: 300
                                    n_warmup_steps: 30
                                    validataion_period: 1
                                    ckpt_period: 5
                                    ckpt_dir: /home/user/data/HyeongseokJeon/HMC_prediction/ckpt/
                                    learning_rate: 1e-06
                                    logging: True
                                    data_dir_train: /home/user/data/HyeongseokJeon/HMC_prediction/data/drone_data/processed/train/
                                    data_dir_val: /home/user/data/HyeongseokJeon/HMC_prediction/data/drone_data/processed/val/
                                    data_dir_orig: /home/user/data/HyeongseokJeon/HMC_prediction/data/drone_data/processed/archive/
                                    occlusion_rate: 0.2
                                    splicing_num: 128
                                    LC_multiple: 5
                                    FOV: 30
                                    interpolate: False
                                    max_pred_time: 5
                                    max_hist_time: 10
                                    hz: 2
                                    val_rate: 0.2
                                    n_linear_layer: 4
                                    n_hidden_after_deconv: 256
                                    log_dir: logs/

2022-03-12 05:35:30,446 - ===> Model total parameter: 43828
2022-03-12 05:35:30,446 - ### Selected Encoder model >>> File_id : maneuver_prediction-2022-03-10_04_02_34
2022-03-12 05:35:30,446 - ### Selected Encoder weight >>> weight_id : model_125.pt
2022-03-12 05:35:30,446 - ===> Model Training Start
2022-03-12 05:54:00,126 - ===> Train Epoch: 1 	 Accuracy: 34.41% 	 Loss: 1.39772187
2022-03-12 05:59:39,320 - ===> Validation after Training epoch: 1 	 Overall Accuracy: 25.23%	 Before inlet accuracy: 25.58% 	 After inlet accuracy: 23.61%
2022-03-12 06:18:43,663 - ===> Train Epoch: 2 	 Accuracy: 33.93% 	 Loss: 1.39403915
2022-03-12 06:24:21,980 - ===> Validation after Training epoch: 2 	 Overall Accuracy: 25.77%	 Before inlet accuracy: 26.28% 	 After inlet accuracy: 23.45%
2022-03-12 06:43:24,436 - ===> Train Epoch: 3 	 Accuracy: 34.40% 	 Loss: 1.38837084
2022-03-12 06:49:02,899 - ===> Validation after Training epoch: 3 	 Overall Accuracy: 25.89%	 Before inlet accuracy: 26.41% 	 After inlet accuracy: 23.54%
2022-03-12 07:08:04,337 - ===> Train Epoch: 4 	 Accuracy: 34.05% 	 Loss: 1.38177113
2022-03-12 07:13:43,483 - ===> Validation after Training epoch: 4 	 Overall Accuracy: 25.79%	 Before inlet accuracy: 26.30% 	 After inlet accuracy: 23.52%
2022-03-12 07:32:41,033 - ===> Train Epoch: 5 	 Accuracy: 34.48% 	 Loss: 1.37200718
2022-03-12 07:38:20,325 - ===> Validation after Training epoch: 5 	 Overall Accuracy: 25.21%	 Before inlet accuracy: 25.52% 	 After inlet accuracy: 23.76%
2022-03-12 07:57:21,120 - ===> Train Epoch: 6 	 Accuracy: 33.94% 	 Loss: 1.36137465
2022-03-12 08:02:58,270 - ===> Validation after Training epoch: 6 	 Overall Accuracy: 25.81%	 Before inlet accuracy: 26.30% 	 After inlet accuracy: 23.60%
2022-03-12 08:21:59,800 - ===> Train Epoch: 7 	 Accuracy: 34.85% 	 Loss: 1.34729193
2022-03-12 08:27:40,231 - ===> Validation after Training epoch: 7 	 Overall Accuracy: 28.91%	 Before inlet accuracy: 30.07% 	 After inlet accuracy: 23.61%
2022-03-12 08:46:41,809 - ===> Train Epoch: 8 	 Accuracy: 38.88% 	 Loss: 1.33086074
2022-03-12 08:52:19,248 - ===> Validation after Training epoch: 8 	 Overall Accuracy: 34.65%	 Before inlet accuracy: 36.87% 	 After inlet accuracy: 24.62%
2022-03-12 09:11:27,234 - ===> Train Epoch: 9 	 Accuracy: 43.45% 	 Loss: 1.31165894
2022-03-12 09:17:05,750 - ===> Validation after Training epoch: 9 	 Overall Accuracy: 42.99%	 Before inlet accuracy: 45.58% 	 After inlet accuracy: 31.27%
2022-03-12 09:36:13,281 - ===> Train Epoch: 10 	 Accuracy: 54.71% 	 Loss: 1.29147404
2022-03-12 09:41:53,071 - ===> Validation after Training epoch: 10 	 Overall Accuracy: 58.88%	 Before inlet accuracy: 62.12% 	 After inlet accuracy: 43.99%
2022-03-12 10:00:50,525 - ===> Train Epoch: 11 	 Accuracy: 62.46% 	 Loss: 1.26935019
2022-03-12 10:06:27,824 - ===> Validation after Training epoch: 11 	 Overall Accuracy: 66.72%	 Before inlet accuracy: 68.96% 	 After inlet accuracy: 56.32%
2022-03-12 10:25:31,249 - ===> Train Epoch: 12 	 Accuracy: 68.58% 	 Loss: 1.24503360
2022-03-12 10:31:09,283 - ===> Validation after Training epoch: 12 	 Overall Accuracy: 73.47%	 Before inlet accuracy: 74.84% 	 After inlet accuracy: 67.19%
2022-03-12 10:50:08,793 - ===> Train Epoch: 13 	 Accuracy: 72.22% 	 Loss: 1.22171009
2022-03-12 10:55:46,495 - ===> Validation after Training epoch: 13 	 Overall Accuracy: 75.69%	 Before inlet accuracy: 76.62% 	 After inlet accuracy: 71.46%
2022-03-12 11:14:50,741 - ===> Train Epoch: 14 	 Accuracy: 74.26% 	 Loss: 1.19786961
2022-03-12 11:20:23,828 - ===> Validation after Training epoch: 14 	 Overall Accuracy: 76.62%	 Before inlet accuracy: 77.12% 	 After inlet accuracy: 74.36%
2022-03-12 11:39:28,546 - ===> Train Epoch: 15 	 Accuracy: 74.44% 	 Loss: 1.17690336
2022-03-12 11:45:11,122 - ===> Validation after Training epoch: 15 	 Overall Accuracy: 76.94%	 Before inlet accuracy: 77.38% 	 After inlet accuracy: 74.92%
2022-03-12 12:04:09,737 - ===> Train Epoch: 16 	 Accuracy: 74.72% 	 Loss: 1.15645688
2022-03-12 12:09:49,307 - ===> Validation after Training epoch: 16 	 Overall Accuracy: 77.95%	 Before inlet accuracy: 78.30% 	 After inlet accuracy: 76.34%
2022-03-12 12:28:50,788 - ===> Train Epoch: 17 	 Accuracy: 75.66% 	 Loss: 1.13454936
2022-03-12 12:34:30,997 - ===> Validation after Training epoch: 17 	 Overall Accuracy: 77.72%	 Before inlet accuracy: 78.06% 	 After inlet accuracy: 76.18%
2022-03-12 12:53:33,927 - ===> Train Epoch: 18 	 Accuracy: 76.04% 	 Loss: 1.11790576
2022-03-12 12:59:12,281 - ===> Validation after Training epoch: 18 	 Overall Accuracy: 79.73%	 Before inlet accuracy: 80.13% 	 After inlet accuracy: 77.90%
2022-03-12 13:18:12,583 - ===> Train Epoch: 19 	 Accuracy: 77.08% 	 Loss: 1.10055422
2022-03-12 13:23:48,518 - ===> Validation after Training epoch: 19 	 Overall Accuracy: 80.64%	 Before inlet accuracy: 81.12% 	 After inlet accuracy: 78.43%
2022-03-12 13:42:45,180 - ===> Train Epoch: 20 	 Accuracy: 77.25% 	 Loss: 1.08717004
2022-03-12 13:48:25,790 - ===> Validation after Training epoch: 20 	 Overall Accuracy: 81.11%	 Before inlet accuracy: 81.85% 	 After inlet accuracy: 77.71%
2022-03-12 14:07:29,184 - ===> Train Epoch: 21 	 Accuracy: 78.42% 	 Loss: 1.07120635
2022-03-12 14:13:08,208 - ===> Validation after Training epoch: 21 	 Overall Accuracy: 81.59%	 Before inlet accuracy: 82.19% 	 After inlet accuracy: 78.86%
2022-03-12 14:32:10,204 - ===> Train Epoch: 22 	 Accuracy: 79.16% 	 Loss: 1.05705086
2022-03-12 14:37:47,231 - ===> Validation after Training epoch: 22 	 Overall Accuracy: 81.66%	 Before inlet accuracy: 82.47% 	 After inlet accuracy: 77.99%
2022-03-12 14:56:51,708 - ===> Train Epoch: 23 	 Accuracy: 79.41% 	 Loss: 1.04685265
2022-03-12 15:02:30,236 - ===> Validation after Training epoch: 23 	 Overall Accuracy: 82.40%	 Before inlet accuracy: 83.18% 	 After inlet accuracy: 78.82%
2022-03-12 15:21:35,561 - ===> Train Epoch: 24 	 Accuracy: 79.88% 	 Loss: 1.03411843
2022-03-12 15:27:15,425 - ===> Validation after Training epoch: 24 	 Overall Accuracy: 82.73%	 Before inlet accuracy: 83.63% 	 After inlet accuracy: 78.60%
2022-03-12 15:46:11,773 - ===> Train Epoch: 25 	 Accuracy: 80.23% 	 Loss: 1.02223897
2022-03-12 15:51:54,900 - ===> Validation after Training epoch: 25 	 Overall Accuracy: 82.34%	 Before inlet accuracy: 82.98% 	 After inlet accuracy: 79.30%
2022-03-12 16:10:57,135 - ===> Train Epoch: 26 	 Accuracy: 80.66% 	 Loss: 1.01073031
2022-03-12 16:16:38,226 - ===> Validation after Training epoch: 26 	 Overall Accuracy: 83.21%	 Before inlet accuracy: 83.92% 	 After inlet accuracy: 79.95%
2022-03-12 16:35:37,205 - ===> Train Epoch: 27 	 Accuracy: 80.71% 	 Loss: 1.00266560
2022-03-12 16:41:14,481 - ===> Validation after Training epoch: 27 	 Overall Accuracy: 83.12%	 Before inlet accuracy: 83.84% 	 After inlet accuracy: 79.78%
2022-03-12 17:00:20,797 - ===> Train Epoch: 28 	 Accuracy: 80.56% 	 Loss: 0.99591412
2022-03-12 17:05:59,849 - ===> Validation after Training epoch: 28 	 Overall Accuracy: 83.22%	 Before inlet accuracy: 84.11% 	 After inlet accuracy: 79.18%
2022-03-12 17:25:02,647 - ===> Train Epoch: 29 	 Accuracy: 81.34% 	 Loss: 0.98321290
2022-03-12 17:30:41,828 - ===> Validation after Training epoch: 29 	 Overall Accuracy: 83.71%	 Before inlet accuracy: 84.62% 	 After inlet accuracy: 79.61%
2022-03-12 17:49:43,506 - ===> Train Epoch: 30 	 Accuracy: 81.40% 	 Loss: 0.97756381
2022-03-12 17:55:24,356 - ===> Validation after Training epoch: 30 	 Overall Accuracy: 83.48%	 Before inlet accuracy: 84.16% 	 After inlet accuracy: 80.37%
2022-03-12 18:14:22,921 - ===> Train Epoch: 31 	 Accuracy: 81.62% 	 Loss: 0.96968359
2022-03-12 18:20:01,755 - ===> Validation after Training epoch: 31 	 Overall Accuracy: 84.23%	 Before inlet accuracy: 84.91% 	 After inlet accuracy: 81.06%
2022-03-12 18:39:02,388 - ===> Train Epoch: 32 	 Accuracy: 81.81% 	 Loss: 0.96353149
2022-03-12 18:44:45,997 - ===> Validation after Training epoch: 32 	 Overall Accuracy: 83.92%	 Before inlet accuracy: 84.92% 	 After inlet accuracy: 79.32%
2022-03-12 19:03:41,608 - ===> Train Epoch: 33 	 Accuracy: 81.37% 	 Loss: 0.96241155
2022-03-12 19:09:18,379 - ===> Validation after Training epoch: 33 	 Overall Accuracy: 84.03%	 Before inlet accuracy: 84.89% 	 After inlet accuracy: 80.10%
2022-03-12 19:28:20,731 - ===> Train Epoch: 34 	 Accuracy: 81.82% 	 Loss: 0.95491707
2022-03-12 19:34:00,459 - ===> Validation after Training epoch: 34 	 Overall Accuracy: 84.22%	 Before inlet accuracy: 85.11% 	 After inlet accuracy: 80.16%
2022-03-12 19:53:04,904 - ===> Train Epoch: 35 	 Accuracy: 81.97% 	 Loss: 0.95030607
2022-03-12 19:58:47,928 - ===> Validation after Training epoch: 35 	 Overall Accuracy: 84.13%	 Before inlet accuracy: 84.92% 	 After inlet accuracy: 80.50%
2022-03-12 20:17:48,558 - ===> Train Epoch: 36 	 Accuracy: 81.97% 	 Loss: 0.94776698
2022-03-12 20:23:25,634 - ===> Validation after Training epoch: 36 	 Overall Accuracy: 84.42%	 Before inlet accuracy: 85.22% 	 After inlet accuracy: 80.80%
2022-03-12 20:42:26,466 - ===> Train Epoch: 37 	 Accuracy: 82.06% 	 Loss: 0.94444089
2022-03-12 20:48:04,841 - ===> Validation after Training epoch: 37 	 Overall Accuracy: 84.39%	 Before inlet accuracy: 85.03% 	 After inlet accuracy: 81.49%
2022-03-12 21:07:09,169 - ===> Train Epoch: 38 	 Accuracy: 82.15% 	 Loss: 0.94096278
2022-03-12 21:12:46,963 - ===> Validation after Training epoch: 38 	 Overall Accuracy: 84.67%	 Before inlet accuracy: 85.48% 	 After inlet accuracy: 80.96%
2022-03-12 21:31:52,628 - ===> Train Epoch: 39 	 Accuracy: 82.29% 	 Loss: 0.93796405
2022-03-12 21:37:31,416 - ===> Validation after Training epoch: 39 	 Overall Accuracy: 84.45%	 Before inlet accuracy: 85.45% 	 After inlet accuracy: 79.92%
2022-03-12 21:56:32,960 - ===> Train Epoch: 40 	 Accuracy: 82.60% 	 Loss: 0.93346515
2022-03-12 22:02:09,981 - ===> Validation after Training epoch: 40 	 Overall Accuracy: 84.27%	 Before inlet accuracy: 85.06% 	 After inlet accuracy: 80.63%
