2022-03-12 05:26:49,263 - ### Training Machine Ip address ###
 127.0.1.1

2022-03-12 05:26:49,263 - ### Model summary below###
 Downstream(
  (decoder): Decoder(
    (linear): ModuleList(
      (0): Linear(in_features=256, out_features=128, bias=True)
      (1): ReLU()
      (2): Linear(in_features=128, out_features=64, bias=True)
      (3): ReLU()
      (4): Linear(in_features=64, out_features=32, bias=True)
      (5): ReLU()
      (6): Linear(in_features=32, out_features=16, bias=True)
      (7): ReLU()
    )
    (out): Linear(in_features=16, out_features=4, bias=True)
    (softmax): Softmax(dim=None)
  )
  (softmax): Softmax(dim=None)
  (lsoftmax): LogSoftmax(dim=None)
  (loss_mean): CrossEntropyLoss()
)

2022-03-12 05:26:49,263 - ===> Configuration parameter
                                    GPU_id: 0
                                    batch_size: 64
                                    epoch: 300
                                    n_warmup_steps: 30
                                    validataion_period: 1
                                    ckpt_period: 5
                                    ckpt_dir: /home/user/data/HyeongseokJeon/HMC_prediction/ckpt/
                                    learning_rate: 1e-06
                                    logging: True
                                    data_dir_train: /home/user/data/HyeongseokJeon/HMC_prediction/data/drone_data/processed/train/
                                    data_dir_val: /home/user/data/HyeongseokJeon/HMC_prediction/data/drone_data/processed/val/
                                    data_dir_orig: /home/user/data/HyeongseokJeon/HMC_prediction/data/drone_data/processed/archive/
                                    occlusion_rate: 0.2
                                    splicing_num: 128
                                    LC_multiple: 5
                                    FOV: 30
                                    interpolate: False
                                    max_pred_time: 5
                                    max_hist_time: 10
                                    hz: 2
                                    val_rate: 0.2
                                    n_linear_layer: 4
                                    n_hidden_after_deconv: 256
                                    log_dir: logs/

2022-03-12 05:26:49,263 - ===> Model total parameter: 43828
2022-03-12 05:26:49,264 - ### Selected Encoder model >>> File_id : maneuver_prediction-2022-03-10_04_02_34
2022-03-12 05:26:49,264 - ### Selected Encoder weight >>> weight_id : model_25.pt
2022-03-12 05:26:49,264 - ===> Model Training Start
2022-03-12 05:39:50,016 - ===> Train Epoch: 1 	 Accuracy: 39.40% 	 Loss: 1.37918950
2022-03-12 05:45:16,049 - ===> Validation after Training epoch: 1 	 Overall Accuracy: 36.40%	 Before inlet accuracy: 38.30% 	 After inlet accuracy: 27.72%
2022-03-12 06:04:33,193 - ===> Train Epoch: 2 	 Accuracy: 39.96% 	 Loss: 1.37486969
2022-03-12 06:09:56,155 - ===> Validation after Training epoch: 2 	 Overall Accuracy: 36.45%	 Before inlet accuracy: 38.24% 	 After inlet accuracy: 28.36%
2022-03-12 06:29:11,557 - ===> Train Epoch: 3 	 Accuracy: 39.57% 	 Loss: 1.37020048
2022-03-12 06:34:35,713 - ===> Validation after Training epoch: 3 	 Overall Accuracy: 35.93%	 Before inlet accuracy: 37.73% 	 After inlet accuracy: 27.65%
2022-03-12 06:53:53,701 - ===> Train Epoch: 4 	 Accuracy: 39.54% 	 Loss: 1.36325547
2022-03-12 06:59:23,751 - ===> Validation after Training epoch: 4 	 Overall Accuracy: 36.95%	 Before inlet accuracy: 38.84% 	 After inlet accuracy: 28.33%
2022-03-12 07:18:43,369 - ===> Train Epoch: 5 	 Accuracy: 39.71% 	 Loss: 1.35375296
2022-03-12 07:24:10,090 - ===> Validation after Training epoch: 5 	 Overall Accuracy: 36.68%	 Before inlet accuracy: 38.72% 	 After inlet accuracy: 27.24%
2022-03-12 07:43:21,689 - ===> Train Epoch: 6 	 Accuracy: 39.90% 	 Loss: 1.34185691
2022-03-12 07:48:48,600 - ===> Validation after Training epoch: 6 	 Overall Accuracy: 36.41%	 Before inlet accuracy: 38.18% 	 After inlet accuracy: 28.42%
2022-03-12 08:08:09,525 - ===> Train Epoch: 7 	 Accuracy: 39.97% 	 Loss: 1.32758928
2022-03-12 08:13:30,427 - ===> Validation after Training epoch: 7 	 Overall Accuracy: 36.20%	 Before inlet accuracy: 38.03% 	 After inlet accuracy: 27.98%
2022-03-12 08:32:48,179 - ===> Train Epoch: 8 	 Accuracy: 40.39% 	 Loss: 1.31196656
2022-03-12 08:38:11,586 - ===> Validation after Training epoch: 8 	 Overall Accuracy: 39.52%	 Before inlet accuracy: 42.28% 	 After inlet accuracy: 26.79%
2022-03-12 08:57:28,286 - ===> Train Epoch: 9 	 Accuracy: 44.25% 	 Loss: 1.29312735
2022-03-12 09:02:54,991 - ===> Validation after Training epoch: 9 	 Overall Accuracy: 45.64%	 Before inlet accuracy: 49.27% 	 After inlet accuracy: 28.60%
2022-03-12 09:22:06,617 - ===> Train Epoch: 10 	 Accuracy: 47.82% 	 Loss: 1.27272079
2022-03-12 09:27:32,255 - ===> Validation after Training epoch: 10 	 Overall Accuracy: 48.54%	 Before inlet accuracy: 51.77% 	 After inlet accuracy: 33.68%
2022-03-12 09:46:47,041 - ===> Train Epoch: 11 	 Accuracy: 50.41% 	 Loss: 1.25259379
2022-03-12 09:52:10,325 - ===> Validation after Training epoch: 11 	 Overall Accuracy: 52.15%	 Before inlet accuracy: 54.66% 	 After inlet accuracy: 40.46%
2022-03-12 10:11:28,881 - ===> Train Epoch: 12 	 Accuracy: 52.52% 	 Loss: 1.23430091
2022-03-12 10:16:57,230 - ===> Validation after Training epoch: 12 	 Overall Accuracy: 54.62%	 Before inlet accuracy: 56.18% 	 After inlet accuracy: 47.45%
2022-03-12 10:36:14,518 - ===> Train Epoch: 13 	 Accuracy: 54.63% 	 Loss: 1.21257246
2022-03-12 10:41:37,900 - ===> Validation after Training epoch: 13 	 Overall Accuracy: 57.21%	 Before inlet accuracy: 58.09% 	 After inlet accuracy: 53.18%
2022-03-12 11:00:55,172 - ===> Train Epoch: 14 	 Accuracy: 56.22% 	 Loss: 1.19223518
2022-03-12 11:06:19,622 - ===> Validation after Training epoch: 14 	 Overall Accuracy: 58.31%	 Before inlet accuracy: 58.74% 	 After inlet accuracy: 56.31%
2022-03-12 11:25:36,336 - ===> Train Epoch: 15 	 Accuracy: 57.08% 	 Loss: 1.17169174
2022-03-12 11:30:57,233 - ===> Validation after Training epoch: 15 	 Overall Accuracy: 59.90%	 Before inlet accuracy: 60.19% 	 After inlet accuracy: 58.54%
2022-03-12 11:50:13,861 - ===> Train Epoch: 16 	 Accuracy: 57.69% 	 Loss: 1.15174832
2022-03-12 11:55:35,094 - ===> Validation after Training epoch: 16 	 Overall Accuracy: 60.44%	 Before inlet accuracy: 60.44% 	 After inlet accuracy: 60.44%
2022-03-12 12:14:54,168 - ===> Train Epoch: 17 	 Accuracy: 58.05% 	 Loss: 1.13153551
2022-03-12 12:20:18,042 - ===> Validation after Training epoch: 17 	 Overall Accuracy: 61.47%	 Before inlet accuracy: 61.52% 	 After inlet accuracy: 61.25%
2022-03-12 12:39:27,191 - ===> Train Epoch: 18 	 Accuracy: 61.10% 	 Loss: 1.11178857
2022-03-12 12:44:52,436 - ===> Validation after Training epoch: 18 	 Overall Accuracy: 66.98%	 Before inlet accuracy: 68.18% 	 After inlet accuracy: 61.47%
2022-03-12 13:04:03,714 - ===> Train Epoch: 19 	 Accuracy: 67.95% 	 Loss: 1.09408511
2022-03-12 13:09:30,704 - ===> Validation after Training epoch: 19 	 Overall Accuracy: 74.25%	 Before inlet accuracy: 76.08% 	 After inlet accuracy: 65.81%
2022-03-12 13:28:47,684 - ===> Train Epoch: 20 	 Accuracy: 74.59% 	 Loss: 1.07515289
2022-03-12 13:34:11,904 - ===> Validation after Training epoch: 20 	 Overall Accuracy: 79.88%	 Before inlet accuracy: 81.78% 	 After inlet accuracy: 71.08%
2022-03-12 13:53:28,307 - ===> Train Epoch: 21 	 Accuracy: 78.31% 	 Loss: 1.05756746
2022-03-12 13:58:54,165 - ===> Validation after Training epoch: 21 	 Overall Accuracy: 82.13%	 Before inlet accuracy: 83.56% 	 After inlet accuracy: 75.56%
2022-03-12 14:18:15,218 - ===> Train Epoch: 22 	 Accuracy: 79.94% 	 Loss: 1.03842683
2022-03-12 14:23:44,040 - ===> Validation after Training epoch: 22 	 Overall Accuracy: 82.99%	 Before inlet accuracy: 84.21% 	 After inlet accuracy: 77.44%
2022-03-12 14:42:59,709 - ===> Train Epoch: 23 	 Accuracy: 80.55% 	 Loss: 1.02246653
2022-03-12 14:48:26,069 - ===> Validation after Training epoch: 23 	 Overall Accuracy: 84.18%	 Before inlet accuracy: 85.29% 	 After inlet accuracy: 79.12%
2022-03-12 15:07:41,432 - ===> Train Epoch: 24 	 Accuracy: 81.41% 	 Loss: 1.00465125
2022-03-12 15:13:08,208 - ===> Validation after Training epoch: 24 	 Overall Accuracy: 84.00%	 Before inlet accuracy: 85.13% 	 After inlet accuracy: 78.86%
2022-03-12 15:32:30,278 - ===> Train Epoch: 25 	 Accuracy: 81.85% 	 Loss: 0.99062353
2022-03-12 15:37:54,272 - ===> Validation after Training epoch: 25 	 Overall Accuracy: 83.92%	 Before inlet accuracy: 84.81% 	 After inlet accuracy: 79.85%
2022-03-12 15:57:11,951 - ===> Train Epoch: 26 	 Accuracy: 81.66% 	 Loss: 0.98162321
2022-03-12 16:02:33,834 - ===> Validation after Training epoch: 26 	 Overall Accuracy: 83.51%	 Before inlet accuracy: 84.27% 	 After inlet accuracy: 80.07%
2022-03-12 16:21:51,097 - ===> Train Epoch: 27 	 Accuracy: 81.62% 	 Loss: 0.97420059
2022-03-12 16:27:20,505 - ===> Validation after Training epoch: 27 	 Overall Accuracy: 84.32%	 Before inlet accuracy: 85.30% 	 After inlet accuracy: 79.92%
2022-03-12 16:46:38,580 - ===> Train Epoch: 28 	 Accuracy: 81.77% 	 Loss: 0.96581164
2022-03-12 16:52:05,368 - ===> Validation after Training epoch: 28 	 Overall Accuracy: 84.32%	 Before inlet accuracy: 85.35% 	 After inlet accuracy: 79.61%
2022-03-12 17:11:20,215 - ===> Train Epoch: 29 	 Accuracy: 81.74% 	 Loss: 0.95998144
2022-03-12 17:16:41,368 - ===> Validation after Training epoch: 29 	 Overall Accuracy: 83.98%	 Before inlet accuracy: 84.70% 	 After inlet accuracy: 80.65%
2022-03-12 17:35:56,960 - ===> Train Epoch: 30 	 Accuracy: 82.33% 	 Loss: 0.95017542
2022-03-12 17:41:21,480 - ===> Validation after Training epoch: 30 	 Overall Accuracy: 83.83%	 Before inlet accuracy: 84.67% 	 After inlet accuracy: 80.02%
2022-03-12 18:00:35,005 - ===> Train Epoch: 31 	 Accuracy: 82.05% 	 Loss: 0.94870087
2022-03-12 18:05:58,772 - ===> Validation after Training epoch: 31 	 Overall Accuracy: 84.92%	 Before inlet accuracy: 85.76% 	 After inlet accuracy: 81.09%
2022-03-12 18:25:23,338 - ===> Train Epoch: 32 	 Accuracy: 81.96% 	 Loss: 0.94523984
2022-03-12 18:30:47,554 - ===> Validation after Training epoch: 32 	 Overall Accuracy: 84.57%	 Before inlet accuracy: 85.39% 	 After inlet accuracy: 80.79%
2022-03-12 18:50:02,420 - ===> Train Epoch: 33 	 Accuracy: 81.94% 	 Loss: 0.94332444
2022-03-12 18:55:24,889 - ===> Validation after Training epoch: 33 	 Overall Accuracy: 84.21%	 Before inlet accuracy: 85.08% 	 After inlet accuracy: 80.20%
2022-03-12 19:14:40,042 - ===> Train Epoch: 34 	 Accuracy: 82.50% 	 Loss: 0.93631868
2022-03-12 19:20:04,299 - ===> Validation after Training epoch: 34 	 Overall Accuracy: 84.77%	 Before inlet accuracy: 85.70% 	 After inlet accuracy: 80.48%
2022-03-12 19:39:18,503 - ===> Train Epoch: 35 	 Accuracy: 82.29% 	 Loss: 0.93586698
2022-03-12 19:44:44,164 - ===> Validation after Training epoch: 35 	 Overall Accuracy: 84.94%	 Before inlet accuracy: 86.00% 	 After inlet accuracy: 80.19%
2022-03-12 20:04:12,162 - ===> Train Epoch: 36 	 Accuracy: 82.31% 	 Loss: 0.93378559
2022-03-12 20:09:37,951 - ===> Validation after Training epoch: 36 	 Overall Accuracy: 84.79%	 Before inlet accuracy: 85.69% 	 After inlet accuracy: 80.66%
2022-03-12 20:29:00,384 - ===> Train Epoch: 37 	 Accuracy: 82.47% 	 Loss: 0.93052254
2022-03-12 20:34:27,819 - ===> Validation after Training epoch: 37 	 Overall Accuracy: 84.70%	 Before inlet accuracy: 85.45% 	 After inlet accuracy: 81.33%
2022-03-12 20:53:44,047 - ===> Train Epoch: 38 	 Accuracy: 82.57% 	 Loss: 0.92890750
2022-03-12 20:59:09,787 - ===> Validation after Training epoch: 38 	 Overall Accuracy: 84.58%	 Before inlet accuracy: 85.34% 	 After inlet accuracy: 81.08%
2022-03-12 21:18:24,586 - ===> Train Epoch: 39 	 Accuracy: 82.37% 	 Loss: 0.92904732
2022-03-12 21:23:51,373 - ===> Validation after Training epoch: 39 	 Overall Accuracy: 83.89%	 Before inlet accuracy: 84.54% 	 After inlet accuracy: 80.92%
2022-03-12 21:43:11,033 - ===> Train Epoch: 40 	 Accuracy: 82.57% 	 Loss: 0.92647012
2022-03-12 21:48:39,918 - ===> Validation after Training epoch: 40 	 Overall Accuracy: 84.41%	 Before inlet accuracy: 85.25% 	 After inlet accuracy: 80.60%
2022-03-12 22:07:49,882 - ===> Train Epoch: 41 	 Accuracy: 82.54% 	 Loss: 0.92610209
2022-03-12 22:13:14,271 - ===> Validation after Training epoch: 41 	 Overall Accuracy: 84.50%	 Before inlet accuracy: 85.59% 	 After inlet accuracy: 79.57%
2022-03-12 22:32:32,036 - ===> Train Epoch: 42 	 Accuracy: 82.61% 	 Loss: 0.92475152
2022-03-12 22:37:57,260 - ===> Validation after Training epoch: 42 	 Overall Accuracy: 84.41%	 Before inlet accuracy: 85.14% 	 After inlet accuracy: 81.01%
2022-03-12 22:57:16,236 - ===> Train Epoch: 43 	 Accuracy: 82.62% 	 Loss: 0.92372947
2022-03-12 23:02:40,091 - ===> Validation after Training epoch: 43 	 Overall Accuracy: 84.73%	 Before inlet accuracy: 85.47% 	 After inlet accuracy: 81.39%
2022-03-12 23:21:51,170 - ===> Train Epoch: 44 	 Accuracy: 82.70% 	 Loss: 0.92242804
2022-03-12 23:27:16,136 - ===> Validation after Training epoch: 44 	 Overall Accuracy: 84.55%	 Before inlet accuracy: 85.42% 	 After inlet accuracy: 80.54%
2022-03-12 23:46:31,444 - ===> Train Epoch: 45 	 Accuracy: 82.65% 	 Loss: 0.92291202
2022-03-12 23:51:54,836 - ===> Validation after Training epoch: 45 	 Overall Accuracy: 84.66%	 Before inlet accuracy: 85.64% 	 After inlet accuracy: 80.26%
2022-03-13 00:11:10,001 - ===> Train Epoch: 46 	 Accuracy: 82.79% 	 Loss: 0.92044792
2022-03-13 00:16:36,908 - ===> Validation after Training epoch: 46 	 Overall Accuracy: 84.75%	 Before inlet accuracy: 85.57% 	 After inlet accuracy: 81.04%
2022-03-13 00:35:44,776 - ===> Train Epoch: 47 	 Accuracy: 82.77% 	 Loss: 0.92049268
2022-03-13 00:41:10,918 - ===> Validation after Training epoch: 47 	 Overall Accuracy: 84.37%	 Before inlet accuracy: 85.13% 	 After inlet accuracy: 80.86%
2022-03-13 01:00:28,994 - ===> Train Epoch: 48 	 Accuracy: 82.58% 	 Loss: 0.92138786
2022-03-13 01:05:53,704 - ===> Validation after Training epoch: 48 	 Overall Accuracy: 84.72%	 Before inlet accuracy: 85.28% 	 After inlet accuracy: 82.13%
2022-03-13 01:25:11,140 - ===> Train Epoch: 49 	 Accuracy: 82.69% 	 Loss: 0.92038256
2022-03-13 01:30:37,344 - ===> Validation after Training epoch: 49 	 Overall Accuracy: 84.49%	 Before inlet accuracy: 85.20% 	 After inlet accuracy: 81.28%
2022-03-13 01:49:47,764 - ===> Train Epoch: 50 	 Accuracy: 83.03% 	 Loss: 0.91697177
2022-03-13 01:55:14,015 - ===> Validation after Training epoch: 50 	 Overall Accuracy: 85.02%	 Before inlet accuracy: 85.82% 	 After inlet accuracy: 81.33%
2022-03-13 02:14:28,191 - ===> Train Epoch: 51 	 Accuracy: 82.65% 	 Loss: 0.91993299
2022-03-13 02:19:54,576 - ===> Validation after Training epoch: 51 	 Overall Accuracy: 84.72%	 Before inlet accuracy: 85.53% 	 After inlet accuracy: 80.96%
2022-03-13 02:39:12,939 - ===> Train Epoch: 52 	 Accuracy: 82.54% 	 Loss: 0.92059771
2022-03-13 02:44:38,259 - ===> Validation after Training epoch: 52 	 Overall Accuracy: 84.63%	 Before inlet accuracy: 85.37% 	 After inlet accuracy: 81.29%
2022-03-13 03:03:52,762 - ===> Train Epoch: 53 	 Accuracy: 82.76% 	 Loss: 0.91846474
2022-03-13 03:09:21,507 - ===> Validation after Training epoch: 53 	 Overall Accuracy: 85.20%	 Before inlet accuracy: 86.00% 	 After inlet accuracy: 81.56%
2022-03-13 03:28:36,091 - ===> Train Epoch: 54 	 Accuracy: 83.01% 	 Loss: 0.91588276
2022-03-13 03:34:03,498 - ===> Validation after Training epoch: 54 	 Overall Accuracy: 84.47%	 Before inlet accuracy: 85.50% 	 After inlet accuracy: 79.88%
2022-03-13 03:53:17,924 - ===> Train Epoch: 55 	 Accuracy: 82.90% 	 Loss: 0.91671901
2022-03-13 03:58:43,472 - ===> Validation after Training epoch: 55 	 Overall Accuracy: 85.16%	 Before inlet accuracy: 85.91% 	 After inlet accuracy: 81.73%
2022-03-13 04:17:57,839 - ===> Train Epoch: 56 	 Accuracy: 83.06% 	 Loss: 0.91523120
2022-03-13 04:23:00,415 - ===> Validation after Training epoch: 56 	 Overall Accuracy: 84.54%	 Before inlet accuracy: 85.46% 	 After inlet accuracy: 80.36%
