2022-03-12 05:29:12,909 - ### Training Machine Ip address ###
 127.0.1.1

2022-03-12 05:29:12,909 - ### Model summary below###
 Downstream(
  (decoder): Decoder(
    (linear): ModuleList(
      (0): Linear(in_features=256, out_features=128, bias=True)
      (1): ReLU()
      (2): Linear(in_features=128, out_features=64, bias=True)
      (3): ReLU()
      (4): Linear(in_features=64, out_features=32, bias=True)
      (5): ReLU()
      (6): Linear(in_features=32, out_features=16, bias=True)
      (7): ReLU()
    )
    (out): Linear(in_features=16, out_features=4, bias=True)
    (softmax): Softmax(dim=None)
  )
  (softmax): Softmax(dim=None)
  (lsoftmax): LogSoftmax(dim=None)
  (loss_mean): CrossEntropyLoss()
)

2022-03-12 05:29:12,909 - ===> Configuration parameter
                                    GPU_id: 3
                                    batch_size: 64
                                    epoch: 300
                                    n_warmup_steps: 30
                                    validataion_period: 1
                                    ckpt_period: 5
                                    ckpt_dir: /home/user/data/HyeongseokJeon/HMC_prediction/ckpt/
                                    learning_rate: 1e-06
                                    logging: True
                                    data_dir_train: /home/user/data/HyeongseokJeon/HMC_prediction/data/drone_data/processed/train/
                                    data_dir_val: /home/user/data/HyeongseokJeon/HMC_prediction/data/drone_data/processed/val/
                                    data_dir_orig: /home/user/data/HyeongseokJeon/HMC_prediction/data/drone_data/processed/archive/
                                    occlusion_rate: 0.2
                                    splicing_num: 128
                                    LC_multiple: 5
                                    FOV: 30
                                    interpolate: False
                                    max_pred_time: 5
                                    max_hist_time: 10
                                    hz: 2
                                    val_rate: 0.2
                                    n_linear_layer: 4
                                    n_hidden_after_deconv: 256
                                    log_dir: logs/

2022-03-12 05:29:12,909 - ===> Model total parameter: 43828
2022-03-12 05:29:12,909 - ### Selected Encoder model >>> File_id : maneuver_prediction-2022-03-10_04_02_34
2022-03-12 05:29:12,909 - ### Selected Encoder weight >>> weight_id : model_100.pt
2022-03-12 05:29:12,910 - ===> Model Training Start
2022-03-12 05:41:41,976 - ===> Train Epoch: 1 	 Accuracy: 39.98% 	 Loss: 1.37943719
2022-03-12 05:47:03,910 - ===> Validation after Training epoch: 1 	 Overall Accuracy: 36.16%	 Before inlet accuracy: 38.06% 	 After inlet accuracy: 27.52%
2022-03-12 06:05:55,036 - ===> Train Epoch: 2 	 Accuracy: 39.88% 	 Loss: 1.37339424
2022-03-12 06:11:20,192 - ===> Validation after Training epoch: 2 	 Overall Accuracy: 36.54%	 Before inlet accuracy: 38.35% 	 After inlet accuracy: 28.49%
2022-03-12 06:30:21,564 - ===> Train Epoch: 3 	 Accuracy: 39.67% 	 Loss: 1.36287019
2022-03-12 06:35:46,249 - ===> Validation after Training epoch: 3 	 Overall Accuracy: 36.65%	 Before inlet accuracy: 38.69% 	 After inlet accuracy: 27.25%
2022-03-12 06:54:43,787 - ===> Train Epoch: 4 	 Accuracy: 39.68% 	 Loss: 1.34807939
2022-03-12 07:00:06,572 - ===> Validation after Training epoch: 4 	 Overall Accuracy: 36.35%	 Before inlet accuracy: 38.36% 	 After inlet accuracy: 26.99%
2022-03-12 07:19:06,637 - ===> Train Epoch: 5 	 Accuracy: 39.70% 	 Loss: 1.33038856
2022-03-12 07:24:31,465 - ===> Validation after Training epoch: 5 	 Overall Accuracy: 36.53%	 Before inlet accuracy: 38.23% 	 After inlet accuracy: 28.80%
2022-03-12 07:43:25,228 - ===> Train Epoch: 6 	 Accuracy: 39.71% 	 Loss: 1.31007955
2022-03-12 07:48:47,204 - ===> Validation after Training epoch: 6 	 Overall Accuracy: 36.80%	 Before inlet accuracy: 38.74% 	 After inlet accuracy: 28.04%
2022-03-12 08:07:45,257 - ===> Train Epoch: 7 	 Accuracy: 39.73% 	 Loss: 1.28800143
2022-03-12 08:13:08,663 - ===> Validation after Training epoch: 7 	 Overall Accuracy: 36.44%	 Before inlet accuracy: 38.31% 	 After inlet accuracy: 27.73%
2022-03-12 08:32:06,563 - ===> Train Epoch: 8 	 Accuracy: 40.15% 	 Loss: 1.26598560
2022-03-12 08:37:32,252 - ===> Validation after Training epoch: 8 	 Overall Accuracy: 36.67%	 Before inlet accuracy: 38.48% 	 After inlet accuracy: 28.47%
2022-03-12 08:56:35,981 - ===> Train Epoch: 9 	 Accuracy: 39.54% 	 Loss: 1.25089977
2022-03-12 09:01:57,743 - ===> Validation after Training epoch: 9 	 Overall Accuracy: 36.55%	 Before inlet accuracy: 38.39% 	 After inlet accuracy: 28.09%
2022-03-12 09:21:01,494 - ===> Train Epoch: 10 	 Accuracy: 39.60% 	 Loss: 1.23255922
2022-03-12 09:26:23,831 - ===> Validation after Training epoch: 10 	 Overall Accuracy: 36.04%	 Before inlet accuracy: 37.97% 	 After inlet accuracy: 27.02%
2022-03-12 09:45:24,343 - ===> Train Epoch: 11 	 Accuracy: 42.53% 	 Loss: 1.21482356
2022-03-12 09:50:46,499 - ===> Validation after Training epoch: 11 	 Overall Accuracy: 43.44%	 Before inlet accuracy: 46.85% 	 After inlet accuracy: 27.83%
2022-03-12 10:09:47,561 - ===> Train Epoch: 12 	 Accuracy: 51.28% 	 Loss: 1.19525345
2022-03-12 10:15:09,413 - ===> Validation after Training epoch: 12 	 Overall Accuracy: 51.30%	 Before inlet accuracy: 55.08% 	 After inlet accuracy: 34.09%
2022-03-12 10:34:03,796 - ===> Train Epoch: 13 	 Accuracy: 57.48% 	 Loss: 1.17663623
2022-03-12 10:39:26,870 - ===> Validation after Training epoch: 13 	 Overall Accuracy: 57.05%	 Before inlet accuracy: 60.43% 	 After inlet accuracy: 41.53%
2022-03-12 10:58:28,422 - ===> Train Epoch: 14 	 Accuracy: 62.05% 	 Loss: 1.15217776
2022-03-12 11:03:49,211 - ===> Validation after Training epoch: 14 	 Overall Accuracy: 60.57%	 Before inlet accuracy: 63.99% 	 After inlet accuracy: 44.89%
2022-03-12 11:22:51,618 - ===> Train Epoch: 15 	 Accuracy: 65.37% 	 Loss: 1.13143983
2022-03-12 11:28:12,285 - ===> Validation after Training epoch: 15 	 Overall Accuracy: 65.78%	 Before inlet accuracy: 69.21% 	 After inlet accuracy: 50.17%
2022-03-12 11:47:05,163 - ===> Train Epoch: 16 	 Accuracy: 69.42% 	 Loss: 1.11211024
2022-03-12 11:52:29,931 - ===> Validation after Training epoch: 16 	 Overall Accuracy: 71.39%	 Before inlet accuracy: 73.91% 	 After inlet accuracy: 59.90%
2022-03-12 12:11:28,366 - ===> Train Epoch: 17 	 Accuracy: 73.24% 	 Loss: 1.09627992
2022-03-12 12:16:53,651 - ===> Validation after Training epoch: 17 	 Overall Accuracy: 74.45%	 Before inlet accuracy: 75.86% 	 After inlet accuracy: 67.92%
2022-03-12 12:35:47,658 - ===> Train Epoch: 18 	 Accuracy: 75.86% 	 Loss: 1.07834136
2022-03-12 12:41:09,751 - ===> Validation after Training epoch: 18 	 Overall Accuracy: 77.13%	 Before inlet accuracy: 78.08% 	 After inlet accuracy: 72.77%
2022-03-12 13:00:11,791 - ===> Train Epoch: 19 	 Accuracy: 77.54% 	 Loss: 1.06428211
2022-03-12 13:05:35,001 - ===> Validation after Training epoch: 19 	 Overall Accuracy: 79.05%	 Before inlet accuracy: 79.87% 	 After inlet accuracy: 75.30%
2022-03-12 13:24:35,792 - ===> Train Epoch: 20 	 Accuracy: 78.78% 	 Loss: 1.05041185
2022-03-12 13:29:59,380 - ===> Validation after Training epoch: 20 	 Overall Accuracy: 80.31%	 Before inlet accuracy: 81.10% 	 After inlet accuracy: 76.66%
2022-03-12 13:48:58,141 - ===> Train Epoch: 21 	 Accuracy: 79.53% 	 Loss: 1.03774070
2022-03-12 13:54:19,451 - ===> Validation after Training epoch: 21 	 Overall Accuracy: 81.82%	 Before inlet accuracy: 82.41% 	 After inlet accuracy: 79.09%
2022-03-12 14:13:27,269 - ===> Train Epoch: 22 	 Accuracy: 80.18% 	 Loss: 1.02378424
2022-03-12 14:18:48,001 - ===> Validation after Training epoch: 22 	 Overall Accuracy: 82.57%	 Before inlet accuracy: 83.19% 	 After inlet accuracy: 79.70%
2022-03-12 14:37:48,346 - ===> Train Epoch: 23 	 Accuracy: 81.36% 	 Loss: 1.00573177
2022-03-12 14:43:06,803 - ===> Validation after Training epoch: 23 	 Overall Accuracy: 83.46%	 Before inlet accuracy: 84.14% 	 After inlet accuracy: 80.31%
2022-03-12 15:02:09,802 - ===> Train Epoch: 24 	 Accuracy: 81.71% 	 Loss: 0.99302177
2022-03-12 15:07:28,903 - ===> Validation after Training epoch: 24 	 Overall Accuracy: 84.13%	 Before inlet accuracy: 84.85% 	 After inlet accuracy: 80.78%
2022-03-12 15:26:25,490 - ===> Train Epoch: 25 	 Accuracy: 81.80% 	 Loss: 0.98266621
2022-03-12 15:31:47,433 - ===> Validation after Training epoch: 25 	 Overall Accuracy: 84.10%	 Before inlet accuracy: 85.07% 	 After inlet accuracy: 79.78%
2022-03-12 15:50:41,661 - ===> Train Epoch: 26 	 Accuracy: 82.05% 	 Loss: 0.97156911
2022-03-12 15:56:00,806 - ===> Validation after Training epoch: 26 	 Overall Accuracy: 84.30%	 Before inlet accuracy: 85.18% 	 After inlet accuracy: 80.28%
2022-03-12 16:15:05,396 - ===> Train Epoch: 27 	 Accuracy: 82.24% 	 Loss: 0.96233763
2022-03-12 16:20:26,323 - ===> Validation after Training epoch: 27 	 Overall Accuracy: 84.96%	 Before inlet accuracy: 85.62% 	 After inlet accuracy: 81.88%
2022-03-12 16:39:24,971 - ===> Train Epoch: 28 	 Accuracy: 82.16% 	 Loss: 0.95657913
2022-03-12 16:44:42,881 - ===> Validation after Training epoch: 28 	 Overall Accuracy: 84.24%	 Before inlet accuracy: 84.86% 	 After inlet accuracy: 81.32%
2022-03-12 17:03:40,078 - ===> Train Epoch: 29 	 Accuracy: 82.04% 	 Loss: 0.95211273
2022-03-12 17:09:00,279 - ===> Validation after Training epoch: 29 	 Overall Accuracy: 84.45%	 Before inlet accuracy: 85.12% 	 After inlet accuracy: 81.35%
2022-03-12 17:27:56,745 - ===> Train Epoch: 30 	 Accuracy: 82.18% 	 Loss: 0.94608809
2022-03-12 17:33:16,526 - ===> Validation after Training epoch: 30 	 Overall Accuracy: 85.03%	 Before inlet accuracy: 85.77% 	 After inlet accuracy: 81.60%
2022-03-12 17:52:14,981 - ===> Train Epoch: 31 	 Accuracy: 82.41% 	 Loss: 0.94095563
2022-03-12 17:57:36,945 - ===> Validation after Training epoch: 31 	 Overall Accuracy: 84.91%	 Before inlet accuracy: 85.55% 	 After inlet accuracy: 81.95%
2022-03-12 18:16:37,140 - ===> Train Epoch: 32 	 Accuracy: 82.71% 	 Loss: 0.93491300
2022-03-12 18:22:02,423 - ===> Validation after Training epoch: 32 	 Overall Accuracy: 84.93%	 Before inlet accuracy: 85.71% 	 After inlet accuracy: 81.33%
2022-03-12 18:41:01,405 - ===> Train Epoch: 33 	 Accuracy: 82.90% 	 Loss: 0.93140994
2022-03-12 18:46:24,923 - ===> Validation after Training epoch: 33 	 Overall Accuracy: 84.48%	 Before inlet accuracy: 85.13% 	 After inlet accuracy: 81.44%
2022-03-12 19:05:22,341 - ===> Train Epoch: 34 	 Accuracy: 82.62% 	 Loss: 0.93199632
2022-03-12 19:10:47,916 - ===> Validation after Training epoch: 34 	 Overall Accuracy: 84.67%	 Before inlet accuracy: 85.46% 	 After inlet accuracy: 80.99%
2022-03-12 19:29:46,863 - ===> Train Epoch: 35 	 Accuracy: 82.52% 	 Loss: 0.93073995
2022-03-12 19:35:11,157 - ===> Validation after Training epoch: 35 	 Overall Accuracy: 84.99%	 Before inlet accuracy: 85.87% 	 After inlet accuracy: 81.00%
2022-03-12 19:54:13,009 - ===> Train Epoch: 36 	 Accuracy: 82.82% 	 Loss: 0.92614368
2022-03-12 19:59:36,454 - ===> Validation after Training epoch: 36 	 Overall Accuracy: 84.93%	 Before inlet accuracy: 85.47% 	 After inlet accuracy: 82.42%
2022-03-12 20:18:32,746 - ===> Train Epoch: 37 	 Accuracy: 82.71% 	 Loss: 0.92637843
2022-03-12 20:23:58,968 - ===> Validation after Training epoch: 37 	 Overall Accuracy: 84.89%	 Before inlet accuracy: 85.67% 	 After inlet accuracy: 81.26%
2022-03-12 20:42:58,569 - ===> Train Epoch: 38 	 Accuracy: 82.75% 	 Loss: 0.92491780
2022-03-12 20:48:20,095 - ===> Validation after Training epoch: 38 	 Overall Accuracy: 84.23%	 Before inlet accuracy: 84.95% 	 After inlet accuracy: 80.93%
2022-03-12 21:07:16,835 - ===> Train Epoch: 39 	 Accuracy: 82.87% 	 Loss: 0.92264550
2022-03-12 21:12:40,634 - ===> Validation after Training epoch: 39 	 Overall Accuracy: 84.45%	 Before inlet accuracy: 85.08% 	 After inlet accuracy: 81.53%
2022-03-12 21:31:37,486 - ===> Train Epoch: 40 	 Accuracy: 82.74% 	 Loss: 0.92280056
2022-03-12 21:37:04,529 - ===> Validation after Training epoch: 40 	 Overall Accuracy: 84.43%	 Before inlet accuracy: 85.24% 	 After inlet accuracy: 80.72%
2022-03-12 21:56:01,554 - ===> Train Epoch: 41 	 Accuracy: 82.99% 	 Loss: 0.92011337
2022-03-12 22:01:21,393 - ===> Validation after Training epoch: 41 	 Overall Accuracy: 84.54%	 Before inlet accuracy: 85.20% 	 After inlet accuracy: 81.47%
2022-03-12 22:20:20,868 - ===> Train Epoch: 42 	 Accuracy: 83.21% 	 Loss: 0.91748883
2022-03-12 22:25:42,547 - ===> Validation after Training epoch: 42 	 Overall Accuracy: 84.65%	 Before inlet accuracy: 85.35% 	 After inlet accuracy: 81.47%
2022-03-12 22:44:47,201 - ===> Train Epoch: 43 	 Accuracy: 82.94% 	 Loss: 0.91948703
2022-03-12 22:50:07,992 - ===> Validation after Training epoch: 43 	 Overall Accuracy: 85.05%	 Before inlet accuracy: 85.89% 	 After inlet accuracy: 81.11%
2022-03-12 23:09:18,112 - ===> Train Epoch: 44 	 Accuracy: 82.98% 	 Loss: 0.91867218
2022-03-12 23:14:37,284 - ===> Validation after Training epoch: 44 	 Overall Accuracy: 84.40%	 Before inlet accuracy: 85.11% 	 After inlet accuracy: 81.14%
2022-03-12 23:33:38,959 - ===> Train Epoch: 45 	 Accuracy: 82.95% 	 Loss: 0.91878522
2022-03-12 23:39:00,894 - ===> Validation after Training epoch: 45 	 Overall Accuracy: 84.90%	 Before inlet accuracy: 85.59% 	 After inlet accuracy: 81.68%
2022-03-12 23:57:55,346 - ===> Train Epoch: 46 	 Accuracy: 83.09% 	 Loss: 0.91683045
2022-03-13 00:03:13,917 - ===> Validation after Training epoch: 46 	 Overall Accuracy: 84.55%	 Before inlet accuracy: 85.37% 	 After inlet accuracy: 80.81%
2022-03-13 00:22:13,790 - ===> Train Epoch: 47 	 Accuracy: 82.93% 	 Loss: 0.91812742
2022-03-13 00:27:36,218 - ===> Validation after Training epoch: 47 	 Overall Accuracy: 85.00%	 Before inlet accuracy: 85.75% 	 After inlet accuracy: 81.51%
2022-03-13 00:46:37,539 - ===> Train Epoch: 48 	 Accuracy: 82.97% 	 Loss: 0.91701594
2022-03-13 00:52:00,183 - ===> Validation after Training epoch: 48 	 Overall Accuracy: 85.28%	 Before inlet accuracy: 85.94% 	 After inlet accuracy: 82.25%
2022-03-13 01:11:05,207 - ===> Train Epoch: 49 	 Accuracy: 83.11% 	 Loss: 0.91570708
2022-03-13 01:16:27,120 - ===> Validation after Training epoch: 49 	 Overall Accuracy: 85.18%	 Before inlet accuracy: 85.89% 	 After inlet accuracy: 81.81%
2022-03-13 01:35:25,114 - ===> Train Epoch: 50 	 Accuracy: 83.28% 	 Loss: 0.91354553
2022-03-13 01:40:48,736 - ===> Validation after Training epoch: 50 	 Overall Accuracy: 85.17%	 Before inlet accuracy: 86.13% 	 After inlet accuracy: 80.76%
2022-03-13 01:59:41,962 - ===> Train Epoch: 51 	 Accuracy: 83.22% 	 Loss: 0.91405925
2022-03-13 02:05:05,672 - ===> Validation after Training epoch: 51 	 Overall Accuracy: 84.75%	 Before inlet accuracy: 85.31% 	 After inlet accuracy: 82.17%
2022-03-13 02:24:03,308 - ===> Train Epoch: 52 	 Accuracy: 83.27% 	 Loss: 0.91362674
2022-03-13 02:29:25,417 - ===> Validation after Training epoch: 52 	 Overall Accuracy: 84.26%	 Before inlet accuracy: 84.74% 	 After inlet accuracy: 82.05%
2022-03-13 02:48:29,735 - ===> Train Epoch: 53 	 Accuracy: 83.08% 	 Loss: 0.91518896
2022-03-13 02:53:49,815 - ===> Validation after Training epoch: 53 	 Overall Accuracy: 84.87%	 Before inlet accuracy: 85.66% 	 After inlet accuracy: 81.21%
2022-03-13 03:12:55,902 - ===> Train Epoch: 54 	 Accuracy: 83.35% 	 Loss: 0.91214539
2022-03-13 03:18:18,616 - ===> Validation after Training epoch: 54 	 Overall Accuracy: 84.49%	 Before inlet accuracy: 85.49% 	 After inlet accuracy: 79.98%
2022-03-13 03:37:17,812 - ===> Train Epoch: 55 	 Accuracy: 83.27% 	 Loss: 0.91293580
2022-03-13 03:42:38,484 - ===> Validation after Training epoch: 55 	 Overall Accuracy: 84.83%	 Before inlet accuracy: 85.47% 	 After inlet accuracy: 81.82%
2022-03-13 04:01:38,813 - ===> Train Epoch: 56 	 Accuracy: 83.19% 	 Loss: 0.91372915
2022-03-13 04:07:02,768 - ===> Validation after Training epoch: 56 	 Overall Accuracy: 84.64%	 Before inlet accuracy: 85.28% 	 After inlet accuracy: 81.70%
2022-03-13 04:26:03,688 - ===> Train Epoch: 57 	 Accuracy: 83.49% 	 Loss: 0.91004992
2022-03-13 04:31:23,728 - ===> Validation after Training epoch: 57 	 Overall Accuracy: 84.93%	 Before inlet accuracy: 85.68% 	 After inlet accuracy: 81.54%
