2022-03-12 05:38:17,395 - ### Training Machine Ip address ###
 127.0.1.1

2022-03-12 05:38:17,395 - ### Model summary below###
 Downstream(
  (decoder): Decoder(
    (linear): ModuleList(
      (0): Linear(in_features=256, out_features=128, bias=True)
      (1): ReLU()
      (2): Linear(in_features=128, out_features=64, bias=True)
      (3): ReLU()
      (4): Linear(in_features=64, out_features=32, bias=True)
      (5): ReLU()
      (6): Linear(in_features=32, out_features=16, bias=True)
      (7): ReLU()
    )
    (out): Linear(in_features=16, out_features=4, bias=True)
    (softmax): Softmax(dim=None)
  )
  (softmax): Softmax(dim=None)
  (lsoftmax): LogSoftmax(dim=None)
  (loss_mean): CrossEntropyLoss()
)

2022-03-12 05:38:17,396 - ===> Configuration parameter
                                    GPU_id: 3
                                    batch_size: 64
                                    epoch: 300
                                    n_warmup_steps: 30
                                    validataion_period: 1
                                    ckpt_period: 5
                                    ckpt_dir: /home/user/data/HyeongseokJeon/HMC_prediction/ckpt/
                                    learning_rate: 1e-06
                                    logging: True
                                    data_dir_train: /home/user/data/HyeongseokJeon/HMC_prediction/data/drone_data/processed/train/
                                    data_dir_val: /home/user/data/HyeongseokJeon/HMC_prediction/data/drone_data/processed/val/
                                    data_dir_orig: /home/user/data/HyeongseokJeon/HMC_prediction/data/drone_data/processed/archive/
                                    occlusion_rate: 0.2
                                    splicing_num: 128
                                    LC_multiple: 5
                                    FOV: 30
                                    interpolate: False
                                    max_pred_time: 5
                                    max_hist_time: 10
                                    hz: 2
                                    val_rate: 0.2
                                    n_linear_layer: 4
                                    n_hidden_after_deconv: 256
                                    log_dir: logs/

2022-03-12 05:38:17,396 - ===> Model total parameter: 43828
2022-03-12 05:38:17,396 - ### Selected Encoder model >>> File_id : maneuver_prediction-2022-03-10_04_02_34
2022-03-12 05:38:17,396 - ### Selected Encoder weight >>> weight_id : model_180.pt
2022-03-12 05:38:17,396 - ===> Model Training Start
2022-03-12 05:57:03,630 - ===> Train Epoch: 1 	 Accuracy: 39.86% 	 Loss: 1.38067555
2022-03-12 06:02:29,252 - ===> Validation after Training epoch: 1 	 Overall Accuracy: 35.81%	 Before inlet accuracy: 37.45% 	 After inlet accuracy: 28.33%
2022-03-12 06:21:23,937 - ===> Train Epoch: 2 	 Accuracy: 39.55% 	 Loss: 1.37727315
2022-03-12 06:26:49,506 - ===> Validation after Training epoch: 2 	 Overall Accuracy: 36.64%	 Before inlet accuracy: 38.52% 	 After inlet accuracy: 28.13%
2022-03-12 06:45:39,640 - ===> Train Epoch: 3 	 Accuracy: 39.68% 	 Loss: 1.37130176
2022-03-12 06:51:11,952 - ===> Validation after Training epoch: 3 	 Overall Accuracy: 35.90%	 Before inlet accuracy: 37.75% 	 After inlet accuracy: 27.48%
2022-03-12 07:10:04,763 - ===> Train Epoch: 4 	 Accuracy: 39.89% 	 Loss: 1.36374175
2022-03-12 07:15:30,449 - ===> Validation after Training epoch: 4 	 Overall Accuracy: 36.44%	 Before inlet accuracy: 38.22% 	 After inlet accuracy: 28.34%
2022-03-12 07:34:15,727 - ===> Train Epoch: 5 	 Accuracy: 39.43% 	 Loss: 1.35477199
2022-03-12 07:39:43,874 - ===> Validation after Training epoch: 5 	 Overall Accuracy: 35.93%	 Before inlet accuracy: 37.74% 	 After inlet accuracy: 27.76%
2022-03-12 07:58:41,457 - ===> Train Epoch: 6 	 Accuracy: 39.68% 	 Loss: 1.34283109
2022-03-12 08:04:10,828 - ===> Validation after Training epoch: 6 	 Overall Accuracy: 36.76%	 Before inlet accuracy: 38.56% 	 After inlet accuracy: 28.48%
2022-03-12 08:23:03,321 - ===> Train Epoch: 7 	 Accuracy: 39.68% 	 Loss: 1.32892768
2022-03-12 08:28:34,077 - ===> Validation after Training epoch: 7 	 Overall Accuracy: 36.16%	 Before inlet accuracy: 37.91% 	 After inlet accuracy: 28.25%
2022-03-12 08:47:25,075 - ===> Train Epoch: 8 	 Accuracy: 41.19% 	 Loss: 1.31270386
2022-03-12 08:52:53,962 - ===> Validation after Training epoch: 8 	 Overall Accuracy: 40.98%	 Before inlet accuracy: 43.84% 	 After inlet accuracy: 28.02%
2022-03-12 09:11:46,970 - ===> Train Epoch: 9 	 Accuracy: 44.64% 	 Loss: 1.29603221
2022-03-12 09:17:17,767 - ===> Validation after Training epoch: 9 	 Overall Accuracy: 45.90%	 Before inlet accuracy: 49.38% 	 After inlet accuracy: 29.97%
2022-03-12 09:36:09,669 - ===> Train Epoch: 10 	 Accuracy: 48.76% 	 Loss: 1.27911965
2022-03-12 09:41:36,329 - ===> Validation after Training epoch: 10 	 Overall Accuracy: 50.16%	 Before inlet accuracy: 52.87% 	 After inlet accuracy: 37.72%
2022-03-12 10:00:29,586 - ===> Train Epoch: 11 	 Accuracy: 51.74% 	 Loss: 1.26282599
2022-03-12 10:06:01,361 - ===> Validation after Training epoch: 11 	 Overall Accuracy: 53.34%	 Before inlet accuracy: 54.95% 	 After inlet accuracy: 46.04%
2022-03-12 10:24:52,947 - ===> Train Epoch: 12 	 Accuracy: 55.17% 	 Loss: 1.24782342
2022-03-12 10:30:18,667 - ===> Validation after Training epoch: 12 	 Overall Accuracy: 58.82%	 Before inlet accuracy: 60.43% 	 After inlet accuracy: 51.50%
2022-03-12 10:49:11,777 - ===> Train Epoch: 13 	 Accuracy: 61.19% 	 Loss: 1.23279020
2022-03-12 10:54:43,447 - ===> Validation after Training epoch: 13 	 Overall Accuracy: 63.74%	 Before inlet accuracy: 65.45% 	 After inlet accuracy: 55.96%
2022-03-12 11:13:35,481 - ===> Train Epoch: 14 	 Accuracy: 65.88% 	 Loss: 1.22018976
2022-03-12 11:19:03,390 - ===> Validation after Training epoch: 14 	 Overall Accuracy: 68.58%	 Before inlet accuracy: 70.42% 	 After inlet accuracy: 60.22%
2022-03-12 11:38:00,619 - ===> Train Epoch: 15 	 Accuracy: 70.69% 	 Loss: 1.20438690
2022-03-12 11:43:26,711 - ===> Validation after Training epoch: 15 	 Overall Accuracy: 74.03%	 Before inlet accuracy: 76.01% 	 After inlet accuracy: 65.01%
2022-03-12 12:02:21,188 - ===> Train Epoch: 16 	 Accuracy: 74.33% 	 Loss: 1.18964002
2022-03-12 12:07:52,428 - ===> Validation after Training epoch: 16 	 Overall Accuracy: 78.16%	 Before inlet accuracy: 79.51% 	 After inlet accuracy: 72.02%
2022-03-12 12:26:37,552 - ===> Train Epoch: 17 	 Accuracy: 77.43% 	 Loss: 1.17174922
2022-03-12 12:32:04,263 - ===> Validation after Training epoch: 17 	 Overall Accuracy: 80.99%	 Before inlet accuracy: 82.35% 	 After inlet accuracy: 74.89%
2022-03-12 12:50:53,066 - ===> Train Epoch: 18 	 Accuracy: 79.46% 	 Loss: 1.15298082
2022-03-12 12:56:22,406 - ===> Validation after Training epoch: 18 	 Overall Accuracy: 82.27%	 Before inlet accuracy: 83.23% 	 After inlet accuracy: 77.88%
2022-03-12 13:15:10,697 - ===> Train Epoch: 19 	 Accuracy: 80.11% 	 Loss: 1.13385310
2022-03-12 13:20:38,284 - ===> Validation after Training epoch: 19 	 Overall Accuracy: 83.07%	 Before inlet accuracy: 83.93% 	 After inlet accuracy: 79.14%
2022-03-12 13:39:25,720 - ===> Train Epoch: 20 	 Accuracy: 80.72% 	 Loss: 1.11379408
2022-03-12 13:44:55,164 - ===> Validation after Training epoch: 20 	 Overall Accuracy: 83.68%	 Before inlet accuracy: 84.49% 	 After inlet accuracy: 80.03%
2022-03-12 14:03:46,386 - ===> Train Epoch: 21 	 Accuracy: 80.73% 	 Loss: 1.09317071
2022-03-12 14:09:16,032 - ===> Validation after Training epoch: 21 	 Overall Accuracy: 83.74%	 Before inlet accuracy: 84.64% 	 After inlet accuracy: 79.57%
2022-03-12 14:28:10,781 - ===> Train Epoch: 22 	 Accuracy: 81.03% 	 Loss: 1.07512041
2022-03-12 14:33:38,431 - ===> Validation after Training epoch: 22 	 Overall Accuracy: 83.72%	 Before inlet accuracy: 84.48% 	 After inlet accuracy: 80.24%
2022-03-12 14:52:34,410 - ===> Train Epoch: 23 	 Accuracy: 81.03% 	 Loss: 1.05597983
2022-03-12 14:58:04,204 - ===> Validation after Training epoch: 23 	 Overall Accuracy: 84.06%	 Before inlet accuracy: 84.87% 	 After inlet accuracy: 80.38%
2022-03-12 15:16:54,176 - ===> Train Epoch: 24 	 Accuracy: 81.28% 	 Loss: 1.03842662
2022-03-12 15:22:22,480 - ===> Validation after Training epoch: 24 	 Overall Accuracy: 84.12%	 Before inlet accuracy: 84.87% 	 After inlet accuracy: 80.73%
2022-03-12 15:41:10,456 - ===> Train Epoch: 25 	 Accuracy: 80.73% 	 Loss: 1.02633913
2022-03-12 15:46:43,550 - ===> Validation after Training epoch: 25 	 Overall Accuracy: 84.22%	 Before inlet accuracy: 85.12% 	 After inlet accuracy: 80.06%
2022-03-12 16:05:36,631 - ===> Train Epoch: 26 	 Accuracy: 80.90% 	 Loss: 1.01369488
2022-03-12 16:11:07,498 - ===> Validation after Training epoch: 26 	 Overall Accuracy: 84.47%	 Before inlet accuracy: 85.33% 	 After inlet accuracy: 80.52%
2022-03-12 16:29:59,227 - ===> Train Epoch: 27 	 Accuracy: 81.57% 	 Loss: 0.99855311
2022-03-12 16:35:30,670 - ===> Validation after Training epoch: 27 	 Overall Accuracy: 84.43%	 Before inlet accuracy: 85.28% 	 After inlet accuracy: 80.47%
2022-03-12 16:54:24,245 - ===> Train Epoch: 28 	 Accuracy: 81.41% 	 Loss: 0.98978358
2022-03-12 16:59:53,347 - ===> Validation after Training epoch: 28 	 Overall Accuracy: 84.44%	 Before inlet accuracy: 85.43% 	 After inlet accuracy: 79.97%
2022-03-12 17:18:46,242 - ===> Train Epoch: 29 	 Accuracy: 81.38% 	 Loss: 0.98195615
2022-03-12 17:24:14,462 - ===> Validation after Training epoch: 29 	 Overall Accuracy: 84.73%	 Before inlet accuracy: 85.35% 	 After inlet accuracy: 81.89%
2022-03-12 17:43:04,851 - ===> Train Epoch: 30 	 Accuracy: 81.74% 	 Loss: 0.97219918
2022-03-12 17:48:37,395 - ===> Validation after Training epoch: 30 	 Overall Accuracy: 84.38%	 Before inlet accuracy: 85.24% 	 After inlet accuracy: 80.50%
2022-03-12 18:07:33,355 - ===> Train Epoch: 31 	 Accuracy: 81.69% 	 Loss: 0.96684035
2022-03-12 18:13:06,163 - ===> Validation after Training epoch: 31 	 Overall Accuracy: 84.27%	 Before inlet accuracy: 85.18% 	 After inlet accuracy: 80.13%
2022-03-12 18:31:58,769 - ===> Train Epoch: 32 	 Accuracy: 81.59% 	 Loss: 0.96337328
2022-03-12 18:37:28,609 - ===> Validation after Training epoch: 32 	 Overall Accuracy: 84.39%	 Before inlet accuracy: 84.92% 	 After inlet accuracy: 81.91%
2022-03-12 18:56:20,136 - ===> Train Epoch: 33 	 Accuracy: 81.80% 	 Loss: 0.95722251
2022-03-12 19:01:50,200 - ===> Validation after Training epoch: 33 	 Overall Accuracy: 83.97%	 Before inlet accuracy: 84.63% 	 After inlet accuracy: 80.99%
2022-03-12 19:20:41,818 - ===> Train Epoch: 34 	 Accuracy: 81.81% 	 Loss: 0.95329782
2022-03-12 19:26:14,067 - ===> Validation after Training epoch: 34 	 Overall Accuracy: 84.32%	 Before inlet accuracy: 85.11% 	 After inlet accuracy: 80.73%
2022-03-12 19:45:02,781 - ===> Train Epoch: 35 	 Accuracy: 81.63% 	 Loss: 0.95226898
2022-03-12 19:50:32,499 - ===> Validation after Training epoch: 35 	 Overall Accuracy: 84.56%	 Before inlet accuracy: 85.38% 	 After inlet accuracy: 80.86%
2022-03-12 20:09:20,955 - ===> Train Epoch: 36 	 Accuracy: 81.88% 	 Loss: 0.94640336
2022-03-12 20:14:52,789 - ===> Validation after Training epoch: 36 	 Overall Accuracy: 84.74%	 Before inlet accuracy: 85.62% 	 After inlet accuracy: 80.68%
2022-03-12 20:33:43,640 - ===> Train Epoch: 37 	 Accuracy: 82.47% 	 Loss: 0.93869542
2022-03-12 20:39:14,879 - ===> Validation after Training epoch: 37 	 Overall Accuracy: 84.99%	 Before inlet accuracy: 85.72% 	 After inlet accuracy: 81.54%
2022-03-12 20:58:03,603 - ===> Train Epoch: 38 	 Accuracy: 82.08% 	 Loss: 0.93994332
2022-03-12 21:03:31,463 - ===> Validation after Training epoch: 38 	 Overall Accuracy: 84.80%	 Before inlet accuracy: 85.78% 	 After inlet accuracy: 80.35%
2022-03-12 21:22:24,744 - ===> Train Epoch: 39 	 Accuracy: 82.48% 	 Loss: 0.93557615
2022-03-12 21:27:54,728 - ===> Validation after Training epoch: 39 	 Overall Accuracy: 84.62%	 Before inlet accuracy: 85.24% 	 After inlet accuracy: 81.79%
2022-03-12 21:46:42,738 - ===> Train Epoch: 40 	 Accuracy: 82.48% 	 Loss: 0.93344989
2022-03-12 21:52:13,081 - ===> Validation after Training epoch: 40 	 Overall Accuracy: 84.30%	 Before inlet accuracy: 85.05% 	 After inlet accuracy: 80.88%
