2022-03-12 05:27:49,885 - ### Training Machine Ip address ###
 127.0.1.1

2022-03-12 05:27:49,885 - ### Model summary below###
 Downstream(
  (decoder): Decoder(
    (linear): ModuleList(
      (0): Linear(in_features=256, out_features=128, bias=True)
      (1): ReLU()
      (2): Linear(in_features=128, out_features=64, bias=True)
      (3): ReLU()
      (4): Linear(in_features=64, out_features=32, bias=True)
      (5): ReLU()
      (6): Linear(in_features=32, out_features=16, bias=True)
      (7): ReLU()
    )
    (out): Linear(in_features=16, out_features=4, bias=True)
    (softmax): Softmax(dim=None)
  )
  (softmax): Softmax(dim=None)
  (lsoftmax): LogSoftmax(dim=None)
  (loss_mean): CrossEntropyLoss()
)

2022-03-12 05:27:49,886 - ===> Configuration parameter
                                    GPU_id: 1
                                    batch_size: 64
                                    epoch: 300
                                    n_warmup_steps: 30
                                    validataion_period: 1
                                    ckpt_period: 5
                                    ckpt_dir: /home/user/data/HyeongseokJeon/HMC_prediction/ckpt/
                                    learning_rate: 1e-06
                                    logging: True
                                    data_dir_train: /home/user/data/HyeongseokJeon/HMC_prediction/data/drone_data/processed/train/
                                    data_dir_val: /home/user/data/HyeongseokJeon/HMC_prediction/data/drone_data/processed/val/
                                    data_dir_orig: /home/user/data/HyeongseokJeon/HMC_prediction/data/drone_data/processed/archive/
                                    occlusion_rate: 0.2
                                    splicing_num: 128
                                    LC_multiple: 5
                                    FOV: 30
                                    interpolate: False
                                    max_pred_time: 5
                                    max_hist_time: 10
                                    hz: 2
                                    val_rate: 0.2
                                    n_linear_layer: 4
                                    n_hidden_after_deconv: 256
                                    log_dir: logs/

2022-03-12 05:27:49,886 - ===> Model total parameter: 43828
2022-03-12 05:27:49,886 - ### Selected Encoder model >>> File_id : maneuver_prediction-2022-03-10_04_02_34
2022-03-12 05:27:49,886 - ### Selected Encoder weight >>> weight_id : model_50.pt
2022-03-12 05:27:49,886 - ===> Model Training Start
2022-03-12 05:41:10,236 - ===> Train Epoch: 1 	 Accuracy: 39.48% 	 Loss: 1.38632945
2022-03-12 05:46:31,539 - ===> Validation after Training epoch: 1 	 Overall Accuracy: 36.74%	 Before inlet accuracy: 38.61% 	 After inlet accuracy: 28.01%
2022-03-12 06:05:47,851 - ===> Train Epoch: 2 	 Accuracy: 39.67% 	 Loss: 1.38458923
2022-03-12 06:11:12,898 - ===> Validation after Training epoch: 2 	 Overall Accuracy: 36.53%	 Before inlet accuracy: 38.36% 	 After inlet accuracy: 28.18%
2022-03-12 06:30:32,750 - ===> Train Epoch: 3 	 Accuracy: 46.79% 	 Loss: 1.38247216
2022-03-12 06:36:00,421 - ===> Validation after Training epoch: 3 	 Overall Accuracy: 50.62%	 Before inlet accuracy: 54.68% 	 After inlet accuracy: 31.94%
2022-03-12 06:55:15,179 - ===> Train Epoch: 4 	 Accuracy: 58.07% 	 Loss: 1.38004448
2022-03-12 07:00:42,491 - ===> Validation after Training epoch: 4 	 Overall Accuracy: 56.30%	 Before inlet accuracy: 60.12% 	 After inlet accuracy: 38.93%
2022-03-12 07:19:55,816 - ===> Train Epoch: 5 	 Accuracy: 61.07% 	 Loss: 1.37684738
2022-03-12 07:25:20,658 - ===> Validation after Training epoch: 5 	 Overall Accuracy: 57.84%	 Before inlet accuracy: 61.34% 	 After inlet accuracy: 41.80%
2022-03-12 07:44:36,876 - ===> Train Epoch: 6 	 Accuracy: 62.36% 	 Loss: 1.37275108
2022-03-12 07:50:03,768 - ===> Validation after Training epoch: 6 	 Overall Accuracy: 61.03%	 Before inlet accuracy: 64.67% 	 After inlet accuracy: 44.57%
2022-03-12 08:09:16,634 - ===> Train Epoch: 7 	 Accuracy: 68.87% 	 Loss: 1.36710214
2022-03-12 08:14:38,750 - ===> Validation after Training epoch: 7 	 Overall Accuracy: 73.44%	 Before inlet accuracy: 76.73% 	 After inlet accuracy: 58.27%
2022-03-12 08:33:53,601 - ===> Train Epoch: 8 	 Accuracy: 76.48% 	 Loss: 1.35947708
2022-03-12 08:39:22,341 - ===> Validation after Training epoch: 8 	 Overall Accuracy: 79.55%	 Before inlet accuracy: 81.25% 	 After inlet accuracy: 71.93%
2022-03-12 08:58:35,981 - ===> Train Epoch: 9 	 Accuracy: 79.67% 	 Loss: 1.34884520
2022-03-12 09:04:04,206 - ===> Validation after Training epoch: 9 	 Overall Accuracy: 82.67%	 Before inlet accuracy: 83.99% 	 After inlet accuracy: 76.62%
2022-03-12 09:23:16,827 - ===> Train Epoch: 10 	 Accuracy: 80.40% 	 Loss: 1.33509772
2022-03-12 09:28:42,978 - ===> Validation after Training epoch: 10 	 Overall Accuracy: 82.49%	 Before inlet accuracy: 83.62% 	 After inlet accuracy: 77.35%
2022-03-12 09:47:52,625 - ===> Train Epoch: 11 	 Accuracy: 80.23% 	 Loss: 1.31817010
2022-03-12 09:53:21,006 - ===> Validation after Training epoch: 11 	 Overall Accuracy: 83.95%	 Before inlet accuracy: 85.25% 	 After inlet accuracy: 78.02%
2022-03-12 10:12:35,857 - ===> Train Epoch: 12 	 Accuracy: 80.17% 	 Loss: 1.29816998
2022-03-12 10:18:00,996 - ===> Validation after Training epoch: 12 	 Overall Accuracy: 83.29%	 Before inlet accuracy: 84.74% 	 After inlet accuracy: 76.73%
2022-03-12 10:37:12,215 - ===> Train Epoch: 13 	 Accuracy: 80.04% 	 Loss: 1.27449146
2022-03-12 10:42:37,203 - ===> Validation after Training epoch: 13 	 Overall Accuracy: 82.89%	 Before inlet accuracy: 83.89% 	 After inlet accuracy: 78.38%
2022-03-12 11:01:53,770 - ===> Train Epoch: 14 	 Accuracy: 79.74% 	 Loss: 1.25006237
2022-03-12 11:07:18,728 - ===> Validation after Training epoch: 14 	 Overall Accuracy: 83.10%	 Before inlet accuracy: 84.11% 	 After inlet accuracy: 78.51%
2022-03-12 11:26:28,303 - ===> Train Epoch: 15 	 Accuracy: 79.93% 	 Loss: 1.22367847
2022-03-12 11:31:53,834 - ===> Validation after Training epoch: 15 	 Overall Accuracy: 83.18%	 Before inlet accuracy: 84.33% 	 After inlet accuracy: 77.88%
2022-03-12 11:51:10,535 - ===> Train Epoch: 16 	 Accuracy: 79.75% 	 Loss: 1.19817047
2022-03-12 11:56:35,880 - ===> Validation after Training epoch: 16 	 Overall Accuracy: 83.25%	 Before inlet accuracy: 84.40% 	 After inlet accuracy: 77.99%
2022-03-12 12:15:46,560 - ===> Train Epoch: 17 	 Accuracy: 80.22% 	 Loss: 1.16998249
2022-03-12 12:21:14,535 - ===> Validation after Training epoch: 17 	 Overall Accuracy: 83.09%	 Before inlet accuracy: 84.28% 	 After inlet accuracy: 77.65%
2022-03-12 12:40:21,199 - ===> Train Epoch: 18 	 Accuracy: 80.39% 	 Loss: 1.14503003
2022-03-12 12:45:46,844 - ===> Validation after Training epoch: 18 	 Overall Accuracy: 83.54%	 Before inlet accuracy: 84.78% 	 After inlet accuracy: 77.83%
2022-03-12 13:05:00,059 - ===> Train Epoch: 19 	 Accuracy: 80.52% 	 Loss: 1.11997870
2022-03-12 13:10:25,117 - ===> Validation after Training epoch: 19 	 Overall Accuracy: 83.27%	 Before inlet accuracy: 84.29% 	 After inlet accuracy: 78.59%
2022-03-12 13:29:42,132 - ===> Train Epoch: 20 	 Accuracy: 80.71% 	 Loss: 1.09688819
2022-03-12 13:35:10,009 - ===> Validation after Training epoch: 20 	 Overall Accuracy: 83.40%	 Before inlet accuracy: 84.47% 	 After inlet accuracy: 78.54%
2022-03-12 13:54:22,337 - ===> Train Epoch: 21 	 Accuracy: 81.24% 	 Loss: 1.07253692
2022-03-12 13:59:48,259 - ===> Validation after Training epoch: 21 	 Overall Accuracy: 83.52%	 Before inlet accuracy: 84.70% 	 After inlet accuracy: 78.23%
2022-03-12 14:19:08,792 - ===> Train Epoch: 22 	 Accuracy: 81.21% 	 Loss: 1.05108931
2022-03-12 14:24:39,885 - ===> Validation after Training epoch: 22 	 Overall Accuracy: 84.34%	 Before inlet accuracy: 85.50% 	 After inlet accuracy: 79.12%
2022-03-12 14:43:57,478 - ===> Train Epoch: 23 	 Accuracy: 81.38% 	 Loss: 1.03135180
2022-03-12 14:49:25,412 - ===> Validation after Training epoch: 23 	 Overall Accuracy: 83.69%	 Before inlet accuracy: 84.45% 	 After inlet accuracy: 80.21%
2022-03-12 15:08:33,901 - ===> Train Epoch: 24 	 Accuracy: 81.64% 	 Loss: 1.01371391
2022-03-12 15:14:04,792 - ===> Validation after Training epoch: 24 	 Overall Accuracy: 83.95%	 Before inlet accuracy: 84.94% 	 After inlet accuracy: 79.36%
2022-03-12 15:33:12,646 - ===> Train Epoch: 25 	 Accuracy: 82.02% 	 Loss: 0.99599239
2022-03-12 15:38:41,942 - ===> Validation after Training epoch: 25 	 Overall Accuracy: 84.18%	 Before inlet accuracy: 85.11% 	 After inlet accuracy: 80.03%
2022-03-12 15:57:56,290 - ===> Train Epoch: 26 	 Accuracy: 81.88% 	 Loss: 0.98406531
2022-03-12 16:03:21,791 - ===> Validation after Training epoch: 26 	 Overall Accuracy: 84.21%	 Before inlet accuracy: 85.16% 	 After inlet accuracy: 79.87%
2022-03-12 16:22:40,829 - ===> Train Epoch: 27 	 Accuracy: 82.06% 	 Loss: 0.97229239
2022-03-12 16:28:11,390 - ===> Validation after Training epoch: 27 	 Overall Accuracy: 84.12%	 Before inlet accuracy: 84.95% 	 After inlet accuracy: 80.34%
2022-03-12 16:47:23,291 - ===> Train Epoch: 28 	 Accuracy: 82.20% 	 Loss: 0.96309750
2022-03-12 16:52:56,202 - ===> Validation after Training epoch: 28 	 Overall Accuracy: 84.23%	 Before inlet accuracy: 84.87% 	 After inlet accuracy: 81.22%
2022-03-12 17:12:09,604 - ===> Train Epoch: 29 	 Accuracy: 82.33% 	 Loss: 0.95470886
2022-03-12 17:17:41,262 - ===> Validation after Training epoch: 29 	 Overall Accuracy: 84.23%	 Before inlet accuracy: 84.96% 	 After inlet accuracy: 80.88%
2022-03-12 17:36:55,758 - ===> Train Epoch: 30 	 Accuracy: 82.42% 	 Loss: 0.94814221
2022-03-12 17:42:25,154 - ===> Validation after Training epoch: 30 	 Overall Accuracy: 84.56%	 Before inlet accuracy: 85.26% 	 After inlet accuracy: 81.41%
2022-03-12 18:01:31,732 - ===> Train Epoch: 31 	 Accuracy: 82.09% 	 Loss: 0.94662424
2022-03-12 18:07:00,313 - ===> Validation after Training epoch: 31 	 Overall Accuracy: 84.28%	 Before inlet accuracy: 84.94% 	 After inlet accuracy: 81.17%
2022-03-12 18:26:13,728 - ===> Train Epoch: 32 	 Accuracy: 82.73% 	 Loss: 0.93674012
2022-03-12 18:31:42,798 - ===> Validation after Training epoch: 32 	 Overall Accuracy: 84.24%	 Before inlet accuracy: 85.11% 	 After inlet accuracy: 80.28%
2022-03-12 18:50:53,422 - ===> Train Epoch: 33 	 Accuracy: 82.35% 	 Loss: 0.93723347
2022-03-12 18:56:21,931 - ===> Validation after Training epoch: 33 	 Overall Accuracy: 84.86%	 Before inlet accuracy: 85.70% 	 After inlet accuracy: 80.98%
2022-03-12 19:15:32,137 - ===> Train Epoch: 34 	 Accuracy: 82.31% 	 Loss: 0.93516949
2022-03-12 19:21:01,621 - ===> Validation after Training epoch: 34 	 Overall Accuracy: 84.39%	 Before inlet accuracy: 85.20% 	 After inlet accuracy: 80.72%
2022-03-12 19:40:20,528 - ===> Train Epoch: 35 	 Accuracy: 82.52% 	 Loss: 0.93132732
2022-03-12 19:45:51,939 - ===> Validation after Training epoch: 35 	 Overall Accuracy: 84.84%	 Before inlet accuracy: 85.81% 	 After inlet accuracy: 80.42%
2022-03-12 20:05:07,200 - ===> Train Epoch: 36 	 Accuracy: 82.54% 	 Loss: 0.92953804
2022-03-12 20:10:40,338 - ===> Validation after Training epoch: 36 	 Overall Accuracy: 84.84%	 Before inlet accuracy: 85.69% 	 After inlet accuracy: 80.98%
2022-03-12 20:29:54,643 - ===> Train Epoch: 37 	 Accuracy: 82.80% 	 Loss: 0.92559899
2022-03-12 20:35:24,473 - ===> Validation after Training epoch: 37 	 Overall Accuracy: 84.19%	 Before inlet accuracy: 84.99% 	 After inlet accuracy: 80.48%
2022-03-12 20:54:36,528 - ===> Train Epoch: 38 	 Accuracy: 82.50% 	 Loss: 0.92728508
2022-03-12 21:00:08,990 - ===> Validation after Training epoch: 38 	 Overall Accuracy: 84.94%	 Before inlet accuracy: 85.69% 	 After inlet accuracy: 81.55%
2022-03-12 21:19:15,738 - ===> Train Epoch: 39 	 Accuracy: 82.85% 	 Loss: 0.92270182
2022-03-12 21:24:45,719 - ===> Validation after Training epoch: 39 	 Overall Accuracy: 84.81%	 Before inlet accuracy: 85.67% 	 After inlet accuracy: 80.87%
2022-03-12 21:44:01,400 - ===> Train Epoch: 40 	 Accuracy: 82.80% 	 Loss: 0.92250305
2022-03-12 21:49:34,238 - ===> Validation after Training epoch: 40 	 Overall Accuracy: 84.32%	 Before inlet accuracy: 85.11% 	 After inlet accuracy: 80.67%
2022-03-12 22:08:44,833 - ===> Train Epoch: 41 	 Accuracy: 82.57% 	 Loss: 0.92407821
2022-03-12 22:14:17,283 - ===> Validation after Training epoch: 41 	 Overall Accuracy: 83.73%	 Before inlet accuracy: 84.87% 	 After inlet accuracy: 78.64%
2022-03-12 22:33:23,051 - ===> Train Epoch: 42 	 Accuracy: 83.02% 	 Loss: 0.91926043
2022-03-12 22:38:55,637 - ===> Validation after Training epoch: 42 	 Overall Accuracy: 84.72%	 Before inlet accuracy: 85.57% 	 After inlet accuracy: 80.83%
2022-03-12 22:58:05,366 - ===> Train Epoch: 43 	 Accuracy: 82.94% 	 Loss: 0.91918062
2022-03-12 23:03:38,651 - ===> Validation after Training epoch: 43 	 Overall Accuracy: 84.37%	 Before inlet accuracy: 85.05% 	 After inlet accuracy: 81.27%
2022-03-12 23:22:45,695 - ===> Train Epoch: 44 	 Accuracy: 82.84% 	 Loss: 0.91982273
2022-03-12 23:28:17,165 - ===> Validation after Training epoch: 44 	 Overall Accuracy: 84.80%	 Before inlet accuracy: 85.48% 	 After inlet accuracy: 81.68%
2022-03-12 23:47:29,880 - ===> Train Epoch: 45 	 Accuracy: 82.83% 	 Loss: 0.91950993
2022-03-12 23:53:02,532 - ===> Validation after Training epoch: 45 	 Overall Accuracy: 84.61%	 Before inlet accuracy: 85.34% 	 After inlet accuracy: 81.27%
2022-03-13 00:12:13,574 - ===> Train Epoch: 46 	 Accuracy: 82.97% 	 Loss: 0.91739133
2022-03-13 00:17:46,932 - ===> Validation after Training epoch: 46 	 Overall Accuracy: 85.35%	 Before inlet accuracy: 85.88% 	 After inlet accuracy: 82.86%
2022-03-13 00:36:50,903 - ===> Train Epoch: 47 	 Accuracy: 82.87% 	 Loss: 0.91843470
2022-03-13 00:42:23,089 - ===> Validation after Training epoch: 47 	 Overall Accuracy: 84.58%	 Before inlet accuracy: 85.31% 	 After inlet accuracy: 81.22%
2022-03-13 01:01:29,008 - ===> Train Epoch: 48 	 Accuracy: 82.86% 	 Loss: 0.91834653
2022-03-13 01:07:01,135 - ===> Validation after Training epoch: 48 	 Overall Accuracy: 84.74%	 Before inlet accuracy: 85.37% 	 After inlet accuracy: 81.88%
2022-03-13 01:26:10,522 - ===> Train Epoch: 49 	 Accuracy: 83.02% 	 Loss: 0.91629821
2022-03-13 01:31:43,760 - ===> Validation after Training epoch: 49 	 Overall Accuracy: 84.21%	 Before inlet accuracy: 85.06% 	 After inlet accuracy: 80.38%
2022-03-13 01:50:47,417 - ===> Train Epoch: 50 	 Accuracy: 82.92% 	 Loss: 0.91694139
2022-03-13 01:56:21,682 - ===> Validation after Training epoch: 50 	 Overall Accuracy: 84.42%	 Before inlet accuracy: 85.18% 	 After inlet accuracy: 80.95%
2022-03-13 02:15:29,373 - ===> Train Epoch: 51 	 Accuracy: 83.14% 	 Loss: 0.91473867
2022-03-13 02:21:04,590 - ===> Validation after Training epoch: 51 	 Overall Accuracy: 84.38%	 Before inlet accuracy: 84.93% 	 After inlet accuracy: 81.83%
2022-03-13 02:40:10,988 - ===> Train Epoch: 52 	 Accuracy: 83.16% 	 Loss: 0.91393671
2022-03-13 02:45:43,068 - ===> Validation after Training epoch: 52 	 Overall Accuracy: 84.39%	 Before inlet accuracy: 85.29% 	 After inlet accuracy: 80.39%
2022-03-13 03:04:53,553 - ===> Train Epoch: 53 	 Accuracy: 83.21% 	 Loss: 0.91334735
2022-03-13 03:10:28,041 - ===> Validation after Training epoch: 53 	 Overall Accuracy: 84.54%	 Before inlet accuracy: 85.29% 	 After inlet accuracy: 81.14%
2022-03-13 03:29:33,526 - ===> Train Epoch: 54 	 Accuracy: 82.78% 	 Loss: 0.91738707
2022-03-13 03:35:04,353 - ===> Validation after Training epoch: 54 	 Overall Accuracy: 85.13%	 Before inlet accuracy: 85.85% 	 After inlet accuracy: 81.82%
2022-03-13 03:54:15,992 - ===> Train Epoch: 55 	 Accuracy: 83.33% 	 Loss: 0.91222477
2022-03-13 03:59:50,117 - ===> Validation after Training epoch: 55 	 Overall Accuracy: 84.85%	 Before inlet accuracy: 85.49% 	 After inlet accuracy: 81.92%
2022-03-13 04:19:02,611 - ===> Train Epoch: 56 	 Accuracy: 83.19% 	 Loss: 0.91297457
2022-03-13 04:23:45,773 - ===> Validation after Training epoch: 56 	 Overall Accuracy: 84.86%	 Before inlet accuracy: 85.50% 	 After inlet accuracy: 81.91%
