2022-03-12 05:43:17,939 - ### Training Machine Ip address ###
 192.168.0.7

2022-03-12 05:43:17,939 - ### Model summary below###
 Downstream(
  (decoder): Decoder(
    (linear): ModuleList(
      (0): Linear(in_features=256, out_features=128, bias=True)
      (1): ReLU()
      (2): Linear(in_features=128, out_features=64, bias=True)
      (3): ReLU()
      (4): Linear(in_features=64, out_features=32, bias=True)
      (5): ReLU()
      (6): Linear(in_features=32, out_features=16, bias=True)
      (7): ReLU()
    )
    (out): Linear(in_features=16, out_features=4, bias=True)
    (softmax): Softmax(dim=None)
  )
  (softmax): Softmax(dim=None)
  (lsoftmax): LogSoftmax(dim=None)
  (loss_mean): CrossEntropyLoss()
)

2022-03-12 05:43:17,940 - ===> Configuration parameter
                                    GPU_id: 0
                                    batch_size: 64
                                    epoch: 300
                                    n_warmup_steps: 30
                                    validataion_period: 1
                                    ckpt_period: 5
                                    ckpt_dir: C:\Users\VDCLAB\Desktop\hs\HMC_prediction/ckpt/
                                    learning_rate: 1e-06
                                    logging: True
                                    data_dir_train: C:\Users\VDCLAB\Desktop\hs\HMC_prediction/data/drone_data/processed/train/
                                    data_dir_val: C:\Users\VDCLAB\Desktop\hs\HMC_prediction/data/drone_data/processed/val/
                                    data_dir_orig: C:\Users\VDCLAB\Desktop\hs\HMC_prediction/data/drone_data/processed/archive/
                                    occlusion_rate: 0.2
                                    splicing_num: 128
                                    LC_multiple: 5
                                    FOV: 30
                                    interpolate: False
                                    max_pred_time: 5
                                    max_hist_time: 10
                                    hz: 2
                                    val_rate: 0.2
                                    n_linear_layer: 4
                                    n_hidden_after_deconv: 256
                                    log_dir: logs/

2022-03-12 05:43:17,940 - ===> Model total parameter: 43828
2022-03-12 05:43:17,940 - ### Selected Encoder model >>> File_id : maneuver_prediction-2022-03-10_04_02_34
2022-03-12 05:43:17,940 - ### Selected Encoder weight >>> weight_id : model_200.pt
2022-03-12 05:43:17,940 - ===> Model Training Start
2022-03-12 05:53:22,457 - ===> Train Epoch: 1 	 Accuracy: 40.05% 	 Loss: 1.38222708
2022-03-12 05:56:30,923 - ===> Validation after Training epoch: 1 	 Overall Accuracy: 36.68%	 Before inlet accuracy: 38.57% 	 After inlet accuracy: 27.78%
2022-03-12 06:08:07,028 - ===> Train Epoch: 2 	 Accuracy: 40.11% 	 Loss: 1.37972406
2022-03-12 06:11:12,773 - ===> Validation after Training epoch: 2 	 Overall Accuracy: 38.14%	 Before inlet accuracy: 40.52% 	 After inlet accuracy: 27.12%
2022-03-12 06:22:50,693 - ===> Train Epoch: 3 	 Accuracy: 49.92% 	 Loss: 1.37622950
2022-03-12 06:25:58,910 - ===> Validation after Training epoch: 3 	 Overall Accuracy: 53.78%	 Before inlet accuracy: 57.88% 	 After inlet accuracy: 35.00%
2022-03-12 06:37:36,621 - ===> Train Epoch: 4 	 Accuracy: 60.77% 	 Loss: 1.37014319
2022-03-12 06:40:44,119 - ===> Validation after Training epoch: 4 	 Overall Accuracy: 58.66%	 Before inlet accuracy: 62.44% 	 After inlet accuracy: 41.14%
2022-03-12 06:52:23,468 - ===> Train Epoch: 5 	 Accuracy: 64.41% 	 Loss: 1.36241173
2022-03-12 06:55:32,260 - ===> Validation after Training epoch: 5 	 Overall Accuracy: 63.79%	 Before inlet accuracy: 67.92% 	 After inlet accuracy: 44.81%
2022-03-12 07:07:11,657 - ===> Train Epoch: 6 	 Accuracy: 67.75% 	 Loss: 1.35175600
2022-03-12 07:10:19,886 - ===> Validation after Training epoch: 6 	 Overall Accuracy: 67.59%	 Before inlet accuracy: 71.95% 	 After inlet accuracy: 47.22%
2022-03-12 07:21:54,628 - ===> Train Epoch: 7 	 Accuracy: 69.56% 	 Loss: 1.33864978
2022-03-12 07:25:01,710 - ===> Validation after Training epoch: 7 	 Overall Accuracy: 70.17%	 Before inlet accuracy: 74.54% 	 After inlet accuracy: 50.15%
2022-03-12 07:36:37,596 - ===> Train Epoch: 8 	 Accuracy: 70.38% 	 Loss: 1.32336772
2022-03-12 07:39:46,413 - ===> Validation after Training epoch: 8 	 Overall Accuracy: 71.16%	 Before inlet accuracy: 75.09% 	 After inlet accuracy: 53.12%
2022-03-12 07:51:20,026 - ===> Train Epoch: 9 	 Accuracy: 71.35% 	 Loss: 1.30408199
2022-03-12 07:54:28,987 - ===> Validation after Training epoch: 9 	 Overall Accuracy: 72.37%	 Before inlet accuracy: 76.19% 	 After inlet accuracy: 54.61%
2022-03-12 08:06:04,464 - ===> Train Epoch: 10 	 Accuracy: 71.87% 	 Loss: 1.28202865
2022-03-12 08:09:08,552 - ===> Validation after Training epoch: 10 	 Overall Accuracy: 72.44%	 Before inlet accuracy: 76.13% 	 After inlet accuracy: 55.57%
2022-03-12 08:20:33,937 - ===> Train Epoch: 11 	 Accuracy: 72.24% 	 Loss: 1.25654335
2022-03-12 08:23:36,735 - ===> Validation after Training epoch: 11 	 Overall Accuracy: 73.28%	 Before inlet accuracy: 76.75% 	 After inlet accuracy: 57.55%
2022-03-12 08:34:59,733 - ===> Train Epoch: 12 	 Accuracy: 72.62% 	 Loss: 1.22941409
2022-03-12 08:38:01,909 - ===> Validation after Training epoch: 12 	 Overall Accuracy: 73.60%	 Before inlet accuracy: 77.03% 	 After inlet accuracy: 57.99%
2022-03-12 08:49:25,553 - ===> Train Epoch: 13 	 Accuracy: 73.34% 	 Loss: 1.20187904
2022-03-12 08:52:29,423 - ===> Validation after Training epoch: 13 	 Overall Accuracy: 73.97%	 Before inlet accuracy: 77.27% 	 After inlet accuracy: 58.96%
2022-03-12 09:03:54,420 - ===> Train Epoch: 14 	 Accuracy: 74.13% 	 Loss: 1.17179439
2022-03-12 09:06:57,131 - ===> Validation after Training epoch: 14 	 Overall Accuracy: 74.97%	 Before inlet accuracy: 78.01% 	 After inlet accuracy: 60.95%
2022-03-12 09:18:21,950 - ===> Train Epoch: 15 	 Accuracy: 74.44% 	 Loss: 1.14672035
2022-03-12 09:21:25,078 - ===> Validation after Training epoch: 15 	 Overall Accuracy: 75.24%	 Before inlet accuracy: 78.16% 	 After inlet accuracy: 61.89%
2022-03-12 09:32:49,613 - ===> Train Epoch: 16 	 Accuracy: 75.38% 	 Loss: 1.11992201
2022-03-12 09:35:53,779 - ===> Validation after Training epoch: 16 	 Overall Accuracy: 76.68%	 Before inlet accuracy: 79.25% 	 After inlet accuracy: 64.81%
2022-03-12 09:47:19,039 - ===> Train Epoch: 17 	 Accuracy: 76.28% 	 Loss: 1.09693874
2022-03-12 09:50:22,941 - ===> Validation after Training epoch: 17 	 Overall Accuracy: 77.06%	 Before inlet accuracy: 79.00% 	 After inlet accuracy: 68.00%
2022-03-12 10:01:43,568 - ===> Train Epoch: 18 	 Accuracy: 77.15% 	 Loss: 1.07879235
2022-03-12 10:04:48,500 - ===> Validation after Training epoch: 18 	 Overall Accuracy: 78.51%	 Before inlet accuracy: 80.34% 	 After inlet accuracy: 70.09%
2022-03-12 10:16:12,012 - ===> Train Epoch: 19 	 Accuracy: 78.54% 	 Loss: 1.05776737
2022-03-12 10:19:15,298 - ===> Validation after Training epoch: 19 	 Overall Accuracy: 79.40%	 Before inlet accuracy: 80.96% 	 After inlet accuracy: 72.17%
2022-03-12 10:30:39,089 - ===> Train Epoch: 20 	 Accuracy: 79.38% 	 Loss: 1.04017327
2022-03-12 10:33:42,341 - ===> Validation after Training epoch: 20 	 Overall Accuracy: 80.59%	 Before inlet accuracy: 81.82% 	 After inlet accuracy: 74.94%
2022-03-12 10:45:10,025 - ===> Train Epoch: 21 	 Accuracy: 79.94% 	 Loss: 1.02559044
2022-03-12 10:48:12,700 - ===> Validation after Training epoch: 21 	 Overall Accuracy: 81.39%	 Before inlet accuracy: 82.43% 	 After inlet accuracy: 76.61%
2022-03-12 10:59:34,856 - ===> Train Epoch: 22 	 Accuracy: 80.72% 	 Loss: 1.01084114
2022-03-12 11:02:38,204 - ===> Validation after Training epoch: 22 	 Overall Accuracy: 82.04%	 Before inlet accuracy: 83.03% 	 After inlet accuracy: 77.43%
2022-03-12 11:14:00,815 - ===> Train Epoch: 23 	 Accuracy: 80.74% 	 Loss: 1.00223275
2022-03-12 11:17:03,474 - ===> Validation after Training epoch: 23 	 Overall Accuracy: 82.80%	 Before inlet accuracy: 83.84% 	 After inlet accuracy: 78.01%
2022-03-12 11:28:27,212 - ===> Train Epoch: 24 	 Accuracy: 81.67% 	 Loss: 0.98694139
2022-03-12 11:31:29,323 - ===> Validation after Training epoch: 24 	 Overall Accuracy: 83.27%	 Before inlet accuracy: 84.00% 	 After inlet accuracy: 79.90%
2022-03-12 11:42:51,960 - ===> Train Epoch: 25 	 Accuracy: 82.05% 	 Loss: 0.97487712
2022-03-12 11:45:54,282 - ===> Validation after Training epoch: 25 	 Overall Accuracy: 83.58%	 Before inlet accuracy: 84.39% 	 After inlet accuracy: 79.80%
2022-03-12 11:57:28,800 - ===> Train Epoch: 26 	 Accuracy: 81.94% 	 Loss: 0.96842551
2022-03-12 12:00:37,893 - ===> Validation after Training epoch: 26 	 Overall Accuracy: 84.54%	 Before inlet accuracy: 85.62% 	 After inlet accuracy: 79.56%
2022-03-12 12:12:18,495 - ===> Train Epoch: 27 	 Accuracy: 82.09% 	 Loss: 0.96071908
2022-03-12 12:15:28,424 - ===> Validation after Training epoch: 27 	 Overall Accuracy: 84.24%	 Before inlet accuracy: 85.00% 	 After inlet accuracy: 80.72%
2022-03-12 12:27:06,366 - ===> Train Epoch: 28 	 Accuracy: 82.19% 	 Loss: 0.95405432
2022-03-12 12:30:15,270 - ===> Validation after Training epoch: 28 	 Overall Accuracy: 83.96%	 Before inlet accuracy: 84.69% 	 After inlet accuracy: 80.62%
2022-03-12 12:41:49,981 - ===> Train Epoch: 29 	 Accuracy: 82.70% 	 Loss: 0.94566611
2022-03-12 12:44:57,678 - ===> Validation after Training epoch: 29 	 Overall Accuracy: 84.09%	 Before inlet accuracy: 84.83% 	 After inlet accuracy: 80.65%
2022-03-12 12:56:32,507 - ===> Train Epoch: 30 	 Accuracy: 82.06% 	 Loss: 0.94634278
2022-03-12 12:59:41,346 - ===> Validation after Training epoch: 30 	 Overall Accuracy: 84.19%	 Before inlet accuracy: 84.97% 	 After inlet accuracy: 80.57%
2022-03-12 13:11:17,456 - ===> Train Epoch: 31 	 Accuracy: 82.32% 	 Loss: 0.94094258
2022-03-12 13:14:24,938 - ===> Validation after Training epoch: 31 	 Overall Accuracy: 83.74%	 Before inlet accuracy: 84.30% 	 After inlet accuracy: 81.17%
2022-03-12 13:26:01,406 - ===> Train Epoch: 32 	 Accuracy: 82.42% 	 Loss: 0.93818572
2022-03-12 13:29:09,329 - ===> Validation after Training epoch: 32 	 Overall Accuracy: 84.67%	 Before inlet accuracy: 85.21% 	 After inlet accuracy: 82.16%
2022-03-12 13:40:47,039 - ===> Train Epoch: 33 	 Accuracy: 82.63% 	 Loss: 0.93382631
2022-03-12 13:43:53,362 - ===> Validation after Training epoch: 33 	 Overall Accuracy: 84.86%	 Before inlet accuracy: 85.68% 	 After inlet accuracy: 81.07%
2022-03-12 13:55:30,085 - ===> Train Epoch: 34 	 Accuracy: 82.49% 	 Loss: 0.93317142
2022-03-12 13:58:38,570 - ===> Validation after Training epoch: 34 	 Overall Accuracy: 84.33%	 Before inlet accuracy: 85.03% 	 After inlet accuracy: 81.12%
2022-03-12 14:10:12,004 - ===> Train Epoch: 35 	 Accuracy: 82.57% 	 Loss: 0.93078374
2022-03-12 14:13:20,129 - ===> Validation after Training epoch: 35 	 Overall Accuracy: 84.20%	 Before inlet accuracy: 85.24% 	 After inlet accuracy: 79.57%
2022-03-12 14:24:54,578 - ===> Train Epoch: 36 	 Accuracy: 82.42% 	 Loss: 0.93020608
2022-03-12 14:28:03,698 - ===> Validation after Training epoch: 36 	 Overall Accuracy: 84.25%	 Before inlet accuracy: 84.97% 	 After inlet accuracy: 81.01%
2022-03-12 14:39:37,787 - ===> Train Epoch: 37 	 Accuracy: 82.75% 	 Loss: 0.92656779
2022-03-12 14:42:44,492 - ===> Validation after Training epoch: 37 	 Overall Accuracy: 84.33%	 Before inlet accuracy: 85.02% 	 After inlet accuracy: 81.23%
2022-03-12 14:54:21,123 - ===> Train Epoch: 38 	 Accuracy: 82.56% 	 Loss: 0.92703345
2022-03-12 14:57:29,023 - ===> Validation after Training epoch: 38 	 Overall Accuracy: 84.65%	 Before inlet accuracy: 85.30% 	 After inlet accuracy: 81.65%
2022-03-12 15:09:06,168 - ===> Train Epoch: 39 	 Accuracy: 82.63% 	 Loss: 0.92643887
2022-03-12 15:12:13,922 - ===> Validation after Training epoch: 39 	 Overall Accuracy: 84.22%	 Before inlet accuracy: 85.18% 	 After inlet accuracy: 79.93%
2022-03-12 15:23:48,763 - ===> Train Epoch: 40 	 Accuracy: 82.64% 	 Loss: 0.92503307
2022-03-12 15:26:55,836 - ===> Validation after Training epoch: 40 	 Overall Accuracy: 85.13%	 Before inlet accuracy: 85.91% 	 After inlet accuracy: 81.58%
2022-03-12 15:38:31,710 - ===> Train Epoch: 41 	 Accuracy: 82.90% 	 Loss: 0.92166399
2022-03-12 15:41:40,677 - ===> Validation after Training epoch: 41 	 Overall Accuracy: 84.37%	 Before inlet accuracy: 85.05% 	 After inlet accuracy: 81.18%
2022-03-12 15:53:17,114 - ===> Train Epoch: 42 	 Accuracy: 82.89% 	 Loss: 0.92146891
2022-03-12 15:56:24,988 - ===> Validation after Training epoch: 42 	 Overall Accuracy: 84.36%	 Before inlet accuracy: 85.03% 	 After inlet accuracy: 81.19%
2022-03-12 16:07:58,931 - ===> Train Epoch: 43 	 Accuracy: 82.89% 	 Loss: 0.92098436
2022-03-12 16:11:07,576 - ===> Validation after Training epoch: 43 	 Overall Accuracy: 84.15%	 Before inlet accuracy: 84.91% 	 After inlet accuracy: 80.71%
2022-03-12 16:22:43,877 - ===> Train Epoch: 44 	 Accuracy: 82.69% 	 Loss: 0.92243594
2022-03-12 16:25:51,614 - ===> Validation after Training epoch: 44 	 Overall Accuracy: 84.03%	 Before inlet accuracy: 84.52% 	 After inlet accuracy: 81.75%
2022-03-12 16:37:24,473 - ===> Train Epoch: 45 	 Accuracy: 82.58% 	 Loss: 0.92255837
2022-03-12 16:40:30,824 - ===> Validation after Training epoch: 45 	 Overall Accuracy: 84.32%	 Before inlet accuracy: 84.92% 	 After inlet accuracy: 81.54%
2022-03-12 16:51:54,710 - ===> Train Epoch: 46 	 Accuracy: 82.87% 	 Loss: 0.91982819
2022-03-12 16:54:59,986 - ===> Validation after Training epoch: 46 	 Overall Accuracy: 84.57%	 Before inlet accuracy: 85.13% 	 After inlet accuracy: 81.99%
2022-03-12 17:06:27,248 - ===> Train Epoch: 47 	 Accuracy: 82.76% 	 Loss: 0.92013618
2022-03-12 17:09:31,238 - ===> Validation after Training epoch: 47 	 Overall Accuracy: 84.37%	 Before inlet accuracy: 85.05% 	 After inlet accuracy: 81.24%
2022-03-12 17:20:57,831 - ===> Train Epoch: 48 	 Accuracy: 82.73% 	 Loss: 0.92052989
2022-03-12 17:24:03,078 - ===> Validation after Training epoch: 48 	 Overall Accuracy: 84.59%	 Before inlet accuracy: 85.33% 	 After inlet accuracy: 81.22%
2022-03-12 17:35:28,726 - ===> Train Epoch: 49 	 Accuracy: 82.95% 	 Loss: 0.91837718
2022-03-12 17:38:33,887 - ===> Validation after Training epoch: 49 	 Overall Accuracy: 84.39%	 Before inlet accuracy: 85.15% 	 After inlet accuracy: 80.97%
2022-03-12 17:49:58,386 - ===> Train Epoch: 50 	 Accuracy: 82.69% 	 Loss: 0.92010971
2022-03-12 17:53:02,689 - ===> Validation after Training epoch: 50 	 Overall Accuracy: 84.76%	 Before inlet accuracy: 85.54% 	 After inlet accuracy: 81.27%
2022-03-12 18:04:28,799 - ===> Train Epoch: 51 	 Accuracy: 83.12% 	 Loss: 0.91578206
2022-03-12 18:07:36,937 - ===> Validation after Training epoch: 51 	 Overall Accuracy: 84.42%	 Before inlet accuracy: 85.15% 	 After inlet accuracy: 81.13%
2022-03-12 18:19:08,930 - ===> Train Epoch: 52 	 Accuracy: 82.97% 	 Loss: 0.91707759
2022-03-12 18:22:14,380 - ===> Validation after Training epoch: 52 	 Overall Accuracy: 84.95%	 Before inlet accuracy: 85.70% 	 After inlet accuracy: 81.46%
2022-03-12 18:33:45,043 - ===> Train Epoch: 53 	 Accuracy: 83.28% 	 Loss: 0.91398355
2022-03-12 18:36:51,315 - ===> Validation after Training epoch: 53 	 Overall Accuracy: 84.91%	 Before inlet accuracy: 85.79% 	 After inlet accuracy: 80.93%
2022-03-12 18:48:20,896 - ===> Train Epoch: 54 	 Accuracy: 82.98% 	 Loss: 0.91659042
2022-03-12 18:51:26,604 - ===> Validation after Training epoch: 54 	 Overall Accuracy: 84.35%	 Before inlet accuracy: 85.13% 	 After inlet accuracy: 80.79%
2022-03-12 19:02:57,967 - ===> Train Epoch: 55 	 Accuracy: 83.28% 	 Loss: 0.91356126
2022-03-12 19:06:03,237 - ===> Validation after Training epoch: 55 	 Overall Accuracy: 85.35%	 Before inlet accuracy: 86.01% 	 After inlet accuracy: 82.32%
2022-03-12 19:17:33,572 - ===> Train Epoch: 56 	 Accuracy: 83.46% 	 Loss: 0.91206464
2022-03-12 19:20:39,007 - ===> Validation after Training epoch: 56 	 Overall Accuracy: 84.60%	 Before inlet accuracy: 85.14% 	 After inlet accuracy: 82.12%
2022-03-12 19:32:09,226 - ===> Train Epoch: 57 	 Accuracy: 83.38% 	 Loss: 0.91234038
2022-03-12 19:35:14,688 - ===> Validation after Training epoch: 57 	 Overall Accuracy: 84.79%	 Before inlet accuracy: 85.62% 	 After inlet accuracy: 81.00%
2022-03-12 19:46:44,894 - ===> Train Epoch: 58 	 Accuracy: 82.97% 	 Loss: 0.91588973
2022-03-12 19:49:50,331 - ===> Validation after Training epoch: 58 	 Overall Accuracy: 84.14%	 Before inlet accuracy: 84.80% 	 After inlet accuracy: 81.05%
2022-03-12 20:01:22,430 - ===> Train Epoch: 59 	 Accuracy: 83.38% 	 Loss: 0.91182578
2022-03-12 20:04:27,628 - ===> Validation after Training epoch: 59 	 Overall Accuracy: 84.40%	 Before inlet accuracy: 85.13% 	 After inlet accuracy: 81.00%
2022-03-12 20:15:58,114 - ===> Train Epoch: 60 	 Accuracy: 83.16% 	 Loss: 0.91362071
2022-03-12 20:19:03,009 - ===> Validation after Training epoch: 60 	 Overall Accuracy: 84.20%	 Before inlet accuracy: 84.91% 	 After inlet accuracy: 80.91%
2022-03-12 20:30:35,825 - ===> Train Epoch: 61 	 Accuracy: 83.60% 	 Loss: 0.90952111
2022-03-12 20:33:41,234 - ===> Validation after Training epoch: 61 	 Overall Accuracy: 84.99%	 Before inlet accuracy: 85.67% 	 After inlet accuracy: 81.90%
2022-03-12 20:45:12,126 - ===> Train Epoch: 62 	 Accuracy: 83.38% 	 Loss: 0.91115483
2022-03-12 20:48:17,358 - ===> Validation after Training epoch: 62 	 Overall Accuracy: 84.60%	 Before inlet accuracy: 85.05% 	 After inlet accuracy: 82.51%
2022-03-12 20:59:47,024 - ===> Train Epoch: 63 	 Accuracy: 83.25% 	 Loss: 0.91260312
2022-03-12 21:02:52,461 - ===> Validation after Training epoch: 63 	 Overall Accuracy: 84.72%	 Before inlet accuracy: 85.23% 	 After inlet accuracy: 82.41%
2022-03-12 21:14:25,346 - ===> Train Epoch: 64 	 Accuracy: 83.01% 	 Loss: 0.91471895
2022-03-12 21:17:30,311 - ===> Validation after Training epoch: 64 	 Overall Accuracy: 84.74%	 Before inlet accuracy: 85.49% 	 After inlet accuracy: 81.26%
2022-03-12 21:29:02,925 - ===> Train Epoch: 65 	 Accuracy: 83.17% 	 Loss: 0.91332115
2022-03-12 21:32:08,647 - ===> Validation after Training epoch: 65 	 Overall Accuracy: 84.41%	 Before inlet accuracy: 85.05% 	 After inlet accuracy: 81.55%
2022-03-12 21:43:41,164 - ===> Train Epoch: 66 	 Accuracy: 83.00% 	 Loss: 0.91476793
2022-03-12 21:46:46,402 - ===> Validation after Training epoch: 66 	 Overall Accuracy: 84.53%	 Before inlet accuracy: 85.26% 	 After inlet accuracy: 81.16%
2022-03-12 21:58:19,474 - ===> Train Epoch: 67 	 Accuracy: 83.37% 	 Loss: 0.91095019
2022-03-12 22:01:24,228 - ===> Validation after Training epoch: 67 	 Overall Accuracy: 85.18%	 Before inlet accuracy: 85.90% 	 After inlet accuracy: 81.88%
2022-03-12 22:13:12,171 - ===> Train Epoch: 68 	 Accuracy: 83.78% 	 Loss: 0.90715119
2022-03-12 22:16:05,088 - ===> Validation after Training epoch: 68 	 Overall Accuracy: 84.37%	 Before inlet accuracy: 85.06% 	 After inlet accuracy: 81.21%
2022-03-12 22:25:00,910 - ===> Train Epoch: 69 	 Accuracy: 83.65% 	 Loss: 0.90830358
2022-03-12 22:27:23,518 - ===> Validation after Training epoch: 69 	 Overall Accuracy: 84.54%	 Before inlet accuracy: 85.05% 	 After inlet accuracy: 82.21%
2022-03-12 22:36:10,450 - ===> Train Epoch: 70 	 Accuracy: 83.63% 	 Loss: 0.90829831
2022-03-12 22:38:30,771 - ===> Validation after Training epoch: 70 	 Overall Accuracy: 85.07%	 Before inlet accuracy: 85.85% 	 After inlet accuracy: 81.49%
2022-03-12 22:47:15,453 - ===> Train Epoch: 71 	 Accuracy: 83.63% 	 Loss: 0.90857286
2022-03-12 22:49:35,316 - ===> Validation after Training epoch: 71 	 Overall Accuracy: 85.19%	 Before inlet accuracy: 86.18% 	 After inlet accuracy: 80.68%
2022-03-12 22:58:20,459 - ===> Train Epoch: 72 	 Accuracy: 83.67% 	 Loss: 0.90805225
2022-03-12 23:00:40,900 - ===> Validation after Training epoch: 72 	 Overall Accuracy: 84.59%	 Before inlet accuracy: 85.41% 	 After inlet accuracy: 80.86%
2022-03-12 23:09:30,279 - ===> Train Epoch: 73 	 Accuracy: 83.90% 	 Loss: 0.90548840
2022-03-12 23:11:50,869 - ===> Validation after Training epoch: 73 	 Overall Accuracy: 84.43%	 Before inlet accuracy: 85.07% 	 After inlet accuracy: 81.48%
2022-03-12 23:20:41,320 - ===> Train Epoch: 74 	 Accuracy: 83.63% 	 Loss: 0.90796875
2022-03-12 23:23:02,713 - ===> Validation after Training epoch: 74 	 Overall Accuracy: 84.35%	 Before inlet accuracy: 84.98% 	 After inlet accuracy: 81.43%
2022-03-12 23:31:53,472 - ===> Train Epoch: 75 	 Accuracy: 83.15% 	 Loss: 0.91244660
2022-03-12 23:34:17,061 - ===> Validation after Training epoch: 75 	 Overall Accuracy: 84.50%	 Before inlet accuracy: 85.40% 	 After inlet accuracy: 80.45%
2022-03-12 23:43:06,126 - ===> Train Epoch: 76 	 Accuracy: 83.45% 	 Loss: 0.90948438
2022-03-12 23:45:26,371 - ===> Validation after Training epoch: 76 	 Overall Accuracy: 84.95%	 Before inlet accuracy: 85.70% 	 After inlet accuracy: 81.56%
2022-03-12 23:54:11,882 - ===> Train Epoch: 77 	 Accuracy: 83.46% 	 Loss: 0.90958851
2022-03-12 23:56:31,240 - ===> Validation after Training epoch: 77 	 Overall Accuracy: 85.00%	 Before inlet accuracy: 85.38% 	 After inlet accuracy: 83.23%
2022-03-13 00:05:18,073 - ===> Train Epoch: 78 	 Accuracy: 83.51% 	 Loss: 0.90925637
2022-03-13 00:07:38,257 - ===> Validation after Training epoch: 78 	 Overall Accuracy: 84.36%	 Before inlet accuracy: 85.12% 	 After inlet accuracy: 80.95%
2022-03-13 00:16:25,735 - ===> Train Epoch: 79 	 Accuracy: 83.55% 	 Loss: 0.90856722
2022-03-13 00:18:45,502 - ===> Validation after Training epoch: 79 	 Overall Accuracy: 84.66%	 Before inlet accuracy: 85.41% 	 After inlet accuracy: 81.24%
2022-03-13 00:27:32,615 - ===> Train Epoch: 80 	 Accuracy: 83.94% 	 Loss: 0.90477965
2022-03-13 00:29:51,903 - ===> Validation after Training epoch: 80 	 Overall Accuracy: 84.70%	 Before inlet accuracy: 85.45% 	 After inlet accuracy: 81.29%
2022-03-13 00:38:40,540 - ===> Train Epoch: 81 	 Accuracy: 83.62% 	 Loss: 0.90792446
2022-03-13 00:40:59,636 - ===> Validation after Training epoch: 81 	 Overall Accuracy: 84.90%	 Before inlet accuracy: 85.74% 	 After inlet accuracy: 81.09%
2022-03-13 00:49:45,757 - ===> Train Epoch: 82 	 Accuracy: 83.61% 	 Loss: 0.90786811
2022-03-13 00:52:05,064 - ===> Validation after Training epoch: 82 	 Overall Accuracy: 85.01%	 Before inlet accuracy: 85.82% 	 After inlet accuracy: 81.37%
2022-03-13 01:00:52,066 - ===> Train Epoch: 83 	 Accuracy: 83.91% 	 Loss: 0.90526857
2022-03-13 01:03:12,735 - ===> Validation after Training epoch: 83 	 Overall Accuracy: 84.97%	 Before inlet accuracy: 85.66% 	 After inlet accuracy: 81.84%
2022-03-13 01:11:59,142 - ===> Train Epoch: 84 	 Accuracy: 83.74% 	 Loss: 0.90658686
2022-03-13 01:14:20,496 - ===> Validation after Training epoch: 84 	 Overall Accuracy: 85.26%	 Before inlet accuracy: 86.07% 	 After inlet accuracy: 81.60%
2022-03-13 01:23:07,269 - ===> Train Epoch: 85 	 Accuracy: 83.93% 	 Loss: 0.90451358
2022-03-13 01:25:28,233 - ===> Validation after Training epoch: 85 	 Overall Accuracy: 84.74%	 Before inlet accuracy: 85.58% 	 After inlet accuracy: 80.94%
2022-03-13 01:34:17,113 - ===> Train Epoch: 86 	 Accuracy: 83.56% 	 Loss: 0.90809615
2022-03-13 01:36:37,468 - ===> Validation after Training epoch: 86 	 Overall Accuracy: 84.79%	 Before inlet accuracy: 85.38% 	 After inlet accuracy: 82.07%
2022-03-13 01:45:25,771 - ===> Train Epoch: 87 	 Accuracy: 83.80% 	 Loss: 0.90586821
2022-03-13 01:47:46,410 - ===> Validation after Training epoch: 87 	 Overall Accuracy: 84.73%	 Before inlet accuracy: 85.40% 	 After inlet accuracy: 81.72%
2022-03-13 01:56:33,042 - ===> Train Epoch: 88 	 Accuracy: 84.25% 	 Loss: 0.90141417
2022-03-13 01:58:53,363 - ===> Validation after Training epoch: 88 	 Overall Accuracy: 84.52%	 Before inlet accuracy: 85.05% 	 After inlet accuracy: 81.99%
2022-03-13 02:07:42,058 - ===> Train Epoch: 89 	 Accuracy: 83.74% 	 Loss: 0.90656913
2022-03-13 02:10:02,563 - ===> Validation after Training epoch: 89 	 Overall Accuracy: 84.74%	 Before inlet accuracy: 85.51% 	 After inlet accuracy: 81.15%
2022-03-13 02:18:50,519 - ===> Train Epoch: 90 	 Accuracy: 83.91% 	 Loss: 0.90464888
2022-03-13 02:21:10,073 - ===> Validation after Training epoch: 90 	 Overall Accuracy: 84.95%	 Before inlet accuracy: 85.46% 	 After inlet accuracy: 82.59%
2022-03-13 02:29:57,498 - ===> Train Epoch: 91 	 Accuracy: 83.61% 	 Loss: 0.90720142
2022-03-13 02:32:16,207 - ===> Validation after Training epoch: 91 	 Overall Accuracy: 84.61%	 Before inlet accuracy: 85.17% 	 After inlet accuracy: 82.06%
2022-03-13 02:41:03,317 - ===> Train Epoch: 92 	 Accuracy: 83.62% 	 Loss: 0.90740509
2022-03-13 02:43:23,685 - ===> Validation after Training epoch: 92 	 Overall Accuracy: 85.31%	 Before inlet accuracy: 86.13% 	 After inlet accuracy: 81.57%
2022-03-13 02:52:09,949 - ===> Train Epoch: 93 	 Accuracy: 83.73% 	 Loss: 0.90616999
2022-03-13 02:54:30,190 - ===> Validation after Training epoch: 93 	 Overall Accuracy: 84.47%	 Before inlet accuracy: 85.00% 	 After inlet accuracy: 82.06%
2022-03-13 03:03:18,156 - ===> Train Epoch: 94 	 Accuracy: 83.82% 	 Loss: 0.90527591
2022-03-13 03:05:37,457 - ===> Validation after Training epoch: 94 	 Overall Accuracy: 84.67%	 Before inlet accuracy: 85.21% 	 After inlet accuracy: 82.18%
2022-03-13 03:14:25,162 - ===> Train Epoch: 95 	 Accuracy: 84.12% 	 Loss: 0.90291106
2022-03-13 03:16:44,951 - ===> Validation after Training epoch: 95 	 Overall Accuracy: 84.58%	 Before inlet accuracy: 85.26% 	 After inlet accuracy: 81.36%
2022-03-13 03:25:31,720 - ===> Train Epoch: 96 	 Accuracy: 83.78% 	 Loss: 0.90600083
2022-03-13 03:27:51,851 - ===> Validation after Training epoch: 96 	 Overall Accuracy: 84.76%	 Before inlet accuracy: 85.44% 	 After inlet accuracy: 81.61%
2022-03-13 03:36:38,693 - ===> Train Epoch: 97 	 Accuracy: 83.92% 	 Loss: 0.90430247
2022-03-13 03:38:58,711 - ===> Validation after Training epoch: 97 	 Overall Accuracy: 84.80%	 Before inlet accuracy: 85.60% 	 After inlet accuracy: 81.22%
2022-03-13 03:47:46,520 - ===> Train Epoch: 98 	 Accuracy: 83.93% 	 Loss: 0.90409095
2022-03-13 03:50:05,588 - ===> Validation after Training epoch: 98 	 Overall Accuracy: 84.96%	 Before inlet accuracy: 85.79% 	 After inlet accuracy: 81.23%
2022-03-13 03:58:52,544 - ===> Train Epoch: 99 	 Accuracy: 84.14% 	 Loss: 0.90209620
2022-03-13 04:01:11,170 - ===> Validation after Training epoch: 99 	 Overall Accuracy: 84.74%	 Before inlet accuracy: 85.47% 	 After inlet accuracy: 81.35%
2022-03-13 04:09:57,809 - ===> Train Epoch: 100 	 Accuracy: 83.90% 	 Loss: 0.90443337
2022-03-13 04:12:17,178 - ===> Validation after Training epoch: 100 	 Overall Accuracy: 84.36%	 Before inlet accuracy: 85.03% 	 After inlet accuracy: 81.31%
2022-03-13 04:21:05,653 - ===> Train Epoch: 101 	 Accuracy: 83.91% 	 Loss: 0.90432353
2022-03-13 04:23:27,804 - ===> Validation after Training epoch: 101 	 Overall Accuracy: 84.20%	 Before inlet accuracy: 84.78% 	 After inlet accuracy: 81.54%
2022-03-13 04:32:20,754 - ===> Train Epoch: 102 	 Accuracy: 83.84% 	 Loss: 0.90515665
2022-03-13 04:34:40,237 - ===> Validation after Training epoch: 102 	 Overall Accuracy: 84.84%	 Before inlet accuracy: 85.76% 	 After inlet accuracy: 80.72%
2022-03-13 04:43:27,909 - ===> Train Epoch: 103 	 Accuracy: 83.98% 	 Loss: 0.90355667
2022-03-13 04:45:46,959 - ===> Validation after Training epoch: 103 	 Overall Accuracy: 84.78%	 Before inlet accuracy: 85.66% 	 After inlet accuracy: 80.83%
2022-03-13 04:54:40,108 - ===> Train Epoch: 104 	 Accuracy: 84.19% 	 Loss: 0.90140956
2022-03-13 04:56:58,688 - ===> Validation after Training epoch: 104 	 Overall Accuracy: 84.61%	 Before inlet accuracy: 85.30% 	 After inlet accuracy: 81.50%
2022-03-13 05:05:48,371 - ===> Train Epoch: 105 	 Accuracy: 84.30% 	 Loss: 0.90067520
2022-03-13 05:08:06,911 - ===> Validation after Training epoch: 105 	 Overall Accuracy: 84.70%	 Before inlet accuracy: 85.21% 	 After inlet accuracy: 82.34%
2022-03-13 05:16:56,360 - ===> Train Epoch: 106 	 Accuracy: 83.83% 	 Loss: 0.90507309
2022-03-13 05:19:15,559 - ===> Validation after Training epoch: 106 	 Overall Accuracy: 84.06%	 Before inlet accuracy: 84.53% 	 After inlet accuracy: 81.89%
2022-03-13 05:28:04,800 - ===> Train Epoch: 107 	 Accuracy: 83.79% 	 Loss: 0.90566229
2022-03-13 05:30:24,655 - ===> Validation after Training epoch: 107 	 Overall Accuracy: 84.51%	 Before inlet accuracy: 85.33% 	 After inlet accuracy: 80.82%
2022-03-13 05:39:12,372 - ===> Train Epoch: 108 	 Accuracy: 84.09% 	 Loss: 0.90241057
2022-03-13 05:41:31,913 - ===> Validation after Training epoch: 108 	 Overall Accuracy: 84.38%	 Before inlet accuracy: 85.04% 	 After inlet accuracy: 81.38%
2022-03-13 05:50:18,363 - ===> Train Epoch: 109 	 Accuracy: 84.18% 	 Loss: 0.90180933
2022-03-13 05:52:37,786 - ===> Validation after Training epoch: 109 	 Overall Accuracy: 84.70%	 Before inlet accuracy: 85.26% 	 After inlet accuracy: 82.17%
2022-03-13 06:01:27,113 - ===> Train Epoch: 110 	 Accuracy: 84.40% 	 Loss: 0.89936666
2022-03-13 06:03:45,819 - ===> Validation after Training epoch: 110 	 Overall Accuracy: 84.66%	 Before inlet accuracy: 85.29% 	 After inlet accuracy: 81.75%
2022-03-13 06:12:34,231 - ===> Train Epoch: 111 	 Accuracy: 84.14% 	 Loss: 0.90206025
2022-03-13 06:14:53,292 - ===> Validation after Training epoch: 111 	 Overall Accuracy: 84.55%	 Before inlet accuracy: 84.89% 	 After inlet accuracy: 82.97%
2022-03-13 06:23:40,486 - ===> Train Epoch: 112 	 Accuracy: 84.44% 	 Loss: 0.89909715
2022-03-13 06:25:58,652 - ===> Validation after Training epoch: 112 	 Overall Accuracy: 84.65%	 Before inlet accuracy: 85.46% 	 After inlet accuracy: 80.92%
2022-03-13 06:35:01,830 - ===> Train Epoch: 113 	 Accuracy: 84.01% 	 Loss: 0.90310969
2022-03-13 06:37:24,929 - ===> Validation after Training epoch: 113 	 Overall Accuracy: 84.66%	 Before inlet accuracy: 85.26% 	 After inlet accuracy: 81.93%
2022-03-13 06:46:25,360 - ===> Train Epoch: 114 	 Accuracy: 84.10% 	 Loss: 0.90213154
2022-03-13 06:48:46,148 - ===> Validation after Training epoch: 114 	 Overall Accuracy: 84.78%	 Before inlet accuracy: 85.28% 	 After inlet accuracy: 82.44%
2022-03-13 06:57:38,678 - ===> Train Epoch: 115 	 Accuracy: 84.07% 	 Loss: 0.90260355
2022-03-13 06:59:59,450 - ===> Validation after Training epoch: 115 	 Overall Accuracy: 84.57%	 Before inlet accuracy: 85.26% 	 After inlet accuracy: 81.40%
2022-03-13 07:08:53,597 - ===> Train Epoch: 116 	 Accuracy: 84.04% 	 Loss: 0.90271807
2022-03-13 07:11:14,250 - ===> Validation after Training epoch: 116 	 Overall Accuracy: 84.94%	 Before inlet accuracy: 85.66% 	 After inlet accuracy: 81.58%
2022-03-13 07:20:07,738 - ===> Train Epoch: 117 	 Accuracy: 84.33% 	 Loss: 0.90021621
2022-03-13 07:22:28,456 - ===> Validation after Training epoch: 117 	 Overall Accuracy: 85.38%	 Before inlet accuracy: 86.13% 	 After inlet accuracy: 81.95%
2022-03-13 07:31:20,207 - ===> Train Epoch: 118 	 Accuracy: 84.17% 	 Loss: 0.90142287
2022-03-13 07:33:40,347 - ===> Validation after Training epoch: 118 	 Overall Accuracy: 85.07%	 Before inlet accuracy: 85.81% 	 After inlet accuracy: 81.63%
2022-03-13 07:42:34,091 - ===> Train Epoch: 119 	 Accuracy: 83.98% 	 Loss: 0.90338794
2022-03-13 07:44:54,344 - ===> Validation after Training epoch: 119 	 Overall Accuracy: 85.47%	 Before inlet accuracy: 86.29% 	 After inlet accuracy: 81.74%
2022-03-13 07:53:58,645 - ===> Train Epoch: 120 	 Accuracy: 84.37% 	 Loss: 0.89913945
2022-03-13 07:56:23,669 - ===> Validation after Training epoch: 120 	 Overall Accuracy: 85.07%	 Before inlet accuracy: 85.80% 	 After inlet accuracy: 81.73%
2022-03-13 08:05:17,248 - ===> Train Epoch: 121 	 Accuracy: 84.37% 	 Loss: 0.89945280
2022-03-13 08:07:38,093 - ===> Validation after Training epoch: 121 	 Overall Accuracy: 85.11%	 Before inlet accuracy: 85.74% 	 After inlet accuracy: 82.21%
2022-03-13 08:16:33,263 - ===> Train Epoch: 122 	 Accuracy: 84.27% 	 Loss: 0.90046897
2022-03-13 08:18:53,957 - ===> Validation after Training epoch: 122 	 Overall Accuracy: 84.70%	 Before inlet accuracy: 85.41% 	 After inlet accuracy: 81.38%
2022-03-13 08:27:48,190 - ===> Train Epoch: 123 	 Accuracy: 84.16% 	 Loss: 0.90173997
2022-03-13 08:30:09,130 - ===> Validation after Training epoch: 123 	 Overall Accuracy: 85.17%	 Before inlet accuracy: 86.07% 	 After inlet accuracy: 81.01%
2022-03-13 08:39:05,443 - ===> Train Epoch: 124 	 Accuracy: 84.32% 	 Loss: 0.90013074
2022-03-13 08:41:26,261 - ===> Validation after Training epoch: 124 	 Overall Accuracy: 84.99%	 Before inlet accuracy: 85.76% 	 After inlet accuracy: 81.43%
2022-03-13 08:50:19,701 - ===> Train Epoch: 125 	 Accuracy: 84.36% 	 Loss: 0.89980760
2022-03-13 08:52:40,646 - ===> Validation after Training epoch: 125 	 Overall Accuracy: 85.14%	 Before inlet accuracy: 85.73% 	 After inlet accuracy: 82.42%
2022-03-13 09:01:34,014 - ===> Train Epoch: 126 	 Accuracy: 84.42% 	 Loss: 0.89948177
2022-03-13 09:03:54,856 - ===> Validation after Training epoch: 126 	 Overall Accuracy: 85.08%	 Before inlet accuracy: 85.77% 	 After inlet accuracy: 81.93%
2022-03-13 09:12:49,619 - ===> Train Epoch: 127 	 Accuracy: 83.88% 	 Loss: 0.90418165
2022-03-13 09:15:10,255 - ===> Validation after Training epoch: 127 	 Overall Accuracy: 85.19%	 Before inlet accuracy: 86.03% 	 After inlet accuracy: 81.43%
2022-03-13 09:24:05,201 - ===> Train Epoch: 128 	 Accuracy: 84.24% 	 Loss: 0.90082309
2022-03-13 09:26:25,150 - ===> Validation after Training epoch: 128 	 Overall Accuracy: 84.83%	 Before inlet accuracy: 85.58% 	 After inlet accuracy: 81.35%
2022-03-13 09:35:18,960 - ===> Train Epoch: 129 	 Accuracy: 84.29% 	 Loss: 0.90032551
2022-03-13 09:37:39,469 - ===> Validation after Training epoch: 129 	 Overall Accuracy: 84.99%	 Before inlet accuracy: 85.53% 	 After inlet accuracy: 82.54%
2022-03-13 09:46:33,911 - ===> Train Epoch: 130 	 Accuracy: 84.05% 	 Loss: 0.90248802
2022-03-13 09:48:55,006 - ===> Validation after Training epoch: 130 	 Overall Accuracy: 84.74%	 Before inlet accuracy: 85.28% 	 After inlet accuracy: 82.25%
2022-03-13 09:57:50,730 - ===> Train Epoch: 131 	 Accuracy: 84.32% 	 Loss: 0.90001830
2022-03-13 10:00:12,113 - ===> Validation after Training epoch: 131 	 Overall Accuracy: 84.29%	 Before inlet accuracy: 84.94% 	 After inlet accuracy: 81.35%
2022-03-13 10:09:05,146 - ===> Train Epoch: 132 	 Accuracy: 84.48% 	 Loss: 0.89867680
2022-03-13 10:11:26,208 - ===> Validation after Training epoch: 132 	 Overall Accuracy: 85.42%	 Before inlet accuracy: 86.14% 	 After inlet accuracy: 82.10%
2022-03-13 10:20:21,248 - ===> Train Epoch: 133 	 Accuracy: 84.16% 	 Loss: 0.90156509
2022-03-13 10:22:42,195 - ===> Validation after Training epoch: 133 	 Overall Accuracy: 84.39%	 Before inlet accuracy: 85.07% 	 After inlet accuracy: 81.26%
2022-03-13 10:31:45,255 - ===> Train Epoch: 134 	 Accuracy: 84.39% 	 Loss: 0.89954695
2022-03-13 10:34:06,365 - ===> Validation after Training epoch: 134 	 Overall Accuracy: 85.09%	 Before inlet accuracy: 85.79% 	 After inlet accuracy: 81.93%
2022-03-13 10:43:01,197 - ===> Train Epoch: 135 	 Accuracy: 84.72% 	 Loss: 0.89605864
2022-03-13 10:45:23,140 - ===> Validation after Training epoch: 135 	 Overall Accuracy: 84.86%	 Before inlet accuracy: 85.34% 	 After inlet accuracy: 82.62%
2022-03-13 10:54:17,479 - ===> Train Epoch: 136 	 Accuracy: 84.53% 	 Loss: 0.89778590
2022-03-13 10:56:37,287 - ===> Validation after Training epoch: 136 	 Overall Accuracy: 85.33%	 Before inlet accuracy: 86.02% 	 After inlet accuracy: 82.21%
2022-03-13 11:05:31,808 - ===> Train Epoch: 137 	 Accuracy: 84.30% 	 Loss: 0.90029941
2022-03-13 11:07:52,469 - ===> Validation after Training epoch: 137 	 Overall Accuracy: 84.80%	 Before inlet accuracy: 85.48% 	 After inlet accuracy: 81.67%
2022-03-13 11:16:48,142 - ===> Train Epoch: 138 	 Accuracy: 83.99% 	 Loss: 0.90316679
2022-03-13 11:19:08,968 - ===> Validation after Training epoch: 138 	 Overall Accuracy: 85.03%	 Before inlet accuracy: 85.80% 	 After inlet accuracy: 81.55%
2022-03-13 11:28:02,758 - ===> Train Epoch: 139 	 Accuracy: 84.16% 	 Loss: 0.90135158
2022-03-13 11:30:23,592 - ===> Validation after Training epoch: 139 	 Overall Accuracy: 84.99%	 Before inlet accuracy: 85.73% 	 After inlet accuracy: 81.50%
2022-03-13 11:39:17,832 - ===> Train Epoch: 140 	 Accuracy: 84.24% 	 Loss: 0.90095337
2022-03-13 11:41:38,460 - ===> Validation after Training epoch: 140 	 Overall Accuracy: 84.91%	 Before inlet accuracy: 85.57% 	 After inlet accuracy: 81.84%
2022-03-13 11:50:33,716 - ===> Train Epoch: 141 	 Accuracy: 84.41% 	 Loss: 0.89906303
2022-03-13 11:52:54,181 - ===> Validation after Training epoch: 141 	 Overall Accuracy: 84.52%	 Before inlet accuracy: 85.32% 	 After inlet accuracy: 80.84%
2022-03-13 12:01:49,817 - ===> Train Epoch: 142 	 Accuracy: 84.28% 	 Loss: 0.90063875
2022-03-13 12:04:10,678 - ===> Validation after Training epoch: 142 	 Overall Accuracy: 84.63%	 Before inlet accuracy: 85.18% 	 After inlet accuracy: 82.12%
2022-03-13 12:13:08,075 - ===> Train Epoch: 143 	 Accuracy: 84.35% 	 Loss: 0.89980288
2022-03-13 12:15:29,047 - ===> Validation after Training epoch: 143 	 Overall Accuracy: 85.24%	 Before inlet accuracy: 85.94% 	 After inlet accuracy: 82.05%
2022-03-13 12:24:23,148 - ===> Train Epoch: 144 	 Accuracy: 84.37% 	 Loss: 0.89948644
2022-03-13 12:26:43,386 - ===> Validation after Training epoch: 144 	 Overall Accuracy: 84.84%	 Before inlet accuracy: 85.38% 	 After inlet accuracy: 82.35%
2022-03-13 12:35:39,668 - ===> Train Epoch: 145 	 Accuracy: 84.63% 	 Loss: 0.89708855
2022-03-13 12:38:00,063 - ===> Validation after Training epoch: 145 	 Overall Accuracy: 84.56%	 Before inlet accuracy: 85.19% 	 After inlet accuracy: 81.71%
2022-03-13 12:46:54,650 - ===> Train Epoch: 146 	 Accuracy: 84.32% 	 Loss: 0.89996787
2022-03-13 12:49:15,047 - ===> Validation after Training epoch: 146 	 Overall Accuracy: 84.64%	 Before inlet accuracy: 85.39% 	 After inlet accuracy: 81.28%
2022-03-13 12:58:09,186 - ===> Train Epoch: 147 	 Accuracy: 84.55% 	 Loss: 0.89745857
2022-03-13 13:00:29,831 - ===> Validation after Training epoch: 147 	 Overall Accuracy: 85.28%	 Before inlet accuracy: 86.04% 	 After inlet accuracy: 81.81%
2022-03-13 13:09:24,489 - ===> Train Epoch: 148 	 Accuracy: 84.44% 	 Loss: 0.89865545
2022-03-13 13:11:45,336 - ===> Validation after Training epoch: 148 	 Overall Accuracy: 84.97%	 Before inlet accuracy: 85.59% 	 After inlet accuracy: 82.14%
2022-03-13 13:20:40,096 - ===> Train Epoch: 149 	 Accuracy: 84.36% 	 Loss: 0.89951645
2022-03-13 13:23:00,307 - ===> Validation after Training epoch: 149 	 Overall Accuracy: 85.00%	 Before inlet accuracy: 85.58% 	 After inlet accuracy: 82.35%
2022-03-13 13:31:54,943 - ===> Train Epoch: 150 	 Accuracy: 84.44% 	 Loss: 0.89883929
2022-03-13 13:34:15,957 - ===> Validation after Training epoch: 150 	 Overall Accuracy: 85.17%	 Before inlet accuracy: 85.77% 	 After inlet accuracy: 82.45%
2022-03-13 13:43:10,358 - ===> Train Epoch: 151 	 Accuracy: 84.62% 	 Loss: 0.89678271
2022-03-13 13:45:30,258 - ===> Validation after Training epoch: 151 	 Overall Accuracy: 85.22%	 Before inlet accuracy: 85.88% 	 After inlet accuracy: 82.19%
2022-03-13 13:54:23,859 - ===> Train Epoch: 152 	 Accuracy: 84.65% 	 Loss: 0.89666516
2022-03-13 13:56:44,176 - ===> Validation after Training epoch: 152 	 Overall Accuracy: 84.71%	 Before inlet accuracy: 85.30% 	 After inlet accuracy: 81.99%
2022-03-13 14:05:38,476 - ===> Train Epoch: 153 	 Accuracy: 84.30% 	 Loss: 0.89994189
2022-03-13 14:07:59,166 - ===> Validation after Training epoch: 153 	 Overall Accuracy: 85.06%	 Before inlet accuracy: 85.63% 	 After inlet accuracy: 82.44%
2022-03-13 14:16:54,083 - ===> Train Epoch: 154 	 Accuracy: 84.39% 	 Loss: 0.89904668
2022-03-13 14:19:15,461 - ===> Validation after Training epoch: 154 	 Overall Accuracy: 84.82%	 Before inlet accuracy: 85.48% 	 After inlet accuracy: 81.80%
2022-03-13 14:28:10,018 - ===> Train Epoch: 155 	 Accuracy: 84.64% 	 Loss: 0.89660280
2022-03-13 14:30:30,620 - ===> Validation after Training epoch: 155 	 Overall Accuracy: 84.26%	 Before inlet accuracy: 84.93% 	 After inlet accuracy: 81.25%
2022-03-13 14:39:25,847 - ===> Train Epoch: 156 	 Accuracy: 84.31% 	 Loss: 0.90005779
2022-03-13 14:41:46,740 - ===> Validation after Training epoch: 156 	 Overall Accuracy: 85.09%	 Before inlet accuracy: 85.76% 	 After inlet accuracy: 82.02%
2022-03-13 14:50:42,555 - ===> Train Epoch: 157 	 Accuracy: 84.30% 	 Loss: 0.89990020
2022-03-13 14:53:02,357 - ===> Validation after Training epoch: 157 	 Overall Accuracy: 84.49%	 Before inlet accuracy: 85.15% 	 After inlet accuracy: 81.54%
2022-03-13 15:01:56,701 - ===> Train Epoch: 158 	 Accuracy: 84.42% 	 Loss: 0.89887535
2022-03-13 15:04:16,476 - ===> Validation after Training epoch: 158 	 Overall Accuracy: 84.71%	 Before inlet accuracy: 85.57% 	 After inlet accuracy: 80.83%
2022-03-13 15:13:12,000 - ===> Train Epoch: 159 	 Accuracy: 84.50% 	 Loss: 0.89850139
2022-03-13 15:15:32,513 - ===> Validation after Training epoch: 159 	 Overall Accuracy: 85.13%	 Before inlet accuracy: 85.65% 	 After inlet accuracy: 82.74%
2022-03-13 15:24:26,864 - ===> Train Epoch: 160 	 Accuracy: 84.61% 	 Loss: 0.89716040
2022-03-13 15:26:47,362 - ===> Validation after Training epoch: 160 	 Overall Accuracy: 84.93%	 Before inlet accuracy: 85.61% 	 After inlet accuracy: 81.75%
2022-03-13 15:35:41,825 - ===> Train Epoch: 161 	 Accuracy: 84.90% 	 Loss: 0.89438300
2022-03-13 15:38:02,101 - ===> Validation after Training epoch: 161 	 Overall Accuracy: 84.62%	 Before inlet accuracy: 85.25% 	 After inlet accuracy: 81.72%
2022-03-13 15:46:58,295 - ===> Train Epoch: 162 	 Accuracy: 84.69% 	 Loss: 0.89596431
2022-03-13 15:49:19,434 - ===> Validation after Training epoch: 162 	 Overall Accuracy: 84.48%	 Before inlet accuracy: 85.09% 	 After inlet accuracy: 81.73%
2022-03-13 15:58:13,705 - ===> Train Epoch: 163 	 Accuracy: 84.62% 	 Loss: 0.89717676
2022-03-13 16:00:34,776 - ===> Validation after Training epoch: 163 	 Overall Accuracy: 85.20%	 Before inlet accuracy: 85.68% 	 After inlet accuracy: 82.95%
2022-03-13 16:09:29,590 - ===> Train Epoch: 164 	 Accuracy: 84.59% 	 Loss: 0.89714091
2022-03-13 16:11:48,836 - ===> Validation after Training epoch: 164 	 Overall Accuracy: 85.30%	 Before inlet accuracy: 85.83% 	 After inlet accuracy: 82.83%
2022-03-13 16:20:44,418 - ===> Train Epoch: 165 	 Accuracy: 84.70% 	 Loss: 0.89611186
2022-03-13 16:23:03,792 - ===> Validation after Training epoch: 165 	 Overall Accuracy: 84.98%	 Before inlet accuracy: 85.65% 	 After inlet accuracy: 81.92%
2022-03-13 16:31:57,124 - ===> Train Epoch: 166 	 Accuracy: 84.67% 	 Loss: 0.89641828
2022-03-13 16:34:18,490 - ===> Validation after Training epoch: 166 	 Overall Accuracy: 84.54%	 Before inlet accuracy: 85.19% 	 After inlet accuracy: 81.54%
2022-03-13 16:43:12,572 - ===> Train Epoch: 167 	 Accuracy: 84.48% 	 Loss: 0.89800336
2022-03-13 16:45:33,437 - ===> Validation after Training epoch: 167 	 Overall Accuracy: 84.47%	 Before inlet accuracy: 85.14% 	 After inlet accuracy: 81.47%
2022-03-13 16:54:28,211 - ===> Train Epoch: 168 	 Accuracy: 84.82% 	 Loss: 0.89504502
2022-03-13 16:56:49,308 - ===> Validation after Training epoch: 168 	 Overall Accuracy: 84.95%	 Before inlet accuracy: 85.44% 	 After inlet accuracy: 82.68%
2022-03-13 17:05:42,735 - ===> Train Epoch: 169 	 Accuracy: 84.45% 	 Loss: 0.89841906
2022-03-13 17:08:03,213 - ===> Validation after Training epoch: 169 	 Overall Accuracy: 84.29%	 Before inlet accuracy: 84.90% 	 After inlet accuracy: 81.52%
2022-03-13 17:16:57,296 - ===> Train Epoch: 170 	 Accuracy: 84.90% 	 Loss: 0.89421555
2022-03-13 17:19:17,608 - ===> Validation after Training epoch: 170 	 Overall Accuracy: 84.56%	 Before inlet accuracy: 85.37% 	 After inlet accuracy: 80.91%
2022-03-13 17:28:11,826 - ===> Train Epoch: 171 	 Accuracy: 84.72% 	 Loss: 0.89583675
2022-03-13 17:30:31,069 - ===> Validation after Training epoch: 171 	 Overall Accuracy: 84.74%	 Before inlet accuracy: 85.41% 	 After inlet accuracy: 81.68%
2022-03-13 17:39:26,501 - ===> Train Epoch: 172 	 Accuracy: 84.62% 	 Loss: 0.89709937
2022-03-13 17:41:46,255 - ===> Validation after Training epoch: 172 	 Overall Accuracy: 84.98%	 Before inlet accuracy: 85.58% 	 After inlet accuracy: 82.20%
2022-03-13 17:50:42,297 - ===> Train Epoch: 173 	 Accuracy: 84.51% 	 Loss: 0.89784386
2022-03-13 17:53:03,106 - ===> Validation after Training epoch: 173 	 Overall Accuracy: 84.87%	 Before inlet accuracy: 85.66% 	 After inlet accuracy: 81.19%
2022-03-13 18:01:58,615 - ===> Train Epoch: 174 	 Accuracy: 84.60% 	 Loss: 0.89703484
2022-03-13 18:04:19,557 - ===> Validation after Training epoch: 174 	 Overall Accuracy: 84.86%	 Before inlet accuracy: 85.36% 	 After inlet accuracy: 82.50%
2022-03-13 18:13:12,317 - ===> Train Epoch: 175 	 Accuracy: 84.98% 	 Loss: 0.89314872
2022-03-13 18:15:34,108 - ===> Validation after Training epoch: 175 	 Overall Accuracy: 84.76%	 Before inlet accuracy: 85.59% 	 After inlet accuracy: 81.00%
2022-03-13 18:24:29,457 - ===> Train Epoch: 176 	 Accuracy: 84.46% 	 Loss: 0.89830417
2022-03-13 18:26:48,999 - ===> Validation after Training epoch: 176 	 Overall Accuracy: 85.15%	 Before inlet accuracy: 85.84% 	 After inlet accuracy: 81.96%
2022-03-13 18:35:44,021 - ===> Train Epoch: 177 	 Accuracy: 84.64% 	 Loss: 0.89677599
2022-03-13 18:38:04,624 - ===> Validation after Training epoch: 177 	 Overall Accuracy: 85.08%	 Before inlet accuracy: 85.62% 	 After inlet accuracy: 82.55%
2022-03-13 18:47:00,059 - ===> Train Epoch: 178 	 Accuracy: 84.40% 	 Loss: 0.89909780
2022-03-13 18:49:20,557 - ===> Validation after Training epoch: 178 	 Overall Accuracy: 85.00%	 Before inlet accuracy: 85.48% 	 After inlet accuracy: 82.78%
2022-03-13 18:58:16,739 - ===> Train Epoch: 179 	 Accuracy: 84.52% 	 Loss: 0.89766781
2022-03-13 19:00:36,961 - ===> Validation after Training epoch: 179 	 Overall Accuracy: 85.09%	 Before inlet accuracy: 85.44% 	 After inlet accuracy: 83.45%
2022-03-13 19:09:33,862 - ===> Train Epoch: 180 	 Accuracy: 84.79% 	 Loss: 0.89525758
2022-03-13 19:11:55,451 - ===> Validation after Training epoch: 180 	 Overall Accuracy: 84.28%	 Before inlet accuracy: 85.04% 	 After inlet accuracy: 80.77%
2022-03-13 19:20:51,304 - ===> Train Epoch: 181 	 Accuracy: 84.63% 	 Loss: 0.89672551
2022-03-13 19:23:12,778 - ===> Validation after Training epoch: 181 	 Overall Accuracy: 85.01%	 Before inlet accuracy: 85.64% 	 After inlet accuracy: 82.08%
2022-03-13 19:32:08,992 - ===> Train Epoch: 182 	 Accuracy: 84.79% 	 Loss: 0.89533261
2022-03-13 19:34:29,330 - ===> Validation after Training epoch: 182 	 Overall Accuracy: 84.37%	 Before inlet accuracy: 84.77% 	 After inlet accuracy: 82.52%
2022-03-13 19:43:26,198 - ===> Train Epoch: 183 	 Accuracy: 84.83% 	 Loss: 0.89491003
2022-03-13 19:45:49,286 - ===> Validation after Training epoch: 183 	 Overall Accuracy: 84.72%	 Before inlet accuracy: 85.38% 	 After inlet accuracy: 81.70%
2022-03-13 19:54:46,798 - ===> Train Epoch: 184 	 Accuracy: 84.49% 	 Loss: 0.89802196
2022-03-13 19:57:09,185 - ===> Validation after Training epoch: 184 	 Overall Accuracy: 85.25%	 Before inlet accuracy: 85.87% 	 After inlet accuracy: 82.44%
2022-03-13 20:06:04,135 - ===> Train Epoch: 185 	 Accuracy: 84.49% 	 Loss: 0.89822153
2022-03-13 20:08:24,895 - ===> Validation after Training epoch: 185 	 Overall Accuracy: 84.90%	 Before inlet accuracy: 85.65% 	 After inlet accuracy: 81.46%
2022-03-13 20:17:19,901 - ===> Train Epoch: 186 	 Accuracy: 84.71% 	 Loss: 0.89622047
2022-03-13 20:19:40,031 - ===> Validation after Training epoch: 186 	 Overall Accuracy: 85.35%	 Before inlet accuracy: 86.02% 	 After inlet accuracy: 82.28%
2022-03-13 20:28:34,113 - ===> Train Epoch: 187 	 Accuracy: 84.91% 	 Loss: 0.89379138
2022-03-13 20:30:54,877 - ===> Validation after Training epoch: 187 	 Overall Accuracy: 84.77%	 Before inlet accuracy: 85.28% 	 After inlet accuracy: 82.38%
2022-03-13 20:39:48,532 - ===> Train Epoch: 188 	 Accuracy: 84.81% 	 Loss: 0.89509075
2022-03-13 20:42:08,776 - ===> Validation after Training epoch: 188 	 Overall Accuracy: 84.44%	 Before inlet accuracy: 84.90% 	 After inlet accuracy: 82.34%
2022-03-13 20:51:01,813 - ===> Train Epoch: 189 	 Accuracy: 84.64% 	 Loss: 0.89664953
2022-03-13 20:53:22,460 - ===> Validation after Training epoch: 189 	 Overall Accuracy: 85.07%	 Before inlet accuracy: 85.56% 	 After inlet accuracy: 82.79%
2022-03-13 21:02:18,424 - ===> Train Epoch: 190 	 Accuracy: 84.85% 	 Loss: 0.89478230
2022-03-13 21:04:38,595 - ===> Validation after Training epoch: 190 	 Overall Accuracy: 84.88%	 Before inlet accuracy: 85.49% 	 After inlet accuracy: 82.06%
2022-03-13 21:13:29,428 - ===> Train Epoch: 191 	 Accuracy: 84.76% 	 Loss: 0.89561920
2022-03-13 21:15:49,689 - ===> Validation after Training epoch: 191 	 Overall Accuracy: 84.64%	 Before inlet accuracy: 85.35% 	 After inlet accuracy: 81.49%
2022-03-13 21:24:40,403 - ===> Train Epoch: 192 	 Accuracy: 84.49% 	 Loss: 0.89818074
2022-03-13 21:27:00,558 - ===> Validation after Training epoch: 192 	 Overall Accuracy: 84.77%	 Before inlet accuracy: 85.52% 	 After inlet accuracy: 81.35%
2022-03-13 21:35:51,259 - ===> Train Epoch: 193 	 Accuracy: 84.63% 	 Loss: 0.89695540
2022-03-13 21:38:10,861 - ===> Validation after Training epoch: 193 	 Overall Accuracy: 84.71%	 Before inlet accuracy: 85.23% 	 After inlet accuracy: 82.34%
2022-03-13 21:47:03,127 - ===> Train Epoch: 194 	 Accuracy: 84.65% 	 Loss: 0.89675117
2022-03-13 21:49:21,880 - ===> Validation after Training epoch: 194 	 Overall Accuracy: 84.67%	 Before inlet accuracy: 85.30% 	 After inlet accuracy: 81.72%
2022-03-13 21:58:13,273 - ===> Train Epoch: 195 	 Accuracy: 84.81% 	 Loss: 0.89489720
2022-03-13 22:00:33,376 - ===> Validation after Training epoch: 195 	 Overall Accuracy: 84.55%	 Before inlet accuracy: 85.13% 	 After inlet accuracy: 81.87%
2022-03-13 22:09:23,234 - ===> Train Epoch: 196 	 Accuracy: 85.02% 	 Loss: 0.89285356
2022-03-13 22:11:43,273 - ===> Validation after Training epoch: 196 	 Overall Accuracy: 84.25%	 Before inlet accuracy: 84.73% 	 After inlet accuracy: 82.04%
2022-03-13 22:20:34,285 - ===> Train Epoch: 197 	 Accuracy: 84.79% 	 Loss: 0.89485433
2022-03-13 22:22:56,008 - ===> Validation after Training epoch: 197 	 Overall Accuracy: 84.58%	 Before inlet accuracy: 85.14% 	 After inlet accuracy: 81.98%
2022-03-13 22:31:46,140 - ===> Train Epoch: 198 	 Accuracy: 84.48% 	 Loss: 0.89821550
2022-03-13 22:34:07,729 - ===> Validation after Training epoch: 198 	 Overall Accuracy: 85.00%	 Before inlet accuracy: 85.67% 	 After inlet accuracy: 81.98%
2022-03-13 22:43:08,912 - ===> Train Epoch: 199 	 Accuracy: 84.74% 	 Loss: 0.89560396
2022-03-13 22:45:30,585 - ===> Validation after Training epoch: 199 	 Overall Accuracy: 84.87%	 Before inlet accuracy: 85.58% 	 After inlet accuracy: 81.65%
2022-03-13 22:54:21,739 - ===> Train Epoch: 200 	 Accuracy: 84.59% 	 Loss: 0.89711937
2022-03-13 22:56:41,128 - ===> Validation after Training epoch: 200 	 Overall Accuracy: 84.18%	 Before inlet accuracy: 84.65% 	 After inlet accuracy: 82.05%
2022-03-13 23:05:35,265 - ===> Train Epoch: 201 	 Accuracy: 84.90% 	 Loss: 0.89396459
2022-03-13 23:07:56,283 - ===> Validation after Training epoch: 201 	 Overall Accuracy: 84.80%	 Before inlet accuracy: 85.42% 	 After inlet accuracy: 81.93%
2022-03-13 23:16:48,404 - ===> Train Epoch: 202 	 Accuracy: 84.93% 	 Loss: 0.89405065
2022-03-13 23:19:08,868 - ===> Validation after Training epoch: 202 	 Overall Accuracy: 84.88%	 Before inlet accuracy: 85.33% 	 After inlet accuracy: 82.79%
2022-03-13 23:28:01,725 - ===> Train Epoch: 203 	 Accuracy: 85.04% 	 Loss: 0.89262262
2022-03-13 23:30:23,308 - ===> Validation after Training epoch: 203 	 Overall Accuracy: 84.98%	 Before inlet accuracy: 85.45% 	 After inlet accuracy: 82.79%
2022-03-13 23:39:15,123 - ===> Train Epoch: 204 	 Accuracy: 84.68% 	 Loss: 0.89635734
2022-03-13 23:41:36,608 - ===> Validation after Training epoch: 204 	 Overall Accuracy: 84.75%	 Before inlet accuracy: 85.43% 	 After inlet accuracy: 81.63%
2022-03-13 23:50:30,336 - ===> Train Epoch: 205 	 Accuracy: 84.91% 	 Loss: 0.89432290
2022-03-13 23:52:50,719 - ===> Validation after Training epoch: 205 	 Overall Accuracy: 84.86%	 Before inlet accuracy: 85.32% 	 After inlet accuracy: 82.75%
2022-03-14 00:01:41,778 - ===> Train Epoch: 206 	 Accuracy: 84.64% 	 Loss: 0.89654723
2022-03-14 00:04:03,222 - ===> Validation after Training epoch: 206 	 Overall Accuracy: 84.82%	 Before inlet accuracy: 85.58% 	 After inlet accuracy: 81.43%
2022-03-14 00:12:55,701 - ===> Train Epoch: 207 	 Accuracy: 84.76% 	 Loss: 0.89532792
2022-03-14 00:15:16,223 - ===> Validation after Training epoch: 207 	 Overall Accuracy: 85.43%	 Before inlet accuracy: 86.26% 	 After inlet accuracy: 81.69%
2022-03-14 00:24:06,802 - ===> Train Epoch: 208 	 Accuracy: 84.95% 	 Loss: 0.89356633
2022-03-14 00:26:27,789 - ===> Validation after Training epoch: 208 	 Overall Accuracy: 85.14%	 Before inlet accuracy: 85.77% 	 After inlet accuracy: 82.20%
2022-03-14 00:35:20,212 - ===> Train Epoch: 209 	 Accuracy: 84.68% 	 Loss: 0.89602763
2022-03-14 00:37:40,674 - ===> Validation after Training epoch: 209 	 Overall Accuracy: 84.34%	 Before inlet accuracy: 84.88% 	 After inlet accuracy: 81.91%
2022-03-14 00:46:30,093 - ===> Train Epoch: 210 	 Accuracy: 84.73% 	 Loss: 0.89566635
2022-03-14 00:48:50,310 - ===> Validation after Training epoch: 210 	 Overall Accuracy: 85.22%	 Before inlet accuracy: 85.89% 	 After inlet accuracy: 82.18%
2022-03-14 00:57:39,419 - ===> Train Epoch: 211 	 Accuracy: 84.69% 	 Loss: 0.89603919
2022-03-14 00:59:59,067 - ===> Validation after Training epoch: 211 	 Overall Accuracy: 84.60%	 Before inlet accuracy: 85.13% 	 After inlet accuracy: 82.09%
2022-03-14 01:08:51,802 - ===> Train Epoch: 212 	 Accuracy: 84.72% 	 Loss: 0.89562950
2022-03-14 01:11:14,928 - ===> Validation after Training epoch: 212 	 Overall Accuracy: 84.84%	 Before inlet accuracy: 85.38% 	 After inlet accuracy: 82.39%
2022-03-14 01:20:06,065 - ===> Train Epoch: 213 	 Accuracy: 85.06% 	 Loss: 0.89235069
2022-03-14 01:22:25,892 - ===> Validation after Training epoch: 213 	 Overall Accuracy: 85.03%	 Before inlet accuracy: 85.75% 	 After inlet accuracy: 81.72%
2022-03-14 01:31:19,864 - ===> Train Epoch: 214 	 Accuracy: 84.70% 	 Loss: 0.89618074
2022-03-14 01:33:42,258 - ===> Validation after Training epoch: 214 	 Overall Accuracy: 85.56%	 Before inlet accuracy: 86.49% 	 After inlet accuracy: 81.32%
2022-03-14 01:42:47,454 - ===> Train Epoch: 215 	 Accuracy: 84.97% 	 Loss: 0.89347267
2022-03-14 01:45:12,509 - ===> Validation after Training epoch: 215 	 Overall Accuracy: 84.69%	 Before inlet accuracy: 85.29% 	 After inlet accuracy: 81.91%
2022-03-14 01:53:59,246 - ===> Train Epoch: 216 	 Accuracy: 85.06% 	 Loss: 0.89242358
2022-03-14 01:56:18,124 - ===> Validation after Training epoch: 216 	 Overall Accuracy: 84.49%	 Before inlet accuracy: 85.13% 	 After inlet accuracy: 81.60%
2022-03-14 02:05:03,005 - ===> Train Epoch: 217 	 Accuracy: 84.85% 	 Loss: 0.89470060
2022-03-14 02:07:22,606 - ===> Validation after Training epoch: 217 	 Overall Accuracy: 84.59%	 Before inlet accuracy: 85.35% 	 After inlet accuracy: 81.15%
2022-03-14 02:16:07,050 - ===> Train Epoch: 218 	 Accuracy: 84.71% 	 Loss: 0.89565044
2022-03-14 02:18:25,388 - ===> Validation after Training epoch: 218 	 Overall Accuracy: 84.58%	 Before inlet accuracy: 85.16% 	 After inlet accuracy: 81.95%
2022-03-14 02:27:10,362 - ===> Train Epoch: 219 	 Accuracy: 84.85% 	 Loss: 0.89444655
2022-03-14 02:29:32,587 - ===> Validation after Training epoch: 219 	 Overall Accuracy: 85.33%	 Before inlet accuracy: 86.05% 	 After inlet accuracy: 82.01%
2022-03-14 02:38:28,521 - ===> Train Epoch: 220 	 Accuracy: 84.98% 	 Loss: 0.89319210
2022-03-14 02:40:50,549 - ===> Validation after Training epoch: 220 	 Overall Accuracy: 84.45%	 Before inlet accuracy: 85.11% 	 After inlet accuracy: 81.43%
2022-03-14 02:49:46,579 - ===> Train Epoch: 221 	 Accuracy: 84.97% 	 Loss: 0.89320687
2022-03-14 02:52:08,948 - ===> Validation after Training epoch: 221 	 Overall Accuracy: 84.14%	 Before inlet accuracy: 84.75% 	 After inlet accuracy: 81.33%
2022-03-14 03:01:03,752 - ===> Train Epoch: 222 	 Accuracy: 84.68% 	 Loss: 0.89629889
2022-03-14 03:03:26,060 - ===> Validation after Training epoch: 222 	 Overall Accuracy: 85.13%	 Before inlet accuracy: 85.67% 	 After inlet accuracy: 82.67%
2022-03-14 03:12:22,352 - ===> Train Epoch: 223 	 Accuracy: 85.30% 	 Loss: 0.89019319
2022-03-14 03:14:45,178 - ===> Validation after Training epoch: 223 	 Overall Accuracy: 84.99%	 Before inlet accuracy: 85.75% 	 After inlet accuracy: 81.54%
2022-03-14 03:23:39,943 - ===> Train Epoch: 224 	 Accuracy: 84.97% 	 Loss: 0.89337532
2022-03-14 03:26:02,479 - ===> Validation after Training epoch: 224 	 Overall Accuracy: 84.41%	 Before inlet accuracy: 85.16% 	 After inlet accuracy: 81.04%
2022-03-14 03:34:59,082 - ===> Train Epoch: 225 	 Accuracy: 84.95% 	 Loss: 0.89350893
2022-03-14 03:37:20,994 - ===> Validation after Training epoch: 225 	 Overall Accuracy: 84.97%	 Before inlet accuracy: 85.51% 	 After inlet accuracy: 82.50%
2022-03-14 03:46:09,641 - ===> Train Epoch: 226 	 Accuracy: 84.87% 	 Loss: 0.89438212
2022-03-14 03:48:28,935 - ===> Validation after Training epoch: 226 	 Overall Accuracy: 85.08%	 Before inlet accuracy: 85.68% 	 After inlet accuracy: 82.32%
2022-03-14 03:57:19,555 - ===> Train Epoch: 227 	 Accuracy: 84.86% 	 Loss: 0.89428344
2022-03-14 03:59:42,159 - ===> Validation after Training epoch: 227 	 Overall Accuracy: 84.80%	 Before inlet accuracy: 85.60% 	 After inlet accuracy: 81.16%
