2022-03-12 05:37:46,282 - ### Training Machine Ip address ###
 127.0.1.1

2022-03-12 05:37:46,283 - ### Model summary below###
 Downstream(
  (decoder): Decoder(
    (linear): ModuleList(
      (0): Linear(in_features=256, out_features=128, bias=True)
      (1): ReLU()
      (2): Linear(in_features=128, out_features=64, bias=True)
      (3): ReLU()
      (4): Linear(in_features=64, out_features=32, bias=True)
      (5): ReLU()
      (6): Linear(in_features=32, out_features=16, bias=True)
      (7): ReLU()
    )
    (out): Linear(in_features=16, out_features=4, bias=True)
    (softmax): Softmax(dim=None)
  )
  (softmax): Softmax(dim=None)
  (lsoftmax): LogSoftmax(dim=None)
  (loss_mean): CrossEntropyLoss()
)

2022-03-12 05:37:46,283 - ===> Configuration parameter
                                    GPU_id: 2
                                    batch_size: 64
                                    epoch: 300
                                    n_warmup_steps: 30
                                    validataion_period: 1
                                    ckpt_period: 5
                                    ckpt_dir: /home/user/data/HyeongseokJeon/HMC_prediction/ckpt/
                                    learning_rate: 1e-06
                                    logging: True
                                    data_dir_train: /home/user/data/HyeongseokJeon/HMC_prediction/data/drone_data/processed/train/
                                    data_dir_val: /home/user/data/HyeongseokJeon/HMC_prediction/data/drone_data/processed/val/
                                    data_dir_orig: /home/user/data/HyeongseokJeon/HMC_prediction/data/drone_data/processed/archive/
                                    occlusion_rate: 0.2
                                    splicing_num: 128
                                    LC_multiple: 5
                                    FOV: 30
                                    interpolate: False
                                    max_pred_time: 5
                                    max_hist_time: 10
                                    hz: 2
                                    val_rate: 0.2
                                    n_linear_layer: 4
                                    n_hidden_after_deconv: 256
                                    log_dir: logs/

2022-03-12 05:37:46,283 - ===> Model total parameter: 43828
2022-03-12 05:37:46,283 - ### Selected Encoder model >>> File_id : maneuver_prediction-2022-03-10_04_02_34
2022-03-12 05:37:46,283 - ### Selected Encoder weight >>> weight_id : model_165.pt
2022-03-12 05:37:46,283 - ===> Model Training Start
2022-03-12 05:56:23,164 - ===> Train Epoch: 1 	 Accuracy: 39.68% 	 Loss: 1.38299371
2022-03-12 06:01:49,637 - ===> Validation after Training epoch: 1 	 Overall Accuracy: 35.68%	 Before inlet accuracy: 37.35% 	 After inlet accuracy: 28.16%
2022-03-12 06:20:28,247 - ===> Train Epoch: 2 	 Accuracy: 39.91% 	 Loss: 1.37922439
2022-03-12 06:25:57,592 - ===> Validation after Training epoch: 2 	 Overall Accuracy: 36.40%	 Before inlet accuracy: 38.20% 	 After inlet accuracy: 28.10%
2022-03-12 06:44:36,761 - ===> Train Epoch: 3 	 Accuracy: 39.58% 	 Loss: 1.37218597
2022-03-12 06:50:04,112 - ===> Validation after Training epoch: 3 	 Overall Accuracy: 36.88%	 Before inlet accuracy: 38.82% 	 After inlet accuracy: 27.75%
2022-03-12 07:08:43,240 - ===> Train Epoch: 4 	 Accuracy: 39.84% 	 Loss: 1.36105028
2022-03-12 07:14:09,528 - ===> Validation after Training epoch: 4 	 Overall Accuracy: 36.08%	 Before inlet accuracy: 37.87% 	 After inlet accuracy: 28.03%
2022-03-12 07:32:49,515 - ===> Train Epoch: 5 	 Accuracy: 39.69% 	 Loss: 1.34690823
2022-03-12 07:38:12,489 - ===> Validation after Training epoch: 5 	 Overall Accuracy: 36.49%	 Before inlet accuracy: 38.35% 	 After inlet accuracy: 27.85%
2022-03-12 07:56:51,679 - ===> Train Epoch: 6 	 Accuracy: 39.71% 	 Loss: 1.32935188
2022-03-12 08:02:17,737 - ===> Validation after Training epoch: 6 	 Overall Accuracy: 36.38%	 Before inlet accuracy: 38.32% 	 After inlet accuracy: 27.31%
2022-03-12 08:20:59,659 - ===> Train Epoch: 7 	 Accuracy: 39.60% 	 Loss: 1.30919626
2022-03-12 08:26:25,163 - ===> Validation after Training epoch: 7 	 Overall Accuracy: 36.38%	 Before inlet accuracy: 38.19% 	 After inlet accuracy: 27.99%
2022-03-12 08:45:09,644 - ===> Train Epoch: 8 	 Accuracy: 39.69% 	 Loss: 1.28978887
2022-03-12 08:50:36,419 - ===> Validation after Training epoch: 8 	 Overall Accuracy: 36.67%	 Before inlet accuracy: 38.46% 	 After inlet accuracy: 28.47%
2022-03-12 09:09:14,353 - ===> Train Epoch: 9 	 Accuracy: 39.33% 	 Loss: 1.27338347
2022-03-12 09:14:38,098 - ===> Validation after Training epoch: 9 	 Overall Accuracy: 36.75%	 Before inlet accuracy: 38.80% 	 After inlet accuracy: 27.28%
2022-03-12 09:33:17,270 - ===> Train Epoch: 10 	 Accuracy: 39.38% 	 Loss: 1.25949390
2022-03-12 09:38:39,981 - ===> Validation after Training epoch: 10 	 Overall Accuracy: 36.51%	 Before inlet accuracy: 38.31% 	 After inlet accuracy: 28.30%
2022-03-12 09:57:19,208 - ===> Train Epoch: 11 	 Accuracy: 39.53% 	 Loss: 1.24698557
2022-03-12 10:02:48,263 - ===> Validation after Training epoch: 11 	 Overall Accuracy: 35.57%	 Before inlet accuracy: 37.26% 	 After inlet accuracy: 27.83%
2022-03-12 10:21:23,104 - ===> Train Epoch: 12 	 Accuracy: 39.96% 	 Loss: 1.23534012
2022-03-12 10:26:44,638 - ===> Validation after Training epoch: 12 	 Overall Accuracy: 36.39%	 Before inlet accuracy: 38.26% 	 After inlet accuracy: 27.72%
2022-03-12 10:45:28,574 - ===> Train Epoch: 13 	 Accuracy: 39.66% 	 Loss: 1.22972787
2022-03-12 10:50:52,609 - ===> Validation after Training epoch: 13 	 Overall Accuracy: 36.55%	 Before inlet accuracy: 38.44% 	 After inlet accuracy: 27.88%
2022-03-12 11:09:28,820 - ===> Train Epoch: 14 	 Accuracy: 40.02% 	 Loss: 1.21829514
2022-03-12 11:14:52,572 - ===> Validation after Training epoch: 14 	 Overall Accuracy: 36.20%	 Before inlet accuracy: 38.16% 	 After inlet accuracy: 27.18%
2022-03-12 11:33:30,645 - ===> Train Epoch: 15 	 Accuracy: 39.83% 	 Loss: 1.21098346
2022-03-12 11:38:57,041 - ===> Validation after Training epoch: 15 	 Overall Accuracy: 36.60%	 Before inlet accuracy: 38.48% 	 After inlet accuracy: 28.03%
2022-03-12 11:57:35,580 - ===> Train Epoch: 16 	 Accuracy: 39.42% 	 Loss: 1.20651436
2022-03-12 12:03:01,185 - ===> Validation after Training epoch: 16 	 Overall Accuracy: 37.02%	 Before inlet accuracy: 38.97% 	 After inlet accuracy: 28.07%
2022-03-12 12:21:42,817 - ===> Train Epoch: 17 	 Accuracy: 39.88% 	 Loss: 1.19468040
2022-03-12 12:27:08,525 - ===> Validation after Training epoch: 17 	 Overall Accuracy: 37.08%	 Before inlet accuracy: 38.94% 	 After inlet accuracy: 28.34%
2022-03-12 12:45:48,563 - ===> Train Epoch: 18 	 Accuracy: 39.41% 	 Loss: 1.18973571
2022-03-12 12:51:12,621 - ===> Validation after Training epoch: 18 	 Overall Accuracy: 36.72%	 Before inlet accuracy: 38.71% 	 After inlet accuracy: 27.74%
2022-03-12 13:09:53,579 - ===> Train Epoch: 19 	 Accuracy: 40.88% 	 Loss: 1.18277417
2022-03-12 13:15:18,710 - ===> Validation after Training epoch: 19 	 Overall Accuracy: 42.66%	 Before inlet accuracy: 43.18% 	 After inlet accuracy: 40.25%
2022-03-12 13:33:59,267 - ===> Train Epoch: 20 	 Accuracy: 49.60% 	 Loss: 1.17177313
2022-03-12 13:39:24,125 - ===> Validation after Training epoch: 20 	 Overall Accuracy: 53.25%	 Before inlet accuracy: 53.42% 	 After inlet accuracy: 52.51%
2022-03-12 13:58:03,903 - ===> Train Epoch: 21 	 Accuracy: 53.74% 	 Loss: 1.16327219
2022-03-12 14:03:29,556 - ===> Validation after Training epoch: 21 	 Overall Accuracy: 56.11%	 Before inlet accuracy: 56.61% 	 After inlet accuracy: 53.80%
2022-03-12 14:22:06,290 - ===> Train Epoch: 22 	 Accuracy: 61.07% 	 Loss: 1.14676477
2022-03-12 14:27:29,713 - ===> Validation after Training epoch: 22 	 Overall Accuracy: 68.74%	 Before inlet accuracy: 70.83% 	 After inlet accuracy: 59.30%
2022-03-12 14:46:05,431 - ===> Train Epoch: 23 	 Accuracy: 70.44% 	 Loss: 1.13601252
2022-03-12 14:51:30,587 - ===> Validation after Training epoch: 23 	 Overall Accuracy: 75.77%	 Before inlet accuracy: 77.83% 	 After inlet accuracy: 66.46%
2022-03-12 15:10:09,427 - ===> Train Epoch: 24 	 Accuracy: 75.55% 	 Loss: 1.11983879
2022-03-12 15:15:33,333 - ===> Validation after Training epoch: 24 	 Overall Accuracy: 78.48%	 Before inlet accuracy: 80.27% 	 After inlet accuracy: 70.26%
2022-03-12 15:34:13,034 - ===> Train Epoch: 25 	 Accuracy: 78.10% 	 Loss: 1.10026795
2022-03-12 15:39:36,790 - ===> Validation after Training epoch: 25 	 Overall Accuracy: 80.02%	 Before inlet accuracy: 81.64% 	 After inlet accuracy: 72.57%
2022-03-12 15:58:15,915 - ===> Train Epoch: 26 	 Accuracy: 79.17% 	 Loss: 1.08276926
2022-03-12 16:03:42,734 - ===> Validation after Training epoch: 26 	 Overall Accuracy: 80.94%	 Before inlet accuracy: 82.37% 	 After inlet accuracy: 74.39%
2022-03-12 16:22:22,184 - ===> Train Epoch: 27 	 Accuracy: 80.17% 	 Loss: 1.06192407
2022-03-12 16:27:48,455 - ===> Validation after Training epoch: 27 	 Overall Accuracy: 82.64%	 Before inlet accuracy: 84.02% 	 After inlet accuracy: 76.22%
2022-03-12 16:46:30,166 - ===> Train Epoch: 28 	 Accuracy: 80.67% 	 Loss: 1.04223058
2022-03-12 16:51:58,140 - ===> Validation after Training epoch: 28 	 Overall Accuracy: 81.65%	 Before inlet accuracy: 82.65% 	 After inlet accuracy: 77.06%
2022-03-12 17:10:39,040 - ===> Train Epoch: 29 	 Accuracy: 81.13% 	 Loss: 1.02468931
2022-03-12 17:16:04,317 - ===> Validation after Training epoch: 29 	 Overall Accuracy: 82.82%	 Before inlet accuracy: 83.86% 	 After inlet accuracy: 78.12%
2022-03-12 17:34:48,776 - ===> Train Epoch: 30 	 Accuracy: 81.71% 	 Loss: 1.00644920
2022-03-12 17:40:11,697 - ===> Validation after Training epoch: 30 	 Overall Accuracy: 83.64%	 Before inlet accuracy: 84.68% 	 After inlet accuracy: 78.91%
2022-03-12 17:58:50,465 - ===> Train Epoch: 31 	 Accuracy: 81.89% 	 Loss: 0.99425345
2022-03-12 18:04:15,168 - ===> Validation after Training epoch: 31 	 Overall Accuracy: 83.26%	 Before inlet accuracy: 84.16% 	 After inlet accuracy: 79.10%
2022-03-12 18:23:00,008 - ===> Train Epoch: 32 	 Accuracy: 82.01% 	 Loss: 0.98219167
2022-03-12 18:28:22,225 - ===> Validation after Training epoch: 32 	 Overall Accuracy: 83.94%	 Before inlet accuracy: 84.93% 	 After inlet accuracy: 79.43%
2022-03-12 18:46:55,169 - ===> Train Epoch: 33 	 Accuracy: 82.16% 	 Loss: 0.97253498
2022-03-12 18:52:20,076 - ===> Validation after Training epoch: 33 	 Overall Accuracy: 84.11%	 Before inlet accuracy: 85.20% 	 After inlet accuracy: 79.13%
2022-03-12 19:11:00,366 - ===> Train Epoch: 34 	 Accuracy: 82.27% 	 Loss: 0.96420511
2022-03-12 19:16:26,807 - ===> Validation after Training epoch: 34 	 Overall Accuracy: 84.52%	 Before inlet accuracy: 85.45% 	 After inlet accuracy: 80.30%
2022-03-12 19:35:07,616 - ===> Train Epoch: 35 	 Accuracy: 82.42% 	 Loss: 0.95663429
2022-03-12 19:40:33,158 - ===> Validation after Training epoch: 35 	 Overall Accuracy: 84.55%	 Before inlet accuracy: 85.36% 	 After inlet accuracy: 80.71%
2022-03-12 19:59:13,850 - ===> Train Epoch: 36 	 Accuracy: 82.42% 	 Loss: 0.95166237
2022-03-12 20:04:38,991 - ===> Validation after Training epoch: 36 	 Overall Accuracy: 84.34%	 Before inlet accuracy: 85.36% 	 After inlet accuracy: 79.68%
2022-03-12 20:23:16,517 - ===> Train Epoch: 37 	 Accuracy: 82.47% 	 Loss: 0.94707454
2022-03-12 20:28:41,689 - ===> Validation after Training epoch: 37 	 Overall Accuracy: 84.38%	 Before inlet accuracy: 85.19% 	 After inlet accuracy: 80.71%
2022-03-12 20:47:23,678 - ===> Train Epoch: 38 	 Accuracy: 82.47% 	 Loss: 0.94333683
2022-03-12 20:52:49,853 - ===> Validation after Training epoch: 38 	 Overall Accuracy: 83.84%	 Before inlet accuracy: 84.69% 	 After inlet accuracy: 79.93%
2022-03-12 21:11:31,726 - ===> Train Epoch: 39 	 Accuracy: 82.78% 	 Loss: 0.93746274
2022-03-12 21:16:56,818 - ===> Validation after Training epoch: 39 	 Overall Accuracy: 84.01%	 Before inlet accuracy: 84.69% 	 After inlet accuracy: 80.88%
2022-03-12 21:35:31,700 - ===> Train Epoch: 40 	 Accuracy: 82.40% 	 Loss: 0.93796597
2022-03-12 21:40:56,975 - ===> Validation after Training epoch: 40 	 Overall Accuracy: 84.15%	 Before inlet accuracy: 84.86% 	 After inlet accuracy: 80.87%
2022-03-12 21:59:38,312 - ===> Train Epoch: 41 	 Accuracy: 82.58% 	 Loss: 0.93439071
2022-03-12 22:04:58,590 - ===> Validation after Training epoch: 41 	 Overall Accuracy: 84.33%	 Before inlet accuracy: 85.21% 	 After inlet accuracy: 80.39%
2022-03-12 22:23:38,493 - ===> Train Epoch: 42 	 Accuracy: 82.47% 	 Loss: 0.93309773
2022-03-12 22:29:04,243 - ===> Validation after Training epoch: 42 	 Overall Accuracy: 84.83%	 Before inlet accuracy: 85.74% 	 After inlet accuracy: 80.70%
2022-03-12 22:47:40,691 - ===> Train Epoch: 43 	 Accuracy: 83.04% 	 Loss: 0.92624248
2022-03-12 22:53:01,503 - ===> Validation after Training epoch: 43 	 Overall Accuracy: 84.62%	 Before inlet accuracy: 85.35% 	 After inlet accuracy: 81.30%
2022-03-12 23:11:45,403 - ===> Train Epoch: 44 	 Accuracy: 83.00% 	 Loss: 0.92550381
2022-03-12 23:17:14,332 - ===> Validation after Training epoch: 44 	 Overall Accuracy: 84.57%	 Before inlet accuracy: 85.35% 	 After inlet accuracy: 80.99%
2022-03-12 23:35:53,887 - ===> Train Epoch: 45 	 Accuracy: 82.75% 	 Loss: 0.92663992
2022-03-12 23:41:17,424 - ===> Validation after Training epoch: 45 	 Overall Accuracy: 84.91%	 Before inlet accuracy: 85.66% 	 After inlet accuracy: 81.48%
2022-03-12 23:59:57,315 - ===> Train Epoch: 46 	 Accuracy: 82.69% 	 Loss: 0.92640442
2022-03-13 00:05:21,186 - ===> Validation after Training epoch: 46 	 Overall Accuracy: 84.23%	 Before inlet accuracy: 85.10% 	 After inlet accuracy: 80.17%
2022-03-13 00:23:55,770 - ===> Train Epoch: 47 	 Accuracy: 82.68% 	 Loss: 0.92540838
2022-03-13 00:29:21,758 - ===> Validation after Training epoch: 47 	 Overall Accuracy: 84.43%	 Before inlet accuracy: 85.37% 	 After inlet accuracy: 80.17%
2022-03-13 00:48:07,963 - ===> Train Epoch: 48 	 Accuracy: 82.82% 	 Loss: 0.92338996
2022-03-13 00:53:34,899 - ===> Validation after Training epoch: 48 	 Overall Accuracy: 84.82%	 Before inlet accuracy: 85.65% 	 After inlet accuracy: 81.00%
2022-03-13 01:12:21,135 - ===> Train Epoch: 49 	 Accuracy: 83.08% 	 Loss: 0.91991163
2022-03-13 01:17:47,633 - ===> Validation after Training epoch: 49 	 Overall Accuracy: 84.29%	 Before inlet accuracy: 85.07% 	 After inlet accuracy: 80.71%
2022-03-13 01:36:29,701 - ===> Train Epoch: 50 	 Accuracy: 82.93% 	 Loss: 0.92068062
2022-03-13 01:41:52,143 - ===> Validation after Training epoch: 50 	 Overall Accuracy: 84.82%	 Before inlet accuracy: 85.62% 	 After inlet accuracy: 81.15%
2022-03-13 02:00:36,462 - ===> Train Epoch: 51 	 Accuracy: 83.11% 	 Loss: 0.91895481
2022-03-13 02:06:01,574 - ===> Validation after Training epoch: 51 	 Overall Accuracy: 84.17%	 Before inlet accuracy: 84.97% 	 After inlet accuracy: 80.56%
2022-03-13 02:24:43,733 - ===> Train Epoch: 52 	 Accuracy: 82.80% 	 Loss: 0.92097202
2022-03-13 02:30:06,033 - ===> Validation after Training epoch: 52 	 Overall Accuracy: 84.95%	 Before inlet accuracy: 85.76% 	 After inlet accuracy: 81.20%
2022-03-13 02:48:49,254 - ===> Train Epoch: 53 	 Accuracy: 83.09% 	 Loss: 0.91814318
2022-03-13 02:54:13,376 - ===> Validation after Training epoch: 53 	 Overall Accuracy: 84.42%	 Before inlet accuracy: 85.11% 	 After inlet accuracy: 81.28%
2022-03-13 03:12:54,011 - ===> Train Epoch: 54 	 Accuracy: 83.13% 	 Loss: 0.91728514
2022-03-13 03:18:19,689 - ===> Validation after Training epoch: 54 	 Overall Accuracy: 84.99%	 Before inlet accuracy: 85.64% 	 After inlet accuracy: 82.01%
2022-03-13 03:37:03,924 - ===> Train Epoch: 55 	 Accuracy: 83.08% 	 Loss: 0.91707229
2022-03-13 03:42:27,173 - ===> Validation after Training epoch: 55 	 Overall Accuracy: 84.91%	 Before inlet accuracy: 85.73% 	 After inlet accuracy: 81.09%
2022-03-13 04:01:07,201 - ===> Train Epoch: 56 	 Accuracy: 83.14% 	 Loss: 0.91650942
2022-03-13 04:06:30,607 - ===> Validation after Training epoch: 56 	 Overall Accuracy: 84.64%	 Before inlet accuracy: 85.31% 	 After inlet accuracy: 81.60%
2022-03-13 04:25:11,068 - ===> Train Epoch: 57 	 Accuracy: 83.18% 	 Loss: 0.91566375
2022-03-13 04:30:37,336 - ===> Validation after Training epoch: 57 	 Overall Accuracy: 84.92%	 Before inlet accuracy: 85.84% 	 After inlet accuracy: 80.76%
2022-03-13 04:42:36,259 - ===> Train Epoch: 58 	 Accuracy: 83.09% 	 Loss: 0.91635138
2022-03-13 04:44:33,666 - ===> Validation after Training epoch: 58 	 Overall Accuracy: 85.22%	 Before inlet accuracy: 85.91% 	 After inlet accuracy: 82.00%
2022-03-13 04:52:09,775 - ===> Train Epoch: 59 	 Accuracy: 83.12% 	 Loss: 0.91595115
2022-03-13 04:54:07,632 - ===> Validation after Training epoch: 59 	 Overall Accuracy: 84.60%	 Before inlet accuracy: 85.30% 	 After inlet accuracy: 81.40%
2022-03-13 05:01:43,855 - ===> Train Epoch: 60 	 Accuracy: 83.08% 	 Loss: 0.91576916
2022-03-13 05:03:41,415 - ===> Validation after Training epoch: 60 	 Overall Accuracy: 84.58%	 Before inlet accuracy: 85.32% 	 After inlet accuracy: 81.20%
2022-03-13 05:11:18,178 - ===> Train Epoch: 61 	 Accuracy: 83.02% 	 Loss: 0.91606775
2022-03-13 05:13:15,819 - ===> Validation after Training epoch: 61 	 Overall Accuracy: 84.18%	 Before inlet accuracy: 84.93% 	 After inlet accuracy: 80.84%
2022-03-13 05:20:52,386 - ===> Train Epoch: 62 	 Accuracy: 83.35% 	 Loss: 0.91280542
2022-03-13 05:22:49,982 - ===> Validation after Training epoch: 62 	 Overall Accuracy: 84.46%	 Before inlet accuracy: 85.19% 	 After inlet accuracy: 81.14%
2022-03-13 05:30:25,472 - ===> Train Epoch: 63 	 Accuracy: 83.22% 	 Loss: 0.91403103
2022-03-13 05:32:18,903 - ===> Validation after Training epoch: 63 	 Overall Accuracy: 84.78%	 Before inlet accuracy: 85.70% 	 After inlet accuracy: 80.60%
