2022-03-12 05:28:52,575 - ### Training Machine Ip address ###
 127.0.1.1

2022-03-12 05:28:52,575 - ### Model summary below###
 Downstream(
  (decoder): Decoder(
    (linear): ModuleList(
      (0): Linear(in_features=256, out_features=128, bias=True)
      (1): ReLU()
      (2): Linear(in_features=128, out_features=64, bias=True)
      (3): ReLU()
      (4): Linear(in_features=64, out_features=32, bias=True)
      (5): ReLU()
      (6): Linear(in_features=32, out_features=16, bias=True)
      (7): ReLU()
    )
    (out): Linear(in_features=16, out_features=4, bias=True)
    (softmax): Softmax(dim=None)
  )
  (softmax): Softmax(dim=None)
  (lsoftmax): LogSoftmax(dim=None)
  (loss_mean): CrossEntropyLoss()
)

2022-03-12 05:28:52,575 - ===> Configuration parameter
                                    GPU_id: 2
                                    batch_size: 64
                                    epoch: 300
                                    n_warmup_steps: 30
                                    validataion_period: 1
                                    ckpt_period: 5
                                    ckpt_dir: /home/user/data/HyeongseokJeon/HMC_prediction/ckpt/
                                    learning_rate: 1e-06
                                    logging: True
                                    data_dir_train: /home/user/data/HyeongseokJeon/HMC_prediction/data/drone_data/processed/train/
                                    data_dir_val: /home/user/data/HyeongseokJeon/HMC_prediction/data/drone_data/processed/val/
                                    data_dir_orig: /home/user/data/HyeongseokJeon/HMC_prediction/data/drone_data/processed/archive/
                                    occlusion_rate: 0.2
                                    splicing_num: 128
                                    LC_multiple: 5
                                    FOV: 30
                                    interpolate: False
                                    max_pred_time: 5
                                    max_hist_time: 10
                                    hz: 2
                                    val_rate: 0.2
                                    n_linear_layer: 4
                                    n_hidden_after_deconv: 256
                                    log_dir: logs/

2022-03-12 05:28:52,576 - ===> Model total parameter: 43828
2022-03-12 05:28:52,576 - ### Selected Encoder model >>> File_id : maneuver_prediction-2022-03-10_04_02_34
2022-03-12 05:28:52,576 - ### Selected Encoder weight >>> weight_id : model_90.pt
2022-03-12 05:28:52,576 - ===> Model Training Start
2022-03-12 05:41:58,184 - ===> Train Epoch: 1 	 Accuracy: 34.43% 	 Loss: 1.38514774
2022-03-12 05:47:18,031 - ===> Validation after Training epoch: 1 	 Overall Accuracy: 25.75%	 Before inlet accuracy: 26.23% 	 After inlet accuracy: 23.58%
2022-03-12 06:06:00,023 - ===> Train Epoch: 2 	 Accuracy: 41.64% 	 Loss: 1.38231332
2022-03-12 06:11:17,298 - ===> Validation after Training epoch: 2 	 Overall Accuracy: 41.39%	 Before inlet accuracy: 44.40% 	 After inlet accuracy: 27.56%
2022-03-12 06:29:57,538 - ===> Train Epoch: 3 	 Accuracy: 49.53% 	 Loss: 1.37872614
2022-03-12 06:35:15,235 - ===> Validation after Training epoch: 3 	 Overall Accuracy: 49.41%	 Before inlet accuracy: 52.76% 	 After inlet accuracy: 34.01%
2022-03-12 06:54:07,881 - ===> Train Epoch: 4 	 Accuracy: 54.82% 	 Loss: 1.37457151
2022-03-12 06:59:24,869 - ===> Validation after Training epoch: 4 	 Overall Accuracy: 54.52%	 Before inlet accuracy: 57.38% 	 After inlet accuracy: 41.23%
2022-03-12 07:18:08,413 - ===> Train Epoch: 5 	 Accuracy: 60.00% 	 Loss: 1.36925814
2022-03-12 07:23:26,991 - ===> Validation after Training epoch: 5 	 Overall Accuracy: 56.06%	 Before inlet accuracy: 58.43% 	 After inlet accuracy: 45.27%
2022-03-12 07:42:10,627 - ===> Train Epoch: 6 	 Accuracy: 60.26% 	 Loss: 1.36224925
2022-03-12 07:47:26,799 - ===> Validation after Training epoch: 6 	 Overall Accuracy: 55.29%	 Before inlet accuracy: 57.97% 	 After inlet accuracy: 43.19%
2022-03-12 08:06:11,131 - ===> Train Epoch: 7 	 Accuracy: 58.60% 	 Loss: 1.35328694
2022-03-12 08:11:28,474 - ===> Validation after Training epoch: 7 	 Overall Accuracy: 54.33%	 Before inlet accuracy: 56.84% 	 After inlet accuracy: 42.69%
2022-03-12 08:30:11,366 - ===> Train Epoch: 8 	 Accuracy: 58.96% 	 Loss: 1.34143089
2022-03-12 08:35:31,388 - ===> Validation after Training epoch: 8 	 Overall Accuracy: 58.19%	 Before inlet accuracy: 61.97% 	 After inlet accuracy: 40.94%
2022-03-12 08:54:13,579 - ===> Train Epoch: 9 	 Accuracy: 61.35% 	 Loss: 1.32660213
2022-03-12 08:59:27,053 - ===> Validation after Training epoch: 9 	 Overall Accuracy: 61.73%	 Before inlet accuracy: 66.47% 	 After inlet accuracy: 39.81%
2022-03-12 09:18:19,421 - ===> Train Epoch: 10 	 Accuracy: 64.48% 	 Loss: 1.30856180
2022-03-12 09:23:37,105 - ===> Validation after Training epoch: 10 	 Overall Accuracy: 65.30%	 Before inlet accuracy: 69.76% 	 After inlet accuracy: 44.66%
2022-03-12 09:42:21,929 - ===> Train Epoch: 11 	 Accuracy: 66.60% 	 Loss: 1.29020730
2022-03-12 09:47:38,733 - ===> Validation after Training epoch: 11 	 Overall Accuracy: 69.68%	 Before inlet accuracy: 72.45% 	 After inlet accuracy: 57.09%
2022-03-12 10:06:20,093 - ===> Train Epoch: 12 	 Accuracy: 69.60% 	 Loss: 1.26742784
2022-03-12 10:11:38,666 - ===> Validation after Training epoch: 12 	 Overall Accuracy: 71.11%	 Before inlet accuracy: 72.90% 	 After inlet accuracy: 62.87%
2022-03-12 10:30:23,116 - ===> Train Epoch: 13 	 Accuracy: 71.07% 	 Loss: 1.24554063
2022-03-12 10:35:38,934 - ===> Validation after Training epoch: 13 	 Overall Accuracy: 73.59%	 Before inlet accuracy: 75.08% 	 After inlet accuracy: 66.76%
