2022-03-12 05:35:45,336 - ### Training Machine Ip address ###
 127.0.1.1

2022-03-12 05:35:45,336 - ### Model summary below###
 Downstream(
  (decoder): Decoder(
    (linear): ModuleList(
      (0): Linear(in_features=256, out_features=128, bias=True)
      (1): ReLU()
      (2): Linear(in_features=128, out_features=64, bias=True)
      (3): ReLU()
      (4): Linear(in_features=64, out_features=32, bias=True)
      (5): ReLU()
      (6): Linear(in_features=32, out_features=16, bias=True)
      (7): ReLU()
    )
    (out): Linear(in_features=16, out_features=4, bias=True)
    (softmax): Softmax(dim=None)
  )
  (softmax): Softmax(dim=None)
  (lsoftmax): LogSoftmax(dim=None)
  (loss_mean): CrossEntropyLoss()
)

2022-03-12 05:35:45,336 - ===> Configuration parameter
                                    GPU_id: 0
                                    batch_size: 64
                                    epoch: 300
                                    n_warmup_steps: 30
                                    validataion_period: 1
                                    ckpt_period: 5
                                    ckpt_dir: /home/user/data/HyeongseokJeon/HMC_prediction/ckpt/
                                    learning_rate: 1e-06
                                    logging: True
                                    data_dir_train: /home/user/data/HyeongseokJeon/HMC_prediction/data/drone_data/processed/train/
                                    data_dir_val: /home/user/data/HyeongseokJeon/HMC_prediction/data/drone_data/processed/val/
                                    data_dir_orig: /home/user/data/HyeongseokJeon/HMC_prediction/data/drone_data/processed/archive/
                                    occlusion_rate: 0.2
                                    splicing_num: 128
                                    LC_multiple: 5
                                    FOV: 30
                                    interpolate: False
                                    max_pred_time: 5
                                    max_hist_time: 10
                                    hz: 2
                                    val_rate: 0.2
                                    n_linear_layer: 4
                                    n_hidden_after_deconv: 256
                                    log_dir: logs/

2022-03-12 05:35:45,336 - ===> Model total parameter: 43828
2022-03-12 05:35:45,336 - ### Selected Encoder model >>> File_id : maneuver_prediction-2022-03-10_04_02_34
2022-03-12 05:35:45,336 - ### Selected Encoder weight >>> weight_id : model_130.pt
2022-03-12 05:35:45,336 - ===> Model Training Start
2022-03-12 05:54:28,864 - ===> Train Epoch: 1 	 Accuracy: 34.12% 	 Loss: 1.38496435
2022-03-12 06:00:07,726 - ===> Validation after Training epoch: 1 	 Overall Accuracy: 26.17%	 Before inlet accuracy: 26.73% 	 After inlet accuracy: 23.63%
2022-03-12 06:19:10,338 - ===> Train Epoch: 2 	 Accuracy: 34.25% 	 Loss: 1.38156344
2022-03-12 06:24:48,277 - ===> Validation after Training epoch: 2 	 Overall Accuracy: 25.83%	 Before inlet accuracy: 26.36% 	 After inlet accuracy: 23.45%
2022-03-12 06:43:57,096 - ===> Train Epoch: 3 	 Accuracy: 34.49% 	 Loss: 1.37744317
2022-03-12 06:49:32,929 - ===> Validation after Training epoch: 3 	 Overall Accuracy: 25.59%	 Before inlet accuracy: 26.03% 	 After inlet accuracy: 23.58%
2022-03-12 07:08:38,131 - ===> Train Epoch: 4 	 Accuracy: 34.40% 	 Loss: 1.37267480
2022-03-12 07:14:15,682 - ===> Validation after Training epoch: 4 	 Overall Accuracy: 25.79%	 Before inlet accuracy: 26.25% 	 After inlet accuracy: 23.71%
2022-03-12 07:33:21,409 - ===> Train Epoch: 5 	 Accuracy: 34.27% 	 Loss: 1.36664200
2022-03-12 07:38:56,283 - ===> Validation after Training epoch: 5 	 Overall Accuracy: 25.88%	 Before inlet accuracy: 26.37% 	 After inlet accuracy: 23.62%
2022-03-12 07:57:57,941 - ===> Train Epoch: 6 	 Accuracy: 34.15% 	 Loss: 1.35906035
2022-03-12 08:03:36,471 - ===> Validation after Training epoch: 6 	 Overall Accuracy: 25.64%	 Before inlet accuracy: 26.06% 	 After inlet accuracy: 23.72%
2022-03-12 08:22:46,240 - ===> Train Epoch: 7 	 Accuracy: 36.64% 	 Loss: 1.34917658
2022-03-12 08:28:26,079 - ===> Validation after Training epoch: 7 	 Overall Accuracy: 36.07%	 Before inlet accuracy: 38.75% 	 After inlet accuracy: 23.75%
2022-03-12 08:47:32,433 - ===> Train Epoch: 8 	 Accuracy: 49.64% 	 Loss: 1.33722283
2022-03-12 08:53:12,383 - ===> Validation after Training epoch: 8 	 Overall Accuracy: 52.03%	 Before inlet accuracy: 57.56% 	 After inlet accuracy: 26.89%
2022-03-12 09:12:22,374 - ===> Train Epoch: 9 	 Accuracy: 59.63% 	 Loss: 1.32172860
2022-03-12 09:17:58,955 - ===> Validation after Training epoch: 9 	 Overall Accuracy: 64.32%	 Before inlet accuracy: 69.97% 	 After inlet accuracy: 38.52%
2022-03-12 09:37:01,478 - ===> Train Epoch: 10 	 Accuracy: 67.08% 	 Loss: 1.30286435
2022-03-12 09:42:40,847 - ===> Validation after Training epoch: 10 	 Overall Accuracy: 72.74%	 Before inlet accuracy: 76.66% 	 After inlet accuracy: 54.83%
2022-03-12 10:01:41,207 - ===> Train Epoch: 11 	 Accuracy: 72.92% 	 Loss: 1.27968117
2022-03-12 10:07:19,456 - ===> Validation after Training epoch: 11 	 Overall Accuracy: 79.07%	 Before inlet accuracy: 81.71% 	 After inlet accuracy: 67.10%
2022-03-12 10:26:21,320 - ===> Train Epoch: 12 	 Accuracy: 76.69% 	 Loss: 1.25240099
2022-03-12 10:32:01,366 - ===> Validation after Training epoch: 12 	 Overall Accuracy: 81.47%	 Before inlet accuracy: 83.28% 	 After inlet accuracy: 73.02%
2022-03-12 10:51:07,232 - ===> Train Epoch: 13 	 Accuracy: 78.30% 	 Loss: 1.22416426
2022-03-12 10:56:43,755 - ===> Validation after Training epoch: 13 	 Overall Accuracy: 83.40%	 Before inlet accuracy: 84.91% 	 After inlet accuracy: 76.47%
2022-03-12 11:15:55,426 - ===> Train Epoch: 14 	 Accuracy: 79.48% 	 Loss: 1.19238601
2022-03-12 11:21:32,313 - ===> Validation after Training epoch: 14 	 Overall Accuracy: 84.00%	 Before inlet accuracy: 85.55% 	 After inlet accuracy: 77.02%
2022-03-12 11:40:33,365 - ===> Train Epoch: 15 	 Accuracy: 80.33% 	 Loss: 1.15906680
2022-03-12 11:46:12,977 - ===> Validation after Training epoch: 15 	 Overall Accuracy: 83.86%	 Before inlet accuracy: 84.99% 	 After inlet accuracy: 78.76%
2022-03-12 12:05:19,719 - ===> Train Epoch: 16 	 Accuracy: 80.49% 	 Loss: 1.12902499
2022-03-12 12:10:59,782 - ===> Validation after Training epoch: 16 	 Overall Accuracy: 83.74%	 Before inlet accuracy: 84.73% 	 After inlet accuracy: 79.17%
2022-03-12 12:30:00,812 - ===> Train Epoch: 17 	 Accuracy: 81.16% 	 Loss: 1.09776196
2022-03-12 12:35:39,884 - ===> Validation after Training epoch: 17 	 Overall Accuracy: 84.23%	 Before inlet accuracy: 85.20% 	 After inlet accuracy: 79.75%
2022-03-12 12:54:48,218 - ===> Train Epoch: 18 	 Accuracy: 81.09% 	 Loss: 1.07267520
2022-03-12 13:00:27,692 - ===> Validation after Training epoch: 18 	 Overall Accuracy: 84.60%	 Before inlet accuracy: 85.56% 	 After inlet accuracy: 80.21%
2022-03-12 13:19:31,986 - ===> Train Epoch: 19 	 Accuracy: 81.34% 	 Loss: 1.04772953
2022-03-12 13:25:11,082 - ===> Validation after Training epoch: 19 	 Overall Accuracy: 84.40%	 Before inlet accuracy: 85.29% 	 After inlet accuracy: 80.34%
2022-03-12 13:44:15,803 - ===> Train Epoch: 20 	 Accuracy: 81.42% 	 Loss: 1.02763768
2022-03-12 13:49:55,110 - ===> Validation after Training epoch: 20 	 Overall Accuracy: 84.54%	 Before inlet accuracy: 85.38% 	 After inlet accuracy: 80.68%
2022-03-12 14:09:01,268 - ===> Train Epoch: 21 	 Accuracy: 81.50% 	 Loss: 1.01101661
2022-03-12 14:14:37,109 - ===> Validation after Training epoch: 21 	 Overall Accuracy: 84.85%	 Before inlet accuracy: 85.76% 	 After inlet accuracy: 80.70%
2022-03-12 14:33:42,797 - ===> Train Epoch: 22 	 Accuracy: 81.78% 	 Loss: 0.99449788
2022-03-12 14:39:19,179 - ===> Validation after Training epoch: 22 	 Overall Accuracy: 84.49%	 Before inlet accuracy: 85.41% 	 After inlet accuracy: 80.33%
2022-03-12 14:58:22,443 - ===> Train Epoch: 23 	 Accuracy: 81.78% 	 Loss: 0.98376069
2022-03-12 15:04:04,736 - ===> Validation after Training epoch: 23 	 Overall Accuracy: 84.92%	 Before inlet accuracy: 85.63% 	 After inlet accuracy: 81.69%
2022-03-12 15:23:04,462 - ===> Train Epoch: 24 	 Accuracy: 81.71% 	 Loss: 0.97450094
2022-03-12 15:28:44,351 - ===> Validation after Training epoch: 24 	 Overall Accuracy: 84.56%	 Before inlet accuracy: 85.40% 	 After inlet accuracy: 80.74%
2022-03-12 15:47:48,515 - ===> Train Epoch: 25 	 Accuracy: 82.15% 	 Loss: 0.96344847
2022-03-12 15:53:30,704 - ===> Validation after Training epoch: 25 	 Overall Accuracy: 84.84%	 Before inlet accuracy: 85.67% 	 After inlet accuracy: 81.05%
2022-03-12 16:12:35,861 - ===> Train Epoch: 26 	 Accuracy: 82.17% 	 Loss: 0.95676081
2022-03-12 16:18:12,895 - ===> Validation after Training epoch: 26 	 Overall Accuracy: 84.87%	 Before inlet accuracy: 85.61% 	 After inlet accuracy: 81.49%
