2022-03-04 22:46:43,147 - ### Training Machine Ip address ###
 127.0.1.1

2022-03-04 22:46:43,148 - ### Model summary below###
 BackBone(
  (encoder): Encoder(
    (groups): ModuleList(
      (0): Sequential(
        (0): Res1d(
          (conv1): Conv1d(3, 32, kernel_size=(3,), stride=(1,), padding=(1,), bias=False)
          (conv2): Conv1d(32, 32, kernel_size=(3,), stride=(1,), padding=(1,), bias=False)
          (relu): ReLU(inplace=True)
          (bn1): GroupNorm(1, 32, eps=1e-05, affine=True)
          (bn2): GroupNorm(1, 32, eps=1e-05, affine=True)
          (downsample): Sequential(
            (0): Conv1d(3, 32, kernel_size=(1,), stride=(1,), bias=False)
            (1): GroupNorm(1, 32, eps=1e-05, affine=True)
          )
        )
        (1): Res1d(
          (conv1): Conv1d(32, 32, kernel_size=(3,), stride=(1,), padding=(1,), bias=False)
          (conv2): Conv1d(32, 32, kernel_size=(3,), stride=(1,), padding=(1,), bias=False)
          (relu): ReLU(inplace=True)
          (bn1): GroupNorm(1, 32, eps=1e-05, affine=True)
          (bn2): GroupNorm(1, 32, eps=1e-05, affine=True)
        )
      )
      (1): Sequential(
        (0): Res1d(
          (conv1): Conv1d(32, 64, kernel_size=(3,), stride=(2,), padding=(1,), bias=False)
          (conv2): Conv1d(64, 64, kernel_size=(3,), stride=(1,), padding=(1,), bias=False)
          (relu): ReLU(inplace=True)
          (bn1): GroupNorm(1, 64, eps=1e-05, affine=True)
          (bn2): GroupNorm(1, 64, eps=1e-05, affine=True)
          (downsample): Sequential(
            (0): Conv1d(32, 64, kernel_size=(1,), stride=(2,), bias=False)
            (1): GroupNorm(1, 64, eps=1e-05, affine=True)
          )
        )
        (1): Res1d(
          (conv1): Conv1d(64, 64, kernel_size=(3,), stride=(1,), padding=(1,), bias=False)
          (conv2): Conv1d(64, 64, kernel_size=(3,), stride=(1,), padding=(1,), bias=False)
          (relu): ReLU(inplace=True)
          (bn1): GroupNorm(1, 64, eps=1e-05, affine=True)
          (bn2): GroupNorm(1, 64, eps=1e-05, affine=True)
        )
      )
      (2): Sequential(
        (0): Res1d(
          (conv1): Conv1d(64, 128, kernel_size=(3,), stride=(2,), padding=(1,), bias=False)
          (conv2): Conv1d(128, 128, kernel_size=(3,), stride=(1,), padding=(1,), bias=False)
          (relu): ReLU(inplace=True)
          (bn1): GroupNorm(1, 128, eps=1e-05, affine=True)
          (bn2): GroupNorm(1, 128, eps=1e-05, affine=True)
          (downsample): Sequential(
            (0): Conv1d(64, 128, kernel_size=(1,), stride=(2,), bias=False)
            (1): GroupNorm(1, 128, eps=1e-05, affine=True)
          )
        )
        (1): Res1d(
          (conv1): Conv1d(128, 128, kernel_size=(3,), stride=(1,), padding=(1,), bias=False)
          (conv2): Conv1d(128, 128, kernel_size=(3,), stride=(1,), padding=(1,), bias=False)
          (relu): ReLU(inplace=True)
          (bn1): GroupNorm(1, 128, eps=1e-05, affine=True)
          (bn2): GroupNorm(1, 128, eps=1e-05, affine=True)
        )
      )
    )
    (lateral): ModuleList(
      (0): Conv1d(
        (conv): Conv1d(32, 256, kernel_size=(3,), stride=(1,), padding=(1,), bias=False)
        (norm): GroupNorm(1, 256, eps=1e-05, affine=True)
        (relu): ReLU(inplace=True)
      )
      (1): Conv1d(
        (conv): Conv1d(64, 256, kernel_size=(3,), stride=(1,), padding=(1,), bias=False)
        (norm): GroupNorm(1, 256, eps=1e-05, affine=True)
        (relu): ReLU(inplace=True)
      )
      (2): Conv1d(
        (conv): Conv1d(128, 256, kernel_size=(3,), stride=(1,), padding=(1,), bias=False)
        (norm): GroupNorm(1, 256, eps=1e-05, affine=True)
        (relu): ReLU(inplace=True)
      )
    )
    (output): Res1d(
      (conv1): Conv1d(256, 256, kernel_size=(3,), stride=(1,), padding=(1,), bias=False)
      (conv2): Conv1d(256, 256, kernel_size=(3,), stride=(1,), padding=(1,), bias=False)
      (relu): ReLU(inplace=True)
      (bn1): GroupNorm(1, 256, eps=1e-05, affine=True)
      (bn2): GroupNorm(1, 256, eps=1e-05, affine=True)
    )
  )
  (autoregressive): AutoRegressive(
    (gru): GRU(256, 256, batch_first=True)
  )
  (Wk): ModuleList(
    (0): Linear(in_features=256, out_features=256, bias=True)
    (1): Linear(in_features=256, out_features=256, bias=True)
    (2): Linear(in_features=256, out_features=256, bias=True)
    (3): Linear(in_features=256, out_features=256, bias=True)
    (4): Linear(in_features=256, out_features=256, bias=True)
    (5): Linear(in_features=256, out_features=256, bias=True)
    (6): Linear(in_features=256, out_features=256, bias=True)
    (7): Linear(in_features=256, out_features=256, bias=True)
    (8): Linear(in_features=256, out_features=256, bias=True)
    (9): Linear(in_features=256, out_features=256, bias=True)
  )
  (softmax): Softmax(dim=None)
  (lsoftmax): LogSoftmax(dim=None)
)Downstream(
  (decoder): Decoder(
    (linear): ModuleList(
      (0): Linear(in_features=256, out_features=128, bias=True)
      (1): ReLU()
      (2): Linear(in_features=128, out_features=64, bias=True)
      (3): ReLU()
      (4): Linear(in_features=64, out_features=32, bias=True)
      (5): ReLU()
      (6): Linear(in_features=32, out_features=16, bias=True)
      (7): ReLU()
    )
    (out): Linear(in_features=16, out_features=4, bias=True)
    (softmax): Softmax(dim=None)
  )
  (softmax): Softmax(dim=None)
  (lsoftmax): LogSoftmax(dim=None)
  (loss_mean): CrossEntropyLoss()
)

2022-03-04 22:46:43,148 - ===> Configuration parameter
                                    GPU_id: 1
                                    batch_size: 64
                                    epoch: 300
                                    n_warmup_steps: 30
                                    validataion_period: 1
                                    ckpt_period: 5
                                    ckpt_dir: /home/user/data/HyeongseokJeon/HMC_prediction/ckpt/
                                    learning_rate: 1e-05
                                    logging: True
                                    data_dir_train: /home/user/data/HyeongseokJeon/HMC_prediction/data/drone_data/processed/train/
                                    data_dir_val: /home/user/data/HyeongseokJeon/HMC_prediction/data/drone_data/processed/val/
                                    data_dir_orig: /home/user/data/HyeongseokJeon/HMC_prediction/data/drone_data/processed/archive/
                                    occlusion_rate: 0.2
                                    splicing_num: 128
                                    LC_multiple: 5
                                    FOV: 30
                                    interpolate: False
                                    max_pred_time: 5
                                    max_hist_time: 10
                                    hz: 2
                                    val_rate: 0.2
                                    n_linear_layer: 4
                                    n_hidden_after_deconv: 256
                                    log_dir: logs/

2022-03-04 22:46:43,148 - ===> Model total parameter: 1901428
2022-03-04 22:46:43,149 - ### Selected Encoder model >>> File_id : maneuver_prediction-2022-03-02_19_18_02
2022-03-04 22:46:43,149 - ### Selected Encoder weight >>> weight_id : no_init_weight
2022-03-04 22:46:43,149 - ===> Model Training Start
2022-03-04 22:51:33,825 - ===> Train Epoch: 1 	 Accuracy: 64.52%	Loss: 1.23035258
2022-03-04 22:52:21,740 - ===> Validation after Training epoch: 1 	 Overall Accuracy: 73.18%	 Before inlet accuracy: 0.60% 	 After inlet accuracy: 0.79%
2022-03-04 22:57:12,235 - ===> Train Epoch: 2 	 Accuracy: 75.05%	Loss: 1.00338379
2022-03-04 22:57:59,632 - ===> Validation after Training epoch: 2 	 Overall Accuracy: 73.11%	 Before inlet accuracy: 0.62% 	 After inlet accuracy: 0.78%
2022-03-04 23:02:49,167 - ===> Train Epoch: 3 	 Accuracy: 79.05%	Loss: 0.95340616
2022-03-04 23:03:38,928 - ===> Validation after Training epoch: 3 	 Overall Accuracy: 74.79%	 Before inlet accuracy: 0.61% 	 After inlet accuracy: 0.81%
2022-03-04 23:08:27,608 - ===> Train Epoch: 4 	 Accuracy: 82.29%	Loss: 0.91966681
2022-03-04 23:09:15,209 - ===> Validation after Training epoch: 4 	 Overall Accuracy: 75.69%	 Before inlet accuracy: 0.64% 	 After inlet accuracy: 0.81%
2022-03-04 23:14:03,595 - ===> Train Epoch: 5 	 Accuracy: 83.04%	Loss: 0.91221913
2022-03-04 23:14:51,024 - ===> Validation after Training epoch: 5 	 Overall Accuracy: 78.10%	 Before inlet accuracy: 0.68% 	 After inlet accuracy: 0.83%
2022-03-04 23:19:40,789 - ===> Train Epoch: 6 	 Accuracy: 84.44%	Loss: 0.89850156
2022-03-04 23:20:28,189 - ===> Validation after Training epoch: 6 	 Overall Accuracy: 77.31%	 Before inlet accuracy: 0.64% 	 After inlet accuracy: 0.83%
2022-03-04 23:25:17,383 - ===> Train Epoch: 7 	 Accuracy: 85.71%	Loss: 0.88611435
2022-03-04 23:26:04,699 - ===> Validation after Training epoch: 7 	 Overall Accuracy: 78.44%	 Before inlet accuracy: 0.67% 	 After inlet accuracy: 0.83%
2022-03-04 23:30:55,513 - ===> Train Epoch: 8 	 Accuracy: 86.04%	Loss: 0.88268118
2022-03-04 23:31:43,093 - ===> Validation after Training epoch: 8 	 Overall Accuracy: 78.01%	 Before inlet accuracy: 0.67% 	 After inlet accuracy: 0.83%
2022-03-04 23:36:33,976 - ===> Train Epoch: 9 	 Accuracy: 86.98%	Loss: 0.87382362
2022-03-04 23:37:21,158 - ===> Validation after Training epoch: 9 	 Overall Accuracy: 76.85%	 Before inlet accuracy: 0.64% 	 After inlet accuracy: 0.83%
2022-03-04 23:42:11,490 - ===> Train Epoch: 10 	 Accuracy: 86.83%	Loss: 0.87503296
2022-03-04 23:43:01,763 - ===> Validation after Training epoch: 10 	 Overall Accuracy: 77.84%	 Before inlet accuracy: 0.67% 	 After inlet accuracy: 0.83%
2022-03-04 23:47:51,410 - ===> Train Epoch: 11 	 Accuracy: 87.90%	Loss: 0.86479242
2022-03-04 23:48:38,593 - ===> Validation after Training epoch: 11 	 Overall Accuracy: 76.92%	 Before inlet accuracy: 0.68% 	 After inlet accuracy: 0.81%
2022-03-04 23:53:29,470 - ===> Train Epoch: 12 	 Accuracy: 87.60%	Loss: 0.86806452
2022-03-04 23:54:16,713 - ===> Validation after Training epoch: 12 	 Overall Accuracy: 75.20%	 Before inlet accuracy: 0.67% 	 After inlet accuracy: 0.79%
2022-03-04 23:59:06,228 - ===> Train Epoch: 13 	 Accuracy: 87.01%	Loss: 0.87276912
2022-03-04 23:59:53,450 - ===> Validation after Training epoch: 13 	 Overall Accuracy: 78.51%	 Before inlet accuracy: 0.68% 	 After inlet accuracy: 0.83%
2022-03-05 00:04:43,903 - ===> Train Epoch: 14 	 Accuracy: 88.01%	Loss: 0.86418185
2022-03-05 00:05:31,259 - ===> Validation after Training epoch: 14 	 Overall Accuracy: 78.02%	 Before inlet accuracy: 0.64% 	 After inlet accuracy: 0.84%
2022-03-05 00:10:21,433 - ===> Train Epoch: 15 	 Accuracy: 88.58%	Loss: 0.85793494
2022-03-05 00:11:08,945 - ===> Validation after Training epoch: 15 	 Overall Accuracy: 77.50%	 Before inlet accuracy: 0.62% 	 After inlet accuracy: 0.84%
2022-03-05 00:15:58,326 - ===> Train Epoch: 16 	 Accuracy: 88.70%	Loss: 0.85678243
2022-03-05 00:16:45,379 - ===> Validation after Training epoch: 16 	 Overall Accuracy: 78.32%	 Before inlet accuracy: 0.68% 	 After inlet accuracy: 0.83%
2022-03-05 00:21:34,970 - ===> Train Epoch: 17 	 Accuracy: 88.81%	Loss: 0.85599035
2022-03-05 00:22:22,336 - ===> Validation after Training epoch: 17 	 Overall Accuracy: 79.18%	 Before inlet accuracy: 0.70% 	 After inlet accuracy: 0.83%
2022-03-05 00:27:11,317 - ===> Train Epoch: 18 	 Accuracy: 89.34%	Loss: 0.85062279
2022-03-05 00:27:58,936 - ===> Validation after Training epoch: 18 	 Overall Accuracy: 78.08%	 Before inlet accuracy: 0.66% 	 After inlet accuracy: 0.84%
2022-03-05 00:32:48,558 - ===> Train Epoch: 19 	 Accuracy: 89.77%	Loss: 0.84630480
2022-03-05 00:33:36,567 - ===> Validation after Training epoch: 19 	 Overall Accuracy: 78.40%	 Before inlet accuracy: 0.67% 	 After inlet accuracy: 0.84%
2022-03-05 00:38:25,580 - ===> Train Epoch: 20 	 Accuracy: 90.10%	Loss: 0.84320163
2022-03-05 00:39:15,433 - ===> Validation after Training epoch: 20 	 Overall Accuracy: 79.07%	 Before inlet accuracy: 0.68% 	 After inlet accuracy: 0.84%
2022-03-05 00:44:05,596 - ===> Train Epoch: 21 	 Accuracy: 90.83%	Loss: 0.83576274
2022-03-05 00:44:54,695 - ===> Validation after Training epoch: 21 	 Overall Accuracy: 74.31%	 Before inlet accuracy: 0.70% 	 After inlet accuracy: 0.76%
2022-03-05 00:49:45,020 - ===> Train Epoch: 22 	 Accuracy: 91.70%	Loss: 0.82716951
2022-03-05 00:50:32,471 - ===> Validation after Training epoch: 22 	 Overall Accuracy: 80.01%	 Before inlet accuracy: 0.70% 	 After inlet accuracy: 0.85%
2022-03-05 00:55:22,275 - ===> Train Epoch: 23 	 Accuracy: 93.22%	Loss: 0.81180310
2022-03-05 00:56:09,562 - ===> Validation after Training epoch: 23 	 Overall Accuracy: 80.59%	 Before inlet accuracy: 0.73% 	 After inlet accuracy: 0.84%
2022-03-05 01:01:00,110 - ===> Train Epoch: 24 	 Accuracy: 93.50%	Loss: 0.80916890
2022-03-05 01:01:47,543 - ===> Validation after Training epoch: 24 	 Overall Accuracy: 79.61%	 Before inlet accuracy: 0.70% 	 After inlet accuracy: 0.84%
2022-03-05 01:06:37,195 - ===> Train Epoch: 25 	 Accuracy: 93.86%	Loss: 0.80596629
2022-03-05 01:07:24,676 - ===> Validation after Training epoch: 25 	 Overall Accuracy: 80.26%	 Before inlet accuracy: 0.70% 	 After inlet accuracy: 0.85%
2022-03-05 01:12:14,662 - ===> Train Epoch: 26 	 Accuracy: 93.98%	Loss: 0.80421707
2022-03-05 01:13:02,231 - ===> Validation after Training epoch: 26 	 Overall Accuracy: 80.03%	 Before inlet accuracy: 0.70% 	 After inlet accuracy: 0.85%
2022-03-05 01:17:51,544 - ===> Train Epoch: 27 	 Accuracy: 93.89%	Loss: 0.80571444
2022-03-05 01:18:39,057 - ===> Validation after Training epoch: 27 	 Overall Accuracy: 78.53%	 Before inlet accuracy: 0.69% 	 After inlet accuracy: 0.83%
2022-03-05 01:23:29,825 - ===> Train Epoch: 28 	 Accuracy: 94.37%	Loss: 0.80069488
2022-03-05 01:24:16,936 - ===> Validation after Training epoch: 28 	 Overall Accuracy: 82.42%	 Before inlet accuracy: 0.74% 	 After inlet accuracy: 0.86%
2022-03-05 01:29:06,557 - ===> Train Epoch: 29 	 Accuracy: 94.71%	Loss: 0.79710437
2022-03-05 01:29:53,824 - ===> Validation after Training epoch: 29 	 Overall Accuracy: 79.83%	 Before inlet accuracy: 0.70% 	 After inlet accuracy: 0.84%
2022-03-05 01:34:43,169 - ===> Train Epoch: 30 	 Accuracy: 94.84%	Loss: 0.79568196
2022-03-05 01:35:30,327 - ===> Validation after Training epoch: 30 	 Overall Accuracy: 81.01%	 Before inlet accuracy: 0.70% 	 After inlet accuracy: 0.86%
2022-03-05 01:40:19,191 - ===> Train Epoch: 31 	 Accuracy: 93.69%	Loss: 0.80681188
2022-03-05 01:41:06,634 - ===> Validation after Training epoch: 31 	 Overall Accuracy: 81.14%	 Before inlet accuracy: 0.71% 	 After inlet accuracy: 0.86%
2022-03-05 01:45:57,418 - ===> Train Epoch: 32 	 Accuracy: 94.58%	Loss: 0.79795822
2022-03-05 01:46:44,960 - ===> Validation after Training epoch: 32 	 Overall Accuracy: 80.05%	 Before inlet accuracy: 0.72% 	 After inlet accuracy: 0.84%
2022-03-05 01:51:35,065 - ===> Train Epoch: 33 	 Accuracy: 95.05%	Loss: 0.79355743
2022-03-05 01:52:22,361 - ===> Validation after Training epoch: 33 	 Overall Accuracy: 80.59%	 Before inlet accuracy: 0.70% 	 After inlet accuracy: 0.85%
2022-03-05 01:57:12,517 - ===> Train Epoch: 34 	 Accuracy: 95.05%	Loss: 0.79345860
2022-03-05 01:57:59,853 - ===> Validation after Training epoch: 34 	 Overall Accuracy: 81.27%	 Before inlet accuracy: 0.71% 	 After inlet accuracy: 0.86%
2022-03-05 02:02:51,450 - ===> Train Epoch: 35 	 Accuracy: 95.41%	Loss: 0.78993851
2022-03-05 02:03:38,821 - ===> Validation after Training epoch: 35 	 Overall Accuracy: 75.43%	 Before inlet accuracy: 0.70% 	 After inlet accuracy: 0.78%
2022-03-05 02:08:29,123 - ===> Train Epoch: 36 	 Accuracy: 95.33%	Loss: 0.79100227
2022-03-05 02:09:17,560 - ===> Validation after Training epoch: 36 	 Overall Accuracy: 79.70%	 Before inlet accuracy: 0.70% 	 After inlet accuracy: 0.84%
2022-03-05 02:14:06,837 - ===> Train Epoch: 37 	 Accuracy: 95.26%	Loss: 0.79134593
2022-03-05 02:14:54,718 - ===> Validation after Training epoch: 37 	 Overall Accuracy: 78.51%	 Before inlet accuracy: 0.70% 	 After inlet accuracy: 0.82%
2022-03-05 02:19:43,866 - ===> Train Epoch: 38 	 Accuracy: 95.16%	Loss: 0.79223806
2022-03-05 02:20:31,399 - ===> Validation after Training epoch: 38 	 Overall Accuracy: 80.01%	 Before inlet accuracy: 0.70% 	 After inlet accuracy: 0.85%
2022-03-05 02:25:21,270 - ===> Train Epoch: 39 	 Accuracy: 95.67%	Loss: 0.78732306
2022-03-05 02:26:08,564 - ===> Validation after Training epoch: 39 	 Overall Accuracy: 79.63%	 Before inlet accuracy: 0.70% 	 After inlet accuracy: 0.84%
2022-03-05 02:30:58,447 - ===> Train Epoch: 40 	 Accuracy: 95.35%	Loss: 0.79025196
2022-03-05 02:31:45,903 - ===> Validation after Training epoch: 40 	 Overall Accuracy: 79.39%	 Before inlet accuracy: 0.69% 	 After inlet accuracy: 0.84%
2022-03-05 02:36:36,054 - ===> Train Epoch: 41 	 Accuracy: 95.58%	Loss: 0.78793472
2022-03-05 02:37:23,776 - ===> Validation after Training epoch: 41 	 Overall Accuracy: 79.53%	 Before inlet accuracy: 0.71% 	 After inlet accuracy: 0.83%
2022-03-05 02:42:12,017 - ===> Train Epoch: 42 	 Accuracy: 95.63%	Loss: 0.78749716
2022-03-05 02:42:59,560 - ===> Validation after Training epoch: 42 	 Overall Accuracy: 79.78%	 Before inlet accuracy: 0.70% 	 After inlet accuracy: 0.84%
2022-03-05 02:47:49,162 - ===> Train Epoch: 43 	 Accuracy: 95.75%	Loss: 0.78622248
2022-03-05 02:48:36,902 - ===> Validation after Training epoch: 43 	 Overall Accuracy: 80.11%	 Before inlet accuracy: 0.69% 	 After inlet accuracy: 0.85%
2022-03-05 02:53:26,977 - ===> Train Epoch: 44 	 Accuracy: 95.71%	Loss: 0.78663839
2022-03-05 02:54:14,213 - ===> Validation after Training epoch: 44 	 Overall Accuracy: 78.96%	 Before inlet accuracy: 0.68% 	 After inlet accuracy: 0.84%
2022-03-05 02:59:03,618 - ===> Train Epoch: 45 	 Accuracy: 94.97%	Loss: 0.79399829
2022-03-05 02:59:58,373 - ===> Validation after Training epoch: 45 	 Overall Accuracy: 75.64%	 Before inlet accuracy: 0.67% 	 After inlet accuracy: 0.80%
2022-03-05 03:04:48,303 - ===> Train Epoch: 46 	 Accuracy: 95.31%	Loss: 0.79066969
2022-03-05 03:05:35,807 - ===> Validation after Training epoch: 46 	 Overall Accuracy: 79.68%	 Before inlet accuracy: 0.70% 	 After inlet accuracy: 0.84%
2022-03-05 03:10:26,692 - ===> Train Epoch: 47 	 Accuracy: 95.93%	Loss: 0.78449800
2022-03-05 03:11:14,188 - ===> Validation after Training epoch: 47 	 Overall Accuracy: 78.24%	 Before inlet accuracy: 0.69% 	 After inlet accuracy: 0.83%
2022-03-05 03:16:04,903 - ===> Train Epoch: 48 	 Accuracy: 95.64%	Loss: 0.78729854
2022-03-05 03:16:52,443 - ===> Validation after Training epoch: 48 	 Overall Accuracy: 78.31%	 Before inlet accuracy: 0.65% 	 After inlet accuracy: 0.84%
2022-03-05 03:21:42,373 - ===> Train Epoch: 49 	 Accuracy: 95.96%	Loss: 0.78412126
2022-03-05 03:22:30,102 - ===> Validation after Training epoch: 49 	 Overall Accuracy: 78.39%	 Before inlet accuracy: 0.70% 	 After inlet accuracy: 0.82%
2022-03-05 03:27:18,505 - ===> Train Epoch: 50 	 Accuracy: 95.97%	Loss: 0.78400966
2022-03-05 03:28:05,890 - ===> Validation after Training epoch: 50 	 Overall Accuracy: 80.61%	 Before inlet accuracy: 0.71% 	 After inlet accuracy: 0.85%
2022-03-05 03:32:56,742 - ===> Train Epoch: 51 	 Accuracy: 95.89%	Loss: 0.78467266
2022-03-05 03:33:44,287 - ===> Validation after Training epoch: 51 	 Overall Accuracy: 78.82%	 Before inlet accuracy: 0.70% 	 After inlet accuracy: 0.83%
2022-03-05 03:38:33,534 - ===> Train Epoch: 52 	 Accuracy: 96.07%	Loss: 0.78298513
2022-03-05 03:39:20,711 - ===> Validation after Training epoch: 52 	 Overall Accuracy: 80.33%	 Before inlet accuracy: 0.70% 	 After inlet accuracy: 0.85%
2022-03-05 03:44:11,212 - ===> Train Epoch: 53 	 Accuracy: 96.17%	Loss: 0.78208772
2022-03-05 03:44:58,760 - ===> Validation after Training epoch: 53 	 Overall Accuracy: 78.21%	 Before inlet accuracy: 0.70% 	 After inlet accuracy: 0.82%
2022-03-05 03:49:49,859 - ===> Train Epoch: 54 	 Accuracy: 96.22%	Loss: 0.78153992
2022-03-05 03:50:37,408 - ===> Validation after Training epoch: 54 	 Overall Accuracy: 79.01%	 Before inlet accuracy: 0.69% 	 After inlet accuracy: 0.84%
2022-03-05 03:55:28,077 - ===> Train Epoch: 55 	 Accuracy: 96.09%	Loss: 0.78277768
2022-03-05 03:56:15,743 - ===> Validation after Training epoch: 55 	 Overall Accuracy: 79.76%	 Before inlet accuracy: 0.70% 	 After inlet accuracy: 0.84%
2022-03-05 04:01:05,424 - ===> Train Epoch: 56 	 Accuracy: 96.27%	Loss: 0.78108014
2022-03-05 04:01:53,184 - ===> Validation after Training epoch: 56 	 Overall Accuracy: 78.56%	 Before inlet accuracy: 0.68% 	 After inlet accuracy: 0.83%
2022-03-05 04:06:41,960 - ===> Train Epoch: 57 	 Accuracy: 96.15%	Loss: 0.78207163
2022-03-05 04:07:29,403 - ===> Validation after Training epoch: 57 	 Overall Accuracy: 79.62%	 Before inlet accuracy: 0.70% 	 After inlet accuracy: 0.84%
2022-03-05 04:12:19,668 - ===> Train Epoch: 58 	 Accuracy: 96.25%	Loss: 0.78110823
2022-03-05 04:13:06,987 - ===> Validation after Training epoch: 58 	 Overall Accuracy: 80.10%	 Before inlet accuracy: 0.71% 	 After inlet accuracy: 0.84%
2022-03-05 04:17:56,606 - ===> Train Epoch: 59 	 Accuracy: 96.22%	Loss: 0.78150098
2022-03-05 04:18:44,166 - ===> Validation after Training epoch: 59 	 Overall Accuracy: 80.27%	 Before inlet accuracy: 0.71% 	 After inlet accuracy: 0.84%
2022-03-05 04:23:34,661 - ===> Train Epoch: 60 	 Accuracy: 96.14%	Loss: 0.78226188
2022-03-05 04:24:21,984 - ===> Validation after Training epoch: 60 	 Overall Accuracy: 74.00%	 Before inlet accuracy: 0.69% 	 After inlet accuracy: 0.76%
2022-03-05 04:29:11,757 - ===> Train Epoch: 61 	 Accuracy: 96.47%	Loss: 0.77909426
2022-03-05 04:29:59,293 - ===> Validation after Training epoch: 61 	 Overall Accuracy: 77.66%	 Before inlet accuracy: 0.67% 	 After inlet accuracy: 0.82%
2022-03-05 04:34:49,181 - ===> Train Epoch: 62 	 Accuracy: 96.32%	Loss: 0.78045249
2022-03-05 04:35:37,890 - ===> Validation after Training epoch: 62 	 Overall Accuracy: 78.22%	 Before inlet accuracy: 0.68% 	 After inlet accuracy: 0.83%
2022-03-05 04:40:27,891 - ===> Train Epoch: 63 	 Accuracy: 96.14%	Loss: 0.78220957
2022-03-05 04:41:15,388 - ===> Validation after Training epoch: 63 	 Overall Accuracy: 80.02%	 Before inlet accuracy: 0.70% 	 After inlet accuracy: 0.85%
2022-03-05 04:46:06,122 - ===> Train Epoch: 64 	 Accuracy: 96.17%	Loss: 0.78194918
2022-03-05 04:46:53,629 - ===> Validation after Training epoch: 64 	 Overall Accuracy: 80.36%	 Before inlet accuracy: 0.71% 	 After inlet accuracy: 0.85%
2022-03-05 04:51:43,354 - ===> Train Epoch: 65 	 Accuracy: 96.37%	Loss: 0.77989995
2022-03-05 04:52:30,593 - ===> Validation after Training epoch: 65 	 Overall Accuracy: 77.97%	 Before inlet accuracy: 0.69% 	 After inlet accuracy: 0.82%
2022-03-05 04:57:20,056 - ===> Train Epoch: 66 	 Accuracy: 96.33%	Loss: 0.78026785
2022-03-05 04:58:08,039 - ===> Validation after Training epoch: 66 	 Overall Accuracy: 76.66%	 Before inlet accuracy: 0.71% 	 After inlet accuracy: 0.79%
2022-03-05 05:02:58,353 - ===> Train Epoch: 67 	 Accuracy: 96.33%	Loss: 0.78024286
2022-03-05 05:03:45,711 - ===> Validation after Training epoch: 67 	 Overall Accuracy: 80.46%	 Before inlet accuracy: 0.71% 	 After inlet accuracy: 0.85%
2022-03-05 05:08:37,001 - ===> Train Epoch: 68 	 Accuracy: 96.56%	Loss: 0.77810657
2022-03-05 05:09:24,598 - ===> Validation after Training epoch: 68 	 Overall Accuracy: 79.62%	 Before inlet accuracy: 0.70% 	 After inlet accuracy: 0.84%
2022-03-05 05:14:15,939 - ===> Train Epoch: 69 	 Accuracy: 96.53%	Loss: 0.77839477
2022-03-05 05:15:03,318 - ===> Validation after Training epoch: 69 	 Overall Accuracy: 79.18%	 Before inlet accuracy: 0.69% 	 After inlet accuracy: 0.84%
2022-03-05 05:19:53,904 - ===> Train Epoch: 70 	 Accuracy: 96.27%	Loss: 0.78087566
2022-03-05 05:20:41,677 - ===> Validation after Training epoch: 70 	 Overall Accuracy: 79.04%	 Before inlet accuracy: 0.70% 	 After inlet accuracy: 0.83%
2022-03-05 05:25:31,533 - ===> Train Epoch: 71 	 Accuracy: 96.64%	Loss: 0.77722687
2022-03-05 05:26:19,066 - ===> Validation after Training epoch: 71 	 Overall Accuracy: 76.89%	 Before inlet accuracy: 0.70% 	 After inlet accuracy: 0.80%
2022-03-05 05:31:08,702 - ===> Train Epoch: 72 	 Accuracy: 96.50%	Loss: 0.77860320
2022-03-05 05:31:56,292 - ===> Validation after Training epoch: 72 	 Overall Accuracy: 78.06%	 Before inlet accuracy: 0.69% 	 After inlet accuracy: 0.82%
2022-03-05 05:36:44,424 - ===> Train Epoch: 73 	 Accuracy: 96.57%	Loss: 0.77779856
2022-03-05 05:37:31,595 - ===> Validation after Training epoch: 73 	 Overall Accuracy: 78.81%	 Before inlet accuracy: 0.70% 	 After inlet accuracy: 0.83%
2022-03-05 05:42:23,259 - ===> Train Epoch: 74 	 Accuracy: 96.49%	Loss: 0.77866309
2022-03-05 05:43:10,820 - ===> Validation after Training epoch: 74 	 Overall Accuracy: 78.88%	 Before inlet accuracy: 0.70% 	 After inlet accuracy: 0.83%
2022-03-05 05:48:01,821 - ===> Train Epoch: 75 	 Accuracy: 96.76%	Loss: 0.77606319
2022-03-05 05:48:54,580 - ===> Validation after Training epoch: 75 	 Overall Accuracy: 75.71%	 Before inlet accuracy: 0.69% 	 After inlet accuracy: 0.79%
2022-03-05 05:53:44,676 - ===> Train Epoch: 76 	 Accuracy: 96.59%	Loss: 0.77766652
2022-03-05 05:54:33,616 - ===> Validation after Training epoch: 76 	 Overall Accuracy: 77.76%	 Before inlet accuracy: 0.68% 	 After inlet accuracy: 0.82%
2022-03-05 05:59:22,827 - ===> Train Epoch: 77 	 Accuracy: 96.53%	Loss: 0.77815955
2022-03-05 06:00:12,376 - ===> Validation after Training epoch: 77 	 Overall Accuracy: 78.35%	 Before inlet accuracy: 0.69% 	 After inlet accuracy: 0.83%
2022-03-05 06:05:03,581 - ===> Train Epoch: 78 	 Accuracy: 96.71%	Loss: 0.77645588
2022-03-05 06:05:51,486 - ===> Validation after Training epoch: 78 	 Overall Accuracy: 77.15%	 Before inlet accuracy: 0.68% 	 After inlet accuracy: 0.81%
2022-03-05 06:10:40,724 - ===> Train Epoch: 79 	 Accuracy: 96.89%	Loss: 0.77469200
2022-03-05 06:11:28,290 - ===> Validation after Training epoch: 79 	 Overall Accuracy: 74.34%	 Before inlet accuracy: 0.69% 	 After inlet accuracy: 0.77%
2022-03-05 06:16:17,912 - ===> Train Epoch: 80 	 Accuracy: 97.06%	Loss: 0.77301755
2022-03-05 06:17:05,498 - ===> Validation after Training epoch: 80 	 Overall Accuracy: 78.52%	 Before inlet accuracy: 0.71% 	 After inlet accuracy: 0.82%
2022-03-05 06:21:55,581 - ===> Train Epoch: 81 	 Accuracy: 97.00%	Loss: 0.77358444
2022-03-05 06:22:43,618 - ===> Validation after Training epoch: 81 	 Overall Accuracy: 75.73%	 Before inlet accuracy: 0.68% 	 After inlet accuracy: 0.79%
2022-03-05 06:27:34,337 - ===> Train Epoch: 82 	 Accuracy: 96.76%	Loss: 0.77588960
2022-03-05 06:28:28,146 - ===> Validation after Training epoch: 82 	 Overall Accuracy: 78.15%	 Before inlet accuracy: 0.68% 	 After inlet accuracy: 0.83%
2022-03-05 06:33:19,725 - ===> Train Epoch: 83 	 Accuracy: 96.37%	Loss: 0.77986089
2022-03-05 06:34:07,317 - ===> Validation after Training epoch: 83 	 Overall Accuracy: 79.82%	 Before inlet accuracy: 0.68% 	 After inlet accuracy: 0.85%
