2022-03-12 05:28:14,686 - ### Training Machine Ip address ###
 127.0.1.1

2022-03-12 05:28:14,686 - ### Model summary below###
 Downstream(
  (decoder): Decoder(
    (linear): ModuleList(
      (0): Linear(in_features=256, out_features=128, bias=True)
      (1): ReLU()
      (2): Linear(in_features=128, out_features=64, bias=True)
      (3): ReLU()
      (4): Linear(in_features=64, out_features=32, bias=True)
      (5): ReLU()
      (6): Linear(in_features=32, out_features=16, bias=True)
      (7): ReLU()
    )
    (out): Linear(in_features=16, out_features=4, bias=True)
    (softmax): Softmax(dim=None)
  )
  (softmax): Softmax(dim=None)
  (lsoftmax): LogSoftmax(dim=None)
  (loss_mean): CrossEntropyLoss()
)

2022-03-12 05:28:14,686 - ===> Configuration parameter
                                    GPU_id: 2
                                    batch_size: 64
                                    epoch: 300
                                    n_warmup_steps: 30
                                    validataion_period: 1
                                    ckpt_period: 5
                                    ckpt_dir: /home/user/data/HyeongseokJeon/HMC_prediction/ckpt/
                                    learning_rate: 1e-06
                                    logging: True
                                    data_dir_train: /home/user/data/HyeongseokJeon/HMC_prediction/data/drone_data/processed/train/
                                    data_dir_val: /home/user/data/HyeongseokJeon/HMC_prediction/data/drone_data/processed/val/
                                    data_dir_orig: /home/user/data/HyeongseokJeon/HMC_prediction/data/drone_data/processed/archive/
                                    occlusion_rate: 0.2
                                    splicing_num: 128
                                    LC_multiple: 5
                                    FOV: 30
                                    interpolate: False
                                    max_pred_time: 5
                                    max_hist_time: 10
                                    hz: 2
                                    val_rate: 0.2
                                    n_linear_layer: 4
                                    n_hidden_after_deconv: 256
                                    log_dir: logs/

2022-03-12 05:28:14,686 - ===> Model total parameter: 43828
2022-03-12 05:28:14,686 - ### Selected Encoder model >>> File_id : maneuver_prediction-2022-03-10_04_02_34
2022-03-12 05:28:14,686 - ### Selected Encoder weight >>> weight_id : model_65.pt
2022-03-12 05:28:14,686 - ===> Model Training Start
2022-03-12 05:39:50,786 - ===> Train Epoch: 1 	 Accuracy: 37.27% 	 Loss: 1.38822298
2022-03-12 05:45:12,029 - ===> Validation after Training epoch: 1 	 Overall Accuracy: 36.31%	 Before inlet accuracy: 38.16% 	 After inlet accuracy: 27.85%
2022-03-12 06:03:50,719 - ===> Train Epoch: 2 	 Accuracy: 39.28% 	 Loss: 1.38594164
2022-03-12 06:09:18,366 - ===> Validation after Training epoch: 2 	 Overall Accuracy: 36.67%	 Before inlet accuracy: 38.69% 	 After inlet accuracy: 27.44%
2022-03-12 06:28:02,708 - ===> Train Epoch: 3 	 Accuracy: 39.90% 	 Loss: 1.38295861
2022-03-12 06:33:21,789 - ===> Validation after Training epoch: 3 	 Overall Accuracy: 38.07%	 Before inlet accuracy: 40.24% 	 After inlet accuracy: 27.97%
2022-03-12 06:51:59,186 - ===> Train Epoch: 4 	 Accuracy: 49.03% 	 Loss: 1.37888202
2022-03-12 06:57:18,642 - ===> Validation after Training epoch: 4 	 Overall Accuracy: 51.84%	 Before inlet accuracy: 55.88% 	 After inlet accuracy: 33.31%
2022-03-12 07:16:02,937 - ===> Train Epoch: 5 	 Accuracy: 57.33% 	 Loss: 1.37122478
2022-03-12 07:21:23,646 - ===> Validation after Training epoch: 5 	 Overall Accuracy: 55.44%	 Before inlet accuracy: 58.76% 	 After inlet accuracy: 40.54%
2022-03-12 07:40:10,349 - ===> Train Epoch: 6 	 Accuracy: 59.60% 	 Loss: 1.35992042
2022-03-12 07:45:30,813 - ===> Validation after Training epoch: 6 	 Overall Accuracy: 56.61%	 Before inlet accuracy: 59.66% 	 After inlet accuracy: 42.75%
2022-03-12 08:04:12,841 - ===> Train Epoch: 7 	 Accuracy: 60.62% 	 Loss: 1.34607848
2022-03-12 08:09:32,643 - ===> Validation after Training epoch: 7 	 Overall Accuracy: 57.73%	 Before inlet accuracy: 60.71% 	 After inlet accuracy: 44.14%
2022-03-12 08:28:13,710 - ===> Train Epoch: 8 	 Accuracy: 61.20% 	 Loss: 1.32972817
2022-03-12 08:33:33,656 - ===> Validation after Training epoch: 8 	 Overall Accuracy: 58.35%	 Before inlet accuracy: 61.36% 	 After inlet accuracy: 44.54%
2022-03-12 08:52:17,620 - ===> Train Epoch: 9 	 Accuracy: 61.43% 	 Loss: 1.31122299
2022-03-12 08:57:39,624 - ===> Validation after Training epoch: 9 	 Overall Accuracy: 58.94%	 Before inlet accuracy: 61.89% 	 After inlet accuracy: 45.26%
2022-03-12 09:16:23,549 - ===> Train Epoch: 10 	 Accuracy: 61.55% 	 Loss: 1.29090969
2022-03-12 09:21:41,562 - ===> Validation after Training epoch: 10 	 Overall Accuracy: 59.14%	 Before inlet accuracy: 62.02% 	 After inlet accuracy: 46.11%
2022-03-12 09:40:22,405 - ===> Train Epoch: 11 	 Accuracy: 61.92% 	 Loss: 1.26918113
2022-03-12 09:45:40,069 - ===> Validation after Training epoch: 11 	 Overall Accuracy: 59.07%	 Before inlet accuracy: 61.98% 	 After inlet accuracy: 45.99%
2022-03-12 10:04:26,205 - ===> Train Epoch: 12 	 Accuracy: 62.02% 	 Loss: 1.24658036
2022-03-12 10:09:47,510 - ===> Validation after Training epoch: 12 	 Overall Accuracy: 59.15%	 Before inlet accuracy: 62.09% 	 After inlet accuracy: 45.82%
2022-03-12 10:28:33,060 - ===> Train Epoch: 13 	 Accuracy: 62.00% 	 Loss: 1.22597323
2022-03-12 10:33:52,579 - ===> Validation after Training epoch: 13 	 Overall Accuracy: 59.51%	 Before inlet accuracy: 62.49% 	 After inlet accuracy: 45.73%
2022-03-12 10:52:31,926 - ===> Train Epoch: 14 	 Accuracy: 62.27% 	 Loss: 1.20520182
2022-03-12 10:57:55,161 - ===> Validation after Training epoch: 14 	 Overall Accuracy: 59.07%	 Before inlet accuracy: 62.12% 	 After inlet accuracy: 45.06%
2022-03-12 11:16:43,549 - ===> Train Epoch: 15 	 Accuracy: 62.09% 	 Loss: 1.18842078
2022-03-12 11:22:04,288 - ===> Validation after Training epoch: 15 	 Overall Accuracy: 59.49%	 Before inlet accuracy: 62.40% 	 After inlet accuracy: 46.17%
2022-03-12 11:40:50,146 - ===> Train Epoch: 16 	 Accuracy: 62.15% 	 Loss: 1.17095568
2022-03-12 11:46:09,547 - ===> Validation after Training epoch: 16 	 Overall Accuracy: 59.48%	 Before inlet accuracy: 62.26% 	 After inlet accuracy: 46.62%
2022-03-12 12:04:48,694 - ===> Train Epoch: 17 	 Accuracy: 61.76% 	 Loss: 1.15925744
2022-03-12 12:10:07,257 - ===> Validation after Training epoch: 17 	 Overall Accuracy: 59.91%	 Before inlet accuracy: 63.00% 	 After inlet accuracy: 45.90%
2022-03-12 12:28:47,893 - ===> Train Epoch: 18 	 Accuracy: 62.14% 	 Loss: 1.14356553
2022-03-12 12:34:08,668 - ===> Validation after Training epoch: 18 	 Overall Accuracy: 59.86%	 Before inlet accuracy: 62.75% 	 After inlet accuracy: 46.61%
2022-03-12 12:52:48,033 - ===> Train Epoch: 19 	 Accuracy: 62.70% 	 Loss: 1.13015381
2022-03-12 12:58:09,594 - ===> Validation after Training epoch: 19 	 Overall Accuracy: 59.70%	 Before inlet accuracy: 62.52% 	 After inlet accuracy: 46.76%
2022-03-12 13:16:50,830 - ===> Train Epoch: 20 	 Accuracy: 62.66% 	 Loss: 1.12073500
2022-03-12 13:22:12,856 - ===> Validation after Training epoch: 20 	 Overall Accuracy: 59.94%	 Before inlet accuracy: 62.81% 	 After inlet accuracy: 46.73%
2022-03-12 13:40:54,963 - ===> Train Epoch: 21 	 Accuracy: 62.97% 	 Loss: 1.10927545
2022-03-12 13:46:15,454 - ===> Validation after Training epoch: 21 	 Overall Accuracy: 60.07%	 Before inlet accuracy: 62.75% 	 After inlet accuracy: 47.64%
2022-03-12 14:04:58,986 - ===> Train Epoch: 22 	 Accuracy: 62.88% 	 Loss: 1.10241147
2022-03-12 14:10:20,299 - ===> Validation after Training epoch: 22 	 Overall Accuracy: 59.61%	 Before inlet accuracy: 62.27% 	 After inlet accuracy: 47.31%
2022-03-12 14:29:00,854 - ===> Train Epoch: 23 	 Accuracy: 63.33% 	 Loss: 1.09343964
2022-03-12 14:34:21,452 - ===> Validation after Training epoch: 23 	 Overall Accuracy: 60.26%	 Before inlet accuracy: 63.15% 	 After inlet accuracy: 47.08%
2022-03-12 14:53:04,628 - ===> Train Epoch: 24 	 Accuracy: 63.02% 	 Loss: 1.09008367
2022-03-12 14:58:23,976 - ===> Validation after Training epoch: 24 	 Overall Accuracy: 59.96%	 Before inlet accuracy: 62.85% 	 After inlet accuracy: 46.52%
2022-03-12 15:17:01,920 - ===> Train Epoch: 25 	 Accuracy: 63.34% 	 Loss: 1.08270206
2022-03-12 15:22:25,165 - ===> Validation after Training epoch: 25 	 Overall Accuracy: 60.04%	 Before inlet accuracy: 62.90% 	 After inlet accuracy: 47.05%
2022-03-12 15:41:05,809 - ===> Train Epoch: 26 	 Accuracy: 63.26% 	 Loss: 1.07902526
2022-03-12 15:46:27,193 - ===> Validation after Training epoch: 26 	 Overall Accuracy: 59.89%	 Before inlet accuracy: 62.52% 	 After inlet accuracy: 47.95%
2022-03-12 16:05:06,093 - ===> Train Epoch: 27 	 Accuracy: 63.38% 	 Loss: 1.07427542
2022-03-12 16:10:30,379 - ===> Validation after Training epoch: 27 	 Overall Accuracy: 59.48%	 Before inlet accuracy: 62.21% 	 After inlet accuracy: 47.06%
2022-03-12 16:29:10,945 - ===> Train Epoch: 28 	 Accuracy: 63.26% 	 Loss: 1.07243435
2022-03-12 16:34:35,853 - ===> Validation after Training epoch: 28 	 Overall Accuracy: 60.28%	 Before inlet accuracy: 63.21% 	 After inlet accuracy: 46.71%
2022-03-12 16:53:19,694 - ===> Train Epoch: 29 	 Accuracy: 63.91% 	 Loss: 1.06432032
2022-03-12 16:58:42,202 - ===> Validation after Training epoch: 29 	 Overall Accuracy: 60.52%	 Before inlet accuracy: 63.35% 	 After inlet accuracy: 47.19%
2022-03-12 17:17:26,897 - ===> Train Epoch: 30 	 Accuracy: 63.71% 	 Loss: 1.06223498
2022-03-12 17:22:47,771 - ===> Validation after Training epoch: 30 	 Overall Accuracy: 59.64%	 Before inlet accuracy: 62.23% 	 After inlet accuracy: 47.86%
2022-03-12 17:41:25,949 - ===> Train Epoch: 31 	 Accuracy: 63.56% 	 Loss: 1.06124481
2022-03-12 17:46:47,412 - ===> Validation after Training epoch: 31 	 Overall Accuracy: 60.39%	 Before inlet accuracy: 63.35% 	 After inlet accuracy: 46.95%
2022-03-12 18:05:28,107 - ===> Train Epoch: 32 	 Accuracy: 63.47% 	 Loss: 1.05988291
2022-03-12 18:10:51,332 - ===> Validation after Training epoch: 32 	 Overall Accuracy: 60.17%	 Before inlet accuracy: 62.92% 	 After inlet accuracy: 47.69%
2022-03-12 18:29:38,256 - ===> Train Epoch: 33 	 Accuracy: 63.74% 	 Loss: 1.05422530
2022-03-12 18:35:01,381 - ===> Validation after Training epoch: 33 	 Overall Accuracy: 59.57%	 Before inlet accuracy: 62.18% 	 After inlet accuracy: 47.41%
2022-03-12 18:53:42,340 - ===> Train Epoch: 34 	 Accuracy: 63.82% 	 Loss: 1.05198230
2022-03-12 18:59:04,570 - ===> Validation after Training epoch: 34 	 Overall Accuracy: 59.55%	 Before inlet accuracy: 62.50% 	 After inlet accuracy: 46.27%
2022-03-12 19:17:48,507 - ===> Train Epoch: 35 	 Accuracy: 63.93% 	 Loss: 1.04909643
2022-03-12 19:23:11,269 - ===> Validation after Training epoch: 35 	 Overall Accuracy: 59.50%	 Before inlet accuracy: 62.32% 	 After inlet accuracy: 46.60%
2022-03-12 19:41:53,769 - ===> Train Epoch: 36 	 Accuracy: 64.09% 	 Loss: 1.04636496
2022-03-12 19:47:16,200 - ===> Validation after Training epoch: 36 	 Overall Accuracy: 59.96%	 Before inlet accuracy: 62.73% 	 After inlet accuracy: 47.22%
2022-03-12 20:05:59,501 - ===> Train Epoch: 37 	 Accuracy: 64.33% 	 Loss: 1.04107034
2022-03-12 20:11:19,760 - ===> Validation after Training epoch: 37 	 Overall Accuracy: 59.66%	 Before inlet accuracy: 62.42% 	 After inlet accuracy: 47.17%
2022-03-12 20:29:58,484 - ===> Train Epoch: 38 	 Accuracy: 63.89% 	 Loss: 1.04222012
2022-03-12 20:35:19,589 - ===> Validation after Training epoch: 38 	 Overall Accuracy: 60.61%	 Before inlet accuracy: 63.46% 	 After inlet accuracy: 47.65%
2022-03-12 20:54:03,087 - ===> Train Epoch: 39 	 Accuracy: 63.93% 	 Loss: 1.04024997
2022-03-12 20:59:24,967 - ===> Validation after Training epoch: 39 	 Overall Accuracy: 59.94%	 Before inlet accuracy: 62.61% 	 After inlet accuracy: 47.43%
2022-03-12 21:18:03,308 - ===> Train Epoch: 40 	 Accuracy: 64.14% 	 Loss: 1.03593177
2022-03-12 21:23:27,771 - ===> Validation after Training epoch: 40 	 Overall Accuracy: 60.62%	 Before inlet accuracy: 63.50% 	 After inlet accuracy: 47.62%
2022-03-12 21:42:09,285 - ===> Train Epoch: 41 	 Accuracy: 64.04% 	 Loss: 1.03376565
2022-03-12 21:47:33,811 - ===> Validation after Training epoch: 41 	 Overall Accuracy: 60.48%	 Before inlet accuracy: 63.30% 	 After inlet accuracy: 47.45%
2022-03-12 22:06:14,809 - ===> Train Epoch: 42 	 Accuracy: 65.16% 	 Loss: 1.03085075
2022-03-12 22:11:38,968 - ===> Validation after Training epoch: 42 	 Overall Accuracy: 63.31%	 Before inlet accuracy: 66.08% 	 After inlet accuracy: 50.62%
2022-03-12 22:30:15,262 - ===> Train Epoch: 43 	 Accuracy: 69.81% 	 Loss: 1.02839282
2022-03-12 22:35:37,823 - ===> Validation after Training epoch: 43 	 Overall Accuracy: 71.69%	 Before inlet accuracy: 74.45% 	 After inlet accuracy: 59.20%
2022-03-12 22:54:15,989 - ===> Train Epoch: 44 	 Accuracy: 75.51% 	 Loss: 1.02534431
2022-03-12 22:59:39,436 - ===> Validation after Training epoch: 44 	 Overall Accuracy: 78.10%	 Before inlet accuracy: 79.43% 	 After inlet accuracy: 71.94%
2022-03-12 23:18:24,529 - ===> Train Epoch: 45 	 Accuracy: 78.80% 	 Loss: 1.02011089
2022-03-12 23:23:48,299 - ===> Validation after Training epoch: 45 	 Overall Accuracy: 80.50%	 Before inlet accuracy: 81.22% 	 After inlet accuracy: 77.22%
2022-03-12 23:42:24,862 - ===> Train Epoch: 46 	 Accuracy: 80.42% 	 Loss: 1.01694142
2022-03-12 23:47:48,591 - ===> Validation after Training epoch: 46 	 Overall Accuracy: 82.23%	 Before inlet accuracy: 82.99% 	 After inlet accuracy: 78.75%
2022-03-13 00:06:26,631 - ===> Train Epoch: 47 	 Accuracy: 81.30% 	 Loss: 1.01151902
2022-03-13 00:11:51,581 - ===> Validation after Training epoch: 47 	 Overall Accuracy: 82.83%	 Before inlet accuracy: 83.78% 	 After inlet accuracy: 78.43%
2022-03-13 00:30:32,280 - ===> Train Epoch: 48 	 Accuracy: 82.03% 	 Loss: 1.00512908
2022-03-13 00:35:55,428 - ===> Validation after Training epoch: 48 	 Overall Accuracy: 83.45%	 Before inlet accuracy: 84.32% 	 After inlet accuracy: 79.53%
2022-03-13 00:54:31,388 - ===> Train Epoch: 49 	 Accuracy: 82.24% 	 Loss: 1.00053914
2022-03-13 00:59:56,177 - ===> Validation after Training epoch: 49 	 Overall Accuracy: 83.76%	 Before inlet accuracy: 84.64% 	 After inlet accuracy: 79.78%
2022-03-13 01:18:29,941 - ===> Train Epoch: 50 	 Accuracy: 82.65% 	 Loss: 0.99090735
2022-03-13 01:23:55,822 - ===> Validation after Training epoch: 50 	 Overall Accuracy: 84.42%	 Before inlet accuracy: 85.37% 	 After inlet accuracy: 80.10%
2022-03-13 01:42:32,938 - ===> Train Epoch: 51 	 Accuracy: 82.51% 	 Loss: 0.98554834
2022-03-13 01:47:55,412 - ===> Validation after Training epoch: 51 	 Overall Accuracy: 84.64%	 Before inlet accuracy: 85.51% 	 After inlet accuracy: 80.65%
2022-03-13 02:06:33,409 - ===> Train Epoch: 52 	 Accuracy: 82.84% 	 Loss: 0.97626134
2022-03-13 02:11:58,775 - ===> Validation after Training epoch: 52 	 Overall Accuracy: 84.89%	 Before inlet accuracy: 85.87% 	 After inlet accuracy: 80.49%
2022-03-13 02:30:36,292 - ===> Train Epoch: 53 	 Accuracy: 82.76% 	 Loss: 0.96914332
2022-03-13 02:36:00,293 - ===> Validation after Training epoch: 53 	 Overall Accuracy: 84.25%	 Before inlet accuracy: 84.96% 	 After inlet accuracy: 80.95%
2022-03-13 02:54:38,071 - ===> Train Epoch: 54 	 Accuracy: 83.02% 	 Loss: 0.95923015
2022-03-13 03:00:00,568 - ===> Validation after Training epoch: 54 	 Overall Accuracy: 84.14%	 Before inlet accuracy: 85.00% 	 After inlet accuracy: 80.19%
2022-03-13 03:18:41,702 - ===> Train Epoch: 55 	 Accuracy: 83.03% 	 Loss: 0.95256025
2022-03-13 03:24:06,295 - ===> Validation after Training epoch: 55 	 Overall Accuracy: 84.44%	 Before inlet accuracy: 85.32% 	 After inlet accuracy: 80.50%
2022-03-13 03:42:45,888 - ===> Train Epoch: 56 	 Accuracy: 82.91% 	 Loss: 0.94692538
2022-03-13 03:48:09,464 - ===> Validation after Training epoch: 56 	 Overall Accuracy: 84.66%	 Before inlet accuracy: 85.30% 	 After inlet accuracy: 81.72%
2022-03-13 04:06:46,748 - ===> Train Epoch: 57 	 Accuracy: 82.79% 	 Loss: 0.94259454
2022-03-13 04:12:14,673 - ===> Validation after Training epoch: 57 	 Overall Accuracy: 85.39%	 Before inlet accuracy: 86.05% 	 After inlet accuracy: 82.30%
2022-03-13 04:30:46,221 - ===> Train Epoch: 58 	 Accuracy: 82.92% 	 Loss: 0.93712236
2022-03-13 04:36:10,162 - ===> Validation after Training epoch: 58 	 Overall Accuracy: 84.96%	 Before inlet accuracy: 85.67% 	 After inlet accuracy: 81.60%
