2022-03-12 05:28:21,956 - ### Training Machine Ip address ###
 127.0.1.1

2022-03-12 05:28:21,956 - ### Model summary below###
 Downstream(
  (decoder): Decoder(
    (linear): ModuleList(
      (0): Linear(in_features=256, out_features=128, bias=True)
      (1): ReLU()
      (2): Linear(in_features=128, out_features=64, bias=True)
      (3): ReLU()
      (4): Linear(in_features=64, out_features=32, bias=True)
      (5): ReLU()
      (6): Linear(in_features=32, out_features=16, bias=True)
      (7): ReLU()
    )
    (out): Linear(in_features=16, out_features=4, bias=True)
    (softmax): Softmax(dim=None)
  )
  (softmax): Softmax(dim=None)
  (lsoftmax): LogSoftmax(dim=None)
  (loss_mean): CrossEntropyLoss()
)

2022-03-12 05:28:21,956 - ===> Configuration parameter
                                    GPU_id: 2
                                    batch_size: 64
                                    epoch: 300
                                    n_warmup_steps: 30
                                    validataion_period: 1
                                    ckpt_period: 5
                                    ckpt_dir: /home/user/data/HyeongseokJeon/HMC_prediction/ckpt/
                                    learning_rate: 1e-06
                                    logging: True
                                    data_dir_train: /home/user/data/HyeongseokJeon/HMC_prediction/data/drone_data/processed/train/
                                    data_dir_val: /home/user/data/HyeongseokJeon/HMC_prediction/data/drone_data/processed/val/
                                    data_dir_orig: /home/user/data/HyeongseokJeon/HMC_prediction/data/drone_data/processed/archive/
                                    occlusion_rate: 0.2
                                    splicing_num: 128
                                    LC_multiple: 5
                                    FOV: 30
                                    interpolate: False
                                    max_pred_time: 5
                                    max_hist_time: 10
                                    hz: 2
                                    val_rate: 0.2
                                    n_linear_layer: 4
                                    n_hidden_after_deconv: 256
                                    log_dir: logs/

2022-03-12 05:28:21,956 - ===> Model total parameter: 43828
2022-03-12 05:28:21,956 - ### Selected Encoder model >>> File_id : maneuver_prediction-2022-03-10_04_02_34
2022-03-12 05:28:21,956 - ### Selected Encoder weight >>> weight_id : model_70.pt
2022-03-12 05:28:21,956 - ===> Model Training Start
2022-03-12 05:40:32,835 - ===> Train Epoch: 1 	 Accuracy: 39.43% 	 Loss: 1.38188215
2022-03-12 05:45:51,614 - ===> Validation after Training epoch: 1 	 Overall Accuracy: 36.17%	 Before inlet accuracy: 38.08% 	 After inlet accuracy: 27.48%
2022-03-12 06:04:38,509 - ===> Train Epoch: 2 	 Accuracy: 39.77% 	 Loss: 1.37652076
2022-03-12 06:09:55,928 - ===> Validation after Training epoch: 2 	 Overall Accuracy: 36.61%	 Before inlet accuracy: 38.60% 	 After inlet accuracy: 27.43%
2022-03-12 06:28:38,415 - ===> Train Epoch: 3 	 Accuracy: 39.82% 	 Loss: 1.37039294
2022-03-12 06:33:55,051 - ===> Validation after Training epoch: 3 	 Overall Accuracy: 36.17%	 Before inlet accuracy: 37.93% 	 After inlet accuracy: 28.25%
2022-03-12 06:52:44,688 - ===> Train Epoch: 4 	 Accuracy: 45.76% 	 Loss: 1.36198360
2022-03-12 06:58:01,500 - ===> Validation after Training epoch: 4 	 Overall Accuracy: 49.11%	 Before inlet accuracy: 52.83% 	 After inlet accuracy: 31.83%
2022-03-12 07:16:44,598 - ===> Train Epoch: 5 	 Accuracy: 58.07% 	 Loss: 1.35067912
2022-03-12 07:22:03,308 - ===> Validation after Training epoch: 5 	 Overall Accuracy: 57.39%	 Before inlet accuracy: 60.64% 	 After inlet accuracy: 42.68%
2022-03-12 07:40:52,319 - ===> Train Epoch: 6 	 Accuracy: 57.82% 	 Loss: 1.33559507
2022-03-12 07:46:13,013 - ===> Validation after Training epoch: 6 	 Overall Accuracy: 51.94%	 Before inlet accuracy: 54.71% 	 After inlet accuracy: 39.24%
2022-03-12 08:05:02,130 - ===> Train Epoch: 7 	 Accuracy: 53.03% 	 Loss: 1.31511233
2022-03-12 08:10:21,286 - ===> Validation after Training epoch: 7 	 Overall Accuracy: 46.99%	 Before inlet accuracy: 50.25% 	 After inlet accuracy: 32.08%
2022-03-12 08:29:06,615 - ===> Train Epoch: 8 	 Accuracy: 49.06% 	 Loss: 1.29246625
2022-03-12 08:34:26,672 - ===> Validation after Training epoch: 8 	 Overall Accuracy: 42.87%	 Before inlet accuracy: 46.03% 	 After inlet accuracy: 28.53%
2022-03-12 08:53:11,811 - ===> Train Epoch: 9 	 Accuracy: 47.75% 	 Loss: 1.26902311
2022-03-12 08:58:26,886 - ===> Validation after Training epoch: 9 	 Overall Accuracy: 42.51%	 Before inlet accuracy: 45.73% 	 After inlet accuracy: 28.02%
2022-03-12 09:17:04,817 - ===> Train Epoch: 10 	 Accuracy: 48.76% 	 Loss: 1.24767235
2022-03-12 09:22:24,802 - ===> Validation after Training epoch: 10 	 Overall Accuracy: 45.84%	 Before inlet accuracy: 49.30% 	 After inlet accuracy: 29.86%
2022-03-12 09:41:10,772 - ===> Train Epoch: 11 	 Accuracy: 53.16% 	 Loss: 1.22717136
2022-03-12 09:46:28,424 - ===> Validation after Training epoch: 11 	 Overall Accuracy: 51.60%	 Before inlet accuracy: 55.58% 	 After inlet accuracy: 33.37%
2022-03-12 10:05:10,650 - ===> Train Epoch: 12 	 Accuracy: 58.22% 	 Loss: 1.21168057
2022-03-12 10:10:29,502 - ===> Validation after Training epoch: 12 	 Overall Accuracy: 60.16%	 Before inlet accuracy: 63.78% 	 After inlet accuracy: 43.68%
2022-03-12 10:29:17,297 - ===> Train Epoch: 13 	 Accuracy: 64.41% 	 Loss: 1.19193389
2022-03-12 10:34:36,811 - ===> Validation after Training epoch: 13 	 Overall Accuracy: 67.16%	 Before inlet accuracy: 70.04% 	 After inlet accuracy: 53.98%
2022-03-12 10:53:24,150 - ===> Train Epoch: 14 	 Accuracy: 68.68% 	 Loss: 1.17206097
2022-03-12 10:58:40,640 - ===> Validation after Training epoch: 14 	 Overall Accuracy: 71.67%	 Before inlet accuracy: 73.70% 	 After inlet accuracy: 62.41%
2022-03-12 11:17:19,713 - ===> Train Epoch: 15 	 Accuracy: 72.64% 	 Loss: 1.14974071
2022-03-12 11:22:37,688 - ===> Validation after Training epoch: 15 	 Overall Accuracy: 75.65%	 Before inlet accuracy: 77.40% 	 After inlet accuracy: 67.65%
2022-03-12 11:41:19,548 - ===> Train Epoch: 16 	 Accuracy: 74.86% 	 Loss: 1.13004541
2022-03-12 11:46:38,579 - ===> Validation after Training epoch: 16 	 Overall Accuracy: 77.58%	 Before inlet accuracy: 78.80% 	 After inlet accuracy: 72.01%
2022-03-12 12:05:27,544 - ===> Train Epoch: 17 	 Accuracy: 76.58% 	 Loss: 1.10822517
2022-03-12 12:10:45,472 - ===> Validation after Training epoch: 17 	 Overall Accuracy: 79.02%	 Before inlet accuracy: 80.09% 	 After inlet accuracy: 74.18%
2022-03-12 12:29:26,448 - ===> Train Epoch: 18 	 Accuracy: 77.94% 	 Loss: 1.08726520
2022-03-12 12:34:43,915 - ===> Validation after Training epoch: 18 	 Overall Accuracy: 81.14%	 Before inlet accuracy: 81.86% 	 After inlet accuracy: 77.84%
2022-03-12 12:53:31,914 - ===> Train Epoch: 19 	 Accuracy: 79.42% 	 Loss: 1.06466200
2022-03-12 12:58:48,611 - ===> Validation after Training epoch: 19 	 Overall Accuracy: 81.70%	 Before inlet accuracy: 82.44% 	 After inlet accuracy: 78.24%
2022-03-12 13:17:35,345 - ===> Train Epoch: 20 	 Accuracy: 79.41% 	 Loss: 1.05096673
2022-03-12 13:22:52,621 - ===> Validation after Training epoch: 20 	 Overall Accuracy: 82.00%	 Before inlet accuracy: 82.73% 	 After inlet accuracy: 78.63%
2022-03-12 13:41:37,415 - ===> Train Epoch: 21 	 Accuracy: 80.65% 	 Loss: 1.02994418
2022-03-12 13:46:52,347 - ===> Validation after Training epoch: 21 	 Overall Accuracy: 83.02%	 Before inlet accuracy: 83.56% 	 After inlet accuracy: 80.51%
2022-03-12 14:05:33,112 - ===> Train Epoch: 22 	 Accuracy: 80.58% 	 Loss: 1.01789361
2022-03-12 14:10:52,095 - ===> Validation after Training epoch: 22 	 Overall Accuracy: 83.69%	 Before inlet accuracy: 84.35% 	 After inlet accuracy: 80.66%
2022-03-12 14:29:31,773 - ===> Train Epoch: 23 	 Accuracy: 81.36% 	 Loss: 1.00132310
2022-03-12 14:34:51,941 - ===> Validation after Training epoch: 23 	 Overall Accuracy: 83.62%	 Before inlet accuracy: 84.39% 	 After inlet accuracy: 80.11%
2022-03-12 14:53:31,870 - ===> Train Epoch: 24 	 Accuracy: 81.53% 	 Loss: 0.98984553
2022-03-12 14:58:51,440 - ===> Validation after Training epoch: 24 	 Overall Accuracy: 84.21%	 Before inlet accuracy: 84.87% 	 After inlet accuracy: 81.14%
2022-03-12 15:17:29,797 - ===> Train Epoch: 25 	 Accuracy: 81.67% 	 Loss: 0.97974571
2022-03-12 15:22:49,101 - ===> Validation after Training epoch: 25 	 Overall Accuracy: 84.64%	 Before inlet accuracy: 85.10% 	 After inlet accuracy: 82.54%
2022-03-12 15:41:34,307 - ===> Train Epoch: 26 	 Accuracy: 81.94% 	 Loss: 0.96889474
2022-03-12 15:46:57,906 - ===> Validation after Training epoch: 26 	 Overall Accuracy: 84.58%	 Before inlet accuracy: 85.21% 	 After inlet accuracy: 81.67%
2022-03-12 16:05:46,556 - ===> Train Epoch: 27 	 Accuracy: 82.08% 	 Loss: 0.96187732
2022-03-12 16:11:08,060 - ===> Validation after Training epoch: 27 	 Overall Accuracy: 84.37%	 Before inlet accuracy: 85.17% 	 After inlet accuracy: 80.71%
2022-03-12 16:29:51,393 - ===> Train Epoch: 28 	 Accuracy: 82.29% 	 Loss: 0.95408349
