2022-03-12 05:27:55,671 - ### Training Machine Ip address ###
 127.0.1.1

2022-03-12 05:27:55,671 - ### Model summary below###
 Downstream(
  (decoder): Decoder(
    (linear): ModuleList(
      (0): Linear(in_features=256, out_features=128, bias=True)
      (1): ReLU()
      (2): Linear(in_features=128, out_features=64, bias=True)
      (3): ReLU()
      (4): Linear(in_features=64, out_features=32, bias=True)
      (5): ReLU()
      (6): Linear(in_features=32, out_features=16, bias=True)
      (7): ReLU()
    )
    (out): Linear(in_features=16, out_features=4, bias=True)
    (softmax): Softmax(dim=None)
  )
  (softmax): Softmax(dim=None)
  (lsoftmax): LogSoftmax(dim=None)
  (loss_mean): CrossEntropyLoss()
)

2022-03-12 05:27:55,671 - ===> Configuration parameter
                                    GPU_id: 1
                                    batch_size: 64
                                    epoch: 300
                                    n_warmup_steps: 30
                                    validataion_period: 1
                                    ckpt_period: 5
                                    ckpt_dir: /home/user/data/HyeongseokJeon/HMC_prediction/ckpt/
                                    learning_rate: 1e-06
                                    logging: True
                                    data_dir_train: /home/user/data/HyeongseokJeon/HMC_prediction/data/drone_data/processed/train/
                                    data_dir_val: /home/user/data/HyeongseokJeon/HMC_prediction/data/drone_data/processed/val/
                                    data_dir_orig: /home/user/data/HyeongseokJeon/HMC_prediction/data/drone_data/processed/archive/
                                    occlusion_rate: 0.2
                                    splicing_num: 128
                                    LC_multiple: 5
                                    FOV: 30
                                    interpolate: False
                                    max_pred_time: 5
                                    max_hist_time: 10
                                    hz: 2
                                    val_rate: 0.2
                                    n_linear_layer: 4
                                    n_hidden_after_deconv: 256
                                    log_dir: logs/

2022-03-12 05:27:55,671 - ===> Model total parameter: 43828
2022-03-12 05:27:55,671 - ### Selected Encoder model >>> File_id : maneuver_prediction-2022-03-10_04_02_34
2022-03-12 05:27:55,671 - ### Selected Encoder weight >>> weight_id : model_55.pt
2022-03-12 05:27:55,671 - ===> Model Training Start
2022-03-12 05:41:20,987 - ===> Train Epoch: 1 	 Accuracy: 33.98% 	 Loss: 1.37203490
2022-03-12 05:46:52,614 - ===> Validation after Training epoch: 1 	 Overall Accuracy: 25.68%	 Before inlet accuracy: 26.16% 	 After inlet accuracy: 23.46%
2022-03-12 06:06:05,954 - ===> Train Epoch: 2 	 Accuracy: 34.08% 	 Loss: 1.36877631
2022-03-12 06:11:30,955 - ===> Validation after Training epoch: 2 	 Overall Accuracy: 25.30%	 Before inlet accuracy: 25.63% 	 After inlet accuracy: 23.79%
2022-03-12 06:30:42,444 - ===> Train Epoch: 3 	 Accuracy: 34.04% 	 Loss: 1.36495838
2022-03-12 06:36:05,614 - ===> Validation after Training epoch: 3 	 Overall Accuracy: 25.39%	 Before inlet accuracy: 25.78% 	 After inlet accuracy: 23.61%
2022-03-12 06:55:19,152 - ===> Train Epoch: 4 	 Accuracy: 34.21% 	 Loss: 1.35981262
2022-03-12 07:00:43,287 - ===> Validation after Training epoch: 4 	 Overall Accuracy: 25.62%	 Before inlet accuracy: 26.00% 	 After inlet accuracy: 23.86%
2022-03-12 07:19:57,550 - ===> Train Epoch: 5 	 Accuracy: 33.97% 	 Loss: 1.35321477
2022-03-12 07:25:21,577 - ===> Validation after Training epoch: 5 	 Overall Accuracy: 25.27%	 Before inlet accuracy: 25.60% 	 After inlet accuracy: 23.78%
2022-03-12 07:44:42,080 - ===> Train Epoch: 6 	 Accuracy: 34.73% 	 Loss: 1.34406425
2022-03-12 07:50:06,748 - ===> Validation after Training epoch: 6 	 Overall Accuracy: 31.33%	 Before inlet accuracy: 33.00% 	 After inlet accuracy: 23.68%
2022-03-12 08:09:24,211 - ===> Train Epoch: 7 	 Accuracy: 45.37% 	 Loss: 1.33253171
2022-03-12 08:14:52,414 - ===> Validation after Training epoch: 7 	 Overall Accuracy: 44.13%	 Before inlet accuracy: 47.33% 	 After inlet accuracy: 29.52%
2022-03-12 08:34:07,961 - ===> Train Epoch: 8 	 Accuracy: 50.92% 	 Loss: 1.31824115
2022-03-12 08:39:33,919 - ===> Validation after Training epoch: 8 	 Overall Accuracy: 50.48%	 Before inlet accuracy: 53.56% 	 After inlet accuracy: 36.43%
2022-03-12 08:58:49,759 - ===> Train Epoch: 9 	 Accuracy: 55.93% 	 Loss: 1.30119206
2022-03-12 09:04:12,581 - ===> Validation after Training epoch: 9 	 Overall Accuracy: 54.33%	 Before inlet accuracy: 56.79% 	 After inlet accuracy: 42.99%
2022-03-12 09:23:21,644 - ===> Train Epoch: 10 	 Accuracy: 58.67% 	 Loss: 1.28146329
2022-03-12 09:28:47,246 - ===> Validation after Training epoch: 10 	 Overall Accuracy: 53.88%	 Before inlet accuracy: 56.35% 	 After inlet accuracy: 42.71%
2022-03-12 09:48:06,967 - ===> Train Epoch: 11 	 Accuracy: 57.76% 	 Loss: 1.26268095
2022-03-12 09:53:32,340 - ===> Validation after Training epoch: 11 	 Overall Accuracy: 52.22%	 Before inlet accuracy: 54.15% 	 After inlet accuracy: 43.31%
2022-03-12 10:12:45,311 - ===> Train Epoch: 12 	 Accuracy: 57.14% 	 Loss: 1.24191906
2022-03-12 10:18:10,395 - ===> Validation after Training epoch: 12 	 Overall Accuracy: 52.67%	 Before inlet accuracy: 54.94% 	 After inlet accuracy: 42.38%
2022-03-12 10:37:30,421 - ===> Train Epoch: 13 	 Accuracy: 56.75% 	 Loss: 1.22416254
2022-03-12 10:42:58,513 - ===> Validation after Training epoch: 13 	 Overall Accuracy: 52.87%	 Before inlet accuracy: 55.23% 	 After inlet accuracy: 42.12%
2022-03-12 11:02:09,190 - ===> Train Epoch: 14 	 Accuracy: 57.15% 	 Loss: 1.20919020
2022-03-12 11:07:33,262 - ===> Validation after Training epoch: 14 	 Overall Accuracy: 53.62%	 Before inlet accuracy: 55.91% 	 After inlet accuracy: 43.37%
2022-03-12 11:26:44,334 - ===> Train Epoch: 15 	 Accuracy: 58.50% 	 Loss: 1.19327539
2022-03-12 11:32:10,329 - ===> Validation after Training epoch: 15 	 Overall Accuracy: 55.48%	 Before inlet accuracy: 57.87% 	 After inlet accuracy: 44.41%
2022-03-12 11:51:16,768 - ===> Train Epoch: 16 	 Accuracy: 59.46% 	 Loss: 1.18092817
2022-03-12 11:56:44,212 - ===> Validation after Training epoch: 16 	 Overall Accuracy: 57.18%	 Before inlet accuracy: 59.91% 	 After inlet accuracy: 44.71%
2022-03-12 12:16:04,474 - ===> Train Epoch: 17 	 Accuracy: 62.72% 	 Loss: 1.16598750
2022-03-12 12:21:31,531 - ===> Validation after Training epoch: 17 	 Overall Accuracy: 62.03%	 Before inlet accuracy: 64.60% 	 After inlet accuracy: 50.29%
2022-03-12 12:40:40,425 - ===> Train Epoch: 18 	 Accuracy: 67.38% 	 Loss: 1.15208927
2022-03-12 12:46:07,808 - ===> Validation after Training epoch: 18 	 Overall Accuracy: 68.37%	 Before inlet accuracy: 70.10% 	 After inlet accuracy: 60.41%
2022-03-12 13:05:20,443 - ===> Train Epoch: 19 	 Accuracy: 72.24% 	 Loss: 1.13711762
2022-03-12 13:10:47,678 - ===> Validation after Training epoch: 19 	 Overall Accuracy: 73.22%	 Before inlet accuracy: 74.23% 	 After inlet accuracy: 68.52%
2022-03-12 13:29:59,407 - ===> Train Epoch: 20 	 Accuracy: 74.94% 	 Loss: 1.12466515
2022-03-12 13:35:27,077 - ===> Validation after Training epoch: 20 	 Overall Accuracy: 76.00%	 Before inlet accuracy: 76.72% 	 After inlet accuracy: 72.71%
2022-03-12 13:54:41,702 - ===> Train Epoch: 21 	 Accuracy: 76.86% 	 Loss: 1.11079041
2022-03-12 14:00:10,763 - ===> Validation after Training epoch: 21 	 Overall Accuracy: 77.23%	 Before inlet accuracy: 77.70% 	 After inlet accuracy: 75.10%
2022-03-12 14:19:21,753 - ===> Train Epoch: 22 	 Accuracy: 78.12% 	 Loss: 1.09732576
2022-03-12 14:24:51,044 - ===> Validation after Training epoch: 22 	 Overall Accuracy: 78.54%	 Before inlet accuracy: 79.13% 	 After inlet accuracy: 75.87%
2022-03-12 14:44:03,789 - ===> Train Epoch: 23 	 Accuracy: 79.07% 	 Loss: 1.08253484
2022-03-12 14:49:29,705 - ===> Validation after Training epoch: 23 	 Overall Accuracy: 80.69%	 Before inlet accuracy: 81.24% 	 After inlet accuracy: 78.14%
2022-03-12 15:08:42,431 - ===> Train Epoch: 24 	 Accuracy: 79.47% 	 Loss: 1.07257936
2022-03-12 15:14:10,296 - ===> Validation after Training epoch: 24 	 Overall Accuracy: 81.09%	 Before inlet accuracy: 81.81% 	 After inlet accuracy: 77.83%
2022-03-12 15:33:19,231 - ===> Train Epoch: 25 	 Accuracy: 80.25% 	 Loss: 1.05695018
2022-03-12 15:38:45,739 - ===> Validation after Training epoch: 25 	 Overall Accuracy: 81.31%	 Before inlet accuracy: 81.90% 	 After inlet accuracy: 78.58%
2022-03-12 15:57:59,058 - ===> Train Epoch: 26 	 Accuracy: 80.70% 	 Loss: 1.04271084
2022-03-12 16:03:27,363 - ===> Validation after Training epoch: 26 	 Overall Accuracy: 82.51%	 Before inlet accuracy: 83.16% 	 After inlet accuracy: 79.59%
2022-03-12 16:22:39,797 - ===> Train Epoch: 27 	 Accuracy: 80.89% 	 Loss: 1.03161162
2022-03-12 16:28:07,455 - ===> Validation after Training epoch: 27 	 Overall Accuracy: 83.55%	 Before inlet accuracy: 84.27% 	 After inlet accuracy: 80.29%
2022-03-12 16:47:25,792 - ===> Train Epoch: 28 	 Accuracy: 81.24% 	 Loss: 1.01748445
2022-03-12 16:52:57,501 - ===> Validation after Training epoch: 28 	 Overall Accuracy: 83.55%	 Before inlet accuracy: 84.27% 	 After inlet accuracy: 80.26%
2022-03-12 17:12:10,896 - ===> Train Epoch: 29 	 Accuracy: 81.66% 	 Loss: 1.00474856
2022-03-12 17:17:38,957 - ===> Validation after Training epoch: 29 	 Overall Accuracy: 83.29%	 Before inlet accuracy: 83.85% 	 After inlet accuracy: 80.80%
2022-03-12 17:36:50,134 - ===> Train Epoch: 30 	 Accuracy: 81.96% 	 Loss: 0.99287375
2022-03-12 17:42:18,304 - ===> Validation after Training epoch: 30 	 Overall Accuracy: 84.09%	 Before inlet accuracy: 85.02% 	 After inlet accuracy: 79.87%
2022-03-12 18:01:27,769 - ===> Train Epoch: 31 	 Accuracy: 82.12% 	 Loss: 0.98238062
2022-03-12 18:06:55,549 - ===> Validation after Training epoch: 31 	 Overall Accuracy: 83.84%	 Before inlet accuracy: 84.54% 	 After inlet accuracy: 80.58%
2022-03-12 18:25:58,944 - ===> Train Epoch: 32 	 Accuracy: 82.30% 	 Loss: 0.97250297
2022-03-12 18:31:29,369 - ===> Validation after Training epoch: 32 	 Overall Accuracy: 84.40%	 Before inlet accuracy: 85.30% 	 After inlet accuracy: 80.28%
2022-03-12 18:50:40,331 - ===> Train Epoch: 33 	 Accuracy: 82.42% 	 Loss: 0.96440907
2022-03-12 18:56:10,247 - ===> Validation after Training epoch: 33 	 Overall Accuracy: 84.50%	 Before inlet accuracy: 85.30% 	 After inlet accuracy: 80.80%
2022-03-12 19:15:19,443 - ===> Train Epoch: 34 	 Accuracy: 82.69% 	 Loss: 0.95555067
2022-03-12 19:20:47,453 - ===> Validation after Training epoch: 34 	 Overall Accuracy: 84.54%	 Before inlet accuracy: 85.31% 	 After inlet accuracy: 81.05%
2022-03-12 19:40:02,556 - ===> Train Epoch: 35 	 Accuracy: 82.60% 	 Loss: 0.95151537
2022-03-12 19:45:32,077 - ===> Validation after Training epoch: 35 	 Overall Accuracy: 85.02%	 Before inlet accuracy: 85.89% 	 After inlet accuracy: 81.08%
2022-03-12 20:04:46,240 - ===> Train Epoch: 36 	 Accuracy: 82.36% 	 Loss: 0.94948612
2022-03-12 20:10:16,030 - ===> Validation after Training epoch: 36 	 Overall Accuracy: 84.15%	 Before inlet accuracy: 84.93% 	 After inlet accuracy: 80.51%
2022-03-12 20:29:28,606 - ===> Train Epoch: 37 	 Accuracy: 82.28% 	 Loss: 0.94670299
2022-03-12 20:35:02,044 - ===> Validation after Training epoch: 37 	 Overall Accuracy: 84.49%	 Before inlet accuracy: 85.31% 	 After inlet accuracy: 80.70%
2022-03-12 20:54:09,233 - ===> Train Epoch: 38 	 Accuracy: 82.59% 	 Loss: 0.94028128
2022-03-12 20:59:38,787 - ===> Validation after Training epoch: 38 	 Overall Accuracy: 84.94%	 Before inlet accuracy: 85.89% 	 After inlet accuracy: 80.63%
2022-03-12 21:18:51,406 - ===> Train Epoch: 39 	 Accuracy: 82.85% 	 Loss: 0.93528315
2022-03-12 21:24:22,711 - ===> Validation after Training epoch: 39 	 Overall Accuracy: 84.65%	 Before inlet accuracy: 85.62% 	 After inlet accuracy: 80.26%
2022-03-12 21:43:37,558 - ===> Train Epoch: 40 	 Accuracy: 82.84% 	 Loss: 0.93346492
2022-03-12 21:49:06,801 - ===> Validation after Training epoch: 40 	 Overall Accuracy: 84.96%	 Before inlet accuracy: 85.79% 	 After inlet accuracy: 81.21%
