2022-03-12 05:36:26,476 - ### Training Machine Ip address ###
 127.0.1.1

2022-03-12 05:36:26,476 - ### Model summary below###
 Downstream(
  (decoder): Decoder(
    (linear): ModuleList(
      (0): Linear(in_features=256, out_features=128, bias=True)
      (1): ReLU()
      (2): Linear(in_features=128, out_features=64, bias=True)
      (3): ReLU()
      (4): Linear(in_features=64, out_features=32, bias=True)
      (5): ReLU()
      (6): Linear(in_features=32, out_features=16, bias=True)
      (7): ReLU()
    )
    (out): Linear(in_features=16, out_features=4, bias=True)
    (softmax): Softmax(dim=None)
  )
  (softmax): Softmax(dim=None)
  (lsoftmax): LogSoftmax(dim=None)
  (loss_mean): CrossEntropyLoss()
)

2022-03-12 05:36:26,477 - ===> Configuration parameter
                                    GPU_id: 1
                                    batch_size: 64
                                    epoch: 300
                                    n_warmup_steps: 30
                                    validataion_period: 1
                                    ckpt_period: 5
                                    ckpt_dir: /home/user/data/HyeongseokJeon/HMC_prediction/ckpt/
                                    learning_rate: 1e-06
                                    logging: True
                                    data_dir_train: /home/user/data/HyeongseokJeon/HMC_prediction/data/drone_data/processed/train/
                                    data_dir_val: /home/user/data/HyeongseokJeon/HMC_prediction/data/drone_data/processed/val/
                                    data_dir_orig: /home/user/data/HyeongseokJeon/HMC_prediction/data/drone_data/processed/archive/
                                    occlusion_rate: 0.2
                                    splicing_num: 128
                                    LC_multiple: 5
                                    FOV: 30
                                    interpolate: False
                                    max_pred_time: 5
                                    max_hist_time: 10
                                    hz: 2
                                    val_rate: 0.2
                                    n_linear_layer: 4
                                    n_hidden_after_deconv: 256
                                    log_dir: logs/

2022-03-12 05:36:26,477 - ===> Model total parameter: 43828
2022-03-12 05:36:26,477 - ### Selected Encoder model >>> File_id : maneuver_prediction-2022-03-10_04_02_34
2022-03-12 05:36:26,477 - ### Selected Encoder weight >>> weight_id : model_140.pt
2022-03-12 05:36:26,478 - ===> Model Training Start
2022-03-12 05:55:14,764 - ===> Train Epoch: 1 	 Accuracy: 0.35% 	 Loss: 1.40079097
2022-03-12 06:00:50,314 - ===> Validation after Training epoch: 1 	 Overall Accuracy: 4.00%	 Before inlet accuracy: 4.26% 	 After inlet accuracy: 2.80%
2022-03-12 06:19:55,491 - ===> Train Epoch: 2 	 Accuracy: 13.55% 	 Loss: 1.39878922
2022-03-12 06:25:29,992 - ===> Validation after Training epoch: 2 	 Overall Accuracy: 26.04%	 Before inlet accuracy: 26.96% 	 After inlet accuracy: 21.77%
2022-03-12 06:44:37,736 - ===> Train Epoch: 3 	 Accuracy: 31.92% 	 Loss: 1.39555069
2022-03-12 06:50:12,248 - ===> Validation after Training epoch: 3 	 Overall Accuracy: 26.25%	 Before inlet accuracy: 26.79% 	 After inlet accuracy: 23.77%
2022-03-12 07:09:13,659 - ===> Train Epoch: 4 	 Accuracy: 34.15% 	 Loss: 1.39075351
2022-03-12 07:14:45,985 - ===> Validation after Training epoch: 4 	 Overall Accuracy: 25.61%	 Before inlet accuracy: 26.12% 	 After inlet accuracy: 23.30%
2022-03-12 07:33:48,367 - ===> Train Epoch: 5 	 Accuracy: 34.33% 	 Loss: 1.38381084
2022-03-12 07:39:24,308 - ===> Validation after Training epoch: 5 	 Overall Accuracy: 25.53%	 Before inlet accuracy: 25.96% 	 After inlet accuracy: 23.57%
2022-03-12 07:58:34,816 - ===> Train Epoch: 6 	 Accuracy: 33.92% 	 Loss: 1.37484009
2022-03-12 08:04:10,251 - ===> Validation after Training epoch: 6 	 Overall Accuracy: 25.75%	 Before inlet accuracy: 26.30% 	 After inlet accuracy: 23.23%
2022-03-12 08:23:18,728 - ===> Train Epoch: 7 	 Accuracy: 34.33% 	 Loss: 1.36118584
2022-03-12 08:28:54,368 - ===> Validation after Training epoch: 7 	 Overall Accuracy: 25.66%	 Before inlet accuracy: 26.17% 	 After inlet accuracy: 23.35%
2022-03-12 08:47:58,385 - ===> Train Epoch: 8 	 Accuracy: 34.02% 	 Loss: 1.34538074
2022-03-12 08:53:34,887 - ===> Validation after Training epoch: 8 	 Overall Accuracy: 25.53%	 Before inlet accuracy: 25.99% 	 After inlet accuracy: 23.44%
2022-03-12 09:12:44,526 - ===> Train Epoch: 9 	 Accuracy: 34.27% 	 Loss: 1.32620530
2022-03-12 09:18:18,420 - ===> Validation after Training epoch: 9 	 Overall Accuracy: 25.69%	 Before inlet accuracy: 26.03% 	 After inlet accuracy: 24.08%
2022-03-12 09:37:24,172 - ===> Train Epoch: 10 	 Accuracy: 34.32% 	 Loss: 1.30660410
2022-03-12 09:42:59,153 - ===> Validation after Training epoch: 10 	 Overall Accuracy: 25.36%	 Before inlet accuracy: 25.66% 	 After inlet accuracy: 23.96%
2022-03-12 10:02:02,901 - ===> Train Epoch: 11 	 Accuracy: 34.45% 	 Loss: 1.28614359
2022-03-12 10:07:36,722 - ===> Validation after Training epoch: 11 	 Overall Accuracy: 25.87%	 Before inlet accuracy: 26.28% 	 After inlet accuracy: 24.00%
2022-03-12 10:26:46,394 - ===> Train Epoch: 12 	 Accuracy: 34.65% 	 Loss: 1.26838530
2022-03-12 10:32:18,661 - ===> Validation after Training epoch: 12 	 Overall Accuracy: 26.89%	 Before inlet accuracy: 27.57% 	 After inlet accuracy: 23.80%
2022-03-12 10:51:27,918 - ===> Train Epoch: 13 	 Accuracy: 40.38% 	 Loss: 1.25427667
2022-03-12 10:57:03,655 - ===> Validation after Training epoch: 13 	 Overall Accuracy: 36.09%	 Before inlet accuracy: 38.79% 	 After inlet accuracy: 23.67%
2022-03-12 11:16:06,808 - ===> Train Epoch: 14 	 Accuracy: 45.55% 	 Loss: 1.23617557
2022-03-12 11:21:42,396 - ===> Validation after Training epoch: 14 	 Overall Accuracy: 42.02%	 Before inlet accuracy: 45.70% 	 After inlet accuracy: 25.41%
2022-03-12 11:40:47,073 - ===> Train Epoch: 15 	 Accuracy: 50.44% 	 Loss: 1.22031579
2022-03-12 11:46:20,666 - ===> Validation after Training epoch: 15 	 Overall Accuracy: 48.32%	 Before inlet accuracy: 52.38% 	 After inlet accuracy: 29.57%
2022-03-12 12:05:28,001 - ===> Train Epoch: 16 	 Accuracy: 56.03% 	 Loss: 1.20277298
2022-03-12 12:11:01,300 - ===> Validation after Training epoch: 16 	 Overall Accuracy: 56.16%	 Before inlet accuracy: 60.57% 	 After inlet accuracy: 35.79%
2022-03-12 12:30:10,019 - ===> Train Epoch: 17 	 Accuracy: 61.93% 	 Loss: 1.18128448
2022-03-12 12:35:46,014 - ===> Validation after Training epoch: 17 	 Overall Accuracy: 63.04%	 Before inlet accuracy: 67.96% 	 After inlet accuracy: 40.09%
2022-03-12 12:54:53,929 - ===> Train Epoch: 18 	 Accuracy: 64.80% 	 Loss: 1.16154971
2022-03-12 13:00:29,631 - ===> Validation after Training epoch: 18 	 Overall Accuracy: 65.12%	 Before inlet accuracy: 70.08% 	 After inlet accuracy: 42.48%
2022-03-12 13:19:38,842 - ===> Train Epoch: 19 	 Accuracy: 66.56% 	 Loss: 1.13818826
2022-03-12 13:25:13,986 - ===> Validation after Training epoch: 19 	 Overall Accuracy: 65.69%	 Before inlet accuracy: 70.38% 	 After inlet accuracy: 44.08%
2022-03-12 13:44:21,188 - ===> Train Epoch: 20 	 Accuracy: 66.92% 	 Loss: 1.11881167
2022-03-12 13:49:56,452 - ===> Validation after Training epoch: 20 	 Overall Accuracy: 65.50%	 Before inlet accuracy: 69.93% 	 After inlet accuracy: 44.90%
2022-03-12 14:09:00,485 - ===> Train Epoch: 21 	 Accuracy: 67.32% 	 Loss: 1.10266928
2022-03-12 14:14:37,301 - ===> Validation after Training epoch: 21 	 Overall Accuracy: 66.28%	 Before inlet accuracy: 70.58% 	 After inlet accuracy: 46.43%
2022-03-12 14:33:42,192 - ===> Train Epoch: 22 	 Accuracy: 67.80% 	 Loss: 1.08854943
2022-03-12 14:39:13,138 - ===> Validation after Training epoch: 22 	 Overall Accuracy: 66.55%	 Before inlet accuracy: 70.94% 	 After inlet accuracy: 46.60%
2022-03-12 14:58:20,381 - ===> Train Epoch: 23 	 Accuracy: 68.82% 	 Loss: 1.07465866
2022-03-12 15:03:53,525 - ===> Validation after Training epoch: 23 	 Overall Accuracy: 68.05%	 Before inlet accuracy: 72.66% 	 After inlet accuracy: 47.14%
2022-03-12 15:23:03,528 - ===> Train Epoch: 24 	 Accuracy: 69.67% 	 Loss: 1.06622839
2022-03-12 15:28:34,317 - ===> Validation after Training epoch: 24 	 Overall Accuracy: 69.00%	 Before inlet accuracy: 73.56% 	 After inlet accuracy: 47.85%
2022-03-12 15:47:36,500 - ===> Train Epoch: 25 	 Accuracy: 71.06% 	 Loss: 1.05826486
2022-03-12 15:53:09,215 - ===> Validation after Training epoch: 25 	 Overall Accuracy: 70.52%	 Before inlet accuracy: 75.12% 	 After inlet accuracy: 49.11%
2022-03-12 16:12:12,112 - ===> Train Epoch: 26 	 Accuracy: 72.25% 	 Loss: 1.05182475
2022-03-12 16:17:47,991 - ===> Validation after Training epoch: 26 	 Overall Accuracy: 72.38%	 Before inlet accuracy: 76.66% 	 After inlet accuracy: 52.94%
2022-03-12 16:36:49,515 - ===> Train Epoch: 27 	 Accuracy: 74.34% 	 Loss: 1.04227464
2022-03-12 16:42:24,733 - ===> Validation after Training epoch: 27 	 Overall Accuracy: 75.40%	 Before inlet accuracy: 78.89% 	 After inlet accuracy: 59.54%
2022-03-12 17:01:27,262 - ===> Train Epoch: 28 	 Accuracy: 76.17% 	 Loss: 1.03458129
2022-03-12 17:07:02,941 - ===> Validation after Training epoch: 28 	 Overall Accuracy: 76.89%	 Before inlet accuracy: 79.61% 	 After inlet accuracy: 64.42%
2022-03-12 17:26:07,361 - ===> Train Epoch: 29 	 Accuracy: 77.77% 	 Loss: 1.02764262
2022-03-12 17:31:42,282 - ===> Validation after Training epoch: 29 	 Overall Accuracy: 78.52%	 Before inlet accuracy: 80.38% 	 After inlet accuracy: 70.04%
2022-03-12 17:50:48,610 - ===> Train Epoch: 30 	 Accuracy: 78.83% 	 Loss: 1.02325320
2022-03-12 17:56:25,922 - ===> Validation after Training epoch: 30 	 Overall Accuracy: 80.30%	 Before inlet accuracy: 81.89% 	 After inlet accuracy: 73.04%
2022-03-12 18:15:30,630 - ===> Train Epoch: 31 	 Accuracy: 79.76% 	 Loss: 1.01474126
2022-03-12 18:21:05,952 - ===> Validation after Training epoch: 31 	 Overall Accuracy: 81.38%	 Before inlet accuracy: 82.67% 	 After inlet accuracy: 75.56%
2022-03-12 18:40:17,386 - ===> Train Epoch: 32 	 Accuracy: 80.63% 	 Loss: 1.00701073
2022-03-12 18:45:51,664 - ===> Validation after Training epoch: 32 	 Overall Accuracy: 81.94%	 Before inlet accuracy: 83.03% 	 After inlet accuracy: 76.97%
2022-03-12 19:04:58,419 - ===> Train Epoch: 33 	 Accuracy: 81.26% 	 Loss: 0.99819676
2022-03-12 19:10:33,468 - ===> Validation after Training epoch: 33 	 Overall Accuracy: 83.28%	 Before inlet accuracy: 84.25% 	 After inlet accuracy: 78.87%
2022-03-12 19:29:33,912 - ===> Train Epoch: 34 	 Accuracy: 81.62% 	 Loss: 0.99011875
2022-03-12 19:35:07,992 - ===> Validation after Training epoch: 34 	 Overall Accuracy: 82.92%	 Before inlet accuracy: 83.69% 	 After inlet accuracy: 79.35%
2022-03-12 19:54:17,869 - ===> Train Epoch: 35 	 Accuracy: 81.96% 	 Loss: 0.98324042
2022-03-12 19:59:53,304 - ===> Validation after Training epoch: 35 	 Overall Accuracy: 83.97%	 Before inlet accuracy: 84.86% 	 After inlet accuracy: 79.92%
2022-03-12 20:18:52,440 - ===> Train Epoch: 36 	 Accuracy: 81.96% 	 Loss: 0.97829937
2022-03-12 20:24:26,828 - ===> Validation after Training epoch: 36 	 Overall Accuracy: 83.45%	 Before inlet accuracy: 84.17% 	 After inlet accuracy: 80.16%
2022-03-12 20:43:34,446 - ===> Train Epoch: 37 	 Accuracy: 82.30% 	 Loss: 0.96940806
2022-03-12 20:49:08,378 - ===> Validation after Training epoch: 37 	 Overall Accuracy: 84.47%	 Before inlet accuracy: 85.31% 	 After inlet accuracy: 80.69%
2022-03-12 21:08:08,702 - ===> Train Epoch: 38 	 Accuracy: 82.57% 	 Loss: 0.96140130
2022-03-12 21:13:46,220 - ===> Validation after Training epoch: 38 	 Overall Accuracy: 84.40%	 Before inlet accuracy: 85.13% 	 After inlet accuracy: 81.09%
2022-03-12 21:32:42,298 - ===> Train Epoch: 39 	 Accuracy: 82.70% 	 Loss: 0.95564239
2022-03-12 21:38:15,843 - ===> Validation after Training epoch: 39 	 Overall Accuracy: 83.71%	 Before inlet accuracy: 84.60% 	 After inlet accuracy: 79.73%
2022-03-12 21:57:21,840 - ===> Train Epoch: 40 	 Accuracy: 82.74% 	 Loss: 0.95057425
2022-03-12 22:02:55,573 - ===> Validation after Training epoch: 40 	 Overall Accuracy: 84.66%	 Before inlet accuracy: 85.50% 	 After inlet accuracy: 80.77%
2022-03-12 22:22:00,103 - ===> Train Epoch: 41 	 Accuracy: 82.45% 	 Loss: 0.94919268
2022-03-12 22:27:33,845 - ===> Validation after Training epoch: 41 	 Overall Accuracy: 84.58%	 Before inlet accuracy: 85.48% 	 After inlet accuracy: 80.46%
2022-03-12 22:46:39,915 - ===> Train Epoch: 42 	 Accuracy: 82.72% 	 Loss: 0.94339020
2022-03-12 22:52:13,336 - ===> Validation after Training epoch: 42 	 Overall Accuracy: 84.36%	 Before inlet accuracy: 85.23% 	 After inlet accuracy: 80.35%
2022-03-12 23:11:18,320 - ===> Train Epoch: 43 	 Accuracy: 82.57% 	 Loss: 0.94137301
2022-03-12 23:16:51,629 - ===> Validation after Training epoch: 43 	 Overall Accuracy: 84.72%	 Before inlet accuracy: 85.72% 	 After inlet accuracy: 80.23%
2022-03-12 23:35:56,100 - ===> Train Epoch: 44 	 Accuracy: 82.83% 	 Loss: 0.93575844
2022-03-12 23:41:28,415 - ===> Validation after Training epoch: 44 	 Overall Accuracy: 84.46%	 Before inlet accuracy: 85.38% 	 After inlet accuracy: 80.28%
2022-03-13 00:00:34,444 - ===> Train Epoch: 45 	 Accuracy: 82.72% 	 Loss: 0.93541784
2022-03-13 00:06:10,427 - ===> Validation after Training epoch: 45 	 Overall Accuracy: 84.91%	 Before inlet accuracy: 85.87% 	 After inlet accuracy: 80.48%
2022-03-13 00:25:17,257 - ===> Train Epoch: 46 	 Accuracy: 82.90% 	 Loss: 0.93150946
2022-03-13 00:30:54,486 - ===> Validation after Training epoch: 46 	 Overall Accuracy: 84.52%	 Before inlet accuracy: 85.17% 	 After inlet accuracy: 81.53%
2022-03-13 00:49:57,627 - ===> Train Epoch: 47 	 Accuracy: 83.04% 	 Loss: 0.92796093
2022-03-13 00:55:32,420 - ===> Validation after Training epoch: 47 	 Overall Accuracy: 84.56%	 Before inlet accuracy: 85.30% 	 After inlet accuracy: 81.23%
2022-03-13 01:14:35,684 - ===> Train Epoch: 48 	 Accuracy: 82.88% 	 Loss: 0.92822426
2022-03-13 01:20:12,162 - ===> Validation after Training epoch: 48 	 Overall Accuracy: 85.35%	 Before inlet accuracy: 86.06% 	 After inlet accuracy: 82.07%
2022-03-13 01:39:18,552 - ===> Train Epoch: 49 	 Accuracy: 82.70% 	 Loss: 0.92830838
2022-03-13 01:44:51,495 - ===> Validation after Training epoch: 49 	 Overall Accuracy: 84.64%	 Before inlet accuracy: 85.45% 	 After inlet accuracy: 81.01%
2022-03-13 02:03:58,306 - ===> Train Epoch: 50 	 Accuracy: 82.88% 	 Loss: 0.92586397
2022-03-13 02:09:32,061 - ===> Validation after Training epoch: 50 	 Overall Accuracy: 84.76%	 Before inlet accuracy: 85.43% 	 After inlet accuracy: 81.68%
2022-03-13 02:28:37,807 - ===> Train Epoch: 51 	 Accuracy: 82.87% 	 Loss: 0.92440677
2022-03-13 02:34:12,078 - ===> Validation after Training epoch: 51 	 Overall Accuracy: 85.09%	 Before inlet accuracy: 85.68% 	 After inlet accuracy: 82.28%
2022-03-13 02:53:21,476 - ===> Train Epoch: 52 	 Accuracy: 82.82% 	 Loss: 0.92449784
2022-03-13 02:58:55,360 - ===> Validation after Training epoch: 52 	 Overall Accuracy: 84.62%	 Before inlet accuracy: 85.40% 	 After inlet accuracy: 81.02%
2022-03-13 03:17:55,009 - ===> Train Epoch: 53 	 Accuracy: 82.83% 	 Loss: 0.92365070
2022-03-13 03:23:31,699 - ===> Validation after Training epoch: 53 	 Overall Accuracy: 85.04%	 Before inlet accuracy: 85.54% 	 After inlet accuracy: 82.69%
2022-03-13 03:42:38,952 - ===> Train Epoch: 54 	 Accuracy: 82.84% 	 Loss: 0.92277968
2022-03-13 03:48:15,787 - ===> Validation after Training epoch: 54 	 Overall Accuracy: 84.83%	 Before inlet accuracy: 85.69% 	 After inlet accuracy: 80.93%
2022-03-13 04:07:24,657 - ===> Train Epoch: 55 	 Accuracy: 82.83% 	 Loss: 0.92221960
2022-03-13 04:13:02,878 - ===> Validation after Training epoch: 55 	 Overall Accuracy: 84.47%	 Before inlet accuracy: 84.96% 	 After inlet accuracy: 82.21%
2022-03-13 04:28:15,823 - ===> Train Epoch: 56 	 Accuracy: 83.07% 	 Loss: 0.91944043
2022-03-13 04:31:29,412 - ===> Validation after Training epoch: 56 	 Overall Accuracy: 84.28%	 Before inlet accuracy: 84.79% 	 After inlet accuracy: 81.92%
2022-03-13 04:40:51,216 - ===> Train Epoch: 57 	 Accuracy: 83.09% 	 Loss: 0.91861236
2022-03-13 04:42:52,139 - ===> Validation after Training epoch: 57 	 Overall Accuracy: 84.60%	 Before inlet accuracy: 85.25% 	 After inlet accuracy: 81.62%
2022-03-13 04:50:37,882 - ===> Train Epoch: 58 	 Accuracy: 82.89% 	 Loss: 0.91982777
2022-03-13 04:52:38,913 - ===> Validation after Training epoch: 58 	 Overall Accuracy: 84.49%	 Before inlet accuracy: 85.23% 	 After inlet accuracy: 81.10%
2022-03-13 05:00:25,531 - ===> Train Epoch: 59 	 Accuracy: 83.15% 	 Loss: 0.91688740
2022-03-13 05:02:26,088 - ===> Validation after Training epoch: 59 	 Overall Accuracy: 84.90%	 Before inlet accuracy: 85.76% 	 After inlet accuracy: 81.04%
2022-03-13 05:10:11,078 - ===> Train Epoch: 60 	 Accuracy: 83.23% 	 Loss: 0.91637728
2022-03-13 05:12:13,223 - ===> Validation after Training epoch: 60 	 Overall Accuracy: 84.94%	 Before inlet accuracy: 85.78% 	 After inlet accuracy: 81.08%
2022-03-13 05:19:59,459 - ===> Train Epoch: 61 	 Accuracy: 83.33% 	 Loss: 0.91511598
2022-03-13 05:22:00,222 - ===> Validation after Training epoch: 61 	 Overall Accuracy: 84.67%	 Before inlet accuracy: 85.24% 	 After inlet accuracy: 82.00%
2022-03-13 05:29:46,697 - ===> Train Epoch: 62 	 Accuracy: 83.12% 	 Loss: 0.91671947
2022-03-13 05:31:48,323 - ===> Validation after Training epoch: 62 	 Overall Accuracy: 84.62%	 Before inlet accuracy: 85.29% 	 After inlet accuracy: 81.57%
