2022-03-12 05:38:36,403 - ### Training Machine Ip address ###
 127.0.1.1

2022-03-12 05:38:36,403 - ### Model summary below###
 Downstream(
  (decoder): Decoder(
    (linear): ModuleList(
      (0): Linear(in_features=256, out_features=128, bias=True)
      (1): ReLU()
      (2): Linear(in_features=128, out_features=64, bias=True)
      (3): ReLU()
      (4): Linear(in_features=64, out_features=32, bias=True)
      (5): ReLU()
      (6): Linear(in_features=32, out_features=16, bias=True)
      (7): ReLU()
    )
    (out): Linear(in_features=16, out_features=4, bias=True)
    (softmax): Softmax(dim=None)
  )
  (softmax): Softmax(dim=None)
  (lsoftmax): LogSoftmax(dim=None)
  (loss_mean): CrossEntropyLoss()
)

2022-03-12 05:38:36,403 - ===> Configuration parameter
                                    GPU_id: 3
                                    batch_size: 64
                                    epoch: 300
                                    n_warmup_steps: 30
                                    validataion_period: 1
                                    ckpt_period: 5
                                    ckpt_dir: /home/user/data/HyeongseokJeon/HMC_prediction/ckpt/
                                    learning_rate: 1e-06
                                    logging: True
                                    data_dir_train: /home/user/data/HyeongseokJeon/HMC_prediction/data/drone_data/processed/train/
                                    data_dir_val: /home/user/data/HyeongseokJeon/HMC_prediction/data/drone_data/processed/val/
                                    data_dir_orig: /home/user/data/HyeongseokJeon/HMC_prediction/data/drone_data/processed/archive/
                                    occlusion_rate: 0.2
                                    splicing_num: 128
                                    LC_multiple: 5
                                    FOV: 30
                                    interpolate: False
                                    max_pred_time: 5
                                    max_hist_time: 10
                                    hz: 2
                                    val_rate: 0.2
                                    n_linear_layer: 4
                                    n_hidden_after_deconv: 256
                                    log_dir: logs/

2022-03-12 05:38:36,403 - ===> Model total parameter: 43828
2022-03-12 05:38:36,403 - ### Selected Encoder model >>> File_id : maneuver_prediction-2022-03-10_04_02_34
2022-03-12 05:38:36,403 - ### Selected Encoder weight >>> weight_id : model_185.pt
2022-03-12 05:38:36,403 - ===> Model Training Start
2022-03-12 05:57:34,347 - ===> Train Epoch: 1 	 Accuracy: 40.68% 	 Loss: 1.37385562
2022-03-12 06:03:01,858 - ===> Validation after Training epoch: 1 	 Overall Accuracy: 39.78%	 Before inlet accuracy: 42.26% 	 After inlet accuracy: 28.29%
2022-03-12 06:21:51,782 - ===> Train Epoch: 2 	 Accuracy: 51.03% 	 Loss: 1.37045923
2022-03-12 06:27:23,992 - ===> Validation after Training epoch: 2 	 Overall Accuracy: 63.94%	 Before inlet accuracy: 69.17% 	 After inlet accuracy: 39.33%
2022-03-12 06:46:18,943 - ===> Train Epoch: 3 	 Accuracy: 71.80% 	 Loss: 1.36501238
2022-03-12 06:51:49,600 - ===> Validation after Training epoch: 3 	 Overall Accuracy: 77.39%	 Before inlet accuracy: 80.88% 	 After inlet accuracy: 61.03%
2022-03-12 07:10:48,094 - ===> Train Epoch: 4 	 Accuracy: 72.76% 	 Loss: 1.35771528
2022-03-12 07:16:18,944 - ===> Validation after Training epoch: 4 	 Overall Accuracy: 71.27%	 Before inlet accuracy: 73.81% 	 After inlet accuracy: 59.53%
2022-03-12 07:35:09,498 - ===> Train Epoch: 5 	 Accuracy: 66.42% 	 Loss: 1.34785660
2022-03-12 07:40:38,179 - ===> Validation after Training epoch: 5 	 Overall Accuracy: 63.13%	 Before inlet accuracy: 64.87% 	 After inlet accuracy: 55.08%
2022-03-12 07:59:30,494 - ===> Train Epoch: 6 	 Accuracy: 62.79% 	 Loss: 1.33460689
2022-03-12 08:05:02,212 - ===> Validation after Training epoch: 6 	 Overall Accuracy: 56.66%	 Before inlet accuracy: 57.61% 	 After inlet accuracy: 52.32%
2022-03-12 08:23:58,351 - ===> Train Epoch: 7 	 Accuracy: 58.42% 	 Loss: 1.31754408
2022-03-12 08:29:30,548 - ===> Validation after Training epoch: 7 	 Overall Accuracy: 51.98%	 Before inlet accuracy: 52.10% 	 After inlet accuracy: 51.42%
2022-03-12 08:48:21,911 - ===> Train Epoch: 8 	 Accuracy: 54.56% 	 Loss: 1.29670812
2022-03-12 08:53:51,500 - ===> Validation after Training epoch: 8 	 Overall Accuracy: 50.25%	 Before inlet accuracy: 49.86% 	 After inlet accuracy: 52.00%
2022-03-12 09:12:43,143 - ===> Train Epoch: 9 	 Accuracy: 53.01% 	 Loss: 1.27348442
2022-03-12 09:18:15,179 - ===> Validation after Training epoch: 9 	 Overall Accuracy: 50.95%	 Before inlet accuracy: 50.41% 	 After inlet accuracy: 53.42%
2022-03-12 09:37:09,692 - ===> Train Epoch: 10 	 Accuracy: 53.05% 	 Loss: 1.25197398
2022-03-12 09:42:41,181 - ===> Validation after Training epoch: 10 	 Overall Accuracy: 50.72%	 Before inlet accuracy: 49.76% 	 After inlet accuracy: 55.20%
2022-03-12 10:01:29,398 - ===> Train Epoch: 11 	 Accuracy: 53.46% 	 Loss: 1.22948436
2022-03-12 10:06:58,539 - ===> Validation after Training epoch: 11 	 Overall Accuracy: 51.86%	 Before inlet accuracy: 51.19% 	 After inlet accuracy: 54.88%
2022-03-12 10:25:43,431 - ===> Train Epoch: 12 	 Accuracy: 53.99% 	 Loss: 1.20877717
2022-03-12 10:31:13,778 - ===> Validation after Training epoch: 12 	 Overall Accuracy: 53.01%	 Before inlet accuracy: 52.25% 	 After inlet accuracy: 56.47%
2022-03-12 10:50:04,590 - ===> Train Epoch: 13 	 Accuracy: 54.46% 	 Loss: 1.18987432
2022-03-12 10:55:32,262 - ===> Validation after Training epoch: 13 	 Overall Accuracy: 53.34%	 Before inlet accuracy: 52.71% 	 After inlet accuracy: 56.22%
2022-03-12 11:14:24,259 - ===> Train Epoch: 14 	 Accuracy: 54.74% 	 Loss: 1.17257214
2022-03-12 11:19:55,624 - ===> Validation after Training epoch: 14 	 Overall Accuracy: 53.36%	 Before inlet accuracy: 52.59% 	 After inlet accuracy: 56.85%
2022-03-12 11:38:51,402 - ===> Train Epoch: 15 	 Accuracy: 54.85% 	 Loss: 1.15834843
2022-03-12 11:44:21,574 - ===> Validation after Training epoch: 15 	 Overall Accuracy: 53.85%	 Before inlet accuracy: 53.16% 	 After inlet accuracy: 56.95%
2022-03-12 12:03:20,083 - ===> Train Epoch: 16 	 Accuracy: 55.55% 	 Loss: 1.14176585
2022-03-12 12:08:52,928 - ===> Validation after Training epoch: 16 	 Overall Accuracy: 54.59%	 Before inlet accuracy: 53.89% 	 After inlet accuracy: 57.78%
2022-03-12 12:27:43,108 - ===> Train Epoch: 17 	 Accuracy: 56.77% 	 Loss: 1.12837114
2022-03-12 12:33:12,965 - ===> Validation after Training epoch: 17 	 Overall Accuracy: 56.97%	 Before inlet accuracy: 56.45% 	 After inlet accuracy: 59.33%
2022-03-12 12:52:07,462 - ===> Train Epoch: 18 	 Accuracy: 59.73% 	 Loss: 1.11604357
2022-03-12 12:57:39,146 - ===> Validation after Training epoch: 18 	 Overall Accuracy: 59.99%	 Before inlet accuracy: 59.87% 	 After inlet accuracy: 60.54%
2022-03-12 13:16:32,105 - ===> Train Epoch: 19 	 Accuracy: 63.29% 	 Loss: 1.10728762
2022-03-12 13:21:57,860 - ===> Validation after Training epoch: 19 	 Overall Accuracy: 64.60%	 Before inlet accuracy: 65.07% 	 After inlet accuracy: 62.42%
2022-03-12 13:40:51,250 - ===> Train Epoch: 20 	 Accuracy: 67.03% 	 Loss: 1.09775397
2022-03-12 13:46:24,170 - ===> Validation after Training epoch: 20 	 Overall Accuracy: 70.45%	 Before inlet accuracy: 71.61% 	 After inlet accuracy: 65.03%
2022-03-12 14:05:17,644 - ===> Train Epoch: 21 	 Accuracy: 69.92% 	 Loss: 1.08656323
2022-03-12 14:10:50,097 - ===> Validation after Training epoch: 21 	 Overall Accuracy: 73.68%	 Before inlet accuracy: 75.12% 	 After inlet accuracy: 67.06%
2022-03-12 14:29:40,523 - ===> Train Epoch: 22 	 Accuracy: 71.92% 	 Loss: 1.07962280
2022-03-12 14:35:12,219 - ===> Validation after Training epoch: 22 	 Overall Accuracy: 76.82%	 Before inlet accuracy: 78.52% 	 After inlet accuracy: 69.01%
2022-03-12 14:54:06,158 - ===> Train Epoch: 23 	 Accuracy: 74.38% 	 Loss: 1.07000837
2022-03-12 14:59:36,558 - ===> Validation after Training epoch: 23 	 Overall Accuracy: 79.25%	 Before inlet accuracy: 80.78% 	 After inlet accuracy: 72.18%
2022-03-12 15:18:27,752 - ===> Train Epoch: 24 	 Accuracy: 76.20% 	 Loss: 1.06063264
2022-03-12 15:23:57,756 - ===> Validation after Training epoch: 24 	 Overall Accuracy: 81.88%	 Before inlet accuracy: 83.32% 	 After inlet accuracy: 75.23%
2022-03-12 15:42:48,406 - ===> Train Epoch: 25 	 Accuracy: 77.46% 	 Loss: 1.05359356
2022-03-12 15:48:19,409 - ===> Validation after Training epoch: 25 	 Overall Accuracy: 83.07%	 Before inlet accuracy: 84.46% 	 After inlet accuracy: 76.62%
2022-03-12 16:07:09,136 - ===> Train Epoch: 26 	 Accuracy: 78.78% 	 Loss: 1.04334581
2022-03-12 16:12:41,941 - ===> Validation after Training epoch: 26 	 Overall Accuracy: 83.06%	 Before inlet accuracy: 84.16% 	 After inlet accuracy: 77.89%
2022-03-12 16:31:35,701 - ===> Train Epoch: 27 	 Accuracy: 79.68% 	 Loss: 1.03179787
2022-03-12 16:37:07,595 - ===> Validation after Training epoch: 27 	 Overall Accuracy: 83.19%	 Before inlet accuracy: 84.27% 	 After inlet accuracy: 78.25%
2022-03-12 16:56:01,808 - ===> Train Epoch: 28 	 Accuracy: 80.43% 	 Loss: 1.02032371
2022-03-12 17:01:32,276 - ===> Validation after Training epoch: 28 	 Overall Accuracy: 83.41%	 Before inlet accuracy: 84.38% 	 After inlet accuracy: 78.92%
2022-03-12 17:20:22,518 - ===> Train Epoch: 29 	 Accuracy: 80.40% 	 Loss: 1.01349089
2022-03-12 17:25:56,181 - ===> Validation after Training epoch: 29 	 Overall Accuracy: 84.04%	 Before inlet accuracy: 84.93% 	 After inlet accuracy: 79.98%
2022-03-12 17:44:44,787 - ===> Train Epoch: 30 	 Accuracy: 81.39% 	 Loss: 1.00016060
2022-03-12 17:50:18,161 - ===> Validation after Training epoch: 30 	 Overall Accuracy: 83.77%	 Before inlet accuracy: 84.58% 	 After inlet accuracy: 80.07%
2022-03-12 18:09:11,447 - ===> Train Epoch: 31 	 Accuracy: 81.31% 	 Loss: 0.99260962
2022-03-12 18:14:41,596 - ===> Validation after Training epoch: 31 	 Overall Accuracy: 83.85%	 Before inlet accuracy: 84.69% 	 After inlet accuracy: 80.06%
2022-03-12 18:33:31,074 - ===> Train Epoch: 32 	 Accuracy: 81.60% 	 Loss: 0.98319675
2022-03-12 18:39:02,259 - ===> Validation after Training epoch: 32 	 Overall Accuracy: 84.06%	 Before inlet accuracy: 84.77% 	 After inlet accuracy: 80.80%
2022-03-12 18:57:59,594 - ===> Train Epoch: 33 	 Accuracy: 82.02% 	 Loss: 0.97291766
2022-03-12 19:03:31,657 - ===> Validation after Training epoch: 33 	 Overall Accuracy: 83.67%	 Before inlet accuracy: 84.44% 	 After inlet accuracy: 80.10%
2022-03-12 19:22:25,048 - ===> Train Epoch: 34 	 Accuracy: 81.99% 	 Loss: 0.96576610
2022-03-12 19:27:56,917 - ===> Validation after Training epoch: 34 	 Overall Accuracy: 83.94%	 Before inlet accuracy: 84.47% 	 After inlet accuracy: 81.49%
2022-03-12 19:46:45,684 - ===> Train Epoch: 35 	 Accuracy: 82.15% 	 Loss: 0.95855465
2022-03-12 19:52:16,211 - ===> Validation after Training epoch: 35 	 Overall Accuracy: 84.22%	 Before inlet accuracy: 84.83% 	 After inlet accuracy: 81.39%
2022-03-12 20:11:10,451 - ===> Train Epoch: 36 	 Accuracy: 82.07% 	 Loss: 0.95452027
2022-03-12 20:16:42,698 - ===> Validation after Training epoch: 36 	 Overall Accuracy: 84.13%	 Before inlet accuracy: 85.03% 	 After inlet accuracy: 80.03%
2022-03-12 20:35:30,930 - ===> Train Epoch: 37 	 Accuracy: 82.36% 	 Loss: 0.94669356
2022-03-12 20:40:59,102 - ===> Validation after Training epoch: 37 	 Overall Accuracy: 84.11%	 Before inlet accuracy: 84.81% 	 After inlet accuracy: 80.88%
2022-03-12 20:59:47,846 - ===> Train Epoch: 38 	 Accuracy: 82.36% 	 Loss: 0.94433775
2022-03-12 21:05:18,851 - ===> Validation after Training epoch: 38 	 Overall Accuracy: 84.38%	 Before inlet accuracy: 84.99% 	 After inlet accuracy: 81.59%
2022-03-12 21:24:11,074 - ===> Train Epoch: 39 	 Accuracy: 82.21% 	 Loss: 0.94259612
2022-03-12 21:29:43,917 - ===> Validation after Training epoch: 39 	 Overall Accuracy: 83.82%	 Before inlet accuracy: 84.46% 	 After inlet accuracy: 80.88%
2022-03-12 21:48:30,229 - ===> Train Epoch: 40 	 Accuracy: 82.37% 	 Loss: 0.93898941
2022-03-12 21:54:02,693 - ===> Validation after Training epoch: 40 	 Overall Accuracy: 84.11%	 Before inlet accuracy: 84.97% 	 After inlet accuracy: 80.17%
2022-03-12 22:12:55,655 - ===> Train Epoch: 41 	 Accuracy: 82.21% 	 Loss: 0.93818046
2022-03-12 22:18:24,810 - ===> Validation after Training epoch: 41 	 Overall Accuracy: 83.60%	 Before inlet accuracy: 84.31% 	 After inlet accuracy: 80.31%
2022-03-12 22:37:18,154 - ===> Train Epoch: 42 	 Accuracy: 82.27% 	 Loss: 0.93533606
2022-03-12 22:42:46,608 - ===> Validation after Training epoch: 42 	 Overall Accuracy: 84.58%	 Before inlet accuracy: 85.33% 	 After inlet accuracy: 81.17%
2022-03-12 23:01:44,835 - ===> Train Epoch: 43 	 Accuracy: 82.31% 	 Loss: 0.93354596
2022-03-12 23:07:16,073 - ===> Validation after Training epoch: 43 	 Overall Accuracy: 83.99%	 Before inlet accuracy: 84.85% 	 After inlet accuracy: 80.25%
2022-03-12 23:26:04,808 - ===> Train Epoch: 44 	 Accuracy: 82.60% 	 Loss: 0.93001451
2022-03-12 23:31:36,947 - ===> Validation after Training epoch: 44 	 Overall Accuracy: 84.68%	 Before inlet accuracy: 85.64% 	 After inlet accuracy: 80.25%
2022-03-12 23:50:25,738 - ===> Train Epoch: 45 	 Accuracy: 82.85% 	 Loss: 0.92647377
2022-03-12 23:55:54,887 - ===> Validation after Training epoch: 45 	 Overall Accuracy: 84.23%	 Before inlet accuracy: 85.11% 	 After inlet accuracy: 80.19%
2022-03-13 00:14:44,624 - ===> Train Epoch: 46 	 Accuracy: 82.80% 	 Loss: 0.92608396
2022-03-13 00:20:15,703 - ===> Validation after Training epoch: 46 	 Overall Accuracy: 84.43%	 Before inlet accuracy: 85.02% 	 After inlet accuracy: 81.75%
2022-03-13 00:39:10,103 - ===> Train Epoch: 47 	 Accuracy: 82.64% 	 Loss: 0.92635927
2022-03-13 00:44:44,980 - ===> Validation after Training epoch: 47 	 Overall Accuracy: 84.19%	 Before inlet accuracy: 84.96% 	 After inlet accuracy: 80.64%
2022-03-13 01:03:32,852 - ===> Train Epoch: 48 	 Accuracy: 82.69% 	 Loss: 0.92494701
2022-03-13 01:09:03,736 - ===> Validation after Training epoch: 48 	 Overall Accuracy: 84.23%	 Before inlet accuracy: 85.12% 	 After inlet accuracy: 80.22%
2022-03-13 01:27:56,778 - ===> Train Epoch: 49 	 Accuracy: 82.72% 	 Loss: 0.92402885
2022-03-13 01:33:29,695 - ===> Validation after Training epoch: 49 	 Overall Accuracy: 84.40%	 Before inlet accuracy: 85.07% 	 After inlet accuracy: 81.37%
2022-03-13 01:52:23,162 - ===> Train Epoch: 50 	 Accuracy: 82.80% 	 Loss: 0.92287753
2022-03-13 01:57:50,339 - ===> Validation after Training epoch: 50 	 Overall Accuracy: 84.35%	 Before inlet accuracy: 85.10% 	 After inlet accuracy: 80.90%
2022-03-13 02:16:41,492 - ===> Train Epoch: 51 	 Accuracy: 82.83% 	 Loss: 0.92165077
2022-03-13 02:22:11,339 - ===> Validation after Training epoch: 51 	 Overall Accuracy: 84.05%	 Before inlet accuracy: 84.69% 	 After inlet accuracy: 81.15%
2022-03-13 02:41:03,360 - ===> Train Epoch: 52 	 Accuracy: 82.82% 	 Loss: 0.92146900
2022-03-13 02:46:35,691 - ===> Validation after Training epoch: 52 	 Overall Accuracy: 84.35%	 Before inlet accuracy: 85.07% 	 After inlet accuracy: 81.01%
2022-03-13 03:05:26,160 - ===> Train Epoch: 53 	 Accuracy: 82.94% 	 Loss: 0.91993625
2022-03-13 03:10:56,317 - ===> Validation after Training epoch: 53 	 Overall Accuracy: 84.01%	 Before inlet accuracy: 84.69% 	 After inlet accuracy: 80.95%
2022-03-13 03:29:46,703 - ===> Train Epoch: 54 	 Accuracy: 82.80% 	 Loss: 0.92069953
2022-03-13 03:35:21,014 - ===> Validation after Training epoch: 54 	 Overall Accuracy: 84.63%	 Before inlet accuracy: 85.20% 	 After inlet accuracy: 82.05%
2022-03-13 03:54:09,080 - ===> Train Epoch: 55 	 Accuracy: 82.99% 	 Loss: 0.91889958
2022-03-13 03:59:44,200 - ===> Validation after Training epoch: 55 	 Overall Accuracy: 84.85%	 Before inlet accuracy: 85.62% 	 After inlet accuracy: 81.34%
2022-03-13 04:18:35,533 - ===> Train Epoch: 56 	 Accuracy: 83.17% 	 Loss: 0.91681837
2022-03-13 04:24:04,762 - ===> Validation after Training epoch: 56 	 Overall Accuracy: 84.83%	 Before inlet accuracy: 85.59% 	 After inlet accuracy: 81.35%
2022-03-13 04:36:26,409 - ===> Train Epoch: 57 	 Accuracy: 83.13% 	 Loss: 0.91670842
2022-03-13 04:38:28,119 - ===> Validation after Training epoch: 57 	 Overall Accuracy: 84.64%	 Before inlet accuracy: 85.35% 	 After inlet accuracy: 81.40%
2022-03-13 04:46:08,041 - ===> Train Epoch: 58 	 Accuracy: 83.27% 	 Loss: 0.91538054
2022-03-13 04:48:09,005 - ===> Validation after Training epoch: 58 	 Overall Accuracy: 84.41%	 Before inlet accuracy: 85.00% 	 After inlet accuracy: 81.65%
2022-03-13 04:55:49,933 - ===> Train Epoch: 59 	 Accuracy: 83.19% 	 Loss: 0.91550677
2022-03-13 04:57:51,017 - ===> Validation after Training epoch: 59 	 Overall Accuracy: 84.27%	 Before inlet accuracy: 84.94% 	 After inlet accuracy: 81.21%
2022-03-13 05:05:30,672 - ===> Train Epoch: 60 	 Accuracy: 83.13% 	 Loss: 0.91604838
2022-03-13 05:07:31,557 - ===> Validation after Training epoch: 60 	 Overall Accuracy: 84.61%	 Before inlet accuracy: 85.16% 	 After inlet accuracy: 82.10%
2022-03-13 05:15:11,448 - ===> Train Epoch: 61 	 Accuracy: 83.29% 	 Loss: 0.91378601
2022-03-13 05:17:13,800 - ===> Validation after Training epoch: 61 	 Overall Accuracy: 84.40%	 Before inlet accuracy: 85.30% 	 After inlet accuracy: 80.39%
2022-03-13 05:24:53,128 - ===> Train Epoch: 62 	 Accuracy: 83.09% 	 Loss: 0.91564092
2022-03-13 05:26:53,603 - ===> Validation after Training epoch: 62 	 Overall Accuracy: 84.72%	 Before inlet accuracy: 85.32% 	 After inlet accuracy: 82.01%
2022-03-13 05:34:33,752 - ===> Train Epoch: 63 	 Accuracy: 83.18% 	 Loss: 0.91461825
2022-03-13 05:36:04,473 - ===> Validation after Training epoch: 63 	 Overall Accuracy: 84.68%	 Before inlet accuracy: 85.35% 	 After inlet accuracy: 81.56%
