2022-03-12 05:36:42,947 - ### Training Machine Ip address ###
 127.0.1.1

2022-03-12 05:36:42,947 - ### Model summary below###
 Downstream(
  (decoder): Decoder(
    (linear): ModuleList(
      (0): Linear(in_features=256, out_features=128, bias=True)
      (1): ReLU()
      (2): Linear(in_features=128, out_features=64, bias=True)
      (3): ReLU()
      (4): Linear(in_features=64, out_features=32, bias=True)
      (5): ReLU()
      (6): Linear(in_features=32, out_features=16, bias=True)
      (7): ReLU()
    )
    (out): Linear(in_features=16, out_features=4, bias=True)
    (softmax): Softmax(dim=None)
  )
  (softmax): Softmax(dim=None)
  (lsoftmax): LogSoftmax(dim=None)
  (loss_mean): CrossEntropyLoss()
)

2022-03-12 05:36:42,947 - ===> Configuration parameter
                                    GPU_id: 1
                                    batch_size: 64
                                    epoch: 300
                                    n_warmup_steps: 30
                                    validataion_period: 1
                                    ckpt_period: 5
                                    ckpt_dir: /home/user/data/HyeongseokJeon/HMC_prediction/ckpt/
                                    learning_rate: 1e-06
                                    logging: True
                                    data_dir_train: /home/user/data/HyeongseokJeon/HMC_prediction/data/drone_data/processed/train/
                                    data_dir_val: /home/user/data/HyeongseokJeon/HMC_prediction/data/drone_data/processed/val/
                                    data_dir_orig: /home/user/data/HyeongseokJeon/HMC_prediction/data/drone_data/processed/archive/
                                    occlusion_rate: 0.2
                                    splicing_num: 128
                                    LC_multiple: 5
                                    FOV: 30
                                    interpolate: False
                                    max_pred_time: 5
                                    max_hist_time: 10
                                    hz: 2
                                    val_rate: 0.2
                                    n_linear_layer: 4
                                    n_hidden_after_deconv: 256
                                    log_dir: logs/

2022-03-12 05:36:42,948 - ===> Model total parameter: 43828
2022-03-12 05:36:42,948 - ### Selected Encoder model >>> File_id : maneuver_prediction-2022-03-10_04_02_34
2022-03-12 05:36:42,948 - ### Selected Encoder weight >>> weight_id : model_150.pt
2022-03-12 05:36:42,948 - ===> Model Training Start
2022-03-12 05:55:27,435 - ===> Train Epoch: 1 	 Accuracy: 33.94% 	 Loss: 1.38944332
2022-03-12 06:01:03,365 - ===> Validation after Training epoch: 1 	 Overall Accuracy: 26.32%	 Before inlet accuracy: 26.94% 	 After inlet accuracy: 23.55%
2022-03-12 06:20:03,848 - ===> Train Epoch: 2 	 Accuracy: 34.15% 	 Loss: 1.38482996
2022-03-12 06:25:37,810 - ===> Validation after Training epoch: 2 	 Overall Accuracy: 25.90%	 Before inlet accuracy: 26.27% 	 After inlet accuracy: 24.18%
2022-03-12 06:44:36,008 - ===> Train Epoch: 3 	 Accuracy: 34.54% 	 Loss: 1.37936892
2022-03-12 06:50:11,314 - ===> Validation after Training epoch: 3 	 Overall Accuracy: 26.13%	 Before inlet accuracy: 26.65% 	 After inlet accuracy: 23.73%
2022-03-12 07:09:15,141 - ===> Train Epoch: 4 	 Accuracy: 34.42% 	 Loss: 1.37311019
2022-03-12 07:14:49,450 - ===> Validation after Training epoch: 4 	 Overall Accuracy: 26.16%	 Before inlet accuracy: 26.63% 	 After inlet accuracy: 23.98%
2022-03-12 07:34:00,780 - ===> Train Epoch: 5 	 Accuracy: 34.41% 	 Loss: 1.36550378
2022-03-12 07:39:35,124 - ===> Validation after Training epoch: 5 	 Overall Accuracy: 25.34%	 Before inlet accuracy: 25.70% 	 After inlet accuracy: 23.67%
2022-03-12 07:58:40,522 - ===> Train Epoch: 6 	 Accuracy: 34.24% 	 Loss: 1.35620949
2022-03-12 08:04:12,832 - ===> Validation after Training epoch: 6 	 Overall Accuracy: 25.78%	 Before inlet accuracy: 26.17% 	 After inlet accuracy: 23.96%
2022-03-12 08:23:25,877 - ===> Train Epoch: 7 	 Accuracy: 34.38% 	 Loss: 1.34399160
2022-03-12 08:28:58,351 - ===> Validation after Training epoch: 7 	 Overall Accuracy: 26.82%	 Before inlet accuracy: 27.47% 	 After inlet accuracy: 23.81%
2022-03-12 08:48:02,359 - ===> Train Epoch: 8 	 Accuracy: 37.39% 	 Loss: 1.32905401
2022-03-12 08:53:33,402 - ===> Validation after Training epoch: 8 	 Overall Accuracy: 33.90%	 Before inlet accuracy: 35.50% 	 After inlet accuracy: 26.61%
2022-03-12 09:12:35,929 - ===> Train Epoch: 9 	 Accuracy: 43.20% 	 Loss: 1.31173437
2022-03-12 09:18:08,023 - ===> Validation after Training epoch: 9 	 Overall Accuracy: 40.83%	 Before inlet accuracy: 41.95% 	 After inlet accuracy: 35.69%
2022-03-12 09:37:13,721 - ===> Train Epoch: 10 	 Accuracy: 47.56% 	 Loss: 1.29191273
2022-03-12 09:42:50,671 - ===> Validation after Training epoch: 10 	 Overall Accuracy: 45.45%	 Before inlet accuracy: 45.59% 	 After inlet accuracy: 44.81%
2022-03-12 10:01:53,612 - ===> Train Epoch: 11 	 Accuracy: 50.47% 	 Loss: 1.27052410
2022-03-12 10:07:27,073 - ===> Validation after Training epoch: 11 	 Overall Accuracy: 48.22%	 Before inlet accuracy: 47.57% 	 After inlet accuracy: 51.18%
2022-03-12 10:26:28,099 - ===> Train Epoch: 12 	 Accuracy: 51.82% 	 Loss: 1.24805274
2022-03-12 10:32:02,141 - ===> Validation after Training epoch: 12 	 Overall Accuracy: 50.93%	 Before inlet accuracy: 50.28% 	 After inlet accuracy: 53.91%
