2022-03-13 19:53:27,160 - ### Training Machine Ip address ###
 127.0.1.1

2022-03-13 19:53:27,160 - ### Model summary below###
 BackBone(
  (encoder): Encoder(
    (groups): ModuleList(
      (0): Sequential(
        (0): Res1d(
          (conv1): Conv1d(3, 32, kernel_size=(3,), stride=(1,), padding=(1,), bias=False)
          (conv2): Conv1d(32, 32, kernel_size=(3,), stride=(1,), padding=(1,), bias=False)
          (relu): ReLU(inplace=True)
          (bn1): GroupNorm(1, 32, eps=1e-05, affine=True)
          (bn2): GroupNorm(1, 32, eps=1e-05, affine=True)
          (downsample): Sequential(
            (0): Conv1d(3, 32, kernel_size=(1,), stride=(1,), bias=False)
            (1): GroupNorm(1, 32, eps=1e-05, affine=True)
          )
        )
        (1): Res1d(
          (conv1): Conv1d(32, 32, kernel_size=(3,), stride=(1,), padding=(1,), bias=False)
          (conv2): Conv1d(32, 32, kernel_size=(3,), stride=(1,), padding=(1,), bias=False)
          (relu): ReLU(inplace=True)
          (bn1): GroupNorm(1, 32, eps=1e-05, affine=True)
          (bn2): GroupNorm(1, 32, eps=1e-05, affine=True)
        )
      )
      (1): Sequential(
        (0): Res1d(
          (conv1): Conv1d(32, 64, kernel_size=(3,), stride=(2,), padding=(1,), bias=False)
          (conv2): Conv1d(64, 64, kernel_size=(3,), stride=(1,), padding=(1,), bias=False)
          (relu): ReLU(inplace=True)
          (bn1): GroupNorm(1, 64, eps=1e-05, affine=True)
          (bn2): GroupNorm(1, 64, eps=1e-05, affine=True)
          (downsample): Sequential(
            (0): Conv1d(32, 64, kernel_size=(1,), stride=(2,), bias=False)
            (1): GroupNorm(1, 64, eps=1e-05, affine=True)
          )
        )
        (1): Res1d(
          (conv1): Conv1d(64, 64, kernel_size=(3,), stride=(1,), padding=(1,), bias=False)
          (conv2): Conv1d(64, 64, kernel_size=(3,), stride=(1,), padding=(1,), bias=False)
          (relu): ReLU(inplace=True)
          (bn1): GroupNorm(1, 64, eps=1e-05, affine=True)
          (bn2): GroupNorm(1, 64, eps=1e-05, affine=True)
        )
      )
      (2): Sequential(
        (0): Res1d(
          (conv1): Conv1d(64, 128, kernel_size=(3,), stride=(2,), padding=(1,), bias=False)
          (conv2): Conv1d(128, 128, kernel_size=(3,), stride=(1,), padding=(1,), bias=False)
          (relu): ReLU(inplace=True)
          (bn1): GroupNorm(1, 128, eps=1e-05, affine=True)
          (bn2): GroupNorm(1, 128, eps=1e-05, affine=True)
          (downsample): Sequential(
            (0): Conv1d(64, 128, kernel_size=(1,), stride=(2,), bias=False)
            (1): GroupNorm(1, 128, eps=1e-05, affine=True)
          )
        )
        (1): Res1d(
          (conv1): Conv1d(128, 128, kernel_size=(3,), stride=(1,), padding=(1,), bias=False)
          (conv2): Conv1d(128, 128, kernel_size=(3,), stride=(1,), padding=(1,), bias=False)
          (relu): ReLU(inplace=True)
          (bn1): GroupNorm(1, 128, eps=1e-05, affine=True)
          (bn2): GroupNorm(1, 128, eps=1e-05, affine=True)
        )
      )
    )
    (lateral): ModuleList(
      (0): Conv1d(
        (conv): Conv1d(32, 256, kernel_size=(3,), stride=(1,), padding=(1,), bias=False)
        (norm): GroupNorm(1, 256, eps=1e-05, affine=True)
        (relu): ReLU(inplace=True)
      )
      (1): Conv1d(
        (conv): Conv1d(64, 256, kernel_size=(3,), stride=(1,), padding=(1,), bias=False)
        (norm): GroupNorm(1, 256, eps=1e-05, affine=True)
        (relu): ReLU(inplace=True)
      )
      (2): Conv1d(
        (conv): Conv1d(128, 256, kernel_size=(3,), stride=(1,), padding=(1,), bias=False)
        (norm): GroupNorm(1, 256, eps=1e-05, affine=True)
        (relu): ReLU(inplace=True)
      )
    )
    (output): Res1d(
      (conv1): Conv1d(256, 256, kernel_size=(3,), stride=(1,), padding=(1,), bias=False)
      (conv2): Conv1d(256, 256, kernel_size=(3,), stride=(1,), padding=(1,), bias=False)
      (relu): ReLU(inplace=True)
      (bn1): GroupNorm(1, 256, eps=1e-05, affine=True)
      (bn2): GroupNorm(1, 256, eps=1e-05, affine=True)
    )
  )
  (autoregressive): AutoRegressive(
    (gru): GRU(256, 256, batch_first=True)
  )
  (Wk): ModuleList(
    (0): Linear(in_features=256, out_features=256, bias=True)
    (1): Linear(in_features=256, out_features=256, bias=True)
    (2): Linear(in_features=256, out_features=256, bias=True)
    (3): Linear(in_features=256, out_features=256, bias=True)
    (4): Linear(in_features=256, out_features=256, bias=True)
    (5): Linear(in_features=256, out_features=256, bias=True)
    (6): Linear(in_features=256, out_features=256, bias=True)
    (7): Linear(in_features=256, out_features=256, bias=True)
    (8): Linear(in_features=256, out_features=256, bias=True)
    (9): Linear(in_features=256, out_features=256, bias=True)
  )
  (softmax): Softmax(dim=None)
  (lsoftmax): LogSoftmax(dim=None)
)Downstream(
  (decoder): Decoder(
    (linear): ModuleList(
      (0): Linear(in_features=256, out_features=128, bias=True)
      (1): ReLU()
      (2): Linear(in_features=128, out_features=64, bias=True)
      (3): ReLU()
      (4): Linear(in_features=64, out_features=32, bias=True)
      (5): ReLU()
      (6): Linear(in_features=32, out_features=16, bias=True)
      (7): ReLU()
    )
    (out): Linear(in_features=16, out_features=4, bias=True)
    (softmax): Softmax(dim=None)
  )
  (softmax): Softmax(dim=None)
  (lsoftmax): LogSoftmax(dim=None)
  (loss_mean): CrossEntropyLoss()
)

2022-03-13 19:53:27,160 - ===> Configuration parameter
                                    GPU_id: 0
                                    batch_size: 64
                                    epoch: 300
                                    n_warmup_steps: 30
                                    validataion_period: 1
                                    ckpt_period: 5
                                    ckpt_dir: /home/user/data/HyeongseokJeon/HMC_prediction/ckpt/
                                    learning_rate: 1e-06
                                    logging: True
                                    data_dir_train: /home/user/data/HyeongseokJeon/HMC_prediction/data/drone_data/processed/train/
                                    data_dir_val: /home/user/data/HyeongseokJeon/HMC_prediction/data/drone_data/processed/val/
                                    data_dir_orig: /home/user/data/HyeongseokJeon/HMC_prediction/data/drone_data/processed/archive/
                                    occlusion_rate: 0.2
                                    splicing_num: 128
                                    LC_multiple: 5
                                    FOV: 30
                                    interpolate: False
                                    max_pred_time: 5
                                    max_hist_time: 10
                                    hz: 2
                                    val_rate: 0.2
                                    n_linear_layer: 4
                                    n_hidden_after_deconv: 256
                                    log_dir: logs/

2022-03-13 19:53:27,160 - ===> Model total parameter: 1901428
2022-03-13 19:53:27,160 - ### Selected Encoder model >>> File_id : maneuver_prediction-2022-03-10_04_02_34
2022-03-13 19:53:27,160 - ### Selected Encoder weight >>> weight_id : no_init_weight
2022-03-13 19:53:27,160 - ===> Model Training Start
2022-03-13 19:58:17,831 - ===> Train Epoch: 1 	 Accuracy: 26.15% 	 Loss: 1.39845380
2022-03-13 19:59:03,362 - ===> Validation after Training epoch: 1 	 Overall Accuracy: 35.72%	 Before inlet accuracy: 33.39% 	 After inlet accuracy: 46.45%
2022-03-13 20:03:44,617 - ===> Train Epoch: 2 	 Accuracy: 33.69% 	 Loss: 1.38381630
2022-03-13 20:04:30,098 - ===> Validation after Training epoch: 2 	 Overall Accuracy: 56.31%	 Before inlet accuracy: 55.53% 	 After inlet accuracy: 59.89%
2022-03-13 20:09:11,643 - ===> Train Epoch: 3 	 Accuracy: 50.74% 	 Loss: 1.36277668
2022-03-13 20:09:57,119 - ===> Validation after Training epoch: 3 	 Overall Accuracy: 57.95%	 Before inlet accuracy: 56.36% 	 After inlet accuracy: 65.33%
2022-03-13 20:14:37,850 - ===> Train Epoch: 4 	 Accuracy: 51.66% 	 Loss: 1.33493601
2022-03-13 20:15:23,603 - ===> Validation after Training epoch: 4 	 Overall Accuracy: 57.53%	 Before inlet accuracy: 56.15% 	 After inlet accuracy: 63.78%
2022-03-13 20:20:06,034 - ===> Train Epoch: 5 	 Accuracy: 51.57% 	 Loss: 1.30265117
2022-03-13 20:20:51,525 - ===> Validation after Training epoch: 5 	 Overall Accuracy: 56.17%	 Before inlet accuracy: 55.10% 	 After inlet accuracy: 61.10%
2022-03-13 20:25:33,286 - ===> Train Epoch: 6 	 Accuracy: 53.14% 	 Loss: 1.26592916
2022-03-13 20:26:18,809 - ===> Validation after Training epoch: 6 	 Overall Accuracy: 76.02%	 Before inlet accuracy: 78.40% 	 After inlet accuracy: 65.13%
2022-03-13 20:31:00,551 - ===> Train Epoch: 7 	 Accuracy: 76.03% 	 Loss: 1.23565423
2022-03-13 20:31:46,000 - ===> Validation after Training epoch: 7 	 Overall Accuracy: 81.14%	 Before inlet accuracy: 82.20% 	 After inlet accuracy: 76.28%
2022-03-13 20:36:27,318 - ===> Train Epoch: 8 	 Accuracy: 79.19% 	 Loss: 1.20930184
2022-03-13 20:37:12,351 - ===> Validation after Training epoch: 8 	 Overall Accuracy: 81.74%	 Before inlet accuracy: 82.33% 	 After inlet accuracy: 78.99%
2022-03-13 20:41:53,087 - ===> Train Epoch: 9 	 Accuracy: 80.17% 	 Loss: 1.18432777
2022-03-13 20:42:38,133 - ===> Validation after Training epoch: 9 	 Overall Accuracy: 82.41%	 Before inlet accuracy: 83.10% 	 After inlet accuracy: 79.28%
2022-03-13 20:47:17,272 - ===> Train Epoch: 10 	 Accuracy: 80.69% 	 Loss: 1.15508664
2022-03-13 20:48:02,086 - ===> Validation after Training epoch: 10 	 Overall Accuracy: 82.09%	 Before inlet accuracy: 82.52% 	 After inlet accuracy: 80.09%
2022-03-13 20:52:40,996 - ===> Train Epoch: 11 	 Accuracy: 81.01% 	 Loss: 1.12545361
2022-03-13 20:53:25,528 - ===> Validation after Training epoch: 11 	 Overall Accuracy: 82.51%	 Before inlet accuracy: 82.82% 	 After inlet accuracy: 81.10%
2022-03-13 20:58:01,709 - ===> Train Epoch: 12 	 Accuracy: 81.34% 	 Loss: 1.09138932
2022-03-13 20:58:46,224 - ===> Validation after Training epoch: 12 	 Overall Accuracy: 82.41%	 Before inlet accuracy: 82.71% 	 After inlet accuracy: 81.00%
2022-03-13 21:03:24,489 - ===> Train Epoch: 13 	 Accuracy: 81.46% 	 Loss: 1.05775793
2022-03-13 21:04:09,136 - ===> Validation after Training epoch: 13 	 Overall Accuracy: 82.90%	 Before inlet accuracy: 83.04% 	 After inlet accuracy: 82.21%
2022-03-13 21:08:48,119 - ===> Train Epoch: 14 	 Accuracy: 81.40% 	 Loss: 1.02781318
2022-03-13 21:09:32,538 - ===> Validation after Training epoch: 14 	 Overall Accuracy: 83.06%	 Before inlet accuracy: 83.45% 	 After inlet accuracy: 81.34%
2022-03-13 21:14:11,047 - ===> Train Epoch: 15 	 Accuracy: 81.88% 	 Loss: 0.99767197
2022-03-13 21:14:55,619 - ===> Validation after Training epoch: 15 	 Overall Accuracy: 85.05%	 Before inlet accuracy: 86.00% 	 After inlet accuracy: 80.68%
2022-03-13 21:19:34,600 - ===> Train Epoch: 16 	 Accuracy: 82.34% 	 Loss: 0.96997119
2022-03-13 21:20:19,195 - ===> Validation after Training epoch: 16 	 Overall Accuracy: 84.58%	 Before inlet accuracy: 85.34% 	 After inlet accuracy: 81.06%
2022-03-13 21:24:56,549 - ===> Train Epoch: 17 	 Accuracy: 82.70% 	 Loss: 0.94931673
2022-03-13 21:25:41,406 - ===> Validation after Training epoch: 17 	 Overall Accuracy: 83.58%	 Before inlet accuracy: 84.18% 	 After inlet accuracy: 80.86%
2022-03-13 21:30:19,486 - ===> Train Epoch: 18 	 Accuracy: 82.94% 	 Loss: 0.93557396
2022-03-13 21:31:03,970 - ===> Validation after Training epoch: 18 	 Overall Accuracy: 85.23%	 Before inlet accuracy: 86.09% 	 After inlet accuracy: 81.28%
2022-03-13 21:35:42,010 - ===> Train Epoch: 19 	 Accuracy: 83.16% 	 Loss: 0.92638160
2022-03-13 21:36:26,740 - ===> Validation after Training epoch: 19 	 Overall Accuracy: 85.85%	 Before inlet accuracy: 86.64% 	 After inlet accuracy: 82.17%
2022-03-13 21:41:04,101 - ===> Train Epoch: 20 	 Accuracy: 83.54% 	 Loss: 0.91815354
2022-03-13 21:41:48,518 - ===> Validation after Training epoch: 20 	 Overall Accuracy: 84.92%	 Before inlet accuracy: 85.66% 	 After inlet accuracy: 81.55%
2022-03-13 21:46:27,586 - ===> Train Epoch: 21 	 Accuracy: 83.76% 	 Loss: 0.91299546
2022-03-13 21:47:12,353 - ===> Validation after Training epoch: 21 	 Overall Accuracy: 85.08%	 Before inlet accuracy: 85.75% 	 After inlet accuracy: 82.02%
2022-03-13 21:51:50,763 - ===> Train Epoch: 22 	 Accuracy: 83.93% 	 Loss: 0.90935861
2022-03-13 21:52:35,617 - ===> Validation after Training epoch: 22 	 Overall Accuracy: 85.25%	 Before inlet accuracy: 86.28% 	 After inlet accuracy: 80.56%
2022-03-13 21:57:14,434 - ===> Train Epoch: 23 	 Accuracy: 83.90% 	 Loss: 0.90821942
2022-03-13 21:57:59,301 - ===> Validation after Training epoch: 23 	 Overall Accuracy: 85.72%	 Before inlet accuracy: 86.43% 	 After inlet accuracy: 82.47%
2022-03-13 22:02:37,226 - ===> Train Epoch: 24 	 Accuracy: 84.42% 	 Loss: 0.90223984
2022-03-13 22:03:22,114 - ===> Validation after Training epoch: 24 	 Overall Accuracy: 85.44%	 Before inlet accuracy: 86.22% 	 After inlet accuracy: 81.89%
2022-03-13 22:08:00,317 - ===> Train Epoch: 25 	 Accuracy: 84.24% 	 Loss: 0.90318673
2022-03-13 22:08:44,976 - ===> Validation after Training epoch: 25 	 Overall Accuracy: 85.57%	 Before inlet accuracy: 86.54% 	 After inlet accuracy: 81.20%
2022-03-13 22:13:23,762 - ===> Train Epoch: 26 	 Accuracy: 84.74% 	 Loss: 0.89783530
2022-03-13 22:14:08,031 - ===> Validation after Training epoch: 26 	 Overall Accuracy: 83.26%	 Before inlet accuracy: 83.68% 	 After inlet accuracy: 81.32%
2022-03-13 22:18:46,353 - ===> Train Epoch: 27 	 Accuracy: 84.65% 	 Loss: 0.89841259
2022-03-13 22:19:30,802 - ===> Validation after Training epoch: 27 	 Overall Accuracy: 85.26%	 Before inlet accuracy: 86.09% 	 After inlet accuracy: 81.52%
2022-03-13 22:24:08,636 - ===> Train Epoch: 28 	 Accuracy: 84.37% 	 Loss: 0.90072410
2022-03-13 22:24:53,418 - ===> Validation after Training epoch: 28 	 Overall Accuracy: 85.64%	 Before inlet accuracy: 86.42% 	 After inlet accuracy: 82.01%
2022-03-13 22:29:31,981 - ===> Train Epoch: 29 	 Accuracy: 84.70% 	 Loss: 0.89721224
2022-03-13 22:30:16,456 - ===> Validation after Training epoch: 29 	 Overall Accuracy: 86.08%	 Before inlet accuracy: 86.67% 	 After inlet accuracy: 83.40%
2022-03-13 22:34:55,072 - ===> Train Epoch: 30 	 Accuracy: 84.73% 	 Loss: 0.89688457
2022-03-13 22:35:39,808 - ===> Validation after Training epoch: 30 	 Overall Accuracy: 86.40%	 Before inlet accuracy: 87.38% 	 After inlet accuracy: 81.91%
2022-03-13 22:40:19,137 - ===> Train Epoch: 31 	 Accuracy: 84.86% 	 Loss: 0.89528536
2022-03-13 22:41:03,989 - ===> Validation after Training epoch: 31 	 Overall Accuracy: 85.22%	 Before inlet accuracy: 85.94% 	 After inlet accuracy: 81.87%
2022-03-13 22:45:41,090 - ===> Train Epoch: 32 	 Accuracy: 85.08% 	 Loss: 0.89290108
2022-03-13 22:46:25,682 - ===> Validation after Training epoch: 32 	 Overall Accuracy: 85.55%	 Before inlet accuracy: 86.43% 	 After inlet accuracy: 81.46%
2022-03-13 22:51:02,453 - ===> Train Epoch: 33 	 Accuracy: 84.80% 	 Loss: 0.89557863
2022-03-13 22:51:46,873 - ===> Validation after Training epoch: 33 	 Overall Accuracy: 85.75%	 Before inlet accuracy: 86.39% 	 After inlet accuracy: 82.83%
2022-03-13 22:56:23,028 - ===> Train Epoch: 34 	 Accuracy: 85.09% 	 Loss: 0.89251338
2022-03-13 22:57:07,811 - ===> Validation after Training epoch: 34 	 Overall Accuracy: 85.46%	 Before inlet accuracy: 86.07% 	 After inlet accuracy: 82.67%
2022-03-13 23:01:46,249 - ===> Train Epoch: 35 	 Accuracy: 85.13% 	 Loss: 0.89206197
2022-03-13 23:02:30,921 - ===> Validation after Training epoch: 35 	 Overall Accuracy: 85.68%	 Before inlet accuracy: 86.61% 	 After inlet accuracy: 81.47%
2022-03-13 23:07:10,285 - ===> Train Epoch: 36 	 Accuracy: 84.70% 	 Loss: 0.89613018
2022-03-13 23:07:54,913 - ===> Validation after Training epoch: 36 	 Overall Accuracy: 86.13%	 Before inlet accuracy: 87.12% 	 After inlet accuracy: 81.60%
2022-03-13 23:12:33,496 - ===> Train Epoch: 37 	 Accuracy: 85.08% 	 Loss: 0.89250422
2022-03-13 23:13:18,072 - ===> Validation after Training epoch: 37 	 Overall Accuracy: 85.94%	 Before inlet accuracy: 86.89% 	 After inlet accuracy: 81.67%
2022-03-13 23:17:56,666 - ===> Train Epoch: 38 	 Accuracy: 85.08% 	 Loss: 0.89260350
2022-03-13 23:18:41,166 - ===> Validation after Training epoch: 38 	 Overall Accuracy: 86.28%	 Before inlet accuracy: 86.91% 	 After inlet accuracy: 83.38%
2022-03-13 23:23:19,192 - ===> Train Epoch: 39 	 Accuracy: 84.97% 	 Loss: 0.89343151
2022-03-13 23:24:03,562 - ===> Validation after Training epoch: 39 	 Overall Accuracy: 86.41%	 Before inlet accuracy: 87.28% 	 After inlet accuracy: 82.41%
2022-03-13 23:28:41,975 - ===> Train Epoch: 40 	 Accuracy: 85.39% 	 Loss: 0.88928272
2022-03-13 23:29:26,491 - ===> Validation after Training epoch: 40 	 Overall Accuracy: 86.34%	 Before inlet accuracy: 87.15% 	 After inlet accuracy: 82.66%
2022-03-13 23:34:03,656 - ===> Train Epoch: 41 	 Accuracy: 84.80% 	 Loss: 0.89517627
2022-03-13 23:34:48,480 - ===> Validation after Training epoch: 41 	 Overall Accuracy: 85.50%	 Before inlet accuracy: 86.35% 	 After inlet accuracy: 81.74%
2022-03-13 23:39:26,726 - ===> Train Epoch: 42 	 Accuracy: 85.11% 	 Loss: 0.89195685
2022-03-13 23:40:11,504 - ===> Validation after Training epoch: 42 	 Overall Accuracy: 85.10%	 Before inlet accuracy: 85.91% 	 After inlet accuracy: 81.41%
2022-03-13 23:44:49,631 - ===> Train Epoch: 43 	 Accuracy: 85.01% 	 Loss: 0.89311357
2022-03-13 23:45:34,384 - ===> Validation after Training epoch: 43 	 Overall Accuracy: 86.40%	 Before inlet accuracy: 87.10% 	 After inlet accuracy: 83.18%
2022-03-13 23:50:12,873 - ===> Train Epoch: 44 	 Accuracy: 85.36% 	 Loss: 0.88936392
2022-03-13 23:50:57,400 - ===> Validation after Training epoch: 44 	 Overall Accuracy: 85.31%	 Before inlet accuracy: 85.89% 	 After inlet accuracy: 82.60%
2022-03-13 23:55:35,742 - ===> Train Epoch: 45 	 Accuracy: 85.18% 	 Loss: 0.89115078
2022-03-13 23:56:20,444 - ===> Validation after Training epoch: 45 	 Overall Accuracy: 85.70%	 Before inlet accuracy: 86.43% 	 After inlet accuracy: 82.31%
2022-03-14 00:00:58,616 - ===> Train Epoch: 46 	 Accuracy: 85.26% 	 Loss: 0.89038580
2022-03-14 00:01:43,426 - ===> Validation after Training epoch: 46 	 Overall Accuracy: 85.39%	 Before inlet accuracy: 86.04% 	 After inlet accuracy: 82.41%
2022-03-14 00:06:22,548 - ===> Train Epoch: 47 	 Accuracy: 85.38% 	 Loss: 0.88915647
2022-03-14 00:07:06,909 - ===> Validation after Training epoch: 47 	 Overall Accuracy: 85.19%	 Before inlet accuracy: 85.90% 	 After inlet accuracy: 81.97%
2022-03-14 00:11:46,046 - ===> Train Epoch: 48 	 Accuracy: 85.34% 	 Loss: 0.88959269
2022-03-14 00:12:30,803 - ===> Validation after Training epoch: 48 	 Overall Accuracy: 85.76%	 Before inlet accuracy: 86.48% 	 After inlet accuracy: 82.47%
2022-03-14 00:17:08,658 - ===> Train Epoch: 49 	 Accuracy: 85.08% 	 Loss: 0.89211589
2022-03-14 00:17:53,330 - ===> Validation after Training epoch: 49 	 Overall Accuracy: 85.91%	 Before inlet accuracy: 86.76% 	 After inlet accuracy: 82.05%
2022-03-14 00:22:31,718 - ===> Train Epoch: 50 	 Accuracy: 84.91% 	 Loss: 0.89366803
2022-03-14 00:23:16,318 - ===> Validation after Training epoch: 50 	 Overall Accuracy: 84.89%	 Before inlet accuracy: 85.70% 	 After inlet accuracy: 81.23%
2022-03-14 00:27:54,194 - ===> Train Epoch: 51 	 Accuracy: 85.35% 	 Loss: 0.88933579
2022-03-14 00:28:38,802 - ===> Validation after Training epoch: 51 	 Overall Accuracy: 86.09%	 Before inlet accuracy: 86.87% 	 After inlet accuracy: 82.44%
2022-03-14 00:33:17,377 - ===> Train Epoch: 52 	 Accuracy: 85.07% 	 Loss: 0.89193996
2022-03-14 00:34:01,824 - ===> Validation after Training epoch: 52 	 Overall Accuracy: 85.36%	 Before inlet accuracy: 86.20% 	 After inlet accuracy: 81.52%
2022-03-14 00:38:36,016 - ===> Train Epoch: 53 	 Accuracy: 85.35% 	 Loss: 0.88927777
2022-03-14 00:39:19,894 - ===> Validation after Training epoch: 53 	 Overall Accuracy: 86.10%	 Before inlet accuracy: 86.91% 	 After inlet accuracy: 82.34%
2022-03-14 00:43:52,674 - ===> Train Epoch: 54 	 Accuracy: 85.23% 	 Loss: 0.89035237
2022-03-14 00:44:36,156 - ===> Validation after Training epoch: 54 	 Overall Accuracy: 85.69%	 Before inlet accuracy: 86.81% 	 After inlet accuracy: 80.61%
2022-03-14 00:49:10,263 - ===> Train Epoch: 55 	 Accuracy: 85.57% 	 Loss: 0.88677226
2022-03-14 00:49:53,570 - ===> Validation after Training epoch: 55 	 Overall Accuracy: 86.35%	 Before inlet accuracy: 87.20% 	 After inlet accuracy: 82.51%
2022-03-14 00:54:27,360 - ===> Train Epoch: 56 	 Accuracy: 85.61% 	 Loss: 0.88652524
2022-03-14 00:55:10,931 - ===> Validation after Training epoch: 56 	 Overall Accuracy: 86.15%	 Before inlet accuracy: 87.28% 	 After inlet accuracy: 81.08%
2022-03-14 00:59:44,349 - ===> Train Epoch: 57 	 Accuracy: 85.17% 	 Loss: 0.89091924
2022-03-14 01:00:28,004 - ===> Validation after Training epoch: 57 	 Overall Accuracy: 86.00%	 Before inlet accuracy: 86.65% 	 After inlet accuracy: 82.99%
2022-03-14 01:05:00,856 - ===> Train Epoch: 58 	 Accuracy: 85.74% 	 Loss: 0.88526584
2022-03-14 01:05:44,224 - ===> Validation after Training epoch: 58 	 Overall Accuracy: 85.88%	 Before inlet accuracy: 86.57% 	 After inlet accuracy: 82.72%
2022-03-14 01:10:17,277 - ===> Train Epoch: 59 	 Accuracy: 85.33% 	 Loss: 0.88947240
2022-03-14 01:11:01,208 - ===> Validation after Training epoch: 59 	 Overall Accuracy: 86.05%	 Before inlet accuracy: 86.92% 	 After inlet accuracy: 82.01%
2022-03-14 01:15:34,489 - ===> Train Epoch: 60 	 Accuracy: 85.80% 	 Loss: 0.88489639
2022-03-14 01:16:18,063 - ===> Validation after Training epoch: 60 	 Overall Accuracy: 86.07%	 Before inlet accuracy: 86.73% 	 After inlet accuracy: 83.07%
2022-03-14 01:20:50,241 - ===> Train Epoch: 61 	 Accuracy: 85.69% 	 Loss: 0.88589421
2022-03-14 01:21:33,720 - ===> Validation after Training epoch: 61 	 Overall Accuracy: 85.89%	 Before inlet accuracy: 86.71% 	 After inlet accuracy: 82.16%
2022-03-14 01:26:07,356 - ===> Train Epoch: 62 	 Accuracy: 85.66% 	 Loss: 0.88579586
2022-03-14 01:26:51,242 - ===> Validation after Training epoch: 62 	 Overall Accuracy: 85.32%	 Before inlet accuracy: 86.06% 	 After inlet accuracy: 81.93%
2022-03-14 01:31:24,582 - ===> Train Epoch: 63 	 Accuracy: 85.86% 	 Loss: 0.88400739
2022-03-14 01:32:08,031 - ===> Validation after Training epoch: 63 	 Overall Accuracy: 85.71%	 Before inlet accuracy: 86.74% 	 After inlet accuracy: 81.08%
2022-03-14 01:36:39,980 - ===> Train Epoch: 64 	 Accuracy: 85.55% 	 Loss: 0.88699412
2022-03-14 01:37:23,626 - ===> Validation after Training epoch: 64 	 Overall Accuracy: 86.01%	 Before inlet accuracy: 86.84% 	 After inlet accuracy: 82.21%
2022-03-14 01:41:56,071 - ===> Train Epoch: 65 	 Accuracy: 85.49% 	 Loss: 0.88768788
2022-03-14 01:42:39,884 - ===> Validation after Training epoch: 65 	 Overall Accuracy: 85.05%	 Before inlet accuracy: 85.77% 	 After inlet accuracy: 81.83%
2022-03-14 01:47:12,368 - ===> Train Epoch: 66 	 Accuracy: 85.52% 	 Loss: 0.88723811
2022-03-14 01:47:55,913 - ===> Validation after Training epoch: 66 	 Overall Accuracy: 85.69%	 Before inlet accuracy: 86.41% 	 After inlet accuracy: 82.40%
2022-03-14 01:52:27,726 - ===> Train Epoch: 67 	 Accuracy: 85.73% 	 Loss: 0.88520196
2022-03-14 01:53:11,512 - ===> Validation after Training epoch: 67 	 Overall Accuracy: 86.43%	 Before inlet accuracy: 87.21% 	 After inlet accuracy: 82.76%
2022-03-14 01:57:45,401 - ===> Train Epoch: 68 	 Accuracy: 85.54% 	 Loss: 0.88721889
2022-03-14 01:58:29,243 - ===> Validation after Training epoch: 68 	 Overall Accuracy: 86.10%	 Before inlet accuracy: 86.95% 	 After inlet accuracy: 82.23%
2022-03-14 02:03:01,881 - ===> Train Epoch: 69 	 Accuracy: 86.00% 	 Loss: 0.88251501
2022-03-14 02:03:45,499 - ===> Validation after Training epoch: 69 	 Overall Accuracy: 85.77%	 Before inlet accuracy: 86.66% 	 After inlet accuracy: 81.74%
2022-03-14 02:08:17,258 - ===> Train Epoch: 70 	 Accuracy: 85.74% 	 Loss: 0.88522520
2022-03-14 02:09:00,739 - ===> Validation after Training epoch: 70 	 Overall Accuracy: 85.63%	 Before inlet accuracy: 86.48% 	 After inlet accuracy: 81.70%
2022-03-14 02:13:34,105 - ===> Train Epoch: 71 	 Accuracy: 85.95% 	 Loss: 0.88319085
2022-03-14 02:14:17,906 - ===> Validation after Training epoch: 71 	 Overall Accuracy: 84.93%	 Before inlet accuracy: 85.59% 	 After inlet accuracy: 81.96%
2022-03-14 02:18:49,806 - ===> Train Epoch: 72 	 Accuracy: 85.76% 	 Loss: 0.88496975
2022-03-14 02:19:33,680 - ===> Validation after Training epoch: 72 	 Overall Accuracy: 85.10%	 Before inlet accuracy: 85.92% 	 After inlet accuracy: 81.38%
2022-03-14 02:24:05,386 - ===> Train Epoch: 73 	 Accuracy: 85.99% 	 Loss: 0.88252930
2022-03-14 02:24:48,960 - ===> Validation after Training epoch: 73 	 Overall Accuracy: 85.44%	 Before inlet accuracy: 86.12% 	 After inlet accuracy: 82.31%
2022-03-14 02:29:21,477 - ===> Train Epoch: 74 	 Accuracy: 86.15% 	 Loss: 0.88110442
2022-03-14 02:30:05,161 - ===> Validation after Training epoch: 74 	 Overall Accuracy: 85.02%	 Before inlet accuracy: 85.82% 	 After inlet accuracy: 81.37%
2022-03-14 02:34:41,605 - ===> Train Epoch: 75 	 Accuracy: 85.45% 	 Loss: 0.88796255
2022-03-14 02:35:25,392 - ===> Validation after Training epoch: 75 	 Overall Accuracy: 86.07%	 Before inlet accuracy: 87.09% 	 After inlet accuracy: 81.46%
2022-03-14 02:40:02,249 - ===> Train Epoch: 76 	 Accuracy: 85.79% 	 Loss: 0.88454740
2022-03-14 02:40:46,317 - ===> Validation after Training epoch: 76 	 Overall Accuracy: 86.33%	 Before inlet accuracy: 87.30% 	 After inlet accuracy: 81.93%
2022-03-14 02:45:23,709 - ===> Train Epoch: 77 	 Accuracy: 86.05% 	 Loss: 0.88213914
2022-03-14 02:46:07,589 - ===> Validation after Training epoch: 77 	 Overall Accuracy: 85.72%	 Before inlet accuracy: 86.40% 	 After inlet accuracy: 82.60%
2022-03-14 02:50:44,001 - ===> Train Epoch: 78 	 Accuracy: 85.88% 	 Loss: 0.88365927
2022-03-14 02:51:27,727 - ===> Validation after Training epoch: 78 	 Overall Accuracy: 86.28%	 Before inlet accuracy: 87.23% 	 After inlet accuracy: 81.90%
2022-03-14 02:56:04,893 - ===> Train Epoch: 79 	 Accuracy: 85.76% 	 Loss: 0.88476111
2022-03-14 02:56:48,722 - ===> Validation after Training epoch: 79 	 Overall Accuracy: 86.02%	 Before inlet accuracy: 87.09% 	 After inlet accuracy: 81.16%
2022-03-14 03:01:24,865 - ===> Train Epoch: 80 	 Accuracy: 85.95% 	 Loss: 0.88262365
2022-03-14 03:02:08,675 - ===> Validation after Training epoch: 80 	 Overall Accuracy: 85.13%	 Before inlet accuracy: 86.11% 	 After inlet accuracy: 80.68%
2022-03-14 03:06:45,284 - ===> Train Epoch: 81 	 Accuracy: 86.01% 	 Loss: 0.88246584
2022-03-14 03:07:29,081 - ===> Validation after Training epoch: 81 	 Overall Accuracy: 86.06%	 Before inlet accuracy: 86.86% 	 After inlet accuracy: 82.40%
2022-03-14 03:12:05,550 - ===> Train Epoch: 82 	 Accuracy: 86.45% 	 Loss: 0.87871476
2022-03-14 03:12:49,024 - ===> Validation after Training epoch: 82 	 Overall Accuracy: 85.80%	 Before inlet accuracy: 86.74% 	 After inlet accuracy: 81.48%
2022-03-14 03:17:25,384 - ===> Train Epoch: 83 	 Accuracy: 86.65% 	 Loss: 0.87662218
2022-03-14 03:18:09,543 - ===> Validation after Training epoch: 83 	 Overall Accuracy: 83.64%	 Before inlet accuracy: 84.03% 	 After inlet accuracy: 81.84%
2022-03-14 03:22:43,176 - ===> Train Epoch: 84 	 Accuracy: 86.44% 	 Loss: 0.87866458
2022-03-14 03:23:26,846 - ===> Validation after Training epoch: 84 	 Overall Accuracy: 84.98%	 Before inlet accuracy: 85.79% 	 After inlet accuracy: 81.28%
2022-03-14 03:28:02,224 - ===> Train Epoch: 85 	 Accuracy: 86.68% 	 Loss: 0.87604779
2022-03-14 03:28:45,763 - ===> Validation after Training epoch: 85 	 Overall Accuracy: 85.38%	 Before inlet accuracy: 86.40% 	 After inlet accuracy: 80.80%
2022-03-14 03:33:19,403 - ===> Train Epoch: 86 	 Accuracy: 86.72% 	 Loss: 0.87565211
2022-03-14 03:34:02,913 - ===> Validation after Training epoch: 86 	 Overall Accuracy: 85.59%	 Before inlet accuracy: 86.35% 	 After inlet accuracy: 82.18%
2022-03-14 03:38:36,095 - ===> Train Epoch: 87 	 Accuracy: 86.67% 	 Loss: 0.87588315
2022-03-14 03:39:19,926 - ===> Validation after Training epoch: 87 	 Overall Accuracy: 85.59%	 Before inlet accuracy: 86.50% 	 After inlet accuracy: 81.36%
2022-03-14 03:43:53,820 - ===> Train Epoch: 88 	 Accuracy: 86.32% 	 Loss: 0.87926588
2022-03-14 03:44:37,793 - ===> Validation after Training epoch: 88 	 Overall Accuracy: 84.89%	 Before inlet accuracy: 85.74% 	 After inlet accuracy: 81.00%
2022-03-14 03:49:11,442 - ===> Train Epoch: 89 	 Accuracy: 86.52% 	 Loss: 0.87725706
2022-03-14 03:49:54,861 - ===> Validation after Training epoch: 89 	 Overall Accuracy: 85.66%	 Before inlet accuracy: 86.47% 	 After inlet accuracy: 82.01%
2022-03-14 03:54:30,338 - ===> Train Epoch: 90 	 Accuracy: 86.82% 	 Loss: 0.87440749
2022-03-14 03:55:14,092 - ===> Validation after Training epoch: 90 	 Overall Accuracy: 85.39%	 Before inlet accuracy: 86.07% 	 After inlet accuracy: 82.33%
2022-03-14 04:00:07,906 - ===> Train Epoch: 91 	 Accuracy: 86.61% 	 Loss: 0.87656870
2022-03-14 04:00:51,850 - ===> Validation after Training epoch: 91 	 Overall Accuracy: 84.97%	 Before inlet accuracy: 85.73% 	 After inlet accuracy: 81.46%
2022-03-14 04:05:30,835 - ===> Train Epoch: 92 	 Accuracy: 86.76% 	 Loss: 0.87509809
2022-03-14 04:06:14,827 - ===> Validation after Training epoch: 92 	 Overall Accuracy: 85.09%	 Before inlet accuracy: 86.06% 	 After inlet accuracy: 80.56%
2022-03-14 04:10:54,483 - ===> Train Epoch: 93 	 Accuracy: 86.46% 	 Loss: 0.87785012
2022-03-14 04:11:38,346 - ===> Validation after Training epoch: 93 	 Overall Accuracy: 85.49%	 Before inlet accuracy: 86.33% 	 After inlet accuracy: 81.65%
2022-03-14 04:16:17,231 - ===> Train Epoch: 94 	 Accuracy: 86.72% 	 Loss: 0.87534667
2022-03-14 04:17:01,852 - ===> Validation after Training epoch: 94 	 Overall Accuracy: 85.80%	 Before inlet accuracy: 86.68% 	 After inlet accuracy: 81.78%
2022-03-14 04:21:56,818 - ===> Train Epoch: 95 	 Accuracy: 86.79% 	 Loss: 0.87471344
2022-03-14 04:22:40,855 - ===> Validation after Training epoch: 95 	 Overall Accuracy: 85.58%	 Before inlet accuracy: 86.32% 	 After inlet accuracy: 82.12%
2022-03-14 04:27:23,323 - ===> Train Epoch: 96 	 Accuracy: 86.47% 	 Loss: 0.87785028
2022-03-14 04:28:07,363 - ===> Validation after Training epoch: 96 	 Overall Accuracy: 84.84%	 Before inlet accuracy: 85.72% 	 After inlet accuracy: 80.91%
2022-03-14 04:33:09,184 - ===> Train Epoch: 97 	 Accuracy: 87.16% 	 Loss: 0.87102548
2022-03-14 04:33:53,070 - ===> Validation after Training epoch: 97 	 Overall Accuracy: 84.23%	 Before inlet accuracy: 85.22% 	 After inlet accuracy: 79.80%
2022-03-14 04:38:31,548 - ===> Train Epoch: 98 	 Accuracy: 87.10% 	 Loss: 0.87160803
2022-03-14 04:39:15,360 - ===> Validation after Training epoch: 98 	 Overall Accuracy: 85.25%	 Before inlet accuracy: 86.11% 	 After inlet accuracy: 81.35%
2022-03-14 04:43:52,636 - ===> Train Epoch: 99 	 Accuracy: 86.86% 	 Loss: 0.87422677
2022-03-14 04:44:37,122 - ===> Validation after Training epoch: 99 	 Overall Accuracy: 85.19%	 Before inlet accuracy: 85.99% 	 After inlet accuracy: 81.49%
2022-03-14 04:49:13,435 - ===> Train Epoch: 100 	 Accuracy: 86.83% 	 Loss: 0.87402444
2022-03-14 04:49:57,744 - ===> Validation after Training epoch: 100 	 Overall Accuracy: 85.31%	 Before inlet accuracy: 86.05% 	 After inlet accuracy: 81.94%
2022-03-14 04:54:36,808 - ===> Train Epoch: 101 	 Accuracy: 87.29% 	 Loss: 0.86985505
2022-03-14 04:55:20,631 - ===> Validation after Training epoch: 101 	 Overall Accuracy: 84.97%	 Before inlet accuracy: 85.83% 	 After inlet accuracy: 80.94%
2022-03-14 04:59:58,366 - ===> Train Epoch: 102 	 Accuracy: 87.27% 	 Loss: 0.87005040
2022-03-14 05:00:42,378 - ===> Validation after Training epoch: 102 	 Overall Accuracy: 85.49%	 Before inlet accuracy: 86.26% 	 After inlet accuracy: 81.93%
2022-03-14 05:05:20,952 - ===> Train Epoch: 103 	 Accuracy: 87.03% 	 Loss: 0.87233058
2022-03-14 05:06:04,659 - ===> Validation after Training epoch: 103 	 Overall Accuracy: 85.65%	 Before inlet accuracy: 86.70% 	 After inlet accuracy: 80.86%
2022-03-14 05:10:44,117 - ===> Train Epoch: 104 	 Accuracy: 87.05% 	 Loss: 0.87201916
2022-03-14 05:11:27,821 - ===> Validation after Training epoch: 104 	 Overall Accuracy: 84.95%	 Before inlet accuracy: 85.63% 	 After inlet accuracy: 81.83%
2022-03-14 05:16:06,732 - ===> Train Epoch: 105 	 Accuracy: 87.42% 	 Loss: 0.86848564
2022-03-14 05:16:50,778 - ===> Validation after Training epoch: 105 	 Overall Accuracy: 84.54%	 Before inlet accuracy: 85.49% 	 After inlet accuracy: 80.24%
2022-03-14 05:21:25,830 - ===> Train Epoch: 106 	 Accuracy: 87.17% 	 Loss: 0.87109936
2022-03-14 05:22:09,473 - ===> Validation after Training epoch: 106 	 Overall Accuracy: 85.40%	 Before inlet accuracy: 86.35% 	 After inlet accuracy: 81.11%
