2022-03-12 05:28:01,820 - ### Training Machine Ip address ###
 127.0.1.1

2022-03-12 05:28:01,821 - ### Model summary below###
 Downstream(
  (decoder): Decoder(
    (linear): ModuleList(
      (0): Linear(in_features=256, out_features=128, bias=True)
      (1): ReLU()
      (2): Linear(in_features=128, out_features=64, bias=True)
      (3): ReLU()
      (4): Linear(in_features=64, out_features=32, bias=True)
      (5): ReLU()
      (6): Linear(in_features=32, out_features=16, bias=True)
      (7): ReLU()
    )
    (out): Linear(in_features=16, out_features=4, bias=True)
    (softmax): Softmax(dim=None)
  )
  (softmax): Softmax(dim=None)
  (lsoftmax): LogSoftmax(dim=None)
  (loss_mean): CrossEntropyLoss()
)

2022-03-12 05:28:01,821 - ===> Configuration parameter
                                    GPU_id: 1
                                    batch_size: 64
                                    epoch: 300
                                    n_warmup_steps: 30
                                    validataion_period: 1
                                    ckpt_period: 5
                                    ckpt_dir: /home/user/data/HyeongseokJeon/HMC_prediction/ckpt/
                                    learning_rate: 1e-06
                                    logging: True
                                    data_dir_train: /home/user/data/HyeongseokJeon/HMC_prediction/data/drone_data/processed/train/
                                    data_dir_val: /home/user/data/HyeongseokJeon/HMC_prediction/data/drone_data/processed/val/
                                    data_dir_orig: /home/user/data/HyeongseokJeon/HMC_prediction/data/drone_data/processed/archive/
                                    occlusion_rate: 0.2
                                    splicing_num: 128
                                    LC_multiple: 5
                                    FOV: 30
                                    interpolate: False
                                    max_pred_time: 5
                                    max_hist_time: 10
                                    hz: 2
                                    val_rate: 0.2
                                    n_linear_layer: 4
                                    n_hidden_after_deconv: 256
                                    log_dir: logs/

2022-03-12 05:28:01,821 - ===> Model total parameter: 43828
2022-03-12 05:28:01,821 - ### Selected Encoder model >>> File_id : maneuver_prediction-2022-03-10_04_02_34
2022-03-12 05:28:01,821 - ### Selected Encoder weight >>> weight_id : model_60.pt
2022-03-12 05:28:01,821 - ===> Model Training Start
2022-03-12 05:41:36,027 - ===> Train Epoch: 1 	 Accuracy: 33.98% 	 Loss: 1.37193238
2022-03-12 05:47:06,309 - ===> Validation after Training epoch: 1 	 Overall Accuracy: 25.57%	 Before inlet accuracy: 26.05% 	 After inlet accuracy: 23.36%
2022-03-12 06:06:20,785 - ===> Train Epoch: 2 	 Accuracy: 33.96% 	 Loss: 1.36945597
2022-03-12 06:11:46,909 - ===> Validation after Training epoch: 2 	 Overall Accuracy: 25.31%	 Before inlet accuracy: 25.66% 	 After inlet accuracy: 23.70%
2022-03-12 06:30:56,645 - ===> Train Epoch: 3 	 Accuracy: 34.14% 	 Loss: 1.36663127
2022-03-12 06:36:22,303 - ===> Validation after Training epoch: 3 	 Overall Accuracy: 25.17%	 Before inlet accuracy: 25.48% 	 After inlet accuracy: 23.70%
2022-03-12 06:55:26,987 - ===> Train Epoch: 4 	 Accuracy: 34.27% 	 Loss: 1.36330235
2022-03-12 07:00:50,180 - ===> Validation after Training epoch: 4 	 Overall Accuracy: 27.71%	 Before inlet accuracy: 28.59% 	 After inlet accuracy: 23.70%
2022-03-12 07:20:05,517 - ===> Train Epoch: 5 	 Accuracy: 41.22% 	 Loss: 1.35920317
2022-03-12 07:25:28,041 - ===> Validation after Training epoch: 5 	 Overall Accuracy: 40.16%	 Before inlet accuracy: 43.33% 	 After inlet accuracy: 25.48%
2022-03-12 07:44:34,812 - ===> Train Epoch: 6 	 Accuracy: 52.84% 	 Loss: 1.35359014
2022-03-12 07:50:02,477 - ===> Validation after Training epoch: 6 	 Overall Accuracy: 55.74%	 Before inlet accuracy: 58.57% 	 After inlet accuracy: 42.74%
2022-03-12 08:09:11,598 - ===> Train Epoch: 7 	 Accuracy: 60.24% 	 Loss: 1.34657872
2022-03-12 08:14:36,012 - ===> Validation after Training epoch: 7 	 Overall Accuracy: 62.19%	 Before inlet accuracy: 63.98% 	 After inlet accuracy: 53.88%
2022-03-12 08:33:45,097 - ===> Train Epoch: 8 	 Accuracy: 64.81% 	 Loss: 1.33785774
2022-03-12 08:39:10,649 - ===> Validation after Training epoch: 8 	 Overall Accuracy: 66.71%	 Before inlet accuracy: 68.28% 	 After inlet accuracy: 59.47%
2022-03-12 08:58:29,387 - ===> Train Epoch: 9 	 Accuracy: 67.19% 	 Loss: 1.32755717
2022-03-12 09:03:59,658 - ===> Validation after Training epoch: 9 	 Overall Accuracy: 70.16%	 Before inlet accuracy: 71.60% 	 After inlet accuracy: 63.40%
2022-03-12 09:23:14,321 - ===> Train Epoch: 10 	 Accuracy: 68.86% 	 Loss: 1.31463707
2022-03-12 09:28:38,323 - ===> Validation after Training epoch: 10 	 Overall Accuracy: 71.54%	 Before inlet accuracy: 73.04% 	 After inlet accuracy: 64.62%
2022-03-12 09:47:50,199 - ===> Train Epoch: 11 	 Accuracy: 70.77% 	 Loss: 1.29830368
2022-03-12 09:53:14,875 - ===> Validation after Training epoch: 11 	 Overall Accuracy: 72.77%	 Before inlet accuracy: 74.34% 	 After inlet accuracy: 65.58%
2022-03-12 10:12:26,868 - ===> Train Epoch: 12 	 Accuracy: 71.13% 	 Loss: 1.27931974
2022-03-12 10:17:51,242 - ===> Validation after Training epoch: 12 	 Overall Accuracy: 74.28%	 Before inlet accuracy: 75.80% 	 After inlet accuracy: 67.36%
2022-03-12 10:37:04,644 - ===> Train Epoch: 13 	 Accuracy: 71.57% 	 Loss: 1.25918914
2022-03-12 10:42:31,490 - ===> Validation after Training epoch: 13 	 Overall Accuracy: 74.85%	 Before inlet accuracy: 76.21% 	 After inlet accuracy: 68.67%
2022-03-12 11:01:42,381 - ===> Train Epoch: 14 	 Accuracy: 72.84% 	 Loss: 1.23377954
2022-03-12 11:07:06,253 - ===> Validation after Training epoch: 14 	 Overall Accuracy: 75.63%	 Before inlet accuracy: 76.85% 	 After inlet accuracy: 70.04%
2022-03-12 11:26:16,845 - ===> Train Epoch: 15 	 Accuracy: 73.47% 	 Loss: 1.20617949
2022-03-12 11:31:43,093 - ===> Validation after Training epoch: 15 	 Overall Accuracy: 76.89%	 Before inlet accuracy: 78.16% 	 After inlet accuracy: 71.02%
2022-03-12 11:50:57,663 - ===> Train Epoch: 16 	 Accuracy: 74.30% 	 Loss: 1.17823274
2022-03-12 11:56:22,793 - ===> Validation after Training epoch: 16 	 Overall Accuracy: 77.39%	 Before inlet accuracy: 78.83% 	 After inlet accuracy: 70.94%
2022-03-12 12:15:35,918 - ===> Train Epoch: 17 	 Accuracy: 75.52% 	 Loss: 1.14897771
2022-03-12 12:21:04,653 - ===> Validation after Training epoch: 17 	 Overall Accuracy: 79.07%	 Before inlet accuracy: 80.18% 	 After inlet accuracy: 73.97%
2022-03-12 12:40:19,365 - ===> Train Epoch: 18 	 Accuracy: 76.44% 	 Loss: 1.12117044
2022-03-12 12:45:47,407 - ===> Validation after Training epoch: 18 	 Overall Accuracy: 80.54%	 Before inlet accuracy: 81.72% 	 After inlet accuracy: 75.10%
2022-03-12 13:04:55,339 - ===> Train Epoch: 19 	 Accuracy: 77.30% 	 Loss: 1.09550741
2022-03-12 13:10:23,205 - ===> Validation after Training epoch: 19 	 Overall Accuracy: 82.01%	 Before inlet accuracy: 83.24% 	 After inlet accuracy: 76.52%
2022-03-12 13:29:30,092 - ===> Train Epoch: 20 	 Accuracy: 78.90% 	 Loss: 1.06897377
2022-03-12 13:34:59,889 - ===> Validation after Training epoch: 20 	 Overall Accuracy: 83.07%	 Before inlet accuracy: 84.26% 	 After inlet accuracy: 77.74%
2022-03-12 13:54:13,018 - ===> Train Epoch: 21 	 Accuracy: 79.44% 	 Loss: 1.04706138
2022-03-12 13:59:40,391 - ===> Validation after Training epoch: 21 	 Overall Accuracy: 83.77%	 Before inlet accuracy: 84.69% 	 After inlet accuracy: 79.47%
2022-03-12 14:18:48,555 - ===> Train Epoch: 22 	 Accuracy: 80.27% 	 Loss: 1.02738268
2022-03-12 14:24:17,254 - ===> Validation after Training epoch: 22 	 Overall Accuracy: 84.07%	 Before inlet accuracy: 85.28% 	 After inlet accuracy: 78.56%
2022-03-12 14:43:35,725 - ===> Train Epoch: 23 	 Accuracy: 80.69% 	 Loss: 1.01072926
2022-03-12 14:49:01,300 - ===> Validation after Training epoch: 23 	 Overall Accuracy: 84.35%	 Before inlet accuracy: 85.16% 	 After inlet accuracy: 80.60%
2022-03-12 15:08:12,339 - ===> Train Epoch: 24 	 Accuracy: 80.80% 	 Loss: 0.99780449
2022-03-12 15:13:37,581 - ===> Validation after Training epoch: 24 	 Overall Accuracy: 84.05%	 Before inlet accuracy: 84.89% 	 After inlet accuracy: 80.17%
2022-03-12 15:32:50,063 - ===> Train Epoch: 25 	 Accuracy: 81.61% 	 Loss: 0.98277377
2022-03-12 15:38:16,255 - ===> Validation after Training epoch: 25 	 Overall Accuracy: 84.36%	 Before inlet accuracy: 85.09% 	 After inlet accuracy: 81.02%
2022-03-12 15:57:29,723 - ===> Train Epoch: 26 	 Accuracy: 81.54% 	 Loss: 0.97568956
2022-03-12 16:02:56,890 - ===> Validation after Training epoch: 26 	 Overall Accuracy: 84.57%	 Before inlet accuracy: 85.10% 	 After inlet accuracy: 82.16%
2022-03-12 16:22:06,058 - ===> Train Epoch: 27 	 Accuracy: 82.00% 	 Loss: 0.96429808
2022-03-12 16:27:32,391 - ===> Validation after Training epoch: 27 	 Overall Accuracy: 84.29%	 Before inlet accuracy: 84.93% 	 After inlet accuracy: 81.33%
2022-03-12 16:46:46,032 - ===> Train Epoch: 28 	 Accuracy: 82.11% 	 Loss: 0.95693129
2022-03-12 16:52:13,219 - ===> Validation after Training epoch: 28 	 Overall Accuracy: 84.64%	 Before inlet accuracy: 85.25% 	 After inlet accuracy: 81.79%
2022-03-12 17:11:24,144 - ===> Train Epoch: 29 	 Accuracy: 82.18% 	 Loss: 0.95111265
2022-03-12 17:16:51,444 - ===> Validation after Training epoch: 29 	 Overall Accuracy: 84.65%	 Before inlet accuracy: 85.47% 	 After inlet accuracy: 80.83%
2022-03-12 17:36:05,876 - ===> Train Epoch: 30 	 Accuracy: 82.37% 	 Loss: 0.94618351
2022-03-12 17:41:32,904 - ===> Validation after Training epoch: 30 	 Overall Accuracy: 85.22%	 Before inlet accuracy: 85.93% 	 After inlet accuracy: 81.91%
2022-03-12 18:00:37,518 - ===> Train Epoch: 31 	 Accuracy: 82.55% 	 Loss: 0.94091686
2022-03-12 18:06:01,366 - ===> Validation after Training epoch: 31 	 Overall Accuracy: 85.44%	 Before inlet accuracy: 86.32% 	 After inlet accuracy: 81.39%
2022-03-12 18:25:16,941 - ===> Train Epoch: 32 	 Accuracy: 82.25% 	 Loss: 0.94026819
2022-03-12 18:30:45,813 - ===> Validation after Training epoch: 32 	 Overall Accuracy: 84.66%	 Before inlet accuracy: 85.31% 	 After inlet accuracy: 81.68%
2022-03-12 18:49:52,160 - ===> Train Epoch: 33 	 Accuracy: 82.51% 	 Loss: 0.93648665
2022-03-12 18:55:18,524 - ===> Validation after Training epoch: 33 	 Overall Accuracy: 84.43%	 Before inlet accuracy: 85.26% 	 After inlet accuracy: 80.67%
2022-03-12 19:14:32,248 - ===> Train Epoch: 34 	 Accuracy: 82.81% 	 Loss: 0.93078871
2022-03-12 19:19:57,930 - ===> Validation after Training epoch: 34 	 Overall Accuracy: 84.18%	 Before inlet accuracy: 84.79% 	 After inlet accuracy: 81.38%
2022-03-12 19:39:11,750 - ===> Train Epoch: 35 	 Accuracy: 82.64% 	 Loss: 0.93102049
2022-03-12 19:44:38,460 - ===> Validation after Training epoch: 35 	 Overall Accuracy: 85.17%	 Before inlet accuracy: 85.91% 	 After inlet accuracy: 81.67%
2022-03-12 20:03:56,044 - ===> Train Epoch: 36 	 Accuracy: 82.53% 	 Loss: 0.93006256
2022-03-12 20:09:23,179 - ===> Validation after Training epoch: 36 	 Overall Accuracy: 84.83%	 Before inlet accuracy: 85.40% 	 After inlet accuracy: 82.21%
2022-03-12 20:28:30,932 - ===> Train Epoch: 37 	 Accuracy: 82.67% 	 Loss: 0.92808813
2022-03-12 20:33:58,441 - ===> Validation after Training epoch: 37 	 Overall Accuracy: 85.05%	 Before inlet accuracy: 85.82% 	 After inlet accuracy: 81.58%
2022-03-12 20:53:10,430 - ===> Train Epoch: 38 	 Accuracy: 82.63% 	 Loss: 0.92748702
2022-03-12 20:58:40,045 - ===> Validation after Training epoch: 38 	 Overall Accuracy: 84.68%	 Before inlet accuracy: 85.38% 	 After inlet accuracy: 81.43%
2022-03-12 21:17:52,313 - ===> Train Epoch: 39 	 Accuracy: 83.01% 	 Loss: 0.92267421
2022-03-12 21:23:22,428 - ===> Validation after Training epoch: 39 	 Overall Accuracy: 84.75%	 Before inlet accuracy: 85.58% 	 After inlet accuracy: 80.97%
2022-03-12 21:42:35,627 - ===> Train Epoch: 40 	 Accuracy: 82.85% 	 Loss: 0.92299815
2022-03-12 21:48:03,233 - ===> Validation after Training epoch: 40 	 Overall Accuracy: 84.85%	 Before inlet accuracy: 85.51% 	 After inlet accuracy: 81.78%
2022-03-12 22:07:16,045 - ===> Train Epoch: 41 	 Accuracy: 83.02% 	 Loss: 0.92078475
