2022-03-12 05:29:04,878 - ### Training Machine Ip address ###
 127.0.1.1

2022-03-12 05:29:04,878 - ### Model summary below###
 Downstream(
  (decoder): Decoder(
    (linear): ModuleList(
      (0): Linear(in_features=256, out_features=128, bias=True)
      (1): ReLU()
      (2): Linear(in_features=128, out_features=64, bias=True)
      (3): ReLU()
      (4): Linear(in_features=64, out_features=32, bias=True)
      (5): ReLU()
      (6): Linear(in_features=32, out_features=16, bias=True)
      (7): ReLU()
    )
    (out): Linear(in_features=16, out_features=4, bias=True)
    (softmax): Softmax(dim=None)
  )
  (softmax): Softmax(dim=None)
  (lsoftmax): LogSoftmax(dim=None)
  (loss_mean): CrossEntropyLoss()
)

2022-03-12 05:29:04,878 - ===> Configuration parameter
                                    GPU_id: 3
                                    batch_size: 64
                                    epoch: 300
                                    n_warmup_steps: 30
                                    validataion_period: 1
                                    ckpt_period: 5
                                    ckpt_dir: /home/user/data/HyeongseokJeon/HMC_prediction/ckpt/
                                    learning_rate: 1e-06
                                    logging: True
                                    data_dir_train: /home/user/data/HyeongseokJeon/HMC_prediction/data/drone_data/processed/train/
                                    data_dir_val: /home/user/data/HyeongseokJeon/HMC_prediction/data/drone_data/processed/val/
                                    data_dir_orig: /home/user/data/HyeongseokJeon/HMC_prediction/data/drone_data/processed/archive/
                                    occlusion_rate: 0.2
                                    splicing_num: 128
                                    LC_multiple: 5
                                    FOV: 30
                                    interpolate: False
                                    max_pred_time: 5
                                    max_hist_time: 10
                                    hz: 2
                                    val_rate: 0.2
                                    n_linear_layer: 4
                                    n_hidden_after_deconv: 256
                                    log_dir: logs/

2022-03-12 05:29:04,878 - ===> Model total parameter: 43828
2022-03-12 05:29:04,878 - ### Selected Encoder model >>> File_id : maneuver_prediction-2022-03-10_04_02_34
2022-03-12 05:29:04,878 - ### Selected Encoder weight >>> weight_id : model_95.pt
2022-03-12 05:29:04,878 - ===> Model Training Start
2022-03-12 05:41:03,087 - ===> Train Epoch: 1 	 Accuracy: 25.93% 	 Loss: 1.38212666
2022-03-12 05:46:27,932 - ===> Validation after Training epoch: 1 	 Overall Accuracy: 35.45%	 Before inlet accuracy: 33.23% 	 After inlet accuracy: 45.70%
2022-03-12 06:05:20,665 - ===> Train Epoch: 2 	 Accuracy: 26.03% 	 Loss: 1.37962233
2022-03-12 06:10:46,081 - ===> Validation after Training epoch: 2 	 Overall Accuracy: 35.50%	 Before inlet accuracy: 32.95% 	 After inlet accuracy: 46.86%
2022-03-12 06:29:43,203 - ===> Train Epoch: 3 	 Accuracy: 26.02% 	 Loss: 1.37598940
2022-03-12 06:35:06,386 - ===> Validation after Training epoch: 3 	 Overall Accuracy: 35.70%	 Before inlet accuracy: 33.36% 	 After inlet accuracy: 46.30%
2022-03-12 06:54:05,488 - ===> Train Epoch: 4 	 Accuracy: 26.05% 	 Loss: 1.37115723
2022-03-12 06:59:33,363 - ===> Validation after Training epoch: 4 	 Overall Accuracy: 35.92%	 Before inlet accuracy: 33.55% 	 After inlet accuracy: 46.84%
2022-03-12 07:18:36,272 - ===> Train Epoch: 5 	 Accuracy: 28.07% 	 Loss: 1.36501953
2022-03-12 07:24:01,637 - ===> Validation after Training epoch: 5 	 Overall Accuracy: 44.99%	 Before inlet accuracy: 44.75% 	 After inlet accuracy: 46.06%
2022-03-12 07:43:02,306 - ===> Train Epoch: 6 	 Accuracy: 42.67% 	 Loss: 1.35647620
2022-03-12 07:48:29,866 - ===> Validation after Training epoch: 6 	 Overall Accuracy: 63.38%	 Before inlet accuracy: 65.80% 	 After inlet accuracy: 52.24%
2022-03-12 08:07:23,446 - ===> Train Epoch: 7 	 Accuracy: 61.80% 	 Loss: 1.34403700
2022-03-12 08:12:49,754 - ===> Validation after Training epoch: 7 	 Overall Accuracy: 73.74%	 Before inlet accuracy: 75.94% 	 After inlet accuracy: 63.88%
2022-03-12 08:31:47,627 - ===> Train Epoch: 8 	 Accuracy: 70.04% 	 Loss: 1.32724561
2022-03-12 08:37:08,455 - ===> Validation after Training epoch: 8 	 Overall Accuracy: 69.87%	 Before inlet accuracy: 73.55% 	 After inlet accuracy: 53.32%
2022-03-12 08:56:04,124 - ===> Train Epoch: 9 	 Accuracy: 66.65% 	 Loss: 1.30693844
2022-03-12 09:01:27,809 - ===> Validation after Training epoch: 9 	 Overall Accuracy: 63.99%	 Before inlet accuracy: 68.37% 	 After inlet accuracy: 44.02%
2022-03-12 09:20:23,400 - ===> Train Epoch: 10 	 Accuracy: 63.47% 	 Loss: 1.28323483
2022-03-12 09:25:47,473 - ===> Validation after Training epoch: 10 	 Overall Accuracy: 61.20%	 Before inlet accuracy: 65.26% 	 After inlet accuracy: 42.68%
2022-03-12 09:44:47,011 - ===> Train Epoch: 11 	 Accuracy: 62.59% 	 Loss: 1.25640023
2022-03-12 09:50:14,568 - ===> Validation after Training epoch: 11 	 Overall Accuracy: 60.33%	 Before inlet accuracy: 64.06% 	 After inlet accuracy: 43.08%
2022-03-12 10:09:15,936 - ===> Train Epoch: 12 	 Accuracy: 61.99% 	 Loss: 1.22789827
2022-03-12 10:14:40,259 - ===> Validation after Training epoch: 12 	 Overall Accuracy: 59.47%	 Before inlet accuracy: 62.99% 	 After inlet accuracy: 43.15%
2022-03-12 10:33:40,576 - ===> Train Epoch: 13 	 Accuracy: 62.24% 	 Loss: 1.19859118
2022-03-12 10:39:03,355 - ===> Validation after Training epoch: 13 	 Overall Accuracy: 58.91%	 Before inlet accuracy: 62.20% 	 After inlet accuracy: 44.10%
