2022-03-12 05:43:54,601 - ### Training Machine Ip address ###
 192.168.0.7

2022-03-12 05:43:54,601 - ### Model summary below###
 Downstream(
  (decoder): Decoder(
    (linear): ModuleList(
      (0): Linear(in_features=256, out_features=128, bias=True)
      (1): ReLU()
      (2): Linear(in_features=128, out_features=64, bias=True)
      (3): ReLU()
      (4): Linear(in_features=64, out_features=32, bias=True)
      (5): ReLU()
      (6): Linear(in_features=32, out_features=16, bias=True)
      (7): ReLU()
    )
    (out): Linear(in_features=16, out_features=4, bias=True)
    (softmax): Softmax(dim=None)
  )
  (softmax): Softmax(dim=None)
  (lsoftmax): LogSoftmax(dim=None)
  (loss_mean): CrossEntropyLoss()
)

2022-03-12 05:43:54,602 - ===> Configuration parameter
                                    GPU_id: 0
                                    batch_size: 64
                                    epoch: 300
                                    n_warmup_steps: 30
                                    validataion_period: 1
                                    ckpt_period: 5
                                    ckpt_dir: C:\Users\VDCLAB\Desktop\hs\HMC_prediction/ckpt/
                                    learning_rate: 1e-06
                                    logging: True
                                    data_dir_train: C:\Users\VDCLAB\Desktop\hs\HMC_prediction/data/drone_data/processed/train/
                                    data_dir_val: C:\Users\VDCLAB\Desktop\hs\HMC_prediction/data/drone_data/processed/val/
                                    data_dir_orig: C:\Users\VDCLAB\Desktop\hs\HMC_prediction/data/drone_data/processed/archive/
                                    occlusion_rate: 0.2
                                    splicing_num: 128
                                    LC_multiple: 5
                                    FOV: 30
                                    interpolate: False
                                    max_pred_time: 5
                                    max_hist_time: 10
                                    hz: 2
                                    val_rate: 0.2
                                    n_linear_layer: 4
                                    n_hidden_after_deconv: 256
                                    log_dir: logs/

2022-03-12 05:43:54,602 - ===> Model total parameter: 43828
2022-03-12 05:43:54,602 - ### Selected Encoder model >>> File_id : maneuver_prediction-2022-03-10_04_02_34
2022-03-12 05:43:54,603 - ### Selected Encoder weight >>> weight_id : model_210.pt
2022-03-12 05:43:54,603 - ===> Model Training Start
2022-03-12 05:54:42,836 - ===> Train Epoch: 1 	 Accuracy: 0.11% 	 Loss: 1.40666455
2022-03-12 05:57:48,958 - ===> Validation after Training epoch: 1 	 Overall Accuracy: 2.20%	 Before inlet accuracy: 2.23% 	 After inlet accuracy: 2.07%
2022-03-12 06:09:27,696 - ===> Train Epoch: 2 	 Accuracy: 0.12% 	 Loss: 1.40304820
2022-03-12 06:12:34,164 - ===> Validation after Training epoch: 2 	 Overall Accuracy: 2.23%	 Before inlet accuracy: 2.19% 	 After inlet accuracy: 2.41%
2022-03-12 06:24:17,259 - ===> Train Epoch: 3 	 Accuracy: 0.12% 	 Loss: 1.39870962
2022-03-12 06:27:23,997 - ===> Validation after Training epoch: 3 	 Overall Accuracy: 2.37%	 Before inlet accuracy: 2.33% 	 After inlet accuracy: 2.56%
2022-03-12 06:39:03,087 - ===> Train Epoch: 4 	 Accuracy: 12.09% 	 Loss: 1.39369561
2022-03-12 06:42:10,940 - ===> Validation after Training epoch: 4 	 Overall Accuracy: 24.92%	 Before inlet accuracy: 27.79% 	 After inlet accuracy: 11.67%
2022-03-12 06:53:49,684 - ===> Train Epoch: 5 	 Accuracy: 28.91% 	 Loss: 1.38831494
2022-03-12 06:56:55,421 - ===> Validation after Training epoch: 5 	 Overall Accuracy: 33.39%	 Before inlet accuracy: 35.46% 	 After inlet accuracy: 23.96%
2022-03-12 07:08:39,336 - ===> Train Epoch: 6 	 Accuracy: 37.53% 	 Loss: 1.38038060
2022-03-12 07:11:45,320 - ===> Validation after Training epoch: 6 	 Overall Accuracy: 34.54%	 Before inlet accuracy: 36.37% 	 After inlet accuracy: 26.12%
2022-03-12 07:23:22,738 - ===> Train Epoch: 7 	 Accuracy: 39.10% 	 Loss: 1.36908708
2022-03-12 07:26:27,919 - ===> Validation after Training epoch: 7 	 Overall Accuracy: 36.45%	 Before inlet accuracy: 38.22% 	 After inlet accuracy: 28.28%
2022-03-12 07:38:07,185 - ===> Train Epoch: 8 	 Accuracy: 39.30% 	 Loss: 1.35539805
2022-03-12 07:41:14,619 - ===> Validation after Training epoch: 8 	 Overall Accuracy: 36.02%	 Before inlet accuracy: 37.94% 	 After inlet accuracy: 27.26%
2022-03-12 07:52:51,033 - ===> Train Epoch: 9 	 Accuracy: 39.79% 	 Loss: 1.33757577
2022-03-12 07:55:58,334 - ===> Validation after Training epoch: 9 	 Overall Accuracy: 36.52%	 Before inlet accuracy: 38.42% 	 After inlet accuracy: 27.72%
2022-03-12 08:07:30,452 - ===> Train Epoch: 10 	 Accuracy: 39.76% 	 Loss: 1.31764542
2022-03-12 08:10:33,919 - ===> Validation after Training epoch: 10 	 Overall Accuracy: 36.64%	 Before inlet accuracy: 38.48% 	 After inlet accuracy: 28.13%
2022-03-12 08:22:01,861 - ===> Train Epoch: 11 	 Accuracy: 39.70% 	 Loss: 1.29419754
2022-03-12 08:25:05,114 - ===> Validation after Training epoch: 11 	 Overall Accuracy: 36.02%	 Before inlet accuracy: 37.99% 	 After inlet accuracy: 27.11%
2022-03-12 08:36:31,269 - ===> Train Epoch: 12 	 Accuracy: 39.85% 	 Loss: 1.26563169
2022-03-12 08:39:33,215 - ===> Validation after Training epoch: 12 	 Overall Accuracy: 37.32%	 Before inlet accuracy: 39.32% 	 After inlet accuracy: 28.26%
2022-03-12 08:50:58,649 - ===> Train Epoch: 13 	 Accuracy: 45.03% 	 Loss: 1.24324613
2022-03-12 08:54:00,914 - ===> Validation after Training epoch: 13 	 Overall Accuracy: 46.29%	 Before inlet accuracy: 49.72% 	 After inlet accuracy: 30.53%
2022-03-12 09:05:27,058 - ===> Train Epoch: 14 	 Accuracy: 52.73% 	 Loss: 1.22252061
2022-03-12 09:08:30,936 - ===> Validation after Training epoch: 14 	 Overall Accuracy: 52.85%	 Before inlet accuracy: 56.61% 	 After inlet accuracy: 35.66%
2022-03-12 09:19:56,350 - ===> Train Epoch: 15 	 Accuracy: 58.20% 	 Loss: 1.19996189
2022-03-12 09:22:57,294 - ===> Validation after Training epoch: 15 	 Overall Accuracy: 56.94%	 Before inlet accuracy: 60.09% 	 After inlet accuracy: 42.36%
2022-03-12 09:34:23,224 - ===> Train Epoch: 16 	 Accuracy: 61.11% 	 Loss: 1.17992674
2022-03-12 09:37:26,674 - ===> Validation after Training epoch: 16 	 Overall Accuracy: 58.89%	 Before inlet accuracy: 61.99% 	 After inlet accuracy: 44.72%
2022-03-12 09:48:50,288 - ===> Train Epoch: 17 	 Accuracy: 62.54% 	 Loss: 1.16094669
2022-03-12 09:51:54,044 - ===> Validation after Training epoch: 17 	 Overall Accuracy: 59.53%	 Before inlet accuracy: 62.50% 	 After inlet accuracy: 46.11%
2022-03-12 10:03:19,744 - ===> Train Epoch: 18 	 Accuracy: 63.20% 	 Loss: 1.14007824
2022-03-12 10:06:23,032 - ===> Validation after Training epoch: 18 	 Overall Accuracy: 59.88%	 Before inlet accuracy: 62.79% 	 After inlet accuracy: 46.41%
2022-03-12 10:17:48,747 - ===> Train Epoch: 19 	 Accuracy: 63.24% 	 Loss: 1.12381505
2022-03-12 10:20:52,458 - ===> Validation after Training epoch: 19 	 Overall Accuracy: 59.77%	 Before inlet accuracy: 62.47% 	 After inlet accuracy: 47.57%
2022-03-12 10:32:17,087 - ===> Train Epoch: 20 	 Accuracy: 63.54% 	 Loss: 1.10659062
2022-03-12 10:35:21,176 - ===> Validation after Training epoch: 20 	 Overall Accuracy: 59.85%	 Before inlet accuracy: 62.63% 	 After inlet accuracy: 46.87%
2022-03-12 10:46:51,291 - ===> Train Epoch: 21 	 Accuracy: 63.46% 	 Loss: 1.09604140
2022-03-12 10:49:58,341 - ===> Validation after Training epoch: 21 	 Overall Accuracy: 59.82%	 Before inlet accuracy: 62.71% 	 After inlet accuracy: 46.63%
2022-03-12 11:01:28,606 - ===> Train Epoch: 22 	 Accuracy: 63.34% 	 Loss: 1.08870226
2022-03-12 11:04:34,355 - ===> Validation after Training epoch: 22 	 Overall Accuracy: 60.22%	 Before inlet accuracy: 63.04% 	 After inlet accuracy: 47.32%
2022-03-12 11:16:02,878 - ===> Train Epoch: 23 	 Accuracy: 63.52% 	 Loss: 1.08000371
2022-03-12 11:19:09,644 - ===> Validation after Training epoch: 23 	 Overall Accuracy: 59.86%	 Before inlet accuracy: 62.66% 	 After inlet accuracy: 47.16%
2022-03-12 11:30:39,276 - ===> Train Epoch: 24 	 Accuracy: 63.46% 	 Loss: 1.07407876
2022-03-12 11:33:45,714 - ===> Validation after Training epoch: 24 	 Overall Accuracy: 60.35%	 Before inlet accuracy: 63.14% 	 After inlet accuracy: 47.50%
2022-03-12 11:45:15,160 - ===> Train Epoch: 25 	 Accuracy: 63.55% 	 Loss: 1.06884699
2022-03-12 11:48:20,761 - ===> Validation after Training epoch: 25 	 Overall Accuracy: 60.16%	 Before inlet accuracy: 63.03% 	 After inlet accuracy: 46.96%
2022-03-12 12:00:06,298 - ===> Train Epoch: 26 	 Accuracy: 63.66% 	 Loss: 1.06351602
2022-03-12 12:03:17,671 - ===> Validation after Training epoch: 26 	 Overall Accuracy: 60.03%	 Before inlet accuracy: 62.96% 	 After inlet accuracy: 46.64%
2022-03-12 12:15:05,049 - ===> Train Epoch: 27 	 Accuracy: 64.10% 	 Loss: 1.05579032
2022-03-12 12:18:16,697 - ===> Validation after Training epoch: 27 	 Overall Accuracy: 59.95%	 Before inlet accuracy: 62.45% 	 After inlet accuracy: 48.19%
2022-03-12 12:30:04,256 - ===> Train Epoch: 28 	 Accuracy: 63.68% 	 Loss: 1.05606659
2022-03-12 12:33:14,754 - ===> Validation after Training epoch: 28 	 Overall Accuracy: 60.31%	 Before inlet accuracy: 62.97% 	 After inlet accuracy: 48.16%
2022-03-12 12:44:56,295 - ===> Train Epoch: 29 	 Accuracy: 64.08% 	 Loss: 1.04952953
2022-03-12 12:48:06,719 - ===> Validation after Training epoch: 29 	 Overall Accuracy: 60.06%	 Before inlet accuracy: 62.80% 	 After inlet accuracy: 47.45%
2022-03-12 12:59:47,538 - ===> Train Epoch: 30 	 Accuracy: 63.94% 	 Loss: 1.04942906
2022-03-12 13:02:56,340 - ===> Validation after Training epoch: 30 	 Overall Accuracy: 60.51%	 Before inlet accuracy: 63.13% 	 After inlet accuracy: 48.42%
2022-03-12 13:14:37,739 - ===> Train Epoch: 31 	 Accuracy: 64.85% 	 Loss: 1.04167481
2022-03-12 13:17:47,293 - ===> Validation after Training epoch: 31 	 Overall Accuracy: 62.08%	 Before inlet accuracy: 64.24% 	 After inlet accuracy: 52.23%
2022-03-12 13:29:28,809 - ===> Train Epoch: 32 	 Accuracy: 66.25% 	 Loss: 1.04030837
2022-03-12 13:32:39,917 - ===> Validation after Training epoch: 32 	 Overall Accuracy: 65.28%	 Before inlet accuracy: 66.72% 	 After inlet accuracy: 58.67%
2022-03-12 13:44:20,009 - ===> Train Epoch: 33 	 Accuracy: 70.06% 	 Loss: 1.03638133
2022-03-12 13:47:30,318 - ===> Validation after Training epoch: 33 	 Overall Accuracy: 70.91%	 Before inlet accuracy: 71.63% 	 After inlet accuracy: 67.57%
2022-03-12 13:59:14,766 - ===> Train Epoch: 34 	 Accuracy: 74.13% 	 Loss: 1.03257369
2022-03-12 14:02:24,717 - ===> Validation after Training epoch: 34 	 Overall Accuracy: 75.82%	 Before inlet accuracy: 76.60% 	 After inlet accuracy: 72.20%
2022-03-12 14:14:07,799 - ===> Train Epoch: 35 	 Accuracy: 77.33% 	 Loss: 1.02320431
2022-03-12 14:17:16,168 - ===> Validation after Training epoch: 35 	 Overall Accuracy: 78.02%	 Before inlet accuracy: 78.73% 	 After inlet accuracy: 74.76%
2022-03-12 14:28:58,607 - ===> Train Epoch: 36 	 Accuracy: 78.74% 	 Loss: 1.01703670
2022-03-12 14:32:08,850 - ===> Validation after Training epoch: 36 	 Overall Accuracy: 79.70%	 Before inlet accuracy: 80.39% 	 After inlet accuracy: 76.52%
2022-03-12 14:43:52,014 - ===> Train Epoch: 37 	 Accuracy: 80.11% 	 Loss: 1.00587905
2022-03-12 14:47:00,613 - ===> Validation after Training epoch: 37 	 Overall Accuracy: 81.38%	 Before inlet accuracy: 82.14% 	 After inlet accuracy: 77.89%
2022-03-12 14:58:45,968 - ===> Train Epoch: 38 	 Accuracy: 80.69% 	 Loss: 1.00065326
2022-03-12 15:01:55,075 - ===> Validation after Training epoch: 38 	 Overall Accuracy: 82.24%	 Before inlet accuracy: 83.24% 	 After inlet accuracy: 77.68%
2022-03-12 15:13:37,407 - ===> Train Epoch: 39 	 Accuracy: 81.26% 	 Loss: 0.99118056
2022-03-12 15:16:47,219 - ===> Validation after Training epoch: 39 	 Overall Accuracy: 82.73%	 Before inlet accuracy: 83.48% 	 After inlet accuracy: 79.28%
2022-03-12 15:28:29,177 - ===> Train Epoch: 40 	 Accuracy: 81.62% 	 Loss: 0.98353290
2022-03-12 15:31:39,757 - ===> Validation after Training epoch: 40 	 Overall Accuracy: 83.31%	 Before inlet accuracy: 84.21% 	 After inlet accuracy: 79.24%
2022-03-12 15:43:22,088 - ===> Train Epoch: 41 	 Accuracy: 82.14% 	 Loss: 0.97324295
2022-03-12 15:46:31,864 - ===> Validation after Training epoch: 41 	 Overall Accuracy: 83.40%	 Before inlet accuracy: 84.23% 	 After inlet accuracy: 79.61%
2022-03-12 15:58:13,947 - ===> Train Epoch: 42 	 Accuracy: 82.07% 	 Loss: 0.96786181
2022-03-12 16:01:22,227 - ===> Validation after Training epoch: 42 	 Overall Accuracy: 84.79%	 Before inlet accuracy: 85.57% 	 After inlet accuracy: 81.11%
2022-03-12 16:13:02,624 - ===> Train Epoch: 43 	 Accuracy: 82.28% 	 Loss: 0.96098763
2022-03-12 16:16:11,459 - ===> Validation after Training epoch: 43 	 Overall Accuracy: 84.59%	 Before inlet accuracy: 85.45% 	 After inlet accuracy: 80.62%
2022-03-12 16:27:53,131 - ===> Train Epoch: 44 	 Accuracy: 82.41% 	 Loss: 0.95389251
2022-03-12 16:31:02,169 - ===> Validation after Training epoch: 44 	 Overall Accuracy: 84.89%	 Before inlet accuracy: 85.76% 	 After inlet accuracy: 80.96%
2022-03-12 16:42:34,269 - ===> Train Epoch: 45 	 Accuracy: 82.53% 	 Loss: 0.94840552
2022-03-12 16:45:38,180 - ===> Validation after Training epoch: 45 	 Overall Accuracy: 84.85%	 Before inlet accuracy: 85.76% 	 After inlet accuracy: 80.64%
2022-03-12 16:57:04,338 - ===> Train Epoch: 46 	 Accuracy: 82.79% 	 Loss: 0.94277317
2022-03-12 17:00:06,743 - ===> Validation after Training epoch: 46 	 Overall Accuracy: 85.25%	 Before inlet accuracy: 86.06% 	 After inlet accuracy: 81.51%
2022-03-12 17:11:36,878 - ===> Train Epoch: 47 	 Accuracy: 82.56% 	 Loss: 0.94138830
2022-03-12 17:14:41,180 - ===> Validation after Training epoch: 47 	 Overall Accuracy: 84.32%	 Before inlet accuracy: 85.05% 	 After inlet accuracy: 80.94%
2022-03-12 17:26:09,973 - ===> Train Epoch: 48 	 Accuracy: 82.81% 	 Loss: 0.93540230
2022-03-12 17:29:14,162 - ===> Validation after Training epoch: 48 	 Overall Accuracy: 84.73%	 Before inlet accuracy: 85.31% 	 After inlet accuracy: 82.06%
2022-03-12 17:40:39,938 - ===> Train Epoch: 49 	 Accuracy: 82.91% 	 Loss: 0.93227736
2022-03-12 17:43:44,293 - ===> Validation after Training epoch: 49 	 Overall Accuracy: 84.87%	 Before inlet accuracy: 85.52% 	 After inlet accuracy: 81.85%
2022-03-12 17:55:11,059 - ===> Train Epoch: 50 	 Accuracy: 82.87% 	 Loss: 0.93085548
2022-03-12 17:58:14,632 - ===> Validation after Training epoch: 50 	 Overall Accuracy: 85.05%	 Before inlet accuracy: 85.71% 	 After inlet accuracy: 82.01%
2022-03-12 18:09:51,109 - ===> Train Epoch: 51 	 Accuracy: 82.87% 	 Loss: 0.92926346
2022-03-12 18:12:58,653 - ===> Validation after Training epoch: 51 	 Overall Accuracy: 85.00%	 Before inlet accuracy: 85.56% 	 After inlet accuracy: 82.40%
2022-03-12 18:24:37,140 - ===> Train Epoch: 52 	 Accuracy: 82.77% 	 Loss: 0.92861189
2022-03-12 18:27:46,176 - ===> Validation after Training epoch: 52 	 Overall Accuracy: 85.12%	 Before inlet accuracy: 85.93% 	 After inlet accuracy: 81.40%
2022-03-12 18:39:26,271 - ===> Train Epoch: 53 	 Accuracy: 82.86% 	 Loss: 0.92660150
2022-03-12 18:42:34,708 - ===> Validation after Training epoch: 53 	 Overall Accuracy: 85.05%	 Before inlet accuracy: 85.63% 	 After inlet accuracy: 82.40%
2022-03-12 18:54:12,628 - ===> Train Epoch: 54 	 Accuracy: 82.82% 	 Loss: 0.92563529
2022-03-12 18:57:20,825 - ===> Validation after Training epoch: 54 	 Overall Accuracy: 84.36%	 Before inlet accuracy: 85.03% 	 After inlet accuracy: 81.29%
2022-03-12 19:08:59,919 - ===> Train Epoch: 55 	 Accuracy: 82.89% 	 Loss: 0.92387914
2022-03-12 19:12:07,427 - ===> Validation after Training epoch: 55 	 Overall Accuracy: 84.92%	 Before inlet accuracy: 85.67% 	 After inlet accuracy: 81.49%
2022-03-12 19:23:44,733 - ===> Train Epoch: 56 	 Accuracy: 82.81% 	 Loss: 0.92368697
2022-03-12 19:26:53,121 - ===> Validation after Training epoch: 56 	 Overall Accuracy: 84.65%	 Before inlet accuracy: 85.38% 	 After inlet accuracy: 81.29%
2022-03-12 19:38:31,410 - ===> Train Epoch: 57 	 Accuracy: 82.88% 	 Loss: 0.92271083
2022-03-12 19:41:39,468 - ===> Validation after Training epoch: 57 	 Overall Accuracy: 84.57%	 Before inlet accuracy: 85.51% 	 After inlet accuracy: 80.35%
2022-03-12 19:53:18,149 - ===> Train Epoch: 58 	 Accuracy: 83.00% 	 Loss: 0.92066501
2022-03-12 19:56:27,608 - ===> Validation after Training epoch: 58 	 Overall Accuracy: 85.31%	 Before inlet accuracy: 86.14% 	 After inlet accuracy: 81.51%
2022-03-12 20:08:07,491 - ===> Train Epoch: 59 	 Accuracy: 83.17% 	 Loss: 0.91855813
2022-03-12 20:11:15,725 - ===> Validation after Training epoch: 59 	 Overall Accuracy: 84.98%	 Before inlet accuracy: 85.90% 	 After inlet accuracy: 80.85%
2022-03-12 20:22:53,812 - ===> Train Epoch: 60 	 Accuracy: 82.90% 	 Loss: 0.92054510
2022-03-12 20:26:03,879 - ===> Validation after Training epoch: 60 	 Overall Accuracy: 84.87%	 Before inlet accuracy: 85.68% 	 After inlet accuracy: 81.17%
2022-03-12 20:37:40,063 - ===> Train Epoch: 61 	 Accuracy: 82.97% 	 Loss: 0.91906989
2022-03-12 20:40:49,472 - ===> Validation after Training epoch: 61 	 Overall Accuracy: 84.89%	 Before inlet accuracy: 85.70% 	 After inlet accuracy: 81.22%
2022-03-12 20:52:26,027 - ===> Train Epoch: 62 	 Accuracy: 83.05% 	 Loss: 0.91812361
2022-03-12 20:55:34,969 - ===> Validation after Training epoch: 62 	 Overall Accuracy: 84.98%	 Before inlet accuracy: 85.83% 	 After inlet accuracy: 81.06%
2022-03-12 21:07:12,244 - ===> Train Epoch: 63 	 Accuracy: 83.26% 	 Loss: 0.91581605
2022-03-12 21:10:19,639 - ===> Validation after Training epoch: 63 	 Overall Accuracy: 84.88%	 Before inlet accuracy: 85.62% 	 After inlet accuracy: 81.54%
2022-03-12 21:21:57,882 - ===> Train Epoch: 64 	 Accuracy: 83.15% 	 Loss: 0.91644259
2022-03-12 21:25:06,939 - ===> Validation after Training epoch: 64 	 Overall Accuracy: 84.79%	 Before inlet accuracy: 85.80% 	 After inlet accuracy: 80.21%
2022-03-12 21:36:43,502 - ===> Train Epoch: 65 	 Accuracy: 83.53% 	 Loss: 0.91281113
2022-03-12 21:39:53,785 - ===> Validation after Training epoch: 65 	 Overall Accuracy: 84.56%	 Before inlet accuracy: 85.28% 	 After inlet accuracy: 81.24%
2022-03-12 21:51:30,912 - ===> Train Epoch: 66 	 Accuracy: 83.50% 	 Loss: 0.91276469
2022-03-12 21:54:40,063 - ===> Validation after Training epoch: 66 	 Overall Accuracy: 85.34%	 Before inlet accuracy: 86.11% 	 After inlet accuracy: 81.86%
2022-03-12 22:06:19,635 - ===> Train Epoch: 67 	 Accuracy: 83.04% 	 Loss: 0.91666527
2022-03-12 22:09:27,563 - ===> Validation after Training epoch: 67 	 Overall Accuracy: 85.03%	 Before inlet accuracy: 85.78% 	 After inlet accuracy: 81.68%
