2022-03-12 05:26:42,099 - ### Training Machine Ip address ###
 127.0.1.1

2022-03-12 05:26:42,099 - ### Model summary below###
 Downstream(
  (decoder): Decoder(
    (linear): ModuleList(
      (0): Linear(in_features=256, out_features=128, bias=True)
      (1): ReLU()
      (2): Linear(in_features=128, out_features=64, bias=True)
      (3): ReLU()
      (4): Linear(in_features=64, out_features=32, bias=True)
      (5): ReLU()
      (6): Linear(in_features=32, out_features=16, bias=True)
      (7): ReLU()
    )
    (out): Linear(in_features=16, out_features=4, bias=True)
    (softmax): Softmax(dim=None)
  )
  (softmax): Softmax(dim=None)
  (lsoftmax): LogSoftmax(dim=None)
  (loss_mean): CrossEntropyLoss()
)

2022-03-12 05:26:42,099 - ===> Configuration parameter
                                    GPU_id: 0
                                    batch_size: 64
                                    epoch: 300
                                    n_warmup_steps: 30
                                    validataion_period: 1
                                    ckpt_period: 5
                                    ckpt_dir: /home/user/data/HyeongseokJeon/HMC_prediction/ckpt/
                                    learning_rate: 1e-06
                                    logging: True
                                    data_dir_train: /home/user/data/HyeongseokJeon/HMC_prediction/data/drone_data/processed/train/
                                    data_dir_val: /home/user/data/HyeongseokJeon/HMC_prediction/data/drone_data/processed/val/
                                    data_dir_orig: /home/user/data/HyeongseokJeon/HMC_prediction/data/drone_data/processed/archive/
                                    occlusion_rate: 0.2
                                    splicing_num: 128
                                    LC_multiple: 5
                                    FOV: 30
                                    interpolate: False
                                    max_pred_time: 5
                                    max_hist_time: 10
                                    hz: 2
                                    val_rate: 0.2
                                    n_linear_layer: 4
                                    n_hidden_after_deconv: 256
                                    log_dir: logs/

2022-03-12 05:26:42,099 - ===> Model total parameter: 43828
2022-03-12 05:26:42,099 - ### Selected Encoder model >>> File_id : maneuver_prediction-2022-03-10_04_02_34
2022-03-12 05:26:42,099 - ### Selected Encoder weight >>> weight_id : model_20.pt
2022-03-12 05:26:42,099 - ===> Model Training Start
2022-03-12 05:39:32,115 - ===> Train Epoch: 1 	 Accuracy: 26.68% 	 Loss: 1.38195094
2022-03-12 05:44:54,779 - ===> Validation after Training epoch: 1 	 Overall Accuracy: 40.36%	 Before inlet accuracy: 38.34% 	 After inlet accuracy: 49.49%
2022-03-12 06:04:16,383 - ===> Train Epoch: 2 	 Accuracy: 45.55% 	 Loss: 1.37834739
2022-03-12 06:09:40,461 - ===> Validation after Training epoch: 2 	 Overall Accuracy: 62.44%	 Before inlet accuracy: 62.54% 	 After inlet accuracy: 61.97%
2022-03-12 06:28:58,371 - ===> Train Epoch: 3 	 Accuracy: 56.01% 	 Loss: 1.37455652
2022-03-12 06:34:22,094 - ===> Validation after Training epoch: 3 	 Overall Accuracy: 62.53%	 Before inlet accuracy: 62.62% 	 After inlet accuracy: 62.13%
2022-03-12 06:53:40,557 - ===> Train Epoch: 4 	 Accuracy: 57.67% 	 Loss: 1.37027027
2022-03-12 06:59:05,950 - ===> Validation after Training epoch: 4 	 Overall Accuracy: 61.27%	 Before inlet accuracy: 61.20% 	 After inlet accuracy: 61.56%
2022-03-12 07:18:27,299 - ===> Train Epoch: 5 	 Accuracy: 57.76% 	 Loss: 1.36570311
2022-03-12 07:23:52,632 - ===> Validation after Training epoch: 5 	 Overall Accuracy: 60.49%	 Before inlet accuracy: 60.31% 	 After inlet accuracy: 61.30%
2022-03-12 07:43:10,223 - ===> Train Epoch: 6 	 Accuracy: 57.61% 	 Loss: 1.36051218
2022-03-12 07:48:41,607 - ===> Validation after Training epoch: 6 	 Overall Accuracy: 60.47%	 Before inlet accuracy: 60.34% 	 After inlet accuracy: 61.07%
2022-03-12 08:07:53,566 - ===> Train Epoch: 7 	 Accuracy: 57.50% 	 Loss: 1.35359744
2022-03-12 08:13:19,384 - ===> Validation after Training epoch: 7 	 Overall Accuracy: 59.37%	 Before inlet accuracy: 59.00% 	 After inlet accuracy: 61.04%
2022-03-12 08:32:34,779 - ===> Train Epoch: 8 	 Accuracy: 57.28% 	 Loss: 1.34371569
2022-03-12 08:38:03,091 - ===> Validation after Training epoch: 8 	 Overall Accuracy: 60.04%	 Before inlet accuracy: 59.74% 	 After inlet accuracy: 61.43%
2022-03-12 08:57:19,024 - ===> Train Epoch: 9 	 Accuracy: 57.72% 	 Loss: 1.33077622
2022-03-12 09:02:44,145 - ===> Validation after Training epoch: 9 	 Overall Accuracy: 61.31%	 Before inlet accuracy: 61.28% 	 After inlet accuracy: 61.43%
2022-03-12 09:22:01,901 - ===> Train Epoch: 10 	 Accuracy: 65.38% 	 Loss: 1.31415581
2022-03-12 09:27:27,790 - ===> Validation after Training epoch: 10 	 Overall Accuracy: 70.80%	 Before inlet accuracy: 71.95% 	 After inlet accuracy: 65.54%
2022-03-12 09:46:40,307 - ===> Train Epoch: 11 	 Accuracy: 71.95% 	 Loss: 1.29459052
2022-03-12 09:52:07,903 - ===> Validation after Training epoch: 11 	 Overall Accuracy: 75.81%	 Before inlet accuracy: 76.79% 	 After inlet accuracy: 71.44%
2022-03-12 10:11:30,187 - ===> Train Epoch: 12 	 Accuracy: 75.13% 	 Loss: 1.27232459
2022-03-12 10:16:51,582 - ===> Validation after Training epoch: 12 	 Overall Accuracy: 78.24%	 Before inlet accuracy: 79.32% 	 After inlet accuracy: 73.33%
2022-03-12 10:36:11,304 - ===> Train Epoch: 13 	 Accuracy: 76.17% 	 Loss: 1.24690229
2022-03-12 10:41:35,432 - ===> Validation after Training epoch: 13 	 Overall Accuracy: 78.24%	 Before inlet accuracy: 79.84% 	 After inlet accuracy: 70.96%
2022-03-12 11:00:49,951 - ===> Train Epoch: 14 	 Accuracy: 76.05% 	 Loss: 1.21926658
2022-03-12 11:06:19,161 - ===> Validation after Training epoch: 14 	 Overall Accuracy: 75.63%	 Before inlet accuracy: 77.98% 	 After inlet accuracy: 65.05%
2022-03-12 11:25:33,503 - ===> Train Epoch: 15 	 Accuracy: 74.30% 	 Loss: 1.19227158
2022-03-12 11:31:02,200 - ===> Validation after Training epoch: 15 	 Overall Accuracy: 72.78%	 Before inlet accuracy: 75.80% 	 After inlet accuracy: 58.74%
2022-03-12 11:50:10,564 - ===> Train Epoch: 16 	 Accuracy: 72.87% 	 Loss: 1.16405859
2022-03-12 11:55:37,096 - ===> Validation after Training epoch: 16 	 Overall Accuracy: 70.00%	 Before inlet accuracy: 73.42% 	 After inlet accuracy: 53.86%
2022-03-12 12:14:54,684 - ===> Train Epoch: 17 	 Accuracy: 71.02% 	 Loss: 1.14131225
2022-03-12 12:20:19,772 - ===> Validation after Training epoch: 17 	 Overall Accuracy: 68.44%	 Before inlet accuracy: 72.20% 	 After inlet accuracy: 51.13%
2022-03-12 12:39:34,518 - ===> Train Epoch: 18 	 Accuracy: 69.79% 	 Loss: 1.12077588
2022-03-12 12:45:00,764 - ===> Validation after Training epoch: 18 	 Overall Accuracy: 67.71%	 Before inlet accuracy: 71.31% 	 After inlet accuracy: 50.92%
2022-03-12 13:04:23,200 - ===> Train Epoch: 19 	 Accuracy: 69.71% 	 Loss: 1.10174761
2022-03-12 13:09:48,910 - ===> Validation after Training epoch: 19 	 Overall Accuracy: 67.10%	 Before inlet accuracy: 70.67% 	 After inlet accuracy: 50.42%
2022-03-12 13:29:06,476 - ===> Train Epoch: 20 	 Accuracy: 69.92% 	 Loss: 1.08727604
2022-03-12 13:34:32,347 - ===> Validation after Training epoch: 20 	 Overall Accuracy: 68.18%	 Before inlet accuracy: 71.96% 	 After inlet accuracy: 50.95%
2022-03-12 13:53:50,657 - ===> Train Epoch: 21 	 Accuracy: 70.70% 	 Loss: 1.07612060
2022-03-12 13:59:16,884 - ===> Validation after Training epoch: 21 	 Overall Accuracy: 70.37%	 Before inlet accuracy: 73.85% 	 After inlet accuracy: 54.04%
2022-03-12 14:18:31,945 - ===> Train Epoch: 22 	 Accuracy: 72.33% 	 Loss: 1.06624736
2022-03-12 14:23:57,946 - ===> Validation after Training epoch: 22 	 Overall Accuracy: 72.99%	 Before inlet accuracy: 76.00% 	 After inlet accuracy: 59.06%
2022-03-12 14:43:17,166 - ===> Train Epoch: 23 	 Accuracy: 74.61% 	 Loss: 1.05352558
2022-03-12 14:48:43,815 - ===> Validation after Training epoch: 23 	 Overall Accuracy: 74.94%	 Before inlet accuracy: 77.13% 	 After inlet accuracy: 64.81%
2022-03-12 15:08:01,653 - ===> Train Epoch: 24 	 Accuracy: 76.35% 	 Loss: 1.04597426
2022-03-12 15:13:28,373 - ===> Validation after Training epoch: 24 	 Overall Accuracy: 77.18%	 Before inlet accuracy: 78.71% 	 After inlet accuracy: 70.10%
2022-03-12 15:32:45,236 - ===> Train Epoch: 25 	 Accuracy: 78.02% 	 Loss: 1.03635195
2022-03-12 15:38:12,711 - ===> Validation after Training epoch: 25 	 Overall Accuracy: 78.52%	 Before inlet accuracy: 79.71% 	 After inlet accuracy: 73.03%
2022-03-12 15:57:26,999 - ===> Train Epoch: 26 	 Accuracy: 78.41% 	 Loss: 1.03318660
2022-03-12 16:02:56,021 - ===> Validation after Training epoch: 26 	 Overall Accuracy: 80.03%	 Before inlet accuracy: 80.96% 	 After inlet accuracy: 75.74%
2022-03-12 16:22:14,332 - ===> Train Epoch: 27 	 Accuracy: 79.58% 	 Loss: 1.02148892
2022-03-12 16:27:41,870 - ===> Validation after Training epoch: 27 	 Overall Accuracy: 80.68%	 Before inlet accuracy: 81.52% 	 After inlet accuracy: 76.87%
