2022-03-12 05:35:59,132 - ### Training Machine Ip address ###
 127.0.1.1

2022-03-12 05:35:59,132 - ### Model summary below###
 Downstream(
  (decoder): Decoder(
    (linear): ModuleList(
      (0): Linear(in_features=256, out_features=128, bias=True)
      (1): ReLU()
      (2): Linear(in_features=128, out_features=64, bias=True)
      (3): ReLU()
      (4): Linear(in_features=64, out_features=32, bias=True)
      (5): ReLU()
      (6): Linear(in_features=32, out_features=16, bias=True)
      (7): ReLU()
    )
    (out): Linear(in_features=16, out_features=4, bias=True)
    (softmax): Softmax(dim=None)
  )
  (softmax): Softmax(dim=None)
  (lsoftmax): LogSoftmax(dim=None)
  (loss_mean): CrossEntropyLoss()
)

2022-03-12 05:35:59,132 - ===> Configuration parameter
                                    GPU_id: 0
                                    batch_size: 64
                                    epoch: 300
                                    n_warmup_steps: 30
                                    validataion_period: 1
                                    ckpt_period: 5
                                    ckpt_dir: /home/user/data/HyeongseokJeon/HMC_prediction/ckpt/
                                    learning_rate: 1e-06
                                    logging: True
                                    data_dir_train: /home/user/data/HyeongseokJeon/HMC_prediction/data/drone_data/processed/train/
                                    data_dir_val: /home/user/data/HyeongseokJeon/HMC_prediction/data/drone_data/processed/val/
                                    data_dir_orig: /home/user/data/HyeongseokJeon/HMC_prediction/data/drone_data/processed/archive/
                                    occlusion_rate: 0.2
                                    splicing_num: 128
                                    LC_multiple: 5
                                    FOV: 30
                                    interpolate: False
                                    max_pred_time: 5
                                    max_hist_time: 10
                                    hz: 2
                                    val_rate: 0.2
                                    n_linear_layer: 4
                                    n_hidden_after_deconv: 256
                                    log_dir: logs/

2022-03-12 05:35:59,132 - ===> Model total parameter: 43828
2022-03-12 05:35:59,132 - ### Selected Encoder model >>> File_id : maneuver_prediction-2022-03-10_04_02_34
2022-03-12 05:35:59,133 - ### Selected Encoder weight >>> weight_id : model_135.pt
2022-03-12 05:35:59,133 - ===> Model Training Start
2022-03-12 05:54:46,189 - ===> Train Epoch: 1 	 Accuracy: 19.56% 	 Loss: 1.38746746
2022-03-12 06:00:21,660 - ===> Validation after Training epoch: 1 	 Overall Accuracy: 36.27%	 Before inlet accuracy: 38.11% 	 After inlet accuracy: 27.78%
2022-03-12 06:19:24,436 - ===> Train Epoch: 2 	 Accuracy: 39.93% 	 Loss: 1.38457605
2022-03-12 06:25:00,386 - ===> Validation after Training epoch: 2 	 Overall Accuracy: 36.42%	 Before inlet accuracy: 38.40% 	 After inlet accuracy: 27.39%
2022-03-12 06:44:03,572 - ===> Train Epoch: 3 	 Accuracy: 44.75% 	 Loss: 1.38073555
2022-03-12 06:49:40,378 - ===> Validation after Training epoch: 3 	 Overall Accuracy: 46.09%	 Before inlet accuracy: 49.60% 	 After inlet accuracy: 30.01%
2022-03-12 07:08:43,607 - ===> Train Epoch: 4 	 Accuracy: 54.02% 	 Loss: 1.37595040
2022-03-12 07:14:19,923 - ===> Validation after Training epoch: 4 	 Overall Accuracy: 53.51%	 Before inlet accuracy: 57.63% 	 After inlet accuracy: 34.44%
2022-03-12 07:33:25,028 - ===> Train Epoch: 5 	 Accuracy: 59.50% 	 Loss: 1.37014375
2022-03-12 07:38:59,796 - ===> Validation after Training epoch: 5 	 Overall Accuracy: 61.30%	 Before inlet accuracy: 64.89% 	 After inlet accuracy: 44.85%
2022-03-12 07:58:02,874 - ===> Train Epoch: 6 	 Accuracy: 66.16% 	 Loss: 1.36315814
2022-03-12 08:03:37,098 - ===> Validation after Training epoch: 6 	 Overall Accuracy: 69.29%	 Before inlet accuracy: 70.82% 	 After inlet accuracy: 62.39%
2022-03-12 08:22:40,370 - ===> Train Epoch: 7 	 Accuracy: 71.29% 	 Loss: 1.35530863
2022-03-12 08:28:16,005 - ===> Validation after Training epoch: 7 	 Overall Accuracy: 74.01%	 Before inlet accuracy: 75.01% 	 After inlet accuracy: 69.34%
2022-03-12 08:47:23,109 - ===> Train Epoch: 8 	 Accuracy: 74.15% 	 Loss: 1.34591189
2022-03-12 08:53:01,373 - ===> Validation after Training epoch: 8 	 Overall Accuracy: 76.89%	 Before inlet accuracy: 78.09% 	 After inlet accuracy: 71.42%
2022-03-12 09:12:06,818 - ===> Train Epoch: 9 	 Accuracy: 75.28% 	 Loss: 1.33469489
2022-03-12 09:17:48,029 - ===> Validation after Training epoch: 9 	 Overall Accuracy: 78.08%	 Before inlet accuracy: 79.42% 	 After inlet accuracy: 71.94%
2022-03-12 09:36:50,869 - ===> Train Epoch: 10 	 Accuracy: 76.17% 	 Loss: 1.32082496
2022-03-12 09:42:26,662 - ===> Validation after Training epoch: 10 	 Overall Accuracy: 79.93%	 Before inlet accuracy: 81.49% 	 After inlet accuracy: 72.85%
2022-03-12 10:01:29,935 - ===> Train Epoch: 11 	 Accuracy: 77.22% 	 Loss: 1.30428757
2022-03-12 10:07:08,545 - ===> Validation after Training epoch: 11 	 Overall Accuracy: 80.21%	 Before inlet accuracy: 81.60% 	 After inlet accuracy: 73.86%
2022-03-12 10:26:10,563 - ===> Train Epoch: 12 	 Accuracy: 77.51% 	 Loss: 1.28602815
2022-03-12 10:31:49,205 - ===> Validation after Training epoch: 12 	 Overall Accuracy: 81.58%	 Before inlet accuracy: 83.12% 	 After inlet accuracy: 74.50%
2022-03-12 10:50:54,761 - ===> Train Epoch: 13 	 Accuracy: 78.13% 	 Loss: 1.26550249
2022-03-12 10:56:31,468 - ===> Validation after Training epoch: 13 	 Overall Accuracy: 81.91%	 Before inlet accuracy: 83.32% 	 After inlet accuracy: 75.46%
2022-03-12 11:15:30,974 - ===> Train Epoch: 14 	 Accuracy: 78.79% 	 Loss: 1.24287288
2022-03-12 11:21:11,400 - ===> Validation after Training epoch: 14 	 Overall Accuracy: 82.67%	 Before inlet accuracy: 83.96% 	 After inlet accuracy: 76.77%
2022-03-12 11:40:15,550 - ===> Train Epoch: 15 	 Accuracy: 79.29% 	 Loss: 1.22050566
2022-03-12 11:45:54,122 - ===> Validation after Training epoch: 15 	 Overall Accuracy: 83.76%	 Before inlet accuracy: 84.78% 	 After inlet accuracy: 78.97%
2022-03-12 12:05:00,179 - ===> Train Epoch: 16 	 Accuracy: 79.53% 	 Loss: 1.19679581
2022-03-12 12:10:33,922 - ===> Validation after Training epoch: 16 	 Overall Accuracy: 83.44%	 Before inlet accuracy: 84.49% 	 After inlet accuracy: 78.55%
2022-03-12 12:29:42,281 - ===> Train Epoch: 17 	 Accuracy: 80.10% 	 Loss: 1.16976893
2022-03-12 12:35:22,263 - ===> Validation after Training epoch: 17 	 Overall Accuracy: 83.55%	 Before inlet accuracy: 84.72% 	 After inlet accuracy: 78.23%
2022-03-12 12:54:24,404 - ===> Train Epoch: 18 	 Accuracy: 80.34% 	 Loss: 1.14542177
2022-03-12 13:00:04,701 - ===> Validation after Training epoch: 18 	 Overall Accuracy: 84.16%	 Before inlet accuracy: 85.43% 	 After inlet accuracy: 78.41%
2022-03-12 13:19:04,355 - ===> Train Epoch: 19 	 Accuracy: 80.89% 	 Loss: 1.11872168
2022-03-12 13:24:43,400 - ===> Validation after Training epoch: 19 	 Overall Accuracy: 84.08%	 Before inlet accuracy: 85.29% 	 After inlet accuracy: 78.52%
2022-03-12 13:43:47,342 - ===> Train Epoch: 20 	 Accuracy: 81.13% 	 Loss: 1.09369696
2022-03-12 13:49:24,411 - ===> Validation after Training epoch: 20 	 Overall Accuracy: 84.33%	 Before inlet accuracy: 85.35% 	 After inlet accuracy: 79.69%
2022-03-12 14:08:23,477 - ===> Train Epoch: 21 	 Accuracy: 81.02% 	 Loss: 1.07217387
2022-03-12 14:13:58,668 - ===> Validation after Training epoch: 21 	 Overall Accuracy: 84.20%	 Before inlet accuracy: 85.18% 	 After inlet accuracy: 79.74%
2022-03-12 14:33:03,622 - ===> Train Epoch: 22 	 Accuracy: 81.19% 	 Loss: 1.05144028
2022-03-12 14:38:40,895 - ===> Validation after Training epoch: 22 	 Overall Accuracy: 84.14%	 Before inlet accuracy: 85.11% 	 After inlet accuracy: 79.69%
2022-03-12 14:57:44,634 - ===> Train Epoch: 23 	 Accuracy: 81.57% 	 Loss: 1.03085505
2022-03-12 15:03:23,553 - ===> Validation after Training epoch: 23 	 Overall Accuracy: 84.24%	 Before inlet accuracy: 85.14% 	 After inlet accuracy: 80.18%
2022-03-12 15:22:26,997 - ===> Train Epoch: 24 	 Accuracy: 81.40% 	 Loss: 1.01678749
2022-03-12 15:28:08,996 - ===> Validation after Training epoch: 24 	 Overall Accuracy: 84.08%	 Before inlet accuracy: 84.99% 	 After inlet accuracy: 79.94%
2022-03-12 15:47:14,592 - ===> Train Epoch: 25 	 Accuracy: 81.63% 	 Loss: 1.00082788
2022-03-12 15:52:52,378 - ===> Validation after Training epoch: 25 	 Overall Accuracy: 84.45%	 Before inlet accuracy: 85.26% 	 After inlet accuracy: 80.67%
2022-03-12 16:11:54,767 - ===> Train Epoch: 26 	 Accuracy: 81.80% 	 Loss: 0.98863372
2022-03-12 16:17:32,667 - ===> Validation after Training epoch: 26 	 Overall Accuracy: 83.91%	 Before inlet accuracy: 84.79% 	 After inlet accuracy: 79.95%
2022-03-12 16:36:32,709 - ===> Train Epoch: 27 	 Accuracy: 82.19% 	 Loss: 0.97568385
2022-03-12 16:42:09,807 - ===> Validation after Training epoch: 27 	 Overall Accuracy: 84.22%	 Before inlet accuracy: 85.17% 	 After inlet accuracy: 79.94%
2022-03-12 17:01:12,817 - ===> Train Epoch: 28 	 Accuracy: 81.88% 	 Loss: 0.96995079
2022-03-12 17:06:50,842 - ===> Validation after Training epoch: 28 	 Overall Accuracy: 84.20%	 Before inlet accuracy: 85.04% 	 After inlet accuracy: 80.33%
2022-03-12 17:25:52,434 - ===> Train Epoch: 29 	 Accuracy: 82.06% 	 Loss: 0.96181024
2022-03-12 17:31:29,178 - ===> Validation after Training epoch: 29 	 Overall Accuracy: 84.04%	 Before inlet accuracy: 84.73% 	 After inlet accuracy: 80.85%
2022-03-12 17:50:33,436 - ===> Train Epoch: 30 	 Accuracy: 82.15% 	 Loss: 0.95566111
2022-03-12 17:56:12,643 - ===> Validation after Training epoch: 30 	 Overall Accuracy: 84.45%	 Before inlet accuracy: 85.30% 	 After inlet accuracy: 80.50%
2022-03-12 18:15:18,546 - ===> Train Epoch: 31 	 Accuracy: 82.33% 	 Loss: 0.94979174
2022-03-12 18:20:56,592 - ===> Validation after Training epoch: 31 	 Overall Accuracy: 84.18%	 Before inlet accuracy: 85.12% 	 After inlet accuracy: 79.93%
2022-03-12 18:39:56,912 - ===> Train Epoch: 32 	 Accuracy: 82.43% 	 Loss: 0.94477329
2022-03-12 18:45:31,329 - ===> Validation after Training epoch: 32 	 Overall Accuracy: 83.98%	 Before inlet accuracy: 84.52% 	 After inlet accuracy: 81.48%
2022-03-12 19:04:38,704 - ===> Train Epoch: 33 	 Accuracy: 82.33% 	 Loss: 0.94217673
2022-03-12 19:10:16,622 - ===> Validation after Training epoch: 33 	 Overall Accuracy: 84.38%	 Before inlet accuracy: 85.22% 	 After inlet accuracy: 80.45%
2022-03-12 19:29:21,839 - ===> Train Epoch: 34 	 Accuracy: 82.22% 	 Loss: 0.94046479
2022-03-12 19:34:57,906 - ===> Validation after Training epoch: 34 	 Overall Accuracy: 83.93%	 Before inlet accuracy: 84.85% 	 After inlet accuracy: 79.77%
2022-03-12 19:54:00,369 - ===> Train Epoch: 35 	 Accuracy: 82.38% 	 Loss: 0.93641664
2022-03-12 19:59:36,482 - ===> Validation after Training epoch: 35 	 Overall Accuracy: 84.53%	 Before inlet accuracy: 85.31% 	 After inlet accuracy: 81.01%
2022-03-12 20:18:39,331 - ===> Train Epoch: 36 	 Accuracy: 82.52% 	 Loss: 0.93379183
2022-03-12 20:24:15,729 - ===> Validation after Training epoch: 36 	 Overall Accuracy: 84.56%	 Before inlet accuracy: 85.25% 	 After inlet accuracy: 81.39%
2022-03-12 20:43:17,454 - ===> Train Epoch: 37 	 Accuracy: 82.62% 	 Loss: 0.93085926
2022-03-12 20:48:59,269 - ===> Validation after Training epoch: 37 	 Overall Accuracy: 84.20%	 Before inlet accuracy: 84.91% 	 After inlet accuracy: 80.97%
2022-03-12 21:08:00,895 - ===> Train Epoch: 38 	 Accuracy: 82.42% 	 Loss: 0.93145426
2022-03-12 21:13:32,822 - ===> Validation after Training epoch: 38 	 Overall Accuracy: 84.53%	 Before inlet accuracy: 85.40% 	 After inlet accuracy: 80.58%
2022-03-12 21:32:32,342 - ===> Train Epoch: 39 	 Accuracy: 82.54% 	 Loss: 0.92862601
2022-03-12 21:38:14,210 - ===> Validation after Training epoch: 39 	 Overall Accuracy: 84.36%	 Before inlet accuracy: 85.10% 	 After inlet accuracy: 80.96%
2022-03-12 21:57:16,167 - ===> Train Epoch: 40 	 Accuracy: 82.45% 	 Loss: 0.92842688
2022-03-12 22:02:57,695 - ===> Validation after Training epoch: 40 	 Overall Accuracy: 83.95%	 Before inlet accuracy: 84.68% 	 After inlet accuracy: 80.64%
2022-03-12 22:21:58,752 - ===> Train Epoch: 41 	 Accuracy: 82.94% 	 Loss: 0.92331715
2022-03-12 22:27:37,244 - ===> Validation after Training epoch: 41 	 Overall Accuracy: 84.70%	 Before inlet accuracy: 85.52% 	 After inlet accuracy: 80.97%
2022-03-12 22:46:43,460 - ===> Train Epoch: 42 	 Accuracy: 82.62% 	 Loss: 0.92505774
2022-03-12 22:52:19,626 - ===> Validation after Training epoch: 42 	 Overall Accuracy: 84.13%	 Before inlet accuracy: 84.89% 	 After inlet accuracy: 80.64%
2022-03-12 23:11:27,166 - ===> Train Epoch: 43 	 Accuracy: 82.61% 	 Loss: 0.92502743
2022-03-12 23:17:06,548 - ===> Validation after Training epoch: 43 	 Overall Accuracy: 84.61%	 Before inlet accuracy: 85.45% 	 After inlet accuracy: 80.81%
2022-03-12 23:36:05,603 - ===> Train Epoch: 44 	 Accuracy: 83.11% 	 Loss: 0.91951783
2022-03-12 23:41:46,702 - ===> Validation after Training epoch: 44 	 Overall Accuracy: 84.37%	 Before inlet accuracy: 85.16% 	 After inlet accuracy: 80.77%
2022-03-13 00:00:50,159 - ===> Train Epoch: 45 	 Accuracy: 82.81% 	 Loss: 0.92172161
2022-03-13 00:06:27,872 - ===> Validation after Training epoch: 45 	 Overall Accuracy: 84.62%	 Before inlet accuracy: 85.38% 	 After inlet accuracy: 81.14%
2022-03-13 00:25:26,846 - ===> Train Epoch: 46 	 Accuracy: 82.83% 	 Loss: 0.92076167
2022-03-13 00:31:02,758 - ===> Validation after Training epoch: 46 	 Overall Accuracy: 84.28%	 Before inlet accuracy: 85.16% 	 After inlet accuracy: 80.26%
2022-03-13 00:50:07,101 - ===> Train Epoch: 47 	 Accuracy: 83.05% 	 Loss: 0.91811113
2022-03-13 00:55:45,936 - ===> Validation after Training epoch: 47 	 Overall Accuracy: 85.11%	 Before inlet accuracy: 85.82% 	 After inlet accuracy: 81.84%
2022-03-13 01:14:46,416 - ===> Train Epoch: 48 	 Accuracy: 82.99% 	 Loss: 0.91825516
2022-03-13 01:20:24,662 - ===> Validation after Training epoch: 48 	 Overall Accuracy: 84.51%	 Before inlet accuracy: 85.29% 	 After inlet accuracy: 80.95%
2022-03-13 01:39:22,428 - ===> Train Epoch: 49 	 Accuracy: 83.00% 	 Loss: 0.91841362
2022-03-13 01:45:02,779 - ===> Validation after Training epoch: 49 	 Overall Accuracy: 84.24%	 Before inlet accuracy: 84.99% 	 After inlet accuracy: 80.73%
2022-03-13 02:04:02,430 - ===> Train Epoch: 50 	 Accuracy: 83.10% 	 Loss: 0.91640589
2022-03-13 02:09:41,131 - ===> Validation after Training epoch: 50 	 Overall Accuracy: 84.84%	 Before inlet accuracy: 85.53% 	 After inlet accuracy: 81.66%
2022-03-13 02:28:44,507 - ===> Train Epoch: 51 	 Accuracy: 83.02% 	 Loss: 0.91709374
2022-03-13 02:34:18,779 - ===> Validation after Training epoch: 51 	 Overall Accuracy: 84.63%	 Before inlet accuracy: 85.43% 	 After inlet accuracy: 80.99%
2022-03-13 02:53:21,865 - ===> Train Epoch: 52 	 Accuracy: 83.06% 	 Loss: 0.91629373
2022-03-13 02:59:02,573 - ===> Validation after Training epoch: 52 	 Overall Accuracy: 84.34%	 Before inlet accuracy: 85.06% 	 After inlet accuracy: 81.04%
2022-03-13 03:18:08,323 - ===> Train Epoch: 53 	 Accuracy: 82.77% 	 Loss: 0.91873524
2022-03-13 03:23:48,551 - ===> Validation after Training epoch: 53 	 Overall Accuracy: 85.11%	 Before inlet accuracy: 85.76% 	 After inlet accuracy: 82.12%
2022-03-13 03:42:54,837 - ===> Train Epoch: 54 	 Accuracy: 83.20% 	 Loss: 0.91448741
2022-03-13 03:48:35,548 - ===> Validation after Training epoch: 54 	 Overall Accuracy: 84.61%	 Before inlet accuracy: 85.47% 	 After inlet accuracy: 80.79%
2022-03-13 04:07:38,435 - ===> Train Epoch: 55 	 Accuracy: 82.87% 	 Loss: 0.91738955
2022-03-13 04:13:17,322 - ===> Validation after Training epoch: 55 	 Overall Accuracy: 84.48%	 Before inlet accuracy: 85.19% 	 After inlet accuracy: 81.20%
2022-03-13 04:26:59,836 - ===> Train Epoch: 56 	 Accuracy: 83.06% 	 Loss: 0.91549336
2022-03-13 04:29:09,690 - ===> Validation after Training epoch: 56 	 Overall Accuracy: 83.99%	 Before inlet accuracy: 84.76% 	 After inlet accuracy: 80.51%
2022-03-13 04:37:06,505 - ===> Train Epoch: 57 	 Accuracy: 83.30% 	 Loss: 0.91281980
2022-03-13 04:39:11,772 - ===> Validation after Training epoch: 57 	 Overall Accuracy: 84.74%	 Before inlet accuracy: 85.25% 	 After inlet accuracy: 82.33%
2022-03-13 04:46:56,380 - ===> Train Epoch: 58 	 Accuracy: 82.85% 	 Loss: 0.91687821
2022-03-13 04:49:00,811 - ===> Validation after Training epoch: 58 	 Overall Accuracy: 84.55%	 Before inlet accuracy: 85.24% 	 After inlet accuracy: 81.40%
2022-03-13 04:56:45,153 - ===> Train Epoch: 59 	 Accuracy: 83.01% 	 Loss: 0.91513098
2022-03-13 04:58:47,437 - ===> Validation after Training epoch: 59 	 Overall Accuracy: 84.35%	 Before inlet accuracy: 85.02% 	 After inlet accuracy: 81.26%
2022-03-13 05:06:32,556 - ===> Train Epoch: 60 	 Accuracy: 82.91% 	 Loss: 0.91572567
2022-03-13 05:08:35,613 - ===> Validation after Training epoch: 60 	 Overall Accuracy: 84.64%	 Before inlet accuracy: 85.42% 	 After inlet accuracy: 81.11%
2022-03-13 05:16:20,586 - ===> Train Epoch: 61 	 Accuracy: 83.24% 	 Loss: 0.91297429
2022-03-13 05:18:24,087 - ===> Validation after Training epoch: 61 	 Overall Accuracy: 85.08%	 Before inlet accuracy: 85.90% 	 After inlet accuracy: 81.38%
2022-03-13 05:26:09,892 - ===> Train Epoch: 62 	 Accuracy: 83.32% 	 Loss: 0.91172059
2022-03-13 05:28:11,669 - ===> Validation after Training epoch: 62 	 Overall Accuracy: 84.66%	 Before inlet accuracy: 85.30% 	 After inlet accuracy: 81.71%
2022-03-13 05:35:54,893 - ===> Train Epoch: 63 	 Accuracy: 83.33% 	 Loss: 0.91175427
2022-03-13 05:37:53,646 - ===> Validation after Training epoch: 63 	 Overall Accuracy: 85.13%	 Before inlet accuracy: 85.84% 	 After inlet accuracy: 81.90%
