2022-03-12 05:38:50,665 - ### Training Machine Ip address ###
 127.0.1.1

2022-03-12 05:38:50,666 - ### Model summary below###
 Downstream(
  (decoder): Decoder(
    (linear): ModuleList(
      (0): Linear(in_features=256, out_features=128, bias=True)
      (1): ReLU()
      (2): Linear(in_features=128, out_features=64, bias=True)
      (3): ReLU()
      (4): Linear(in_features=64, out_features=32, bias=True)
      (5): ReLU()
      (6): Linear(in_features=32, out_features=16, bias=True)
      (7): ReLU()
    )
    (out): Linear(in_features=16, out_features=4, bias=True)
    (softmax): Softmax(dim=None)
  )
  (softmax): Softmax(dim=None)
  (lsoftmax): LogSoftmax(dim=None)
  (loss_mean): CrossEntropyLoss()
)

2022-03-12 05:38:50,675 - ===> Configuration parameter
                                    GPU_id: 2
                                    batch_size: 64
                                    epoch: 300
                                    n_warmup_steps: 30
                                    validataion_period: 1
                                    ckpt_period: 5
                                    ckpt_dir: /home/user/data/HyeongseokJeon/HMC_prediction/ckpt/
                                    learning_rate: 1e-06
                                    logging: True
                                    data_dir_train: /home/user/data/HyeongseokJeon/HMC_prediction/data/drone_data/processed/train/
                                    data_dir_val: /home/user/data/HyeongseokJeon/HMC_prediction/data/drone_data/processed/val/
                                    data_dir_orig: /home/user/data/HyeongseokJeon/HMC_prediction/data/drone_data/processed/archive/
                                    occlusion_rate: 0.2
                                    splicing_num: 128
                                    LC_multiple: 5
                                    FOV: 30
                                    interpolate: False
                                    max_pred_time: 5
                                    max_hist_time: 10
                                    hz: 2
                                    val_rate: 0.2
                                    n_linear_layer: 4
                                    n_hidden_after_deconv: 256
                                    log_dir: logs/

2022-03-12 05:38:50,675 - ===> Model total parameter: 43828
2022-03-12 05:38:50,675 - ### Selected Encoder model >>> File_id : maneuver_prediction-2022-03-10_04_02_34
2022-03-12 05:38:50,677 - ### Selected Encoder weight >>> weight_id : model_190.pt
2022-03-12 05:38:50,677 - ===> Model Training Start
2022-03-12 05:57:24,195 - ===> Train Epoch: 1 	 Accuracy: 0.11% 	 Loss: 1.40830509
2022-03-12 06:02:53,684 - ===> Validation after Training epoch: 1 	 Overall Accuracy: 2.10%	 Before inlet accuracy: 2.14% 	 After inlet accuracy: 1.94%
2022-03-12 06:21:38,001 - ===> Train Epoch: 2 	 Accuracy: 0.12% 	 Loss: 1.40492822
2022-03-12 06:27:04,667 - ===> Validation after Training epoch: 2 	 Overall Accuracy: 2.14%	 Before inlet accuracy: 2.14% 	 After inlet accuracy: 2.11%
2022-03-12 06:45:38,425 - ===> Train Epoch: 3 	 Accuracy: 0.43% 	 Loss: 1.40070458
2022-03-12 06:51:06,615 - ===> Validation after Training epoch: 3 	 Overall Accuracy: 4.53%	 Before inlet accuracy: 5.05% 	 After inlet accuracy: 2.18%
2022-03-12 07:09:46,054 - ===> Train Epoch: 4 	 Accuracy: 6.12% 	 Loss: 1.39582613
2022-03-12 07:15:15,152 - ===> Validation after Training epoch: 4 	 Overall Accuracy: 16.15%	 Before inlet accuracy: 17.06% 	 After inlet accuracy: 11.94%
2022-03-12 07:33:51,327 - ===> Train Epoch: 5 	 Accuracy: 15.40% 	 Loss: 1.38883763
2022-03-12 07:39:18,962 - ===> Validation after Training epoch: 5 	 Overall Accuracy: 27.06%	 Before inlet accuracy: 25.86% 	 After inlet accuracy: 32.56%
2022-03-12 07:57:58,220 - ===> Train Epoch: 6 	 Accuracy: 20.26% 	 Loss: 1.37940099
2022-03-12 08:03:28,655 - ===> Validation after Training epoch: 6 	 Overall Accuracy: 30.84%	 Before inlet accuracy: 29.45% 	 After inlet accuracy: 37.19%
2022-03-12 08:22:05,681 - ===> Train Epoch: 7 	 Accuracy: 21.98% 	 Loss: 1.36656794
2022-03-12 08:27:32,009 - ===> Validation after Training epoch: 7 	 Overall Accuracy: 32.70%	 Before inlet accuracy: 31.39% 	 After inlet accuracy: 38.70%
2022-03-12 08:46:06,941 - ===> Train Epoch: 8 	 Accuracy: 22.52% 	 Loss: 1.35117549
2022-03-12 08:51:31,823 - ===> Validation after Training epoch: 8 	 Overall Accuracy: 34.09%	 Before inlet accuracy: 32.97% 	 After inlet accuracy: 39.27%
2022-03-12 09:10:05,634 - ===> Train Epoch: 9 	 Accuracy: 22.77% 	 Loss: 1.33441178
2022-03-12 09:15:33,074 - ===> Validation after Training epoch: 9 	 Overall Accuracy: 33.53%	 Before inlet accuracy: 32.35% 	 After inlet accuracy: 38.88%
2022-03-12 09:34:10,283 - ===> Train Epoch: 10 	 Accuracy: 23.30% 	 Loss: 1.31730892
2022-03-12 09:39:37,449 - ===> Validation after Training epoch: 10 	 Overall Accuracy: 33.91%	 Before inlet accuracy: 32.55% 	 After inlet accuracy: 40.17%
2022-03-12 09:58:12,133 - ===> Train Epoch: 11 	 Accuracy: 25.62% 	 Loss: 1.30285440
2022-03-12 10:03:42,465 - ===> Validation after Training epoch: 11 	 Overall Accuracy: 42.54%	 Before inlet accuracy: 42.59% 	 After inlet accuracy: 42.32%
2022-03-12 10:22:15,824 - ===> Train Epoch: 12 	 Accuracy: 41.63% 	 Loss: 1.28857427
2022-03-12 10:27:37,796 - ===> Validation after Training epoch: 12 	 Overall Accuracy: 52.35%	 Before inlet accuracy: 52.45% 	 After inlet accuracy: 51.88%
