2022-03-12 05:26:35,112 - ### Training Machine Ip address ###
 127.0.1.1

2022-03-12 05:26:35,112 - ### Model summary below###
 Downstream(
  (decoder): Decoder(
    (linear): ModuleList(
      (0): Linear(in_features=256, out_features=128, bias=True)
      (1): ReLU()
      (2): Linear(in_features=128, out_features=64, bias=True)
      (3): ReLU()
      (4): Linear(in_features=64, out_features=32, bias=True)
      (5): ReLU()
      (6): Linear(in_features=32, out_features=16, bias=True)
      (7): ReLU()
    )
    (out): Linear(in_features=16, out_features=4, bias=True)
    (softmax): Softmax(dim=None)
  )
  (softmax): Softmax(dim=None)
  (lsoftmax): LogSoftmax(dim=None)
  (loss_mean): CrossEntropyLoss()
)

2022-03-12 05:26:35,112 - ===> Configuration parameter
                                    GPU_id: 0
                                    batch_size: 64
                                    epoch: 300
                                    n_warmup_steps: 30
                                    validataion_period: 1
                                    ckpt_period: 5
                                    ckpt_dir: /home/user/data/HyeongseokJeon/HMC_prediction/ckpt/
                                    learning_rate: 1e-06
                                    logging: True
                                    data_dir_train: /home/user/data/HyeongseokJeon/HMC_prediction/data/drone_data/processed/train/
                                    data_dir_val: /home/user/data/HyeongseokJeon/HMC_prediction/data/drone_data/processed/val/
                                    data_dir_orig: /home/user/data/HyeongseokJeon/HMC_prediction/data/drone_data/processed/archive/
                                    occlusion_rate: 0.2
                                    splicing_num: 128
                                    LC_multiple: 5
                                    FOV: 30
                                    interpolate: False
                                    max_pred_time: 5
                                    max_hist_time: 10
                                    hz: 2
                                    val_rate: 0.2
                                    n_linear_layer: 4
                                    n_hidden_after_deconv: 256
                                    log_dir: logs/

2022-03-12 05:26:35,112 - ===> Model total parameter: 43828
2022-03-12 05:26:35,112 - ### Selected Encoder model >>> File_id : maneuver_prediction-2022-03-10_04_02_34
2022-03-12 05:26:35,112 - ### Selected Encoder weight >>> weight_id : model_15.pt
2022-03-12 05:26:35,112 - ===> Model Training Start
2022-03-12 05:39:17,229 - ===> Train Epoch: 1 	 Accuracy: 26.03% 	 Loss: 1.37163782
2022-03-12 05:44:37,752 - ===> Validation after Training epoch: 1 	 Overall Accuracy: 35.45%	 Before inlet accuracy: 33.10% 	 After inlet accuracy: 46.25%
2022-03-12 06:03:52,600 - ===> Train Epoch: 2 	 Accuracy: 40.47% 	 Loss: 1.36795953
2022-03-12 06:09:13,310 - ===> Validation after Training epoch: 2 	 Overall Accuracy: 51.66%	 Before inlet accuracy: 51.95% 	 After inlet accuracy: 50.34%
2022-03-12 06:28:31,491 - ===> Train Epoch: 3 	 Accuracy: 51.84% 	 Loss: 1.36197699
2022-03-12 06:33:53,590 - ===> Validation after Training epoch: 3 	 Overall Accuracy: 46.31%	 Before inlet accuracy: 46.95% 	 After inlet accuracy: 43.41%
2022-03-12 06:53:07,819 - ===> Train Epoch: 4 	 Accuracy: 49.05% 	 Loss: 1.35303834
2022-03-12 06:58:30,912 - ===> Validation after Training epoch: 4 	 Overall Accuracy: 43.84%	 Before inlet accuracy: 44.58% 	 After inlet accuracy: 40.35%
2022-03-12 07:17:49,346 - ===> Train Epoch: 5 	 Accuracy: 51.99% 	 Loss: 1.34046223
2022-03-12 07:23:17,621 - ===> Validation after Training epoch: 5 	 Overall Accuracy: 53.29%	 Before inlet accuracy: 56.30% 	 After inlet accuracy: 39.50%
2022-03-12 07:42:40,222 - ===> Train Epoch: 6 	 Accuracy: 60.61% 	 Loss: 1.32457017
2022-03-12 07:48:04,363 - ===> Validation after Training epoch: 6 	 Overall Accuracy: 62.24%	 Before inlet accuracy: 65.65% 	 After inlet accuracy: 46.69%
2022-03-12 08:07:20,928 - ===> Train Epoch: 7 	 Accuracy: 66.70% 	 Loss: 1.30579382
2022-03-12 08:12:49,572 - ===> Validation after Training epoch: 7 	 Overall Accuracy: 70.16%	 Before inlet accuracy: 72.35% 	 After inlet accuracy: 60.00%
2022-03-12 08:32:01,278 - ===> Train Epoch: 8 	 Accuracy: 72.65% 	 Loss: 1.28471559
2022-03-12 08:37:23,683 - ===> Validation after Training epoch: 8 	 Overall Accuracy: 76.10%	 Before inlet accuracy: 77.73% 	 After inlet accuracy: 68.58%
2022-03-12 08:56:36,574 - ===> Train Epoch: 9 	 Accuracy: 75.93% 	 Loss: 1.26263952
2022-03-12 09:02:02,302 - ===> Validation after Training epoch: 9 	 Overall Accuracy: 77.53%	 Before inlet accuracy: 78.78% 	 After inlet accuracy: 71.82%
2022-03-12 09:21:20,696 - ===> Train Epoch: 10 	 Accuracy: 76.34% 	 Loss: 1.23956239
2022-03-12 09:26:45,638 - ===> Validation after Training epoch: 10 	 Overall Accuracy: 77.89%	 Before inlet accuracy: 79.03% 	 After inlet accuracy: 72.64%
2022-03-12 09:46:02,048 - ===> Train Epoch: 11 	 Accuracy: 76.38% 	 Loss: 1.21536852
2022-03-12 09:51:27,335 - ===> Validation after Training epoch: 11 	 Overall Accuracy: 77.57%	 Before inlet accuracy: 78.68% 	 After inlet accuracy: 72.51%
2022-03-12 10:10:47,444 - ===> Train Epoch: 12 	 Accuracy: 76.47% 	 Loss: 1.19375776
2022-03-12 10:16:13,834 - ===> Validation after Training epoch: 12 	 Overall Accuracy: 79.04%	 Before inlet accuracy: 80.29% 	 After inlet accuracy: 73.34%
2022-03-12 10:35:31,541 - ===> Train Epoch: 13 	 Accuracy: 77.23% 	 Loss: 1.17394273
2022-03-12 10:40:58,994 - ===> Validation after Training epoch: 13 	 Overall Accuracy: 79.65%	 Before inlet accuracy: 80.60% 	 After inlet accuracy: 75.31%
