2022-03-07 01:54:30,731 - ### Training Machine Ip address ###
 192.168.0.7

2022-03-07 01:54:30,731 - ### Model summary below###
 Downstream(
  (decoder): Decoder(
    (linear): ModuleList(
      (0): Linear(in_features=256, out_features=128, bias=True)
      (1): ReLU()
      (2): Linear(in_features=128, out_features=64, bias=True)
      (3): ReLU()
      (4): Linear(in_features=64, out_features=32, bias=True)
      (5): ReLU()
      (6): Linear(in_features=32, out_features=16, bias=True)
      (7): ReLU()
    )
    (out): Linear(in_features=16, out_features=4, bias=True)
    (softmax): Softmax(dim=None)
  )
  (softmax): Softmax(dim=None)
  (lsoftmax): LogSoftmax(dim=None)
  (loss_mean): CrossEntropyLoss()
)

2022-03-07 01:54:30,732 - ===> Configuration parameter
                                    GPU_id: 0
                                    batch_size: 64
                                    epoch: 300
                                    n_warmup_steps: 30
                                    validataion_period: 1
                                    ckpt_period: 5
                                    ckpt_dir: C:\Users\VDCLAB\Desktop\hs\HMC_prediction/ckpt/
                                    learning_rate: 1e-05
                                    logging: True
                                    data_dir_train: C:\Users\VDCLAB\Desktop\hs\HMC_prediction/data/drone_data/processed/train/
                                    data_dir_val: C:\Users\VDCLAB\Desktop\hs\HMC_prediction/data/drone_data/processed/val/
                                    data_dir_orig: C:\Users\VDCLAB\Desktop\hs\HMC_prediction/data/drone_data/processed/archive/
                                    occlusion_rate: 0.2
                                    splicing_num: 128
                                    LC_multiple: 5
                                    FOV: 30
                                    interpolate: False
                                    max_pred_time: 5
                                    max_hist_time: 10
                                    hz: 2
                                    val_rate: 0.2
                                    n_linear_layer: 4
                                    n_hidden_after_deconv: 256
                                    log_dir: logs/

2022-03-07 01:54:30,732 - ===> Model total parameter: 43828
2022-03-07 01:54:30,732 - ### Selected Encoder model >>> File_id : maneuver_prediction-2022-03-02_19_18_02
2022-03-07 01:54:30,733 - ### Selected Encoder weight >>> weight_id : model_70.pt
2022-03-07 01:54:30,733 - ===> Model Training Start
2022-03-07 01:57:39,331 - ===> Train Epoch: 1 	 Accuracy: 52.30% 	 Loss: 1.35478687
2022-03-07 01:58:31,603 - ===> Validation after Training epoch: 1 	 Overall Accuracy: 67.95%	 Before inlet accuracy: 44.46% 	 After inlet accuracy: 78.54%
2022-03-07 02:01:37,691 - ===> Train Epoch: 2 	 Accuracy: 75.05% 	 Loss: 1.09178805
2022-03-07 02:02:29,305 - ===> Validation after Training epoch: 2 	 Overall Accuracy: 71.32%	 Before inlet accuracy: 49.70% 	 After inlet accuracy: 81.07%
2022-03-07 02:05:33,893 - ===> Train Epoch: 3 	 Accuracy: 78.11% 	 Loss: 0.98397162
2022-03-07 02:06:24,966 - ===> Validation after Training epoch: 3 	 Overall Accuracy: 73.33%	 Before inlet accuracy: 54.31% 	 After inlet accuracy: 81.98%
2022-03-07 02:09:30,373 - ===> Train Epoch: 4 	 Accuracy: 80.20% 	 Loss: 0.95154558
2022-03-07 02:10:21,843 - ===> Validation after Training epoch: 4 	 Overall Accuracy: 74.65%	 Before inlet accuracy: 57.28% 	 After inlet accuracy: 82.45%
2022-03-07 02:13:26,993 - ===> Train Epoch: 5 	 Accuracy: 81.58% 	 Loss: 0.93816760
2022-03-07 02:14:18,578 - ===> Validation after Training epoch: 5 	 Overall Accuracy: 74.81%	 Before inlet accuracy: 59.54% 	 After inlet accuracy: 81.72%
2022-03-07 02:17:23,348 - ===> Train Epoch: 6 	 Accuracy: 82.85% 	 Loss: 0.92522340
2022-03-07 02:18:14,910 - ===> Validation after Training epoch: 6 	 Overall Accuracy: 74.89%	 Before inlet accuracy: 59.59% 	 After inlet accuracy: 81.77%
2022-03-07 02:21:19,414 - ===> Train Epoch: 7 	 Accuracy: 83.19% 	 Loss: 0.91881486
2022-03-07 02:22:11,300 - ===> Validation after Training epoch: 7 	 Overall Accuracy: 76.09%	 Before inlet accuracy: 61.93% 	 After inlet accuracy: 82.56%
2022-03-07 02:25:15,871 - ===> Train Epoch: 8 	 Accuracy: 83.26% 	 Loss: 0.91619133
2022-03-07 02:26:06,866 - ===> Validation after Training epoch: 8 	 Overall Accuracy: 77.12%	 Before inlet accuracy: 64.98% 	 After inlet accuracy: 82.62%
2022-03-07 02:29:12,520 - ===> Train Epoch: 9 	 Accuracy: 83.92% 	 Loss: 0.90898901
2022-03-07 02:30:06,633 - ===> Validation after Training epoch: 9 	 Overall Accuracy: 77.21%	 Before inlet accuracy: 65.71% 	 After inlet accuracy: 82.44%
2022-03-07 02:33:14,911 - ===> Train Epoch: 10 	 Accuracy: 84.21% 	 Loss: 0.90625200
2022-03-07 02:34:06,134 - ===> Validation after Training epoch: 10 	 Overall Accuracy: 77.11%	 Before inlet accuracy: 65.76% 	 After inlet accuracy: 82.27%
2022-03-07 02:37:11,957 - ===> Train Epoch: 11 	 Accuracy: 84.37% 	 Loss: 0.90447036
2022-03-07 02:38:02,676 - ===> Validation after Training epoch: 11 	 Overall Accuracy: 77.73%	 Before inlet accuracy: 67.07% 	 After inlet accuracy: 82.57%
2022-03-07 02:41:09,080 - ===> Train Epoch: 12 	 Accuracy: 84.76% 	 Loss: 0.90093512
2022-03-07 02:42:00,789 - ===> Validation after Training epoch: 12 	 Overall Accuracy: 78.06%	 Before inlet accuracy: 67.12% 	 After inlet accuracy: 82.89%
2022-03-07 02:45:06,739 - ===> Train Epoch: 13 	 Accuracy: 85.31% 	 Loss: 0.89552417
2022-03-07 02:45:57,923 - ===> Validation after Training epoch: 13 	 Overall Accuracy: 77.64%	 Before inlet accuracy: 66.03% 	 After inlet accuracy: 82.82%
2022-03-07 02:49:03,457 - ===> Train Epoch: 14 	 Accuracy: 85.50% 	 Loss: 0.89239734
2022-03-07 02:49:55,444 - ===> Validation after Training epoch: 14 	 Overall Accuracy: 78.28%	 Before inlet accuracy: 67.63% 	 After inlet accuracy: 83.26%
2022-03-07 02:53:01,163 - ===> Train Epoch: 15 	 Accuracy: 86.37% 	 Loss: 0.88482425
2022-03-07 02:53:52,534 - ===> Validation after Training epoch: 15 	 Overall Accuracy: 78.02%	 Before inlet accuracy: 66.72% 	 After inlet accuracy: 83.12%
2022-03-07 02:56:58,259 - ===> Train Epoch: 16 	 Accuracy: 86.52% 	 Loss: 0.88201081
2022-03-07 02:57:50,160 - ===> Validation after Training epoch: 16 	 Overall Accuracy: 78.41%	 Before inlet accuracy: 67.52% 	 After inlet accuracy: 83.32%
2022-03-07 03:00:55,940 - ===> Train Epoch: 17 	 Accuracy: 86.72% 	 Loss: 0.87957258
2022-03-07 03:01:47,539 - ===> Validation after Training epoch: 17 	 Overall Accuracy: 77.96%	 Before inlet accuracy: 66.63% 	 After inlet accuracy: 83.05%
2022-03-07 03:04:52,705 - ===> Train Epoch: 18 	 Accuracy: 86.94% 	 Loss: 0.87720778
2022-03-07 03:05:44,631 - ===> Validation after Training epoch: 18 	 Overall Accuracy: 77.66%	 Before inlet accuracy: 66.48% 	 After inlet accuracy: 82.64%
2022-03-07 03:08:50,648 - ===> Train Epoch: 19 	 Accuracy: 86.96% 	 Loss: 0.87688761
2022-03-07 03:09:42,490 - ===> Validation after Training epoch: 19 	 Overall Accuracy: 77.52%	 Before inlet accuracy: 65.91% 	 After inlet accuracy: 82.82%
2022-03-07 03:12:47,877 - ===> Train Epoch: 20 	 Accuracy: 87.19% 	 Loss: 0.87451878
2022-03-07 03:13:39,382 - ===> Validation after Training epoch: 20 	 Overall Accuracy: 77.69%	 Before inlet accuracy: 66.02% 	 After inlet accuracy: 82.93%
2022-03-07 03:16:44,900 - ===> Train Epoch: 21 	 Accuracy: 87.32% 	 Loss: 0.87314684
2022-03-07 03:17:36,518 - ===> Validation after Training epoch: 21 	 Overall Accuracy: 77.87%	 Before inlet accuracy: 66.28% 	 After inlet accuracy: 83.09%
2022-03-07 03:20:41,969 - ===> Train Epoch: 22 	 Accuracy: 87.32% 	 Loss: 0.87286006
2022-03-07 03:21:33,779 - ===> Validation after Training epoch: 22 	 Overall Accuracy: 78.26%	 Before inlet accuracy: 66.51% 	 After inlet accuracy: 83.51%
2022-03-07 03:24:38,363 - ===> Train Epoch: 23 	 Accuracy: 87.34% 	 Loss: 0.87268105
2022-03-07 03:25:30,296 - ===> Validation after Training epoch: 23 	 Overall Accuracy: 78.24%	 Before inlet accuracy: 66.34% 	 After inlet accuracy: 83.65%
2022-03-07 03:28:36,088 - ===> Train Epoch: 24 	 Accuracy: 87.70% 	 Loss: 0.86956806
2022-03-07 03:29:27,686 - ===> Validation after Training epoch: 24 	 Overall Accuracy: 78.44%	 Before inlet accuracy: 66.57% 	 After inlet accuracy: 83.71%
2022-03-07 03:32:34,014 - ===> Train Epoch: 25 	 Accuracy: 87.76% 	 Loss: 0.86908747
2022-03-07 03:33:25,542 - ===> Validation after Training epoch: 25 	 Overall Accuracy: 77.87%	 Before inlet accuracy: 65.59% 	 After inlet accuracy: 83.37%
2022-03-07 03:36:31,402 - ===> Train Epoch: 26 	 Accuracy: 87.97% 	 Loss: 0.86697092
2022-03-07 03:37:22,784 - ===> Validation after Training epoch: 26 	 Overall Accuracy: 78.38%	 Before inlet accuracy: 65.76% 	 After inlet accuracy: 84.02%
2022-03-07 03:40:27,425 - ===> Train Epoch: 27 	 Accuracy: 88.06% 	 Loss: 0.86609226
2022-03-07 03:41:18,989 - ===> Validation after Training epoch: 27 	 Overall Accuracy: 77.71%	 Before inlet accuracy: 64.59% 	 After inlet accuracy: 83.54%
2022-03-07 03:44:24,239 - ===> Train Epoch: 28 	 Accuracy: 88.35% 	 Loss: 0.86322392
2022-03-07 03:45:15,406 - ===> Validation after Training epoch: 28 	 Overall Accuracy: 77.77%	 Before inlet accuracy: 64.90% 	 After inlet accuracy: 83.69%
2022-03-07 03:48:21,370 - ===> Train Epoch: 29 	 Accuracy: 88.50% 	 Loss: 0.86175586
2022-03-07 03:49:12,896 - ===> Validation after Training epoch: 29 	 Overall Accuracy: 77.68%	 Before inlet accuracy: 63.93% 	 After inlet accuracy: 83.96%
2022-03-07 03:52:17,778 - ===> Train Epoch: 30 	 Accuracy: 88.44% 	 Loss: 0.86261335
2022-03-07 03:53:09,111 - ===> Validation after Training epoch: 30 	 Overall Accuracy: 77.65%	 Before inlet accuracy: 64.21% 	 After inlet accuracy: 83.72%
2022-03-07 03:56:13,500 - ===> Train Epoch: 31 	 Accuracy: 88.54% 	 Loss: 0.86150094
2022-03-07 03:57:04,926 - ===> Validation after Training epoch: 31 	 Overall Accuracy: 77.96%	 Before inlet accuracy: 64.26% 	 After inlet accuracy: 84.06%
2022-03-07 04:00:09,931 - ===> Train Epoch: 32 	 Accuracy: 88.64% 	 Loss: 0.86060936
2022-03-07 04:01:00,988 - ===> Validation after Training epoch: 32 	 Overall Accuracy: 77.34%	 Before inlet accuracy: 63.58% 	 After inlet accuracy: 83.53%
2022-03-07 04:04:05,844 - ===> Train Epoch: 33 	 Accuracy: 88.72% 	 Loss: 0.85978270
2022-03-07 04:04:57,506 - ===> Validation after Training epoch: 33 	 Overall Accuracy: 77.66%	 Before inlet accuracy: 63.33% 	 After inlet accuracy: 83.99%
2022-03-07 04:08:02,735 - ===> Train Epoch: 34 	 Accuracy: 89.39% 	 Loss: 0.85277790
2022-03-07 04:08:54,210 - ===> Validation after Training epoch: 34 	 Overall Accuracy: 79.20%	 Before inlet accuracy: 65.04% 	 After inlet accuracy: 85.44%
2022-03-07 04:11:59,358 - ===> Train Epoch: 35 	 Accuracy: 90.25% 	 Loss: 0.84419687
2022-03-07 04:12:50,567 - ===> Validation after Training epoch: 35 	 Overall Accuracy: 79.76%	 Before inlet accuracy: 65.07% 	 After inlet accuracy: 86.61%
2022-03-07 04:15:55,248 - ===> Train Epoch: 36 	 Accuracy: 90.40% 	 Loss: 0.84235533
2022-03-07 04:16:46,318 - ===> Validation after Training epoch: 36 	 Overall Accuracy: 79.58%	 Before inlet accuracy: 65.05% 	 After inlet accuracy: 86.07%
2022-03-07 04:19:50,756 - ===> Train Epoch: 37 	 Accuracy: 90.40% 	 Loss: 0.84231588
2022-03-07 04:20:42,495 - ===> Validation after Training epoch: 37 	 Overall Accuracy: 79.24%	 Before inlet accuracy: 65.39% 	 After inlet accuracy: 85.59%
2022-03-07 04:23:48,240 - ===> Train Epoch: 38 	 Accuracy: 90.56% 	 Loss: 0.84051993
2022-03-07 04:24:41,551 - ===> Validation after Training epoch: 38 	 Overall Accuracy: 80.40%	 Before inlet accuracy: 66.33% 	 After inlet accuracy: 86.71%
2022-03-07 04:27:47,508 - ===> Train Epoch: 39 	 Accuracy: 90.64% 	 Loss: 0.83950337
2022-03-07 04:28:39,459 - ===> Validation after Training epoch: 39 	 Overall Accuracy: 80.44%	 Before inlet accuracy: 66.21% 	 After inlet accuracy: 86.74%
2022-03-07 04:31:44,725 - ===> Train Epoch: 40 	 Accuracy: 90.72% 	 Loss: 0.83852604
2022-03-07 04:32:36,156 - ===> Validation after Training epoch: 40 	 Overall Accuracy: 80.39%	 Before inlet accuracy: 66.11% 	 After inlet accuracy: 86.77%
2022-03-07 04:35:42,070 - ===> Train Epoch: 41 	 Accuracy: 90.78% 	 Loss: 0.83788181
2022-03-07 04:36:33,182 - ===> Validation after Training epoch: 41 	 Overall Accuracy: 79.94%	 Before inlet accuracy: 65.86% 	 After inlet accuracy: 86.38%
2022-03-07 04:39:38,280 - ===> Train Epoch: 42 	 Accuracy: 90.58% 	 Loss: 0.83954199
2022-03-07 04:40:29,549 - ===> Validation after Training epoch: 42 	 Overall Accuracy: 80.41%	 Before inlet accuracy: 65.66% 	 After inlet accuracy: 87.00%
2022-03-07 04:43:35,595 - ===> Train Epoch: 43 	 Accuracy: 90.84% 	 Loss: 0.83718580
2022-03-07 04:44:26,479 - ===> Validation after Training epoch: 43 	 Overall Accuracy: 80.54%	 Before inlet accuracy: 66.02% 	 After inlet accuracy: 87.17%
2022-03-07 04:47:31,669 - ===> Train Epoch: 44 	 Accuracy: 90.93% 	 Loss: 0.83610687
2022-03-07 04:48:23,417 - ===> Validation after Training epoch: 44 	 Overall Accuracy: 80.51%	 Before inlet accuracy: 66.01% 	 After inlet accuracy: 86.96%
2022-03-07 04:51:29,421 - ===> Train Epoch: 45 	 Accuracy: 90.87% 	 Loss: 0.83656740
2022-03-07 04:52:21,198 - ===> Validation after Training epoch: 45 	 Overall Accuracy: 80.68%	 Before inlet accuracy: 66.24% 	 After inlet accuracy: 87.05%
2022-03-07 04:55:27,166 - ===> Train Epoch: 46 	 Accuracy: 90.98% 	 Loss: 0.83548431
2022-03-07 04:56:18,861 - ===> Validation after Training epoch: 46 	 Overall Accuracy: 80.43%	 Before inlet accuracy: 65.68% 	 After inlet accuracy: 87.08%
2022-03-07 04:59:24,188 - ===> Train Epoch: 47 	 Accuracy: 91.10% 	 Loss: 0.83420323
2022-03-07 05:00:16,062 - ===> Validation after Training epoch: 47 	 Overall Accuracy: 80.66%	 Before inlet accuracy: 66.95% 	 After inlet accuracy: 86.83%
2022-03-07 05:03:23,164 - ===> Train Epoch: 48 	 Accuracy: 91.03% 	 Loss: 0.83469064
2022-03-07 05:04:14,815 - ===> Validation after Training epoch: 48 	 Overall Accuracy: 80.97%	 Before inlet accuracy: 66.23% 	 After inlet accuracy: 87.76%
2022-03-07 05:07:21,754 - ===> Train Epoch: 49 	 Accuracy: 91.12% 	 Loss: 0.83369703
2022-03-07 05:08:13,614 - ===> Validation after Training epoch: 49 	 Overall Accuracy: 80.37%	 Before inlet accuracy: 65.00% 	 After inlet accuracy: 87.23%
2022-03-07 05:11:19,976 - ===> Train Epoch: 50 	 Accuracy: 91.18% 	 Loss: 0.83331576
2022-03-07 05:12:11,889 - ===> Validation after Training epoch: 50 	 Overall Accuracy: 80.41%	 Before inlet accuracy: 66.01% 	 After inlet accuracy: 86.95%
2022-03-07 05:15:17,279 - ===> Train Epoch: 51 	 Accuracy: 90.97% 	 Loss: 0.83519208
2022-03-07 05:16:09,072 - ===> Validation after Training epoch: 51 	 Overall Accuracy: 80.52%	 Before inlet accuracy: 66.45% 	 After inlet accuracy: 86.79%
2022-03-07 05:19:14,990 - ===> Train Epoch: 52 	 Accuracy: 91.26% 	 Loss: 0.83225940
2022-03-07 05:20:06,446 - ===> Validation after Training epoch: 52 	 Overall Accuracy: 80.40%	 Before inlet accuracy: 66.11% 	 After inlet accuracy: 86.80%
2022-03-07 05:23:12,084 - ===> Train Epoch: 53 	 Accuracy: 91.22% 	 Loss: 0.83242707
2022-03-07 05:24:03,602 - ===> Validation after Training epoch: 53 	 Overall Accuracy: 80.03%	 Before inlet accuracy: 66.48% 	 After inlet accuracy: 86.18%
2022-03-07 05:27:08,934 - ===> Train Epoch: 54 	 Accuracy: 91.42% 	 Loss: 0.83062192
2022-03-07 05:28:00,645 - ===> Validation after Training epoch: 54 	 Overall Accuracy: 80.31%	 Before inlet accuracy: 65.45% 	 After inlet accuracy: 87.08%
2022-03-07 05:31:06,260 - ===> Train Epoch: 55 	 Accuracy: 91.42% 	 Loss: 0.83059745
2022-03-07 05:31:57,693 - ===> Validation after Training epoch: 55 	 Overall Accuracy: 80.73%	 Before inlet accuracy: 65.71% 	 After inlet accuracy: 87.56%
2022-03-07 05:35:03,750 - ===> Train Epoch: 56 	 Accuracy: 91.47% 	 Loss: 0.83014915
2022-03-07 05:35:55,822 - ===> Validation after Training epoch: 56 	 Overall Accuracy: 80.59%	 Before inlet accuracy: 66.06% 	 After inlet accuracy: 87.11%
2022-03-07 05:39:04,508 - ===> Train Epoch: 57 	 Accuracy: 91.66% 	 Loss: 0.82834234
2022-03-07 05:39:55,785 - ===> Validation after Training epoch: 57 	 Overall Accuracy: 80.70%	 Before inlet accuracy: 65.80% 	 After inlet accuracy: 87.44%
2022-03-07 05:43:04,419 - ===> Train Epoch: 58 	 Accuracy: 91.65% 	 Loss: 0.82827372
2022-03-07 05:43:55,870 - ===> Validation after Training epoch: 58 	 Overall Accuracy: 80.17%	 Before inlet accuracy: 65.65% 	 After inlet accuracy: 86.93%
2022-03-07 05:47:03,035 - ===> Train Epoch: 59 	 Accuracy: 91.68% 	 Loss: 0.82793230
2022-03-07 05:47:55,163 - ===> Validation after Training epoch: 59 	 Overall Accuracy: 80.78%	 Before inlet accuracy: 65.61% 	 After inlet accuracy: 87.72%
2022-03-07 05:51:02,600 - ===> Train Epoch: 60 	 Accuracy: 91.66% 	 Loss: 0.82831290
2022-03-07 05:51:54,641 - ===> Validation after Training epoch: 60 	 Overall Accuracy: 80.76%	 Before inlet accuracy: 66.17% 	 After inlet accuracy: 87.41%
2022-03-07 05:55:02,327 - ===> Train Epoch: 61 	 Accuracy: 91.79% 	 Loss: 0.82711696
2022-03-07 05:55:54,258 - ===> Validation after Training epoch: 61 	 Overall Accuracy: 80.78%	 Before inlet accuracy: 65.80% 	 After inlet accuracy: 87.52%
2022-03-07 05:59:01,285 - ===> Train Epoch: 62 	 Accuracy: 91.96% 	 Loss: 0.82526800
2022-03-07 05:59:53,167 - ===> Validation after Training epoch: 62 	 Overall Accuracy: 80.45%	 Before inlet accuracy: 65.17% 	 After inlet accuracy: 87.36%
2022-03-07 06:03:00,715 - ===> Train Epoch: 63 	 Accuracy: 91.90% 	 Loss: 0.82599270
2022-03-07 06:03:52,517 - ===> Validation after Training epoch: 63 	 Overall Accuracy: 80.58%	 Before inlet accuracy: 64.60% 	 After inlet accuracy: 87.91%
2022-03-07 06:07:00,839 - ===> Train Epoch: 64 	 Accuracy: 91.90% 	 Loss: 0.82576494
2022-03-07 06:07:52,932 - ===> Validation after Training epoch: 64 	 Overall Accuracy: 80.92%	 Before inlet accuracy: 65.66% 	 After inlet accuracy: 87.68%
2022-03-07 06:11:00,447 - ===> Train Epoch: 65 	 Accuracy: 91.94% 	 Loss: 0.82550239
2022-03-07 06:11:52,201 - ===> Validation after Training epoch: 65 	 Overall Accuracy: 80.45%	 Before inlet accuracy: 64.96% 	 After inlet accuracy: 87.55%
2022-03-07 06:15:00,856 - ===> Train Epoch: 66 	 Accuracy: 91.99% 	 Loss: 0.82497608
2022-03-07 06:15:52,618 - ===> Validation after Training epoch: 66 	 Overall Accuracy: 80.75%	 Before inlet accuracy: 65.70% 	 After inlet accuracy: 87.54%
2022-03-07 06:19:00,259 - ===> Train Epoch: 67 	 Accuracy: 92.16% 	 Loss: 0.82331998
2022-03-07 06:19:52,500 - ===> Validation after Training epoch: 67 	 Overall Accuracy: 80.90%	 Before inlet accuracy: 65.69% 	 After inlet accuracy: 87.61%
2022-03-07 06:23:00,969 - ===> Train Epoch: 68 	 Accuracy: 91.97% 	 Loss: 0.82498391
2022-03-07 06:23:52,789 - ===> Validation after Training epoch: 68 	 Overall Accuracy: 80.27%	 Before inlet accuracy: 65.03% 	 After inlet accuracy: 87.20%
2022-03-07 06:27:00,655 - ===> Train Epoch: 69 	 Accuracy: 92.11% 	 Loss: 0.82376743
2022-03-07 06:27:52,218 - ===> Validation after Training epoch: 69 	 Overall Accuracy: 80.49%	 Before inlet accuracy: 65.43% 	 After inlet accuracy: 87.37%
2022-03-07 06:30:58,752 - ===> Train Epoch: 70 	 Accuracy: 92.09% 	 Loss: 0.82387193
2022-03-07 06:31:50,651 - ===> Validation after Training epoch: 70 	 Overall Accuracy: 80.54%	 Before inlet accuracy: 65.62% 	 After inlet accuracy: 87.39%
2022-03-07 06:34:58,402 - ===> Train Epoch: 71 	 Accuracy: 92.28% 	 Loss: 0.82196859
2022-03-07 06:35:50,153 - ===> Validation after Training epoch: 71 	 Overall Accuracy: 81.04%	 Before inlet accuracy: 66.69% 	 After inlet accuracy: 87.48%
2022-03-07 06:38:58,155 - ===> Train Epoch: 72 	 Accuracy: 92.07% 	 Loss: 0.82400456
2022-03-07 06:39:49,549 - ===> Validation after Training epoch: 72 	 Overall Accuracy: 81.02%	 Before inlet accuracy: 66.96% 	 After inlet accuracy: 87.28%
2022-03-07 06:42:56,998 - ===> Train Epoch: 73 	 Accuracy: 92.09% 	 Loss: 0.82377641
2022-03-07 06:43:48,479 - ===> Validation after Training epoch: 73 	 Overall Accuracy: 80.60%	 Before inlet accuracy: 65.02% 	 After inlet accuracy: 87.66%
2022-03-07 06:46:55,768 - ===> Train Epoch: 74 	 Accuracy: 92.27% 	 Loss: 0.82196055
2022-03-07 06:47:47,765 - ===> Validation after Training epoch: 74 	 Overall Accuracy: 80.83%	 Before inlet accuracy: 65.98% 	 After inlet accuracy: 87.55%
2022-03-07 06:50:55,142 - ===> Train Epoch: 75 	 Accuracy: 92.35% 	 Loss: 0.82113301
2022-03-07 06:51:46,878 - ===> Validation after Training epoch: 75 	 Overall Accuracy: 80.96%	 Before inlet accuracy: 66.35% 	 After inlet accuracy: 87.61%
2022-03-07 06:54:53,839 - ===> Train Epoch: 76 	 Accuracy: 92.34% 	 Loss: 0.82129911
2022-03-07 06:55:45,734 - ===> Validation after Training epoch: 76 	 Overall Accuracy: 78.81%	 Before inlet accuracy: 65.80% 	 After inlet accuracy: 84.66%
2022-03-07 06:58:53,662 - ===> Train Epoch: 77 	 Accuracy: 92.26% 	 Loss: 0.82209800
2022-03-07 06:59:45,737 - ===> Validation after Training epoch: 77 	 Overall Accuracy: 79.11%	 Before inlet accuracy: 65.38% 	 After inlet accuracy: 85.26%
2022-03-07 07:02:52,112 - ===> Train Epoch: 78 	 Accuracy: 92.23% 	 Loss: 0.82234692
2022-03-07 07:03:43,851 - ===> Validation after Training epoch: 78 	 Overall Accuracy: 79.01%	 Before inlet accuracy: 66.35% 	 After inlet accuracy: 84.78%
2022-03-07 07:06:50,937 - ===> Train Epoch: 79 	 Accuracy: 92.54% 	 Loss: 0.81960142
2022-03-07 07:07:42,786 - ===> Validation after Training epoch: 79 	 Overall Accuracy: 77.29%	 Before inlet accuracy: 65.27% 	 After inlet accuracy: 82.75%
2022-03-07 07:10:50,159 - ===> Train Epoch: 80 	 Accuracy: 93.20% 	 Loss: 0.81343746
2022-03-07 07:11:42,162 - ===> Validation after Training epoch: 80 	 Overall Accuracy: 78.33%	 Before inlet accuracy: 65.40% 	 After inlet accuracy: 84.25%
2022-03-07 07:14:49,115 - ===> Train Epoch: 81 	 Accuracy: 93.18% 	 Loss: 0.81338039
2022-03-07 07:15:40,871 - ===> Validation after Training epoch: 81 	 Overall Accuracy: 78.56%	 Before inlet accuracy: 66.20% 	 After inlet accuracy: 84.23%
2022-03-07 07:18:48,356 - ===> Train Epoch: 82 	 Accuracy: 93.31% 	 Loss: 0.81211412
2022-03-07 07:19:39,798 - ===> Validation after Training epoch: 82 	 Overall Accuracy: 78.02%	 Before inlet accuracy: 65.06% 	 After inlet accuracy: 83.81%
2022-03-07 07:22:47,260 - ===> Train Epoch: 83 	 Accuracy: 93.30% 	 Loss: 0.81227064
2022-03-07 07:23:39,138 - ===> Validation after Training epoch: 83 	 Overall Accuracy: 78.76%	 Before inlet accuracy: 66.94% 	 After inlet accuracy: 84.09%
2022-03-07 07:26:46,133 - ===> Train Epoch: 84 	 Accuracy: 93.48% 	 Loss: 0.81052245
2022-03-07 07:27:37,662 - ===> Validation after Training epoch: 84 	 Overall Accuracy: 78.64%	 Before inlet accuracy: 65.42% 	 After inlet accuracy: 84.62%
2022-03-07 07:30:45,250 - ===> Train Epoch: 85 	 Accuracy: 93.46% 	 Loss: 0.81063286
2022-03-07 07:31:37,536 - ===> Validation after Training epoch: 85 	 Overall Accuracy: 78.19%	 Before inlet accuracy: 65.80% 	 After inlet accuracy: 83.74%
2022-03-07 07:34:44,923 - ===> Train Epoch: 86 	 Accuracy: 93.56% 	 Loss: 0.80970194
2022-03-07 07:35:36,548 - ===> Validation after Training epoch: 86 	 Overall Accuracy: 77.96%	 Before inlet accuracy: 64.74% 	 After inlet accuracy: 83.92%
2022-03-07 07:38:43,854 - ===> Train Epoch: 87 	 Accuracy: 93.53% 	 Loss: 0.80990696
2022-03-07 07:39:35,712 - ===> Validation after Training epoch: 87 	 Overall Accuracy: 78.59%	 Before inlet accuracy: 65.99% 	 After inlet accuracy: 84.28%
2022-03-07 07:42:43,581 - ===> Train Epoch: 88 	 Accuracy: 93.59% 	 Loss: 0.80935573
2022-03-07 07:43:35,493 - ===> Validation after Training epoch: 88 	 Overall Accuracy: 78.81%	 Before inlet accuracy: 66.65% 	 After inlet accuracy: 84.31%
2022-03-07 07:46:42,696 - ===> Train Epoch: 89 	 Accuracy: 93.52% 	 Loss: 0.81001107
2022-03-07 07:47:34,584 - ===> Validation after Training epoch: 89 	 Overall Accuracy: 78.68%	 Before inlet accuracy: 66.59% 	 After inlet accuracy: 84.20%
2022-03-07 07:50:41,864 - ===> Train Epoch: 90 	 Accuracy: 93.68% 	 Loss: 0.80843354
2022-03-07 07:51:33,838 - ===> Validation after Training epoch: 90 	 Overall Accuracy: 77.99%	 Before inlet accuracy: 66.10% 	 After inlet accuracy: 83.44%
2022-03-07 07:54:41,405 - ===> Train Epoch: 91 	 Accuracy: 93.48% 	 Loss: 0.81040024
2022-03-07 07:55:33,486 - ===> Validation after Training epoch: 91 	 Overall Accuracy: 77.43%	 Before inlet accuracy: 65.84% 	 After inlet accuracy: 82.77%
2022-03-07 07:58:39,598 - ===> Train Epoch: 92 	 Accuracy: 93.67% 	 Loss: 0.80842607
2022-03-07 07:59:31,484 - ===> Validation after Training epoch: 92 	 Overall Accuracy: 77.58%	 Before inlet accuracy: 65.36% 	 After inlet accuracy: 83.17%
2022-03-07 08:02:39,560 - ===> Train Epoch: 93 	 Accuracy: 93.76% 	 Loss: 0.80742942
2022-03-07 08:03:31,137 - ===> Validation after Training epoch: 93 	 Overall Accuracy: 77.65%	 Before inlet accuracy: 65.70% 	 After inlet accuracy: 83.04%
2022-03-07 08:06:38,872 - ===> Train Epoch: 94 	 Accuracy: 93.79% 	 Loss: 0.80737488
2022-03-07 08:07:31,189 - ===> Validation after Training epoch: 94 	 Overall Accuracy: 78.68%	 Before inlet accuracy: 66.47% 	 After inlet accuracy: 84.29%
2022-03-07 08:10:38,793 - ===> Train Epoch: 95 	 Accuracy: 93.72% 	 Loss: 0.80774929
2022-03-07 08:11:30,880 - ===> Validation after Training epoch: 95 	 Overall Accuracy: 77.69%	 Before inlet accuracy: 66.72% 	 After inlet accuracy: 82.71%
2022-03-07 08:14:39,813 - ===> Train Epoch: 96 	 Accuracy: 93.75% 	 Loss: 0.80753155
2022-03-07 08:15:31,301 - ===> Validation after Training epoch: 96 	 Overall Accuracy: 77.11%	 Before inlet accuracy: 65.64% 	 After inlet accuracy: 82.34%
2022-03-07 08:18:38,648 - ===> Train Epoch: 97 	 Accuracy: 93.88% 	 Loss: 0.80617248
2022-03-07 08:19:30,330 - ===> Validation after Training epoch: 97 	 Overall Accuracy: 78.13%	 Before inlet accuracy: 66.65% 	 After inlet accuracy: 83.42%
2022-03-07 08:22:37,861 - ===> Train Epoch: 98 	 Accuracy: 93.83% 	 Loss: 0.80669652
2022-03-07 08:23:29,669 - ===> Validation after Training epoch: 98 	 Overall Accuracy: 77.49%	 Before inlet accuracy: 66.03% 	 After inlet accuracy: 82.77%
2022-03-07 08:26:38,160 - ===> Train Epoch: 99 	 Accuracy: 93.73% 	 Loss: 0.80774937
2022-03-07 08:27:29,988 - ===> Validation after Training epoch: 99 	 Overall Accuracy: 77.30%	 Before inlet accuracy: 66.49% 	 After inlet accuracy: 82.18%
2022-03-07 08:30:36,728 - ===> Train Epoch: 100 	 Accuracy: 93.84% 	 Loss: 0.80666094
2022-03-07 08:31:28,382 - ===> Validation after Training epoch: 100 	 Overall Accuracy: 78.09%	 Before inlet accuracy: 66.65% 	 After inlet accuracy: 83.23%
2022-03-07 08:34:34,652 - ===> Train Epoch: 101 	 Accuracy: 94.01% 	 Loss: 0.80491320
2022-03-07 08:35:26,395 - ===> Validation after Training epoch: 101 	 Overall Accuracy: 77.06%	 Before inlet accuracy: 66.35% 	 After inlet accuracy: 81.99%
2022-03-07 08:38:34,786 - ===> Train Epoch: 102 	 Accuracy: 93.86% 	 Loss: 0.80634345
2022-03-07 08:39:26,575 - ===> Validation after Training epoch: 102 	 Overall Accuracy: 76.85%	 Before inlet accuracy: 65.96% 	 After inlet accuracy: 81.74%
2022-03-07 08:42:33,789 - ===> Train Epoch: 103 	 Accuracy: 93.92% 	 Loss: 0.80579554
2022-03-07 08:43:25,575 - ===> Validation after Training epoch: 103 	 Overall Accuracy: 77.82%	 Before inlet accuracy: 66.10% 	 After inlet accuracy: 83.06%
2022-03-07 08:46:33,000 - ===> Train Epoch: 104 	 Accuracy: 93.95% 	 Loss: 0.80544337
2022-03-07 08:47:24,987 - ===> Validation after Training epoch: 104 	 Overall Accuracy: 77.25%	 Before inlet accuracy: 66.23% 	 After inlet accuracy: 82.21%
2022-03-07 08:50:31,953 - ===> Train Epoch: 105 	 Accuracy: 93.88% 	 Loss: 0.80617789
2022-03-07 08:51:23,850 - ===> Validation after Training epoch: 105 	 Overall Accuracy: 77.72%	 Before inlet accuracy: 66.69% 	 After inlet accuracy: 82.59%
2022-03-07 08:54:30,575 - ===> Train Epoch: 106 	 Accuracy: 93.94% 	 Loss: 0.80550365
2022-03-07 08:55:22,431 - ===> Validation after Training epoch: 106 	 Overall Accuracy: 76.49%	 Before inlet accuracy: 65.29% 	 After inlet accuracy: 81.61%
2022-03-07 08:58:29,936 - ===> Train Epoch: 107 	 Accuracy: 93.89% 	 Loss: 0.80607118
2022-03-07 08:59:21,794 - ===> Validation after Training epoch: 107 	 Overall Accuracy: 77.20%	 Before inlet accuracy: 65.63% 	 After inlet accuracy: 82.58%
2022-03-07 09:02:27,830 - ===> Train Epoch: 108 	 Accuracy: 93.89% 	 Loss: 0.80606383
2022-03-07 09:03:18,818 - ===> Validation after Training epoch: 108 	 Overall Accuracy: 76.68%	 Before inlet accuracy: 66.28% 	 After inlet accuracy: 81.31%
2022-03-07 09:06:25,860 - ===> Train Epoch: 109 	 Accuracy: 94.11% 	 Loss: 0.80391570
2022-03-07 09:07:17,295 - ===> Validation after Training epoch: 109 	 Overall Accuracy: 77.10%	 Before inlet accuracy: 66.01% 	 After inlet accuracy: 81.97%
2022-03-07 09:10:24,868 - ===> Train Epoch: 110 	 Accuracy: 93.91% 	 Loss: 0.80585674
2022-03-07 09:11:16,900 - ===> Validation after Training epoch: 110 	 Overall Accuracy: 76.77%	 Before inlet accuracy: 65.53% 	 After inlet accuracy: 81.91%
2022-03-07 09:14:24,671 - ===> Train Epoch: 111 	 Accuracy: 93.99% 	 Loss: 0.80505180
2022-03-07 09:15:16,828 - ===> Validation after Training epoch: 111 	 Overall Accuracy: 77.16%	 Before inlet accuracy: 65.49% 	 After inlet accuracy: 82.52%
2022-03-07 09:18:23,936 - ===> Train Epoch: 112 	 Accuracy: 93.97% 	 Loss: 0.80525802
2022-03-07 09:19:15,422 - ===> Validation after Training epoch: 112 	 Overall Accuracy: 76.43%	 Before inlet accuracy: 65.72% 	 After inlet accuracy: 81.40%
2022-03-07 09:22:23,548 - ===> Train Epoch: 113 	 Accuracy: 94.00% 	 Loss: 0.80493138
2022-03-07 09:23:15,621 - ===> Validation after Training epoch: 113 	 Overall Accuracy: 77.27%	 Before inlet accuracy: 66.60% 	 After inlet accuracy: 82.14%
2022-03-07 09:26:23,535 - ===> Train Epoch: 114 	 Accuracy: 94.01% 	 Loss: 0.80477402
2022-03-07 09:27:15,554 - ===> Validation after Training epoch: 114 	 Overall Accuracy: 77.24%	 Before inlet accuracy: 65.73% 	 After inlet accuracy: 82.53%
2022-03-07 09:30:23,462 - ===> Train Epoch: 115 	 Accuracy: 94.02% 	 Loss: 0.80466441
2022-03-07 09:31:15,830 - ===> Validation after Training epoch: 115 	 Overall Accuracy: 76.62%	 Before inlet accuracy: 65.82% 	 After inlet accuracy: 81.48%
2022-03-07 09:34:22,814 - ===> Train Epoch: 116 	 Accuracy: 94.09% 	 Loss: 0.80402558
2022-03-07 09:35:14,690 - ===> Validation after Training epoch: 116 	 Overall Accuracy: 76.10%	 Before inlet accuracy: 65.17% 	 After inlet accuracy: 81.03%
2022-03-07 09:38:22,570 - ===> Train Epoch: 117 	 Accuracy: 94.13% 	 Loss: 0.80356126
2022-03-07 09:39:14,527 - ===> Validation after Training epoch: 117 	 Overall Accuracy: 76.20%	 Before inlet accuracy: 65.07% 	 After inlet accuracy: 81.33%
2022-03-07 09:42:22,126 - ===> Train Epoch: 118 	 Accuracy: 94.22% 	 Loss: 0.80268881
2022-03-07 09:43:14,036 - ===> Validation after Training epoch: 118 	 Overall Accuracy: 76.49%	 Before inlet accuracy: 65.91% 	 After inlet accuracy: 81.32%
2022-03-07 09:46:21,426 - ===> Train Epoch: 119 	 Accuracy: 94.04% 	 Loss: 0.80449350
2022-03-07 09:47:13,512 - ===> Validation after Training epoch: 119 	 Overall Accuracy: 76.52%	 Before inlet accuracy: 65.71% 	 After inlet accuracy: 81.49%
2022-03-07 09:50:21,534 - ===> Train Epoch: 120 	 Accuracy: 94.14% 	 Loss: 0.80341685
2022-03-07 09:51:13,809 - ===> Validation after Training epoch: 120 	 Overall Accuracy: 76.42%	 Before inlet accuracy: 65.85% 	 After inlet accuracy: 81.24%
2022-03-07 09:54:21,032 - ===> Train Epoch: 121 	 Accuracy: 94.07% 	 Loss: 0.80428119
2022-03-07 09:55:13,222 - ===> Validation after Training epoch: 121 	 Overall Accuracy: 76.39%	 Before inlet accuracy: 65.37% 	 After inlet accuracy: 81.46%
2022-03-07 09:58:20,321 - ===> Train Epoch: 122 	 Accuracy: 94.05% 	 Loss: 0.80425493
2022-03-07 09:59:12,286 - ===> Validation after Training epoch: 122 	 Overall Accuracy: 76.89%	 Before inlet accuracy: 66.28% 	 After inlet accuracy: 81.74%
2022-03-07 10:02:20,695 - ===> Train Epoch: 123 	 Accuracy: 94.18% 	 Loss: 0.80293632
2022-03-07 10:03:12,773 - ===> Validation after Training epoch: 123 	 Overall Accuracy: 76.80%	 Before inlet accuracy: 65.81% 	 After inlet accuracy: 81.80%
2022-03-07 10:06:20,561 - ===> Train Epoch: 124 	 Accuracy: 94.25% 	 Loss: 0.80235733
2022-03-07 10:07:12,169 - ===> Validation after Training epoch: 124 	 Overall Accuracy: 76.38%	 Before inlet accuracy: 65.27% 	 After inlet accuracy: 81.41%
2022-03-07 10:10:20,682 - ===> Train Epoch: 125 	 Accuracy: 94.10% 	 Loss: 0.80377406
2022-03-07 10:11:12,054 - ===> Validation after Training epoch: 125 	 Overall Accuracy: 77.53%	 Before inlet accuracy: 66.34% 	 After inlet accuracy: 82.56%
2022-03-07 10:14:20,337 - ===> Train Epoch: 126 	 Accuracy: 94.20% 	 Loss: 0.80281840
2022-03-07 10:15:12,847 - ===> Validation after Training epoch: 126 	 Overall Accuracy: 75.97%	 Before inlet accuracy: 65.61% 	 After inlet accuracy: 80.70%
2022-03-07 10:18:21,036 - ===> Train Epoch: 127 	 Accuracy: 94.25% 	 Loss: 0.80233148
2022-03-07 10:19:12,783 - ===> Validation after Training epoch: 127 	 Overall Accuracy: 76.99%	 Before inlet accuracy: 66.39% 	 After inlet accuracy: 81.78%
2022-03-07 10:22:21,152 - ===> Train Epoch: 128 	 Accuracy: 94.24% 	 Loss: 0.80240075
2022-03-07 10:23:13,299 - ===> Validation after Training epoch: 128 	 Overall Accuracy: 76.28%	 Before inlet accuracy: 65.35% 	 After inlet accuracy: 81.19%
2022-03-07 10:26:21,344 - ===> Train Epoch: 129 	 Accuracy: 94.16% 	 Loss: 0.80330704
2022-03-07 10:27:13,469 - ===> Validation after Training epoch: 129 	 Overall Accuracy: 76.60%	 Before inlet accuracy: 65.35% 	 After inlet accuracy: 81.74%
2022-03-07 10:30:21,692 - ===> Train Epoch: 130 	 Accuracy: 94.23% 	 Loss: 0.80262534
2022-03-07 10:31:13,551 - ===> Validation after Training epoch: 130 	 Overall Accuracy: 75.92%	 Before inlet accuracy: 65.22% 	 After inlet accuracy: 80.78%
2022-03-07 10:34:22,396 - ===> Train Epoch: 131 	 Accuracy: 94.11% 	 Loss: 0.80368039
2022-03-07 10:35:14,439 - ===> Validation after Training epoch: 131 	 Overall Accuracy: 76.10%	 Before inlet accuracy: 64.88% 	 After inlet accuracy: 81.15%
2022-03-07 10:38:22,523 - ===> Train Epoch: 132 	 Accuracy: 94.12% 	 Loss: 0.80346823
2022-03-07 10:39:14,914 - ===> Validation after Training epoch: 132 	 Overall Accuracy: 76.05%	 Before inlet accuracy: 66.10% 	 After inlet accuracy: 80.57%
2022-03-07 10:42:23,975 - ===> Train Epoch: 133 	 Accuracy: 94.38% 	 Loss: 0.80100135
2022-03-07 10:43:15,663 - ===> Validation after Training epoch: 133 	 Overall Accuracy: 74.93%	 Before inlet accuracy: 64.33% 	 After inlet accuracy: 79.67%
2022-03-07 10:46:24,137 - ===> Train Epoch: 134 	 Accuracy: 94.33% 	 Loss: 0.80129717
2022-03-07 10:47:16,191 - ===> Validation after Training epoch: 134 	 Overall Accuracy: 75.62%	 Before inlet accuracy: 65.08% 	 After inlet accuracy: 80.48%
2022-03-07 10:50:23,992 - ===> Train Epoch: 135 	 Accuracy: 94.28% 	 Loss: 0.80193748
2022-03-07 10:51:15,684 - ===> Validation after Training epoch: 135 	 Overall Accuracy: 76.31%	 Before inlet accuracy: 65.46% 	 After inlet accuracy: 81.31%
2022-03-07 10:54:23,326 - ===> Train Epoch: 136 	 Accuracy: 94.19% 	 Loss: 0.80288454
2022-03-07 10:55:15,480 - ===> Validation after Training epoch: 136 	 Overall Accuracy: 75.29%	 Before inlet accuracy: 64.78% 	 After inlet accuracy: 80.01%
2022-03-07 10:58:23,968 - ===> Train Epoch: 137 	 Accuracy: 94.26% 	 Loss: 0.80206011
2022-03-07 10:59:15,936 - ===> Validation after Training epoch: 137 	 Overall Accuracy: 75.00%	 Before inlet accuracy: 65.05% 	 After inlet accuracy: 79.49%
2022-03-07 11:02:23,794 - ===> Train Epoch: 138 	 Accuracy: 94.19% 	 Loss: 0.80282191
2022-03-07 11:03:15,771 - ===> Validation after Training epoch: 138 	 Overall Accuracy: 75.68%	 Before inlet accuracy: 65.02% 	 After inlet accuracy: 80.45%
2022-03-07 11:06:23,420 - ===> Train Epoch: 139 	 Accuracy: 94.19% 	 Loss: 0.80280854
2022-03-07 11:07:14,908 - ===> Validation after Training epoch: 139 	 Overall Accuracy: 75.44%	 Before inlet accuracy: 65.77% 	 After inlet accuracy: 79.80%
2022-03-07 11:10:22,798 - ===> Train Epoch: 140 	 Accuracy: 94.42% 	 Loss: 0.80042278
2022-03-07 11:11:14,880 - ===> Validation after Training epoch: 140 	 Overall Accuracy: 75.27%	 Before inlet accuracy: 65.21% 	 After inlet accuracy: 79.88%
2022-03-07 11:14:23,010 - ===> Train Epoch: 141 	 Accuracy: 94.39% 	 Loss: 0.80072442
2022-03-07 11:15:14,854 - ===> Validation after Training epoch: 141 	 Overall Accuracy: 75.09%	 Before inlet accuracy: 65.49% 	 After inlet accuracy: 79.47%
2022-03-07 11:18:23,492 - ===> Train Epoch: 142 	 Accuracy: 94.26% 	 Loss: 0.80208453
2022-03-07 11:19:15,333 - ===> Validation after Training epoch: 142 	 Overall Accuracy: 75.90%	 Before inlet accuracy: 65.16% 	 After inlet accuracy: 80.69%
2022-03-07 11:22:23,961 - ===> Train Epoch: 143 	 Accuracy: 94.16% 	 Loss: 0.80304410
2022-03-07 11:23:15,591 - ===> Validation after Training epoch: 143 	 Overall Accuracy: 75.17%	 Before inlet accuracy: 63.64% 	 After inlet accuracy: 80.46%
2022-03-07 11:26:23,566 - ===> Train Epoch: 144 	 Accuracy: 94.36% 	 Loss: 0.80099722
2022-03-07 11:27:15,594 - ===> Validation after Training epoch: 144 	 Overall Accuracy: 75.81%	 Before inlet accuracy: 64.28% 	 After inlet accuracy: 81.01%
2022-03-07 11:30:24,226 - ===> Train Epoch: 145 	 Accuracy: 94.32% 	 Loss: 0.80139859
2022-03-07 11:31:16,131 - ===> Validation after Training epoch: 145 	 Overall Accuracy: 76.20%	 Before inlet accuracy: 64.95% 	 After inlet accuracy: 81.36%
2022-03-07 11:34:25,203 - ===> Train Epoch: 146 	 Accuracy: 94.38% 	 Loss: 0.80079517
2022-03-07 11:35:16,745 - ===> Validation after Training epoch: 146 	 Overall Accuracy: 75.59%	 Before inlet accuracy: 64.73% 	 After inlet accuracy: 80.55%
2022-03-07 11:38:25,789 - ===> Train Epoch: 147 	 Accuracy: 94.25% 	 Loss: 0.80211615
2022-03-07 11:39:17,620 - ===> Validation after Training epoch: 147 	 Overall Accuracy: 76.23%	 Before inlet accuracy: 65.00% 	 After inlet accuracy: 81.43%
2022-03-07 11:42:25,823 - ===> Train Epoch: 148 	 Accuracy: 94.32% 	 Loss: 0.80144852
2022-03-07 11:43:17,895 - ===> Validation after Training epoch: 148 	 Overall Accuracy: 75.77%	 Before inlet accuracy: 65.09% 	 After inlet accuracy: 80.54%
2022-03-07 11:46:26,101 - ===> Train Epoch: 149 	 Accuracy: 94.40% 	 Loss: 0.80064310
2022-03-07 11:47:18,564 - ===> Validation after Training epoch: 149 	 Overall Accuracy: 75.06%	 Before inlet accuracy: 64.46% 	 After inlet accuracy: 79.91%
2022-03-07 11:50:25,842 - ===> Train Epoch: 150 	 Accuracy: 94.53% 	 Loss: 0.79942332
2022-03-07 11:51:18,151 - ===> Validation after Training epoch: 150 	 Overall Accuracy: 75.66%	 Before inlet accuracy: 65.22% 	 After inlet accuracy: 80.31%
2022-03-07 11:54:25,600 - ===> Train Epoch: 151 	 Accuracy: 94.51% 	 Loss: 0.79951474
2022-03-07 11:55:17,048 - ===> Validation after Training epoch: 151 	 Overall Accuracy: 75.17%	 Before inlet accuracy: 63.61% 	 After inlet accuracy: 80.46%
2022-03-07 11:58:25,625 - ===> Train Epoch: 152 	 Accuracy: 94.41% 	 Loss: 0.80055287
2022-03-07 11:59:17,265 - ===> Validation after Training epoch: 152 	 Overall Accuracy: 75.31%	 Before inlet accuracy: 64.83% 	 After inlet accuracy: 80.13%
2022-03-07 12:02:25,658 - ===> Train Epoch: 153 	 Accuracy: 94.37% 	 Loss: 0.80090004
2022-03-07 12:03:17,501 - ===> Validation after Training epoch: 153 	 Overall Accuracy: 75.05%	 Before inlet accuracy: 64.57% 	 After inlet accuracy: 79.76%
2022-03-07 12:06:25,861 - ===> Train Epoch: 154 	 Accuracy: 94.42% 	 Loss: 0.80033202
2022-03-07 12:07:18,057 - ===> Validation after Training epoch: 154 	 Overall Accuracy: 74.38%	 Before inlet accuracy: 63.42% 	 After inlet accuracy: 79.45%
2022-03-07 12:10:25,095 - ===> Train Epoch: 155 	 Accuracy: 94.48% 	 Loss: 0.79977886
2022-03-07 12:11:16,639 - ===> Validation after Training epoch: 155 	 Overall Accuracy: 75.40%	 Before inlet accuracy: 64.56% 	 After inlet accuracy: 80.21%
2022-03-07 12:14:23,735 - ===> Train Epoch: 156 	 Accuracy: 94.40% 	 Loss: 0.80066214
2022-03-07 12:15:15,684 - ===> Validation after Training epoch: 156 	 Overall Accuracy: 74.47%	 Before inlet accuracy: 63.46% 	 After inlet accuracy: 79.45%
2022-03-07 12:18:24,067 - ===> Train Epoch: 157 	 Accuracy: 94.44% 	 Loss: 0.80015291
2022-03-07 12:19:15,948 - ===> Validation after Training epoch: 157 	 Overall Accuracy: 74.68%	 Before inlet accuracy: 62.34% 	 After inlet accuracy: 80.31%
2022-03-07 12:22:23,556 - ===> Train Epoch: 158 	 Accuracy: 94.38% 	 Loss: 0.80067013
2022-03-07 12:23:15,831 - ===> Validation after Training epoch: 158 	 Overall Accuracy: 74.71%	 Before inlet accuracy: 64.36% 	 After inlet accuracy: 79.29%
2022-03-07 12:26:23,219 - ===> Train Epoch: 159 	 Accuracy: 94.41% 	 Loss: 0.80052047
2022-03-07 12:27:15,498 - ===> Validation after Training epoch: 159 	 Overall Accuracy: 74.37%	 Before inlet accuracy: 62.81% 	 After inlet accuracy: 79.73%
2022-03-07 12:30:22,806 - ===> Train Epoch: 160 	 Accuracy: 94.49% 	 Loss: 0.79967199
2022-03-07 12:31:14,460 - ===> Validation after Training epoch: 160 	 Overall Accuracy: 74.30%	 Before inlet accuracy: 62.30% 	 After inlet accuracy: 79.64%
2022-03-07 12:34:21,205 - ===> Train Epoch: 161 	 Accuracy: 94.47% 	 Loss: 0.79982448
2022-03-07 12:35:13,288 - ===> Validation after Training epoch: 161 	 Overall Accuracy: 74.46%	 Before inlet accuracy: 63.81% 	 After inlet accuracy: 79.23%
2022-03-07 12:38:18,333 - ===> Train Epoch: 162 	 Accuracy: 94.48% 	 Loss: 0.79971341
2022-03-07 12:39:10,426 - ===> Validation after Training epoch: 162 	 Overall Accuracy: 74.83%	 Before inlet accuracy: 63.73% 	 After inlet accuracy: 79.78%
2022-03-07 12:42:15,653 - ===> Train Epoch: 163 	 Accuracy: 94.59% 	 Loss: 0.79861512
2022-03-07 12:43:07,232 - ===> Validation after Training epoch: 163 	 Overall Accuracy: 74.63%	 Before inlet accuracy: 63.20% 	 After inlet accuracy: 79.79%
2022-03-07 12:46:13,702 - ===> Train Epoch: 164 	 Accuracy: 94.47% 	 Loss: 0.79983520
2022-03-07 12:47:05,238 - ===> Validation after Training epoch: 164 	 Overall Accuracy: 74.32%	 Before inlet accuracy: 63.05% 	 After inlet accuracy: 79.39%
2022-03-07 12:50:11,465 - ===> Train Epoch: 165 	 Accuracy: 94.49% 	 Loss: 0.79964356
2022-03-07 12:51:02,798 - ===> Validation after Training epoch: 165 	 Overall Accuracy: 75.12%	 Before inlet accuracy: 63.29% 	 After inlet accuracy: 80.44%
2022-03-07 12:54:09,586 - ===> Train Epoch: 166 	 Accuracy: 94.51% 	 Loss: 0.79932941
2022-03-07 12:55:01,659 - ===> Validation after Training epoch: 166 	 Overall Accuracy: 74.89%	 Before inlet accuracy: 63.38% 	 After inlet accuracy: 80.12%
2022-03-07 12:58:09,658 - ===> Train Epoch: 167 	 Accuracy: 94.62% 	 Loss: 0.79824385
2022-03-07 12:59:01,844 - ===> Validation after Training epoch: 167 	 Overall Accuracy: 74.88%	 Before inlet accuracy: 63.32% 	 After inlet accuracy: 80.13%
2022-03-07 13:02:09,900 - ===> Train Epoch: 168 	 Accuracy: 94.51% 	 Loss: 0.79936745
2022-03-07 13:03:01,846 - ===> Validation after Training epoch: 168 	 Overall Accuracy: 74.37%	 Before inlet accuracy: 63.03% 	 After inlet accuracy: 79.42%
2022-03-07 13:06:11,194 - ===> Train Epoch: 169 	 Accuracy: 94.38% 	 Loss: 0.80069965
2022-03-07 13:07:02,937 - ===> Validation after Training epoch: 169 	 Overall Accuracy: 74.04%	 Before inlet accuracy: 62.75% 	 After inlet accuracy: 79.09%
2022-03-07 13:10:11,585 - ===> Train Epoch: 170 	 Accuracy: 94.60% 	 Loss: 0.79843246
2022-03-07 13:11:03,291 - ===> Validation after Training epoch: 170 	 Overall Accuracy: 74.65%	 Before inlet accuracy: 62.76% 	 After inlet accuracy: 80.09%
2022-03-07 13:14:10,464 - ===> Train Epoch: 171 	 Accuracy: 94.48% 	 Loss: 0.79962079
2022-03-07 13:15:02,077 - ===> Validation after Training epoch: 171 	 Overall Accuracy: 74.48%	 Before inlet accuracy: 63.35% 	 After inlet accuracy: 79.62%
2022-03-07 13:18:16,864 - ===> Train Epoch: 172 	 Accuracy: 94.59% 	 Loss: 0.79856075
2022-03-07 13:19:10,176 - ===> Validation after Training epoch: 172 	 Overall Accuracy: 75.54%	 Before inlet accuracy: 64.66% 	 After inlet accuracy: 80.41%
2022-03-07 13:22:17,845 - ===> Train Epoch: 173 	 Accuracy: 94.56% 	 Loss: 0.79880720
2022-03-07 13:23:09,339 - ===> Validation after Training epoch: 173 	 Overall Accuracy: 75.22%	 Before inlet accuracy: 64.98% 	 After inlet accuracy: 79.75%
2022-03-07 13:26:15,694 - ===> Train Epoch: 174 	 Accuracy: 94.62% 	 Loss: 0.79826321
2022-03-07 13:27:07,784 - ===> Validation after Training epoch: 174 	 Overall Accuracy: 74.34%	 Before inlet accuracy: 63.66% 	 After inlet accuracy: 79.21%
2022-03-07 13:30:15,916 - ===> Train Epoch: 175 	 Accuracy: 94.54% 	 Loss: 0.79902869
2022-03-07 13:31:08,091 - ===> Validation after Training epoch: 175 	 Overall Accuracy: 74.23%	 Before inlet accuracy: 63.77% 	 After inlet accuracy: 79.02%
2022-03-07 13:34:15,503 - ===> Train Epoch: 176 	 Accuracy: 94.61% 	 Loss: 0.79831928
2022-03-07 13:35:07,089 - ===> Validation after Training epoch: 176 	 Overall Accuracy: 74.88%	 Before inlet accuracy: 63.93% 	 After inlet accuracy: 79.88%
2022-03-07 13:38:15,539 - ===> Train Epoch: 177 	 Accuracy: 94.69% 	 Loss: 0.79757084
2022-03-07 13:39:06,718 - ===> Validation after Training epoch: 177 	 Overall Accuracy: 74.23%	 Before inlet accuracy: 62.61% 	 After inlet accuracy: 79.54%
2022-03-07 13:42:15,894 - ===> Train Epoch: 178 	 Accuracy: 94.56% 	 Loss: 0.79880883
2022-03-07 13:43:07,854 - ===> Validation after Training epoch: 178 	 Overall Accuracy: 74.69%	 Before inlet accuracy: 63.94% 	 After inlet accuracy: 79.51%
2022-03-07 13:46:16,295 - ===> Train Epoch: 179 	 Accuracy: 94.73% 	 Loss: 0.79715595
2022-03-07 13:47:07,849 - ===> Validation after Training epoch: 179 	 Overall Accuracy: 74.18%	 Before inlet accuracy: 63.20% 	 After inlet accuracy: 79.07%
2022-03-07 13:50:16,517 - ===> Train Epoch: 180 	 Accuracy: 94.64% 	 Loss: 0.79801745
2022-03-07 13:51:08,543 - ===> Validation after Training epoch: 180 	 Overall Accuracy: 74.44%	 Before inlet accuracy: 63.00% 	 After inlet accuracy: 79.61%
2022-03-07 13:54:16,777 - ===> Train Epoch: 181 	 Accuracy: 94.76% 	 Loss: 0.79680526
2022-03-07 13:55:08,499 - ===> Validation after Training epoch: 181 	 Overall Accuracy: 73.96%	 Before inlet accuracy: 62.52% 	 After inlet accuracy: 79.09%
2022-03-07 13:58:16,915 - ===> Train Epoch: 182 	 Accuracy: 94.64% 	 Loss: 0.79800975
2022-03-07 13:59:08,782 - ===> Validation after Training epoch: 182 	 Overall Accuracy: 74.46%	 Before inlet accuracy: 64.04% 	 After inlet accuracy: 79.14%
2022-03-07 14:02:15,860 - ===> Train Epoch: 183 	 Accuracy: 94.61% 	 Loss: 0.79831000
2022-03-07 14:03:07,468 - ===> Validation after Training epoch: 183 	 Overall Accuracy: 74.74%	 Before inlet accuracy: 63.41% 	 After inlet accuracy: 79.88%
2022-03-07 14:06:15,069 - ===> Train Epoch: 184 	 Accuracy: 94.63% 	 Loss: 0.79809728
2022-03-07 14:07:06,728 - ===> Validation after Training epoch: 184 	 Overall Accuracy: 74.16%	 Before inlet accuracy: 63.08% 	 After inlet accuracy: 79.23%
2022-03-07 14:10:14,261 - ===> Train Epoch: 185 	 Accuracy: 94.72% 	 Loss: 0.79718040
2022-03-07 14:11:06,009 - ===> Validation after Training epoch: 185 	 Overall Accuracy: 74.00%	 Before inlet accuracy: 61.71% 	 After inlet accuracy: 79.61%
2022-03-07 14:14:15,011 - ===> Train Epoch: 186 	 Accuracy: 94.69% 	 Loss: 0.79742995
2022-03-07 14:15:06,701 - ===> Validation after Training epoch: 186 	 Overall Accuracy: 74.68%	 Before inlet accuracy: 62.63% 	 After inlet accuracy: 80.16%
2022-03-07 14:18:13,689 - ===> Train Epoch: 187 	 Accuracy: 94.72% 	 Loss: 0.79721390
2022-03-07 14:19:05,312 - ===> Validation after Training epoch: 187 	 Overall Accuracy: 74.34%	 Before inlet accuracy: 63.77% 	 After inlet accuracy: 79.07%
2022-03-07 14:22:13,130 - ===> Train Epoch: 188 	 Accuracy: 94.89% 	 Loss: 0.79550006
2022-03-07 14:23:05,000 - ===> Validation after Training epoch: 188 	 Overall Accuracy: 74.73%	 Before inlet accuracy: 64.27% 	 After inlet accuracy: 79.43%
2022-03-07 14:26:12,400 - ===> Train Epoch: 189 	 Accuracy: 94.71% 	 Loss: 0.79729876
2022-03-07 14:27:04,633 - ===> Validation after Training epoch: 189 	 Overall Accuracy: 73.57%	 Before inlet accuracy: 62.86% 	 After inlet accuracy: 78.45%
2022-03-07 14:30:12,845 - ===> Train Epoch: 190 	 Accuracy: 94.73% 	 Loss: 0.79717443
2022-03-07 14:31:03,941 - ===> Validation after Training epoch: 190 	 Overall Accuracy: 74.76%	 Before inlet accuracy: 63.18% 	 After inlet accuracy: 80.02%
2022-03-07 14:34:10,506 - ===> Train Epoch: 191 	 Accuracy: 94.85% 	 Loss: 0.79601629
2022-03-07 14:35:01,570 - ===> Validation after Training epoch: 191 	 Overall Accuracy: 74.06%	 Before inlet accuracy: 62.55% 	 After inlet accuracy: 79.29%
2022-03-07 14:38:08,503 - ===> Train Epoch: 192 	 Accuracy: 94.85% 	 Loss: 0.79590620
2022-03-07 14:39:00,060 - ===> Validation after Training epoch: 192 	 Overall Accuracy: 73.97%	 Before inlet accuracy: 63.39% 	 After inlet accuracy: 78.74%
2022-03-07 14:42:08,272 - ===> Train Epoch: 193 	 Accuracy: 94.77% 	 Loss: 0.79669720
2022-03-07 14:43:00,086 - ===> Validation after Training epoch: 193 	 Overall Accuracy: 74.63%	 Before inlet accuracy: 64.11% 	 After inlet accuracy: 79.40%
2022-03-07 14:46:08,655 - ===> Train Epoch: 194 	 Accuracy: 94.75% 	 Loss: 0.79689319
2022-03-07 14:47:00,512 - ===> Validation after Training epoch: 194 	 Overall Accuracy: 74.76%	 Before inlet accuracy: 63.69% 	 After inlet accuracy: 79.80%
2022-03-07 14:50:08,773 - ===> Train Epoch: 195 	 Accuracy: 94.84% 	 Loss: 0.79609758
2022-03-07 14:51:00,225 - ===> Validation after Training epoch: 195 	 Overall Accuracy: 74.43%	 Before inlet accuracy: 64.00% 	 After inlet accuracy: 79.10%
2022-03-07 14:54:07,932 - ===> Train Epoch: 196 	 Accuracy: 94.86% 	 Loss: 0.79586971
2022-03-07 14:55:00,071 - ===> Validation after Training epoch: 196 	 Overall Accuracy: 74.13%	 Before inlet accuracy: 63.54% 	 After inlet accuracy: 78.89%
2022-03-07 14:58:08,028 - ===> Train Epoch: 197 	 Accuracy: 94.95% 	 Loss: 0.79484054
2022-03-07 14:58:59,831 - ===> Validation after Training epoch: 197 	 Overall Accuracy: 73.97%	 Before inlet accuracy: 63.40% 	 After inlet accuracy: 78.78%
2022-03-07 15:02:07,937 - ===> Train Epoch: 198 	 Accuracy: 94.91% 	 Loss: 0.79534525
2022-03-07 15:02:59,887 - ===> Validation after Training epoch: 198 	 Overall Accuracy: 74.95%	 Before inlet accuracy: 63.87% 	 After inlet accuracy: 79.92%
2022-03-07 15:06:07,199 - ===> Train Epoch: 199 	 Accuracy: 94.88% 	 Loss: 0.79565400
2022-03-07 15:06:58,958 - ===> Validation after Training epoch: 199 	 Overall Accuracy: 74.44%	 Before inlet accuracy: 63.65% 	 After inlet accuracy: 79.45%
2022-03-07 15:10:06,511 - ===> Train Epoch: 200 	 Accuracy: 94.87% 	 Loss: 0.79568544
2022-03-07 15:10:57,954 - ===> Validation after Training epoch: 200 	 Overall Accuracy: 74.47%	 Before inlet accuracy: 64.22% 	 After inlet accuracy: 79.17%
2022-03-07 15:14:05,000 - ===> Train Epoch: 201 	 Accuracy: 94.92% 	 Loss: 0.79525153
2022-03-07 15:14:56,480 - ===> Validation after Training epoch: 201 	 Overall Accuracy: 74.13%	 Before inlet accuracy: 63.99% 	 After inlet accuracy: 78.77%
2022-03-07 15:18:03,449 - ===> Train Epoch: 202 	 Accuracy: 94.94% 	 Loss: 0.79505826
2022-03-07 15:18:55,322 - ===> Validation after Training epoch: 202 	 Overall Accuracy: 74.37%	 Before inlet accuracy: 64.21% 	 After inlet accuracy: 78.92%
2022-03-07 15:22:03,173 - ===> Train Epoch: 203 	 Accuracy: 94.86% 	 Loss: 0.79588102
2022-03-07 15:22:54,929 - ===> Validation after Training epoch: 203 	 Overall Accuracy: 74.67%	 Before inlet accuracy: 64.42% 	 After inlet accuracy: 79.27%
2022-03-07 15:26:02,160 - ===> Train Epoch: 204 	 Accuracy: 94.88% 	 Loss: 0.79562370
2022-03-07 15:26:54,481 - ===> Validation after Training epoch: 204 	 Overall Accuracy: 74.49%	 Before inlet accuracy: 63.81% 	 After inlet accuracy: 79.31%
2022-03-07 15:30:01,870 - ===> Train Epoch: 205 	 Accuracy: 94.98% 	 Loss: 0.79466569
2022-03-07 15:30:53,890 - ===> Validation after Training epoch: 205 	 Overall Accuracy: 74.25%	 Before inlet accuracy: 64.05% 	 After inlet accuracy: 78.94%
2022-03-07 15:34:01,417 - ===> Train Epoch: 206 	 Accuracy: 95.01% 	 Loss: 0.79422663
2022-03-07 15:34:53,112 - ===> Validation after Training epoch: 206 	 Overall Accuracy: 74.33%	 Before inlet accuracy: 63.99% 	 After inlet accuracy: 79.03%
2022-03-07 15:38:00,641 - ===> Train Epoch: 207 	 Accuracy: 94.92% 	 Loss: 0.79519083
2022-03-07 15:38:52,470 - ===> Validation after Training epoch: 207 	 Overall Accuracy: 74.81%	 Before inlet accuracy: 65.03% 	 After inlet accuracy: 79.17%
2022-03-07 15:42:00,004 - ===> Train Epoch: 208 	 Accuracy: 95.02% 	 Loss: 0.79423190
2022-03-07 15:42:51,920 - ===> Validation after Training epoch: 208 	 Overall Accuracy: 73.99%	 Before inlet accuracy: 63.45% 	 After inlet accuracy: 78.85%
2022-03-07 15:45:59,978 - ===> Train Epoch: 209 	 Accuracy: 94.95% 	 Loss: 0.79491083
2022-03-07 15:46:52,026 - ===> Validation after Training epoch: 209 	 Overall Accuracy: 74.41%	 Before inlet accuracy: 65.11% 	 After inlet accuracy: 78.57%
2022-03-07 15:49:59,456 - ===> Train Epoch: 210 	 Accuracy: 94.95% 	 Loss: 0.79479971
2022-03-07 15:50:51,260 - ===> Validation after Training epoch: 210 	 Overall Accuracy: 74.01%	 Before inlet accuracy: 63.49% 	 After inlet accuracy: 78.72%
2022-03-07 15:53:59,242 - ===> Train Epoch: 211 	 Accuracy: 94.99% 	 Loss: 0.79452943
2022-03-07 15:54:50,687 - ===> Validation after Training epoch: 211 	 Overall Accuracy: 74.73%	 Before inlet accuracy: 63.95% 	 After inlet accuracy: 79.61%
2022-03-07 15:57:57,723 - ===> Train Epoch: 212 	 Accuracy: 94.93% 	 Loss: 0.79509685
2022-03-07 15:58:49,579 - ===> Validation after Training epoch: 212 	 Overall Accuracy: 74.42%	 Before inlet accuracy: 64.83% 	 After inlet accuracy: 78.72%
2022-03-07 16:01:57,647 - ===> Train Epoch: 213 	 Accuracy: 94.92% 	 Loss: 0.79513527
2022-03-07 16:02:49,466 - ===> Validation after Training epoch: 213 	 Overall Accuracy: 75.36%	 Before inlet accuracy: 66.09% 	 After inlet accuracy: 79.52%
2022-03-07 16:05:57,722 - ===> Train Epoch: 214 	 Accuracy: 95.06% 	 Loss: 0.79382415
2022-03-07 16:06:50,072 - ===> Validation after Training epoch: 214 	 Overall Accuracy: 74.26%	 Before inlet accuracy: 64.12% 	 After inlet accuracy: 78.84%
2022-03-07 16:09:58,157 - ===> Train Epoch: 215 	 Accuracy: 94.97% 	 Loss: 0.79467964
2022-03-07 16:10:50,414 - ===> Validation after Training epoch: 215 	 Overall Accuracy: 74.26%	 Before inlet accuracy: 64.59% 	 After inlet accuracy: 78.55%
2022-03-07 16:13:58,904 - ===> Train Epoch: 216 	 Accuracy: 95.08% 	 Loss: 0.79357301
2022-03-07 16:14:51,012 - ===> Validation after Training epoch: 216 	 Overall Accuracy: 74.55%	 Before inlet accuracy: 65.18% 	 After inlet accuracy: 78.87%
2022-03-07 16:17:57,913 - ===> Train Epoch: 217 	 Accuracy: 95.10% 	 Loss: 0.79332410
2022-03-07 16:18:49,669 - ===> Validation after Training epoch: 217 	 Overall Accuracy: 74.65%	 Before inlet accuracy: 64.26% 	 After inlet accuracy: 79.27%
2022-03-07 16:21:56,736 - ===> Train Epoch: 218 	 Accuracy: 95.05% 	 Loss: 0.79382798
2022-03-07 16:22:49,139 - ===> Validation after Training epoch: 218 	 Overall Accuracy: 73.96%	 Before inlet accuracy: 64.03% 	 After inlet accuracy: 78.53%
2022-03-07 16:25:57,260 - ===> Train Epoch: 219 	 Accuracy: 95.08% 	 Loss: 0.79349993
2022-03-07 16:26:49,388 - ===> Validation after Training epoch: 219 	 Overall Accuracy: 74.48%	 Before inlet accuracy: 64.65% 	 After inlet accuracy: 79.02%
2022-03-07 16:29:56,770 - ===> Train Epoch: 220 	 Accuracy: 95.01% 	 Loss: 0.79428028
2022-03-07 16:30:48,572 - ===> Validation after Training epoch: 220 	 Overall Accuracy: 75.01%	 Before inlet accuracy: 65.27% 	 After inlet accuracy: 79.39%
2022-03-07 16:33:55,827 - ===> Train Epoch: 221 	 Accuracy: 95.00% 	 Loss: 0.79436753
2022-03-07 16:34:47,345 - ===> Validation after Training epoch: 221 	 Overall Accuracy: 74.04%	 Before inlet accuracy: 63.86% 	 After inlet accuracy: 78.64%
2022-03-07 16:37:54,474 - ===> Train Epoch: 222 	 Accuracy: 95.09% 	 Loss: 0.79349373
2022-03-07 16:38:46,584 - ===> Validation after Training epoch: 222 	 Overall Accuracy: 74.91%	 Before inlet accuracy: 64.72% 	 After inlet accuracy: 79.57%
2022-03-07 16:41:54,507 - ===> Train Epoch: 223 	 Accuracy: 95.11% 	 Loss: 0.79314085
2022-03-07 16:42:47,086 - ===> Validation after Training epoch: 223 	 Overall Accuracy: 74.26%	 Before inlet accuracy: 64.54% 	 After inlet accuracy: 78.74%
2022-03-07 16:45:54,317 - ===> Train Epoch: 224 	 Accuracy: 95.01% 	 Loss: 0.79422070
2022-03-07 16:46:46,550 - ===> Validation after Training epoch: 224 	 Overall Accuracy: 75.15%	 Before inlet accuracy: 64.81% 	 After inlet accuracy: 79.77%
2022-03-07 16:49:55,160 - ===> Train Epoch: 225 	 Accuracy: 94.87% 	 Loss: 0.79557111
2022-03-07 16:50:47,522 - ===> Validation after Training epoch: 225 	 Overall Accuracy: 74.77%	 Before inlet accuracy: 65.28% 	 After inlet accuracy: 79.06%
2022-03-07 16:53:54,959 - ===> Train Epoch: 226 	 Accuracy: 95.02% 	 Loss: 0.79416279
2022-03-07 16:54:47,067 - ===> Validation after Training epoch: 226 	 Overall Accuracy: 74.62%	 Before inlet accuracy: 65.17% 	 After inlet accuracy: 78.92%
2022-03-07 16:57:54,017 - ===> Train Epoch: 227 	 Accuracy: 95.08% 	 Loss: 0.79352806
2022-03-07 16:58:45,467 - ===> Validation after Training epoch: 227 	 Overall Accuracy: 74.01%	 Before inlet accuracy: 64.15% 	 After inlet accuracy: 78.43%
2022-03-07 17:01:52,560 - ===> Train Epoch: 228 	 Accuracy: 95.01% 	 Loss: 0.79418092
2022-03-07 17:02:44,701 - ===> Validation after Training epoch: 228 	 Overall Accuracy: 73.93%	 Before inlet accuracy: 64.39% 	 After inlet accuracy: 78.17%
2022-03-07 17:05:53,594 - ===> Train Epoch: 229 	 Accuracy: 95.07% 	 Loss: 0.79358462
2022-03-07 17:06:45,430 - ===> Validation after Training epoch: 229 	 Overall Accuracy: 74.70%	 Before inlet accuracy: 66.08% 	 After inlet accuracy: 78.58%
2022-03-07 17:09:53,612 - ===> Train Epoch: 230 	 Accuracy: 95.14% 	 Loss: 0.79298215
2022-03-07 17:10:45,137 - ===> Validation after Training epoch: 230 	 Overall Accuracy: 73.94%	 Before inlet accuracy: 63.61% 	 After inlet accuracy: 78.66%
2022-03-07 17:13:52,479 - ===> Train Epoch: 231 	 Accuracy: 95.04% 	 Loss: 0.79383889
2022-03-07 17:14:43,898 - ===> Validation after Training epoch: 231 	 Overall Accuracy: 74.91%	 Before inlet accuracy: 65.19% 	 After inlet accuracy: 79.33%
2022-03-07 17:17:52,469 - ===> Train Epoch: 232 	 Accuracy: 95.08% 	 Loss: 0.79343382
2022-03-07 17:18:44,432 - ===> Validation after Training epoch: 232 	 Overall Accuracy: 74.62%	 Before inlet accuracy: 64.54% 	 After inlet accuracy: 79.31%
2022-03-07 17:21:52,979 - ===> Train Epoch: 233 	 Accuracy: 95.09% 	 Loss: 0.79337787
2022-03-07 17:22:44,968 - ===> Validation after Training epoch: 233 	 Overall Accuracy: 73.95%	 Before inlet accuracy: 64.69% 	 After inlet accuracy: 78.09%
2022-03-07 17:25:52,797 - ===> Train Epoch: 234 	 Accuracy: 95.15% 	 Loss: 0.79272118
2022-03-07 17:26:44,433 - ===> Validation after Training epoch: 234 	 Overall Accuracy: 74.41%	 Before inlet accuracy: 64.43% 	 After inlet accuracy: 79.00%
2022-03-07 17:29:51,661 - ===> Train Epoch: 235 	 Accuracy: 95.11% 	 Loss: 0.79321864
2022-03-07 17:30:43,518 - ===> Validation after Training epoch: 235 	 Overall Accuracy: 74.16%	 Before inlet accuracy: 63.85% 	 After inlet accuracy: 78.97%
2022-03-07 17:33:50,984 - ===> Train Epoch: 236 	 Accuracy: 95.18% 	 Loss: 0.79244473
2022-03-07 17:34:43,394 - ===> Validation after Training epoch: 236 	 Overall Accuracy: 74.50%	 Before inlet accuracy: 64.70% 	 After inlet accuracy: 78.99%
2022-03-07 17:37:51,055 - ===> Train Epoch: 237 	 Accuracy: 95.18% 	 Loss: 0.79251258
2022-03-07 17:38:42,261 - ===> Validation after Training epoch: 237 	 Overall Accuracy: 74.07%	 Before inlet accuracy: 64.11% 	 After inlet accuracy: 78.53%
2022-03-07 17:41:49,839 - ===> Train Epoch: 238 	 Accuracy: 95.15% 	 Loss: 0.79284051
2022-03-07 17:42:42,088 - ===> Validation after Training epoch: 238 	 Overall Accuracy: 73.98%	 Before inlet accuracy: 63.54% 	 After inlet accuracy: 78.85%
2022-03-07 17:45:49,710 - ===> Train Epoch: 239 	 Accuracy: 95.10% 	 Loss: 0.79321778
2022-03-07 17:46:41,001 - ===> Validation after Training epoch: 239 	 Overall Accuracy: 74.24%	 Before inlet accuracy: 64.68% 	 After inlet accuracy: 78.61%
2022-03-07 17:49:48,654 - ===> Train Epoch: 240 	 Accuracy: 95.30% 	 Loss: 0.79134141
2022-03-07 17:50:40,511 - ===> Validation after Training epoch: 240 	 Overall Accuracy: 74.64%	 Before inlet accuracy: 64.37% 	 After inlet accuracy: 79.27%
2022-03-07 17:53:48,875 - ===> Train Epoch: 241 	 Accuracy: 95.31% 	 Loss: 0.79122300
2022-03-07 17:54:41,068 - ===> Validation after Training epoch: 241 	 Overall Accuracy: 74.89%	 Before inlet accuracy: 65.37% 	 After inlet accuracy: 79.18%
2022-03-07 17:57:48,800 - ===> Train Epoch: 242 	 Accuracy: 95.26% 	 Loss: 0.79161828
2022-03-07 17:58:40,607 - ===> Validation after Training epoch: 242 	 Overall Accuracy: 74.84%	 Before inlet accuracy: 64.51% 	 After inlet accuracy: 79.44%
2022-03-07 18:01:48,134 - ===> Train Epoch: 243 	 Accuracy: 95.28% 	 Loss: 0.79149597
2022-03-07 18:02:39,900 - ===> Validation after Training epoch: 243 	 Overall Accuracy: 74.01%	 Before inlet accuracy: 64.33% 	 After inlet accuracy: 78.38%
2022-03-07 18:05:48,367 - ===> Train Epoch: 244 	 Accuracy: 95.43% 	 Loss: 0.79004888
2022-03-07 18:06:39,869 - ===> Validation after Training epoch: 244 	 Overall Accuracy: 74.53%	 Before inlet accuracy: 64.23% 	 After inlet accuracy: 79.20%
2022-03-07 18:09:46,866 - ===> Train Epoch: 245 	 Accuracy: 95.38% 	 Loss: 0.79047003
2022-03-07 18:10:38,344 - ===> Validation after Training epoch: 245 	 Overall Accuracy: 74.08%	 Before inlet accuracy: 64.10% 	 After inlet accuracy: 78.56%
2022-03-07 18:13:46,509 - ===> Train Epoch: 246 	 Accuracy: 95.36% 	 Loss: 0.79078223
2022-03-07 18:14:37,976 - ===> Validation after Training epoch: 246 	 Overall Accuracy: 74.00%	 Before inlet accuracy: 63.49% 	 After inlet accuracy: 78.79%
2022-03-07 18:17:44,833 - ===> Train Epoch: 247 	 Accuracy: 95.50% 	 Loss: 0.78940090
2022-03-07 18:18:37,007 - ===> Validation after Training epoch: 247 	 Overall Accuracy: 73.81%	 Before inlet accuracy: 63.07% 	 After inlet accuracy: 78.74%
2022-03-07 18:21:44,804 - ===> Train Epoch: 248 	 Accuracy: 95.40% 	 Loss: 0.79047952
2022-03-07 18:22:37,006 - ===> Validation after Training epoch: 248 	 Overall Accuracy: 74.08%	 Before inlet accuracy: 64.27% 	 After inlet accuracy: 78.46%
2022-03-07 18:25:43,985 - ===> Train Epoch: 249 	 Accuracy: 95.60% 	 Loss: 0.78852990
2022-03-07 18:26:35,969 - ===> Validation after Training epoch: 249 	 Overall Accuracy: 73.67%	 Before inlet accuracy: 63.24% 	 After inlet accuracy: 78.43%
2022-03-07 18:29:44,157 - ===> Train Epoch: 250 	 Accuracy: 95.63% 	 Loss: 0.78829302
2022-03-07 18:30:36,048 - ===> Validation after Training epoch: 250 	 Overall Accuracy: 73.62%	 Before inlet accuracy: 63.58% 	 After inlet accuracy: 78.20%
2022-03-07 18:33:43,318 - ===> Train Epoch: 251 	 Accuracy: 95.58% 	 Loss: 0.78875522
2022-03-07 18:34:35,801 - ===> Validation after Training epoch: 251 	 Overall Accuracy: 73.44%	 Before inlet accuracy: 62.74% 	 After inlet accuracy: 78.40%
2022-03-07 18:37:43,301 - ===> Train Epoch: 252 	 Accuracy: 95.59% 	 Loss: 0.78866378
2022-03-07 18:38:34,799 - ===> Validation after Training epoch: 252 	 Overall Accuracy: 73.51%	 Before inlet accuracy: 63.13% 	 After inlet accuracy: 78.20%
2022-03-07 18:41:41,856 - ===> Train Epoch: 253 	 Accuracy: 95.58% 	 Loss: 0.78870633
2022-03-07 18:42:33,458 - ===> Validation after Training epoch: 253 	 Overall Accuracy: 73.61%	 Before inlet accuracy: 63.82% 	 After inlet accuracy: 78.04%
2022-03-07 18:45:40,484 - ===> Train Epoch: 254 	 Accuracy: 95.65% 	 Loss: 0.78799758
2022-03-07 18:46:32,092 - ===> Validation after Training epoch: 254 	 Overall Accuracy: 73.18%	 Before inlet accuracy: 62.90% 	 After inlet accuracy: 77.82%
2022-03-07 18:49:38,954 - ===> Train Epoch: 255 	 Accuracy: 95.69% 	 Loss: 0.78760668
2022-03-07 18:50:30,710 - ===> Validation after Training epoch: 255 	 Overall Accuracy: 73.40%	 Before inlet accuracy: 63.01% 	 After inlet accuracy: 78.18%
2022-03-07 18:53:38,710 - ===> Train Epoch: 256 	 Accuracy: 95.65% 	 Loss: 0.78797919
2022-03-07 18:54:30,773 - ===> Validation after Training epoch: 256 	 Overall Accuracy: 73.74%	 Before inlet accuracy: 63.43% 	 After inlet accuracy: 78.41%
2022-03-07 18:57:37,807 - ===> Train Epoch: 257 	 Accuracy: 95.68% 	 Loss: 0.78768633
2022-03-07 18:58:28,977 - ===> Validation after Training epoch: 257 	 Overall Accuracy: 74.36%	 Before inlet accuracy: 64.18% 	 After inlet accuracy: 78.98%
2022-03-07 19:01:36,774 - ===> Train Epoch: 258 	 Accuracy: 95.78% 	 Loss: 0.78677507
2022-03-07 19:02:29,327 - ===> Validation after Training epoch: 258 	 Overall Accuracy: 73.60%	 Before inlet accuracy: 63.63% 	 After inlet accuracy: 78.07%
2022-03-07 19:05:37,142 - ===> Train Epoch: 259 	 Accuracy: 95.65% 	 Loss: 0.78789907
2022-03-07 19:06:29,536 - ===> Validation after Training epoch: 259 	 Overall Accuracy: 72.76%	 Before inlet accuracy: 62.98% 	 After inlet accuracy: 77.16%
2022-03-07 19:09:37,623 - ===> Train Epoch: 260 	 Accuracy: 95.70% 	 Loss: 0.78739664
2022-03-07 19:10:29,534 - ===> Validation after Training epoch: 260 	 Overall Accuracy: 73.62%	 Before inlet accuracy: 63.16% 	 After inlet accuracy: 78.34%
2022-03-07 19:13:36,816 - ===> Train Epoch: 261 	 Accuracy: 95.71% 	 Loss: 0.78739676
2022-03-07 19:14:29,029 - ===> Validation after Training epoch: 261 	 Overall Accuracy: 73.71%	 Before inlet accuracy: 63.52% 	 After inlet accuracy: 78.39%
2022-03-07 19:17:37,132 - ===> Train Epoch: 262 	 Accuracy: 95.62% 	 Loss: 0.78822079
2022-03-07 19:18:29,092 - ===> Validation after Training epoch: 262 	 Overall Accuracy: 73.47%	 Before inlet accuracy: 63.55% 	 After inlet accuracy: 77.92%
2022-03-07 19:21:36,784 - ===> Train Epoch: 263 	 Accuracy: 95.66% 	 Loss: 0.78780680
2022-03-07 19:22:28,921 - ===> Validation after Training epoch: 263 	 Overall Accuracy: 73.51%	 Before inlet accuracy: 63.76% 	 After inlet accuracy: 77.98%
2022-03-07 19:25:37,121 - ===> Train Epoch: 264 	 Accuracy: 95.79% 	 Loss: 0.78658841
2022-03-07 19:26:28,939 - ===> Validation after Training epoch: 264 	 Overall Accuracy: 73.54%	 Before inlet accuracy: 63.25% 	 After inlet accuracy: 78.24%
2022-03-07 19:29:36,730 - ===> Train Epoch: 265 	 Accuracy: 95.74% 	 Loss: 0.78713216
2022-03-07 19:30:28,766 - ===> Validation after Training epoch: 265 	 Overall Accuracy: 73.99%	 Before inlet accuracy: 63.63% 	 After inlet accuracy: 78.67%
2022-03-07 19:33:35,612 - ===> Train Epoch: 266 	 Accuracy: 95.85% 	 Loss: 0.78589734
2022-03-07 19:34:27,277 - ===> Validation after Training epoch: 266 	 Overall Accuracy: 73.87%	 Before inlet accuracy: 64.24% 	 After inlet accuracy: 78.24%
2022-03-07 19:37:34,441 - ===> Train Epoch: 267 	 Accuracy: 95.90% 	 Loss: 0.78544708
2022-03-07 19:38:26,720 - ===> Validation after Training epoch: 267 	 Overall Accuracy: 73.23%	 Before inlet accuracy: 62.92% 	 After inlet accuracy: 77.87%
2022-03-07 19:41:34,085 - ===> Train Epoch: 268 	 Accuracy: 95.73% 	 Loss: 0.78718244
2022-03-07 19:42:26,266 - ===> Validation after Training epoch: 268 	 Overall Accuracy: 74.15%	 Before inlet accuracy: 63.50% 	 After inlet accuracy: 79.02%
2022-03-07 19:45:34,296 - ===> Train Epoch: 269 	 Accuracy: 95.77% 	 Loss: 0.78674633
2022-03-07 19:46:26,230 - ===> Validation after Training epoch: 269 	 Overall Accuracy: 73.98%	 Before inlet accuracy: 64.00% 	 After inlet accuracy: 78.46%
2022-03-07 19:49:34,978 - ===> Train Epoch: 270 	 Accuracy: 95.80% 	 Loss: 0.78640464
2022-03-07 19:50:26,667 - ===> Validation after Training epoch: 270 	 Overall Accuracy: 74.03%	 Before inlet accuracy: 63.37% 	 After inlet accuracy: 78.83%
2022-03-07 19:53:34,561 - ===> Train Epoch: 271 	 Accuracy: 95.76% 	 Loss: 0.78683218
2022-03-07 19:54:26,791 - ===> Validation after Training epoch: 271 	 Overall Accuracy: 73.23%	 Before inlet accuracy: 63.48% 	 After inlet accuracy: 77.57%
2022-03-07 19:57:33,660 - ===> Train Epoch: 272 	 Accuracy: 95.92% 	 Loss: 0.78523959
2022-03-07 19:58:26,203 - ===> Validation after Training epoch: 272 	 Overall Accuracy: 73.90%	 Before inlet accuracy: 63.66% 	 After inlet accuracy: 78.62%
2022-03-07 20:01:33,608 - ===> Train Epoch: 273 	 Accuracy: 95.89% 	 Loss: 0.78564018
2022-03-07 20:02:24,949 - ===> Validation after Training epoch: 273 	 Overall Accuracy: 73.99%	 Before inlet accuracy: 65.09% 	 After inlet accuracy: 78.01%
2022-03-07 20:05:32,499 - ===> Train Epoch: 274 	 Accuracy: 95.93% 	 Loss: 0.78516049
2022-03-07 20:06:24,925 - ===> Validation after Training epoch: 274 	 Overall Accuracy: 73.34%	 Before inlet accuracy: 63.10% 	 After inlet accuracy: 78.00%
2022-03-07 20:09:32,106 - ===> Train Epoch: 275 	 Accuracy: 95.90% 	 Loss: 0.78545558
2022-03-07 20:10:23,874 - ===> Validation after Training epoch: 275 	 Overall Accuracy: 73.39%	 Before inlet accuracy: 62.31% 	 After inlet accuracy: 78.46%
2022-03-07 20:13:31,638 - ===> Train Epoch: 276 	 Accuracy: 95.86% 	 Loss: 0.78582166
2022-03-07 20:14:23,532 - ===> Validation after Training epoch: 276 	 Overall Accuracy: 73.15%	 Before inlet accuracy: 62.72% 	 After inlet accuracy: 77.84%
2022-03-07 20:17:31,491 - ===> Train Epoch: 277 	 Accuracy: 96.00% 	 Loss: 0.78455105
2022-03-07 20:18:22,826 - ===> Validation after Training epoch: 277 	 Overall Accuracy: 73.69%	 Before inlet accuracy: 63.81% 	 After inlet accuracy: 78.27%
2022-03-07 20:21:30,743 - ===> Train Epoch: 278 	 Accuracy: 95.97% 	 Loss: 0.78481745
2022-03-07 20:22:22,418 - ===> Validation after Training epoch: 278 	 Overall Accuracy: 73.94%	 Before inlet accuracy: 64.76% 	 After inlet accuracy: 78.08%
2022-03-07 20:25:31,218 - ===> Train Epoch: 279 	 Accuracy: 95.99% 	 Loss: 0.78460754
2022-03-07 20:26:23,288 - ===> Validation after Training epoch: 279 	 Overall Accuracy: 72.62%	 Before inlet accuracy: 62.50% 	 After inlet accuracy: 77.21%
2022-03-07 20:29:30,981 - ===> Train Epoch: 280 	 Accuracy: 95.80% 	 Loss: 0.78644656
2022-03-07 20:30:22,691 - ===> Validation after Training epoch: 280 	 Overall Accuracy: 74.00%	 Before inlet accuracy: 63.80% 	 After inlet accuracy: 78.59%
2022-03-07 20:33:29,689 - ===> Train Epoch: 281 	 Accuracy: 95.91% 	 Loss: 0.78529601
2022-03-07 20:34:21,420 - ===> Validation after Training epoch: 281 	 Overall Accuracy: 73.77%	 Before inlet accuracy: 63.48% 	 After inlet accuracy: 78.48%
2022-03-07 20:37:30,751 - ===> Train Epoch: 282 	 Accuracy: 95.91% 	 Loss: 0.78531286
2022-03-07 20:38:23,140 - ===> Validation after Training epoch: 282 	 Overall Accuracy: 73.19%	 Before inlet accuracy: 63.71% 	 After inlet accuracy: 77.54%
2022-03-07 20:41:30,496 - ===> Train Epoch: 283 	 Accuracy: 96.03% 	 Loss: 0.78417080
2022-03-07 20:42:22,195 - ===> Validation after Training epoch: 283 	 Overall Accuracy: 74.26%	 Before inlet accuracy: 64.64% 	 After inlet accuracy: 78.62%
2022-03-07 20:45:30,116 - ===> Train Epoch: 284 	 Accuracy: 95.95% 	 Loss: 0.78496749
2022-03-07 20:46:21,986 - ===> Validation after Training epoch: 284 	 Overall Accuracy: 73.43%	 Before inlet accuracy: 64.20% 	 After inlet accuracy: 77.59%
2022-03-07 20:49:29,476 - ===> Train Epoch: 285 	 Accuracy: 95.81% 	 Loss: 0.78633375
2022-03-07 20:50:21,678 - ===> Validation after Training epoch: 285 	 Overall Accuracy: 73.86%	 Before inlet accuracy: 64.04% 	 After inlet accuracy: 78.37%
2022-03-07 20:53:30,029 - ===> Train Epoch: 286 	 Accuracy: 95.87% 	 Loss: 0.78571011
2022-03-07 20:54:21,322 - ===> Validation after Training epoch: 286 	 Overall Accuracy: 73.59%	 Before inlet accuracy: 63.20% 	 After inlet accuracy: 78.38%
2022-03-07 20:57:25,700 - ===> Train Epoch: 287 	 Accuracy: 95.96% 	 Loss: 0.78483371
2022-03-07 20:58:17,345 - ===> Validation after Training epoch: 287 	 Overall Accuracy: 73.76%	 Before inlet accuracy: 63.53% 	 After inlet accuracy: 78.33%
2022-03-07 21:01:23,546 - ===> Train Epoch: 288 	 Accuracy: 95.95% 	 Loss: 0.78492362
2022-03-07 21:02:14,918 - ===> Validation after Training epoch: 288 	 Overall Accuracy: 73.75%	 Before inlet accuracy: 63.99% 	 After inlet accuracy: 78.17%
2022-03-07 21:05:22,662 - ===> Train Epoch: 289 	 Accuracy: 96.03% 	 Loss: 0.78410829
2022-03-07 21:06:14,401 - ===> Validation after Training epoch: 289 	 Overall Accuracy: 73.83%	 Before inlet accuracy: 64.19% 	 After inlet accuracy: 78.17%
2022-03-07 21:09:21,211 - ===> Train Epoch: 290 	 Accuracy: 95.90% 	 Loss: 0.78539639
2022-03-07 21:10:13,447 - ===> Validation after Training epoch: 290 	 Overall Accuracy: 73.72%	 Before inlet accuracy: 64.78% 	 After inlet accuracy: 77.68%
2022-03-07 21:13:19,023 - ===> Train Epoch: 291 	 Accuracy: 95.94% 	 Loss: 0.78497592
2022-03-07 21:14:10,698 - ===> Validation after Training epoch: 291 	 Overall Accuracy: 73.44%	 Before inlet accuracy: 63.47% 	 After inlet accuracy: 77.95%
2022-03-07 21:17:16,253 - ===> Train Epoch: 292 	 Accuracy: 95.97% 	 Loss: 0.78464200
2022-03-07 21:18:07,869 - ===> Validation after Training epoch: 292 	 Overall Accuracy: 73.92%	 Before inlet accuracy: 62.91% 	 After inlet accuracy: 78.91%
2022-03-07 21:21:14,136 - ===> Train Epoch: 293 	 Accuracy: 95.98% 	 Loss: 0.78460497
2022-03-07 21:22:06,269 - ===> Validation after Training epoch: 293 	 Overall Accuracy: 72.88%	 Before inlet accuracy: 63.22% 	 After inlet accuracy: 77.26%
2022-03-07 21:25:11,884 - ===> Train Epoch: 294 	 Accuracy: 95.98% 	 Loss: 0.78455557
2022-03-07 21:26:03,575 - ===> Validation after Training epoch: 294 	 Overall Accuracy: 73.18%	 Before inlet accuracy: 63.35% 	 After inlet accuracy: 77.65%
2022-03-07 21:29:10,488 - ===> Train Epoch: 295 	 Accuracy: 96.14% 	 Loss: 0.78302527
2022-03-07 21:30:01,952 - ===> Validation after Training epoch: 295 	 Overall Accuracy: 74.01%	 Before inlet accuracy: 63.57% 	 After inlet accuracy: 78.79%
2022-03-07 21:33:10,650 - ===> Train Epoch: 296 	 Accuracy: 96.07% 	 Loss: 0.78363789
2022-03-07 21:34:02,915 - ===> Validation after Training epoch: 296 	 Overall Accuracy: 73.64%	 Before inlet accuracy: 63.67% 	 After inlet accuracy: 78.19%
2022-03-07 21:37:10,499 - ===> Train Epoch: 297 	 Accuracy: 95.88% 	 Loss: 0.78551193
2022-03-07 21:38:01,815 - ===> Validation after Training epoch: 297 	 Overall Accuracy: 73.40%	 Before inlet accuracy: 63.34% 	 After inlet accuracy: 78.06%
2022-03-07 21:41:10,548 - ===> Train Epoch: 298 	 Accuracy: 96.03% 	 Loss: 0.78407370
2022-03-07 21:42:01,977 - ===> Validation after Training epoch: 298 	 Overall Accuracy: 74.03%	 Before inlet accuracy: 64.32% 	 After inlet accuracy: 78.54%
2022-03-07 21:45:09,631 - ===> Train Epoch: 299 	 Accuracy: 96.00% 	 Loss: 0.78433666
2022-03-07 21:46:00,867 - ===> Validation after Training epoch: 299 	 Overall Accuracy: 74.10%	 Before inlet accuracy: 64.22% 	 After inlet accuracy: 78.53%
2022-03-07 21:49:09,352 - ===> Train Epoch: 300 	 Accuracy: 96.08% 	 Loss: 0.78363469
2022-03-07 21:50:00,703 - ===> Validation after Training epoch: 300 	 Overall Accuracy: 73.86%	 Before inlet accuracy: 63.88% 	 After inlet accuracy: 78.33%
