2022-03-12 05:36:34,493 - ### Training Machine Ip address ###
 127.0.1.1

2022-03-12 05:36:34,494 - ### Model summary below###
 Downstream(
  (decoder): Decoder(
    (linear): ModuleList(
      (0): Linear(in_features=256, out_features=128, bias=True)
      (1): ReLU()
      (2): Linear(in_features=128, out_features=64, bias=True)
      (3): ReLU()
      (4): Linear(in_features=64, out_features=32, bias=True)
      (5): ReLU()
      (6): Linear(in_features=32, out_features=16, bias=True)
      (7): ReLU()
    )
    (out): Linear(in_features=16, out_features=4, bias=True)
    (softmax): Softmax(dim=None)
  )
  (softmax): Softmax(dim=None)
  (lsoftmax): LogSoftmax(dim=None)
  (loss_mean): CrossEntropyLoss()
)

2022-03-12 05:36:34,499 - ===> Configuration parameter
                                    GPU_id: 1
                                    batch_size: 64
                                    epoch: 300
                                    n_warmup_steps: 30
                                    validataion_period: 1
                                    ckpt_period: 5
                                    ckpt_dir: /home/user/data/HyeongseokJeon/HMC_prediction/ckpt/
                                    learning_rate: 1e-06
                                    logging: True
                                    data_dir_train: /home/user/data/HyeongseokJeon/HMC_prediction/data/drone_data/processed/train/
                                    data_dir_val: /home/user/data/HyeongseokJeon/HMC_prediction/data/drone_data/processed/val/
                                    data_dir_orig: /home/user/data/HyeongseokJeon/HMC_prediction/data/drone_data/processed/archive/
                                    occlusion_rate: 0.2
                                    splicing_num: 128
                                    LC_multiple: 5
                                    FOV: 30
                                    interpolate: False
                                    max_pred_time: 5
                                    max_hist_time: 10
                                    hz: 2
                                    val_rate: 0.2
                                    n_linear_layer: 4
                                    n_hidden_after_deconv: 256
                                    log_dir: logs/

2022-03-12 05:36:34,499 - ===> Model total parameter: 43828
2022-03-12 05:36:34,499 - ### Selected Encoder model >>> File_id : maneuver_prediction-2022-03-10_04_02_34
2022-03-12 05:36:34,499 - ### Selected Encoder weight >>> weight_id : model_145.pt
2022-03-12 05:36:34,499 - ===> Model Training Start
2022-03-12 05:55:29,080 - ===> Train Epoch: 1 	 Accuracy: 40.45% 	 Loss: 1.37809501
2022-03-12 06:01:03,351 - ===> Validation after Training epoch: 1 	 Overall Accuracy: 54.91%	 Before inlet accuracy: 59.98% 	 After inlet accuracy: 31.52%
2022-03-12 06:20:12,113 - ===> Train Epoch: 2 	 Accuracy: 49.35% 	 Loss: 1.37513510
2022-03-12 06:25:46,039 - ===> Validation after Training epoch: 2 	 Overall Accuracy: 59.92%	 Before inlet accuracy: 62.50% 	 After inlet accuracy: 47.97%
2022-03-12 06:44:52,265 - ===> Train Epoch: 3 	 Accuracy: 53.09% 	 Loss: 1.37112389
2022-03-12 06:50:28,113 - ===> Validation after Training epoch: 3 	 Overall Accuracy: 61.60%	 Before inlet accuracy: 63.03% 	 After inlet accuracy: 55.10%
2022-03-12 07:09:29,514 - ===> Train Epoch: 4 	 Accuracy: 54.52% 	 Loss: 1.36569009
2022-03-12 07:15:01,779 - ===> Validation after Training epoch: 4 	 Overall Accuracy: 62.56%	 Before inlet accuracy: 63.30% 	 After inlet accuracy: 59.19%
2022-03-12 07:34:00,745 - ===> Train Epoch: 5 	 Accuracy: 54.96% 	 Loss: 1.35819375
2022-03-12 07:39:35,932 - ===> Validation after Training epoch: 5 	 Overall Accuracy: 63.03%	 Before inlet accuracy: 63.56% 	 After inlet accuracy: 60.61%
2022-03-12 07:58:44,195 - ===> Train Epoch: 6 	 Accuracy: 58.84% 	 Loss: 1.34766966
2022-03-12 08:04:15,944 - ===> Validation after Training epoch: 6 	 Overall Accuracy: 68.21%	 Before inlet accuracy: 69.45% 	 After inlet accuracy: 62.50%
2022-03-12 08:23:25,569 - ===> Train Epoch: 7 	 Accuracy: 65.42% 	 Loss: 1.33471561
2022-03-12 08:29:00,066 - ===> Validation after Training epoch: 7 	 Overall Accuracy: 73.61%	 Before inlet accuracy: 75.17% 	 After inlet accuracy: 66.50%
2022-03-12 08:48:05,701 - ===> Train Epoch: 8 	 Accuracy: 69.77% 	 Loss: 1.31773019
2022-03-12 08:53:38,232 - ===> Validation after Training epoch: 8 	 Overall Accuracy: 76.96%	 Before inlet accuracy: 78.92% 	 After inlet accuracy: 68.13%
2022-03-12 09:12:43,823 - ===> Train Epoch: 9 	 Accuracy: 72.64% 	 Loss: 1.29691972
2022-03-12 09:18:17,839 - ===> Validation after Training epoch: 9 	 Overall Accuracy: 78.94%	 Before inlet accuracy: 80.67% 	 After inlet accuracy: 70.87%
2022-03-12 09:37:21,827 - ===> Train Epoch: 10 	 Accuracy: 74.23% 	 Loss: 1.27309303
2022-03-12 09:42:54,780 - ===> Validation after Training epoch: 10 	 Overall Accuracy: 80.76%	 Before inlet accuracy: 82.38% 	 After inlet accuracy: 73.32%
2022-03-12 10:02:02,840 - ===> Train Epoch: 11 	 Accuracy: 75.46% 	 Loss: 1.24488818
2022-03-12 10:07:34,661 - ===> Validation after Training epoch: 11 	 Overall Accuracy: 81.05%	 Before inlet accuracy: 82.52% 	 After inlet accuracy: 74.42%
2022-03-12 10:26:42,242 - ===> Train Epoch: 12 	 Accuracy: 76.35% 	 Loss: 1.21504253
2022-03-12 10:32:20,299 - ===> Validation after Training epoch: 12 	 Overall Accuracy: 81.66%	 Before inlet accuracy: 82.98% 	 After inlet accuracy: 75.58%
2022-03-12 10:51:22,480 - ===> Train Epoch: 13 	 Accuracy: 77.47% 	 Loss: 1.18323561
2022-03-12 10:57:00,054 - ===> Validation after Training epoch: 13 	 Overall Accuracy: 82.48%	 Before inlet accuracy: 83.96% 	 After inlet accuracy: 75.70%
2022-03-12 11:16:01,851 - ===> Train Epoch: 14 	 Accuracy: 78.55% 	 Loss: 1.15229627
2022-03-12 11:21:38,804 - ===> Validation after Training epoch: 14 	 Overall Accuracy: 82.39%	 Before inlet accuracy: 83.66% 	 After inlet accuracy: 76.67%
2022-03-12 11:40:45,250 - ===> Train Epoch: 15 	 Accuracy: 79.36% 	 Loss: 1.12400926
2022-03-12 11:46:18,808 - ===> Validation after Training epoch: 15 	 Overall Accuracy: 83.37%	 Before inlet accuracy: 84.53% 	 After inlet accuracy: 78.03%
2022-03-12 12:05:21,586 - ===> Train Epoch: 16 	 Accuracy: 80.40% 	 Loss: 1.09335797
2022-03-12 12:10:56,004 - ===> Validation after Training epoch: 16 	 Overall Accuracy: 84.12%	 Before inlet accuracy: 85.14% 	 After inlet accuracy: 79.36%
2022-03-12 12:30:00,491 - ===> Train Epoch: 17 	 Accuracy: 80.88% 	 Loss: 1.06793484
2022-03-12 12:35:33,471 - ===> Validation after Training epoch: 17 	 Overall Accuracy: 83.89%	 Before inlet accuracy: 84.99% 	 After inlet accuracy: 78.93%
2022-03-12 12:54:42,733 - ===> Train Epoch: 18 	 Accuracy: 81.30% 	 Loss: 1.04320080
2022-03-12 13:00:16,586 - ===> Validation after Training epoch: 18 	 Overall Accuracy: 84.73%	 Before inlet accuracy: 85.71% 	 After inlet accuracy: 80.23%
2022-03-12 13:19:20,421 - ===> Train Epoch: 19 	 Accuracy: 81.65% 	 Loss: 1.02203408
2022-03-12 13:24:58,329 - ===> Validation after Training epoch: 19 	 Overall Accuracy: 84.34%	 Before inlet accuracy: 85.21% 	 After inlet accuracy: 80.37%
2022-03-12 13:44:05,320 - ===> Train Epoch: 20 	 Accuracy: 81.71% 	 Loss: 1.00423527
2022-03-12 13:49:37,336 - ===> Validation after Training epoch: 20 	 Overall Accuracy: 84.03%	 Before inlet accuracy: 84.79% 	 After inlet accuracy: 80.57%
2022-03-12 14:08:37,700 - ===> Train Epoch: 21 	 Accuracy: 81.68% 	 Loss: 0.99026861
2022-03-12 14:14:08,845 - ===> Validation after Training epoch: 21 	 Overall Accuracy: 84.76%	 Before inlet accuracy: 85.58% 	 After inlet accuracy: 81.00%
2022-03-12 14:33:12,193 - ===> Train Epoch: 22 	 Accuracy: 81.75% 	 Loss: 0.97799599
2022-03-12 14:38:46,021 - ===> Validation after Training epoch: 22 	 Overall Accuracy: 84.70%	 Before inlet accuracy: 85.61% 	 After inlet accuracy: 80.55%
2022-03-12 14:57:55,296 - ===> Train Epoch: 23 	 Accuracy: 81.98% 	 Loss: 0.96699461
2022-03-12 15:03:29,172 - ===> Validation after Training epoch: 23 	 Overall Accuracy: 84.95%	 Before inlet accuracy: 85.89% 	 After inlet accuracy: 80.71%
2022-03-12 15:22:32,417 - ===> Train Epoch: 24 	 Accuracy: 82.27% 	 Loss: 0.95749580
2022-03-12 15:28:08,416 - ===> Validation after Training epoch: 24 	 Overall Accuracy: 84.52%	 Before inlet accuracy: 85.20% 	 After inlet accuracy: 81.34%
2022-03-12 15:47:14,695 - ===> Train Epoch: 25 	 Accuracy: 82.27% 	 Loss: 0.95142973
2022-03-12 15:52:46,566 - ===> Validation after Training epoch: 25 	 Overall Accuracy: 84.51%	 Before inlet accuracy: 85.44% 	 After inlet accuracy: 80.26%
2022-03-12 16:11:47,689 - ===> Train Epoch: 26 	 Accuracy: 82.33% 	 Loss: 0.94604628
2022-03-12 16:17:19,791 - ===> Validation after Training epoch: 26 	 Overall Accuracy: 84.89%	 Before inlet accuracy: 85.80% 	 After inlet accuracy: 80.70%
2022-03-12 16:36:23,352 - ===> Train Epoch: 27 	 Accuracy: 82.25% 	 Loss: 0.94241156
2022-03-12 16:41:56,610 - ===> Validation after Training epoch: 27 	 Overall Accuracy: 84.38%	 Before inlet accuracy: 85.31% 	 After inlet accuracy: 80.22%
2022-03-12 17:00:56,670 - ===> Train Epoch: 28 	 Accuracy: 82.45% 	 Loss: 0.93794085
2022-03-12 17:06:27,966 - ===> Validation after Training epoch: 28 	 Overall Accuracy: 84.85%	 Before inlet accuracy: 85.54% 	 After inlet accuracy: 81.62%
2022-03-12 17:25:28,942 - ===> Train Epoch: 29 	 Accuracy: 82.61% 	 Loss: 0.93361747
2022-03-12 17:31:05,998 - ===> Validation after Training epoch: 29 	 Overall Accuracy: 84.35%	 Before inlet accuracy: 85.14% 	 After inlet accuracy: 80.72%
2022-03-12 17:50:11,106 - ===> Train Epoch: 30 	 Accuracy: 82.55% 	 Loss: 0.93259077
2022-03-12 17:55:43,701 - ===> Validation after Training epoch: 30 	 Overall Accuracy: 84.50%	 Before inlet accuracy: 85.27% 	 After inlet accuracy: 81.00%
2022-03-12 18:14:53,544 - ===> Train Epoch: 31 	 Accuracy: 82.68% 	 Loss: 0.92964192
2022-03-12 18:20:29,798 - ===> Validation after Training epoch: 31 	 Overall Accuracy: 83.80%	 Before inlet accuracy: 84.63% 	 After inlet accuracy: 80.02%
2022-03-12 18:39:32,321 - ===> Train Epoch: 32 	 Accuracy: 82.59% 	 Loss: 0.92848819
2022-03-12 18:45:05,770 - ===> Validation after Training epoch: 32 	 Overall Accuracy: 85.29%	 Before inlet accuracy: 86.01% 	 After inlet accuracy: 81.97%
2022-03-12 19:04:09,148 - ===> Train Epoch: 33 	 Accuracy: 82.46% 	 Loss: 0.92824615
2022-03-12 19:09:42,450 - ===> Validation after Training epoch: 33 	 Overall Accuracy: 84.65%	 Before inlet accuracy: 85.40% 	 After inlet accuracy: 81.27%
2022-03-12 19:28:45,609 - ===> Train Epoch: 34 	 Accuracy: 82.61% 	 Loss: 0.92587249
2022-03-12 19:34:18,455 - ===> Validation after Training epoch: 34 	 Overall Accuracy: 84.89%	 Before inlet accuracy: 85.71% 	 After inlet accuracy: 81.07%
2022-03-12 19:53:25,897 - ===> Train Epoch: 35 	 Accuracy: 82.85% 	 Loss: 0.92283732
2022-03-12 19:58:57,195 - ===> Validation after Training epoch: 35 	 Overall Accuracy: 84.58%	 Before inlet accuracy: 85.32% 	 After inlet accuracy: 81.17%
2022-03-12 20:18:01,619 - ===> Train Epoch: 36 	 Accuracy: 82.61% 	 Loss: 0.92395377
2022-03-12 20:23:34,748 - ===> Validation after Training epoch: 36 	 Overall Accuracy: 84.62%	 Before inlet accuracy: 85.29% 	 After inlet accuracy: 81.46%
2022-03-12 20:42:39,599 - ===> Train Epoch: 37 	 Accuracy: 82.84% 	 Loss: 0.92128163
2022-03-12 20:48:11,748 - ===> Validation after Training epoch: 37 	 Overall Accuracy: 85.14%	 Before inlet accuracy: 85.82% 	 After inlet accuracy: 82.02%
2022-03-12 21:07:14,711 - ===> Train Epoch: 38 	 Accuracy: 82.52% 	 Loss: 0.92394610
2022-03-12 21:12:48,284 - ===> Validation after Training epoch: 38 	 Overall Accuracy: 84.40%	 Before inlet accuracy: 84.93% 	 After inlet accuracy: 81.97%
2022-03-12 21:31:50,212 - ===> Train Epoch: 39 	 Accuracy: 82.96% 	 Loss: 0.91941545
2022-03-12 21:37:28,143 - ===> Validation after Training epoch: 39 	 Overall Accuracy: 85.06%	 Before inlet accuracy: 85.86% 	 After inlet accuracy: 81.37%
2022-03-12 21:56:30,500 - ===> Train Epoch: 40 	 Accuracy: 82.72% 	 Loss: 0.92073222
2022-03-12 22:02:08,514 - ===> Validation after Training epoch: 40 	 Overall Accuracy: 84.39%	 Before inlet accuracy: 85.08% 	 After inlet accuracy: 81.22%
