2022-03-26 06:06:38,193 - ### Training Machine Ip address ###
 192.168.0.7

2022-03-26 06:06:38,193 - ### Model summary below###
 Downstream(
  (decoder): Decoder(
    (linear): ModuleList(
      (0): Linear(in_features=256, out_features=128, bias=True)
      (1): ReLU()
      (2): Linear(in_features=128, out_features=64, bias=True)
      (3): ReLU()
      (4): Linear(in_features=64, out_features=32, bias=True)
      (5): ReLU()
      (6): Linear(in_features=32, out_features=16, bias=True)
      (7): ReLU()
    )
    (out): Linear(in_features=16, out_features=4, bias=True)
    (softmax): Softmax(dim=None)
  )
  (softmax): Softmax(dim=None)
  (lsoftmax): LogSoftmax(dim=None)
  (loss_mean): CrossEntropyLoss()
)

2022-03-26 06:06:38,193 - ===> Configuration parameter
                                    GPU_id: 0
                                    batch_size: 64
                                    epoch: 300
                                    n_warmup_steps: 30
                                    validataion_period: 1
                                    ckpt_period: 5
                                    ckpt_dir: C:\Users\VDCLAB\Desktop\hs\HMC_prediction/ckpt/
                                    learning_rate: 1e-06
                                    logging: True
                                    data_dir_train: C:\Users\VDCLAB\Desktop\hs\HMC_prediction/data/drone_data/processed/train/
                                    data_dir_val: C:\Users\VDCLAB\Desktop\hs\HMC_prediction/data/drone_data/processed/val/
                                    data_dir_orig: C:\Users\VDCLAB\Desktop\hs\HMC_prediction/data/drone_data/processed/archive/
                                    occlusion_rate: 0.2
                                    splicing_num: 128
                                    LC_multiple: 5
                                    LK_multiple: 3
                                    FOV: 30
                                    interpolate: False
                                    max_pred_time: 5
                                    max_hist_time: 10
                                    hz: 2
                                    val_rate: 0.2
                                    n_linear_layer: 4
                                    n_hidden_after_deconv: 256
                                    log_dir: logs/

2022-03-26 06:06:38,193 - ===> Model total parameter: 43828
2022-03-26 06:06:38,193 - ### Selected Encoder model >>> File_id : maneuver_prediction-2022-03-17_07_07_52
2022-03-26 06:06:38,193 - ### Selected Encoder weight >>> weight_id : model_50.pt
2022-03-26 06:06:38,193 - ===> Model Training Start
2022-03-26 06:16:49,091 - ===> Train Epoch: 1 	 Accuracy: 24.33% 	 Loss: 1.39148792
2022-03-26 06:19:44,070 - ===> Validation after Training epoch: 1 	 Overall Accuracy: 27.28%	 Before inlet accuracy: 29.54% 	 After inlet accuracy: 18.19%
2022-03-26 06:29:46,163 - ===> Train Epoch: 2 	 Accuracy: 37.50% 	 Loss: 1.38423652
2022-03-26 06:32:35,359 - ===> Validation after Training epoch: 2 	 Overall Accuracy: 27.90%	 Before inlet accuracy: 30.97% 	 After inlet accuracy: 15.51%
2022-03-26 06:42:40,255 - ===> Train Epoch: 3 	 Accuracy: 31.84% 	 Loss: 1.37316557
2022-03-26 06:45:34,436 - ===> Validation after Training epoch: 3 	 Overall Accuracy: 24.31%	 Before inlet accuracy: 26.74% 	 After inlet accuracy: 14.54%
2022-03-26 06:55:44,176 - ===> Train Epoch: 4 	 Accuracy: 29.41% 	 Loss: 1.35509474
2022-03-26 06:58:38,736 - ===> Validation after Training epoch: 4 	 Overall Accuracy: 29.54%	 Before inlet accuracy: 33.18% 	 After inlet accuracy: 14.97%
2022-03-26 07:08:50,513 - ===> Train Epoch: 5 	 Accuracy: 48.63% 	 Loss: 1.32860152
2022-03-26 07:11:43,752 - ===> Validation after Training epoch: 5 	 Overall Accuracy: 70.47%	 Before inlet accuracy: 74.48% 	 After inlet accuracy: 54.57%
2022-03-26 07:21:52,925 - ===> Train Epoch: 6 	 Accuracy: 59.42% 	 Loss: 1.29378567
2022-03-26 07:24:48,216 - ===> Validation after Training epoch: 6 	 Overall Accuracy: 61.61%	 Before inlet accuracy: 59.48% 	 After inlet accuracy: 70.02%
2022-03-26 07:34:57,608 - ===> Train Epoch: 7 	 Accuracy: 52.08% 	 Loss: 1.25394489
2022-03-26 07:37:51,481 - ===> Validation after Training epoch: 7 	 Overall Accuracy: 61.96%	 Before inlet accuracy: 59.87% 	 After inlet accuracy: 70.31%
2022-03-26 07:48:00,487 - ===> Train Epoch: 8 	 Accuracy: 54.37% 	 Loss: 1.21000857
2022-03-26 07:50:54,789 - ===> Validation after Training epoch: 8 	 Overall Accuracy: 66.14%	 Before inlet accuracy: 64.77% 	 After inlet accuracy: 71.65%
2022-03-26 08:01:10,865 - ===> Train Epoch: 9 	 Accuracy: 60.42% 	 Loss: 1.17005036
2022-03-26 08:04:09,408 - ===> Validation after Training epoch: 9 	 Overall Accuracy: 71.58%	 Before inlet accuracy: 70.52% 	 After inlet accuracy: 75.83%
2022-03-26 08:14:32,215 - ===> Train Epoch: 10 	 Accuracy: 64.74% 	 Loss: 1.13675880
2022-03-26 08:17:32,534 - ===> Validation after Training epoch: 10 	 Overall Accuracy: 72.60%	 Before inlet accuracy: 71.20% 	 After inlet accuracy: 78.14%
2022-03-26 08:27:58,746 - ===> Train Epoch: 11 	 Accuracy: 66.00% 	 Loss: 1.10682230
2022-03-26 08:31:00,022 - ===> Validation after Training epoch: 11 	 Overall Accuracy: 72.57%	 Before inlet accuracy: 71.37% 	 After inlet accuracy: 77.33%
2022-03-26 08:41:25,660 - ===> Train Epoch: 12 	 Accuracy: 70.24% 	 Loss: 1.07818773
2022-03-26 08:44:25,570 - ===> Validation after Training epoch: 12 	 Overall Accuracy: 79.95%	 Before inlet accuracy: 79.94% 	 After inlet accuracy: 80.00%
2022-03-26 08:54:51,178 - ===> Train Epoch: 13 	 Accuracy: 75.88% 	 Loss: 1.05357140
2022-03-26 08:57:51,209 - ===> Validation after Training epoch: 13 	 Overall Accuracy: 82.83%	 Before inlet accuracy: 83.57% 	 After inlet accuracy: 79.90%
2022-03-26 09:08:15,516 - ===> Train Epoch: 14 	 Accuracy: 78.47% 	 Loss: 1.02893378
2022-03-26 09:11:15,279 - ===> Validation after Training epoch: 14 	 Overall Accuracy: 83.39%	 Before inlet accuracy: 84.75% 	 After inlet accuracy: 77.96%
2022-03-26 09:21:42,777 - ===> Train Epoch: 15 	 Accuracy: 79.41% 	 Loss: 1.00726599
2022-03-26 09:24:43,977 - ===> Validation after Training epoch: 15 	 Overall Accuracy: 83.49%	 Before inlet accuracy: 85.04% 	 After inlet accuracy: 77.29%
2022-03-26 09:35:08,294 - ===> Train Epoch: 16 	 Accuracy: 79.86% 	 Loss: 0.99053770
2022-03-26 09:38:06,269 - ===> Validation after Training epoch: 16 	 Overall Accuracy: 83.45%	 Before inlet accuracy: 85.15% 	 After inlet accuracy: 76.73%
2022-03-26 09:48:28,830 - ===> Train Epoch: 17 	 Accuracy: 80.25% 	 Loss: 0.97604357
2022-03-26 09:51:28,283 - ===> Validation after Training epoch: 17 	 Overall Accuracy: 83.31%	 Before inlet accuracy: 84.74% 	 After inlet accuracy: 77.60%
2022-03-26 10:01:52,931 - ===> Train Epoch: 18 	 Accuracy: 80.30% 	 Loss: 0.96714873
2022-03-26 10:04:52,879 - ===> Validation after Training epoch: 18 	 Overall Accuracy: 83.44%	 Before inlet accuracy: 84.97% 	 After inlet accuracy: 77.34%
2022-03-26 10:15:16,297 - ===> Train Epoch: 19 	 Accuracy: 80.52% 	 Loss: 0.95772858
2022-03-26 10:18:17,031 - ===> Validation after Training epoch: 19 	 Overall Accuracy: 83.70%	 Before inlet accuracy: 85.20% 	 After inlet accuracy: 77.64%
2022-03-26 10:28:38,654 - ===> Train Epoch: 20 	 Accuracy: 80.72% 	 Loss: 0.95167262
2022-03-26 10:31:38,215 - ===> Validation after Training epoch: 20 	 Overall Accuracy: 83.09%	 Before inlet accuracy: 84.59% 	 After inlet accuracy: 77.14%
2022-03-26 10:42:03,382 - ===> Train Epoch: 21 	 Accuracy: 80.81% 	 Loss: 0.94732176
2022-03-26 10:45:04,944 - ===> Validation after Training epoch: 21 	 Overall Accuracy: 83.81%	 Before inlet accuracy: 85.28% 	 After inlet accuracy: 77.94%
2022-03-26 10:55:30,861 - ===> Train Epoch: 22 	 Accuracy: 80.86% 	 Loss: 0.94398904
2022-03-26 10:58:30,594 - ===> Validation after Training epoch: 22 	 Overall Accuracy: 83.50%	 Before inlet accuracy: 85.03% 	 After inlet accuracy: 77.42%
2022-03-26 11:08:55,362 - ===> Train Epoch: 23 	 Accuracy: 80.86% 	 Loss: 0.94135438
2022-03-26 11:11:56,751 - ===> Validation after Training epoch: 23 	 Overall Accuracy: 83.23%	 Before inlet accuracy: 84.54% 	 After inlet accuracy: 78.00%
2022-03-26 11:22:20,672 - ===> Train Epoch: 24 	 Accuracy: 81.28% 	 Loss: 0.93626668
2022-03-26 11:25:20,190 - ===> Validation after Training epoch: 24 	 Overall Accuracy: 83.09%	 Before inlet accuracy: 84.78% 	 After inlet accuracy: 76.47%
2022-03-26 11:35:43,774 - ===> Train Epoch: 25 	 Accuracy: 81.15% 	 Loss: 0.93543157
2022-03-26 11:38:43,096 - ===> Validation after Training epoch: 25 	 Overall Accuracy: 83.10%	 Before inlet accuracy: 84.55% 	 After inlet accuracy: 77.29%
2022-03-26 11:49:05,294 - ===> Train Epoch: 26 	 Accuracy: 81.53% 	 Loss: 0.93218981
2022-03-26 11:52:05,395 - ===> Validation after Training epoch: 26 	 Overall Accuracy: 83.23%	 Before inlet accuracy: 84.51% 	 After inlet accuracy: 78.04%
2022-03-26 12:02:28,221 - ===> Train Epoch: 27 	 Accuracy: 81.14% 	 Loss: 0.93423204
2022-03-26 12:05:29,119 - ===> Validation after Training epoch: 27 	 Overall Accuracy: 83.55%	 Before inlet accuracy: 84.81% 	 After inlet accuracy: 78.47%
2022-03-26 12:15:56,999 - ===> Train Epoch: 28 	 Accuracy: 81.57% 	 Loss: 0.92974588
2022-03-26 12:18:57,198 - ===> Validation after Training epoch: 28 	 Overall Accuracy: 82.90%	 Before inlet accuracy: 84.16% 	 After inlet accuracy: 77.84%
2022-03-26 12:29:19,795 - ===> Train Epoch: 29 	 Accuracy: 81.37% 	 Loss: 0.93026370
2022-03-26 12:32:20,542 - ===> Validation after Training epoch: 29 	 Overall Accuracy: 83.48%	 Before inlet accuracy: 84.84% 	 After inlet accuracy: 78.04%
2022-03-26 12:42:46,611 - ===> Train Epoch: 30 	 Accuracy: 81.30% 	 Loss: 0.93052823
2022-03-26 12:45:46,111 - ===> Validation after Training epoch: 30 	 Overall Accuracy: 83.44%	 Before inlet accuracy: 84.74% 	 After inlet accuracy: 78.16%
2022-03-26 12:56:13,800 - ===> Train Epoch: 31 	 Accuracy: 81.45% 	 Loss: 0.92909533
2022-03-26 12:59:12,951 - ===> Validation after Training epoch: 31 	 Overall Accuracy: 83.14%	 Before inlet accuracy: 84.50% 	 After inlet accuracy: 77.77%
