2022-03-12 05:29:41,960 - ### Training Machine Ip address ###
 127.0.1.1

2022-03-12 05:29:41,961 - ### Model summary below###
 Downstream(
  (decoder): Decoder(
    (linear): ModuleList(
      (0): Linear(in_features=256, out_features=128, bias=True)
      (1): ReLU()
      (2): Linear(in_features=128, out_features=64, bias=True)
      (3): ReLU()
      (4): Linear(in_features=64, out_features=32, bias=True)
      (5): ReLU()
      (6): Linear(in_features=32, out_features=16, bias=True)
      (7): ReLU()
    )
    (out): Linear(in_features=16, out_features=4, bias=True)
    (softmax): Softmax(dim=None)
  )
  (softmax): Softmax(dim=None)
  (lsoftmax): LogSoftmax(dim=None)
  (loss_mean): CrossEntropyLoss()
)

2022-03-12 05:29:41,961 - ===> Configuration parameter
                                    GPU_id: 3
                                    batch_size: 64
                                    epoch: 300
                                    n_warmup_steps: 30
                                    validataion_period: 1
                                    ckpt_period: 5
                                    ckpt_dir: /home/user/data/HyeongseokJeon/HMC_prediction/ckpt/
                                    learning_rate: 1e-06
                                    logging: True
                                    data_dir_train: /home/user/data/HyeongseokJeon/HMC_prediction/data/drone_data/processed/train/
                                    data_dir_val: /home/user/data/HyeongseokJeon/HMC_prediction/data/drone_data/processed/val/
                                    data_dir_orig: /home/user/data/HyeongseokJeon/HMC_prediction/data/drone_data/processed/archive/
                                    occlusion_rate: 0.2
                                    splicing_num: 128
                                    LC_multiple: 5
                                    FOV: 30
                                    interpolate: False
                                    max_pred_time: 5
                                    max_hist_time: 10
                                    hz: 2
                                    val_rate: 0.2
                                    n_linear_layer: 4
                                    n_hidden_after_deconv: 256
                                    log_dir: logs/

2022-03-12 05:29:41,961 - ===> Model total parameter: 43828
2022-03-12 05:29:41,961 - ### Selected Encoder model >>> File_id : maneuver_prediction-2022-03-10_04_02_34
2022-03-12 05:29:41,961 - ### Selected Encoder weight >>> weight_id : model_115.pt
2022-03-12 05:29:41,961 - ===> Model Training Start
2022-03-12 05:43:18,927 - ===> Train Epoch: 1 	 Accuracy: 25.95% 	 Loss: 1.40015622
2022-03-12 05:48:38,141 - ===> Validation after Training epoch: 1 	 Overall Accuracy: 35.84%	 Before inlet accuracy: 33.67% 	 After inlet accuracy: 45.76%
2022-03-12 06:07:41,688 - ===> Train Epoch: 2 	 Accuracy: 25.93% 	 Loss: 1.39606971
2022-03-12 06:13:01,908 - ===> Validation after Training epoch: 2 	 Overall Accuracy: 35.85%	 Before inlet accuracy: 33.55% 	 After inlet accuracy: 46.51%
2022-03-12 06:32:00,961 - ===> Train Epoch: 3 	 Accuracy: 25.99% 	 Loss: 1.39161691
2022-03-12 06:37:22,648 - ===> Validation after Training epoch: 3 	 Overall Accuracy: 35.32%	 Before inlet accuracy: 32.97% 	 After inlet accuracy: 46.19%
2022-03-12 06:56:17,491 - ===> Train Epoch: 4 	 Accuracy: 25.99% 	 Loss: 1.38688869
2022-03-12 07:01:37,907 - ===> Validation after Training epoch: 4 	 Overall Accuracy: 35.37%	 Before inlet accuracy: 33.03% 	 After inlet accuracy: 46.03%
2022-03-12 07:20:33,570 - ===> Train Epoch: 5 	 Accuracy: 26.08% 	 Loss: 1.38073026
2022-03-12 07:25:55,381 - ===> Validation after Training epoch: 5 	 Overall Accuracy: 35.39%	 Before inlet accuracy: 32.97% 	 After inlet accuracy: 46.30%
2022-03-12 07:44:54,582 - ===> Train Epoch: 6 	 Accuracy: 26.08% 	 Loss: 1.37282885
2022-03-12 07:50:13,925 - ===> Validation after Training epoch: 6 	 Overall Accuracy: 36.06%	 Before inlet accuracy: 33.76% 	 After inlet accuracy: 46.50%
2022-03-12 08:09:13,673 - ===> Train Epoch: 7 	 Accuracy: 26.41% 	 Loss: 1.36176933
2022-03-12 08:14:39,505 - ===> Validation after Training epoch: 7 	 Overall Accuracy: 35.60%	 Before inlet accuracy: 33.24% 	 After inlet accuracy: 46.17%
2022-03-12 08:33:36,324 - ===> Train Epoch: 8 	 Accuracy: 31.30% 	 Loss: 1.34857355
2022-03-12 08:39:03,879 - ===> Validation after Training epoch: 8 	 Overall Accuracy: 60.39%	 Before inlet accuracy: 62.26% 	 After inlet accuracy: 51.71%
2022-03-12 08:58:02,919 - ===> Train Epoch: 9 	 Accuracy: 61.28% 	 Loss: 1.33189316
2022-03-12 09:03:22,889 - ===> Validation after Training epoch: 9 	 Overall Accuracy: 77.33%	 Before inlet accuracy: 79.14% 	 After inlet accuracy: 68.89%
2022-03-12 09:22:26,009 - ===> Train Epoch: 10 	 Accuracy: 75.00% 	 Loss: 1.31211387
2022-03-12 09:27:45,615 - ===> Validation after Training epoch: 10 	 Overall Accuracy: 81.96%	 Before inlet accuracy: 83.67% 	 After inlet accuracy: 74.23%
2022-03-12 09:46:41,404 - ===> Train Epoch: 11 	 Accuracy: 79.64% 	 Loss: 1.28932160
2022-03-12 09:52:04,343 - ===> Validation after Training epoch: 11 	 Overall Accuracy: 83.27%	 Before inlet accuracy: 84.42% 	 After inlet accuracy: 77.89%
2022-03-12 10:11:08,578 - ===> Train Epoch: 12 	 Accuracy: 80.70% 	 Loss: 1.26369535
2022-03-12 10:16:33,095 - ===> Validation after Training epoch: 12 	 Overall Accuracy: 83.24%	 Before inlet accuracy: 84.49% 	 After inlet accuracy: 77.48%
2022-03-12 10:35:33,848 - ===> Train Epoch: 13 	 Accuracy: 80.48% 	 Loss: 1.23594077
2022-03-12 10:40:55,416 - ===> Validation after Training epoch: 13 	 Overall Accuracy: 82.42%	 Before inlet accuracy: 83.67% 	 After inlet accuracy: 76.76%
2022-03-12 10:59:51,420 - ===> Train Epoch: 14 	 Accuracy: 80.36% 	 Loss: 1.20674279
2022-03-12 11:05:17,873 - ===> Validation after Training epoch: 14 	 Overall Accuracy: 82.75%	 Before inlet accuracy: 84.09% 	 After inlet accuracy: 76.73%
2022-03-12 11:24:12,213 - ===> Train Epoch: 15 	 Accuracy: 80.09% 	 Loss: 1.17681903
2022-03-12 11:29:32,132 - ===> Validation after Training epoch: 15 	 Overall Accuracy: 82.80%	 Before inlet accuracy: 84.15% 	 After inlet accuracy: 76.52%
2022-03-12 11:48:33,244 - ===> Train Epoch: 16 	 Accuracy: 80.33% 	 Loss: 1.14665751
2022-03-12 11:53:53,649 - ===> Validation after Training epoch: 16 	 Overall Accuracy: 82.63%	 Before inlet accuracy: 83.87% 	 After inlet accuracy: 76.98%
2022-03-12 12:12:52,035 - ===> Train Epoch: 17 	 Accuracy: 80.39% 	 Loss: 1.11878295
2022-03-12 12:18:13,215 - ===> Validation after Training epoch: 17 	 Overall Accuracy: 82.83%	 Before inlet accuracy: 84.21% 	 After inlet accuracy: 76.54%
2022-03-12 12:37:20,562 - ===> Train Epoch: 18 	 Accuracy: 80.67% 	 Loss: 1.09240074
2022-03-12 12:42:42,173 - ===> Validation after Training epoch: 18 	 Overall Accuracy: 83.31%	 Before inlet accuracy: 84.38% 	 After inlet accuracy: 78.43%
2022-03-12 13:01:39,249 - ===> Train Epoch: 19 	 Accuracy: 80.74% 	 Loss: 1.06987953
2022-03-12 13:06:57,535 - ===> Validation after Training epoch: 19 	 Overall Accuracy: 83.13%	 Before inlet accuracy: 84.27% 	 After inlet accuracy: 77.91%
2022-03-12 13:25:56,073 - ===> Train Epoch: 20 	 Accuracy: 81.13% 	 Loss: 1.04830898
2022-03-12 13:31:17,551 - ===> Validation after Training epoch: 20 	 Overall Accuracy: 83.46%	 Before inlet accuracy: 84.46% 	 After inlet accuracy: 78.83%
2022-03-12 13:50:18,789 - ===> Train Epoch: 21 	 Accuracy: 81.46% 	 Loss: 1.02862723
2022-03-12 13:55:38,067 - ===> Validation after Training epoch: 21 	 Overall Accuracy: 83.88%	 Before inlet accuracy: 84.87% 	 After inlet accuracy: 79.37%
2022-03-12 14:14:33,322 - ===> Train Epoch: 22 	 Accuracy: 81.57% 	 Loss: 1.01248230
2022-03-12 14:19:54,907 - ===> Validation after Training epoch: 22 	 Overall Accuracy: 83.87%	 Before inlet accuracy: 84.55% 	 After inlet accuracy: 80.68%
2022-03-12 14:38:56,718 - ===> Train Epoch: 23 	 Accuracy: 81.46% 	 Loss: 1.00206162
2022-03-12 14:44:19,351 - ===> Validation after Training epoch: 23 	 Overall Accuracy: 83.84%	 Before inlet accuracy: 84.70% 	 After inlet accuracy: 79.87%
2022-03-12 15:03:16,915 - ===> Train Epoch: 24 	 Accuracy: 81.64% 	 Loss: 0.98928181
2022-03-12 15:08:36,547 - ===> Validation after Training epoch: 24 	 Overall Accuracy: 84.00%	 Before inlet accuracy: 84.59% 	 After inlet accuracy: 81.24%
2022-03-12 15:27:36,229 - ===> Train Epoch: 25 	 Accuracy: 81.76% 	 Loss: 0.97933511
2022-03-12 15:32:58,017 - ===> Validation after Training epoch: 25 	 Overall Accuracy: 83.77%	 Before inlet accuracy: 84.55% 	 After inlet accuracy: 80.19%
2022-03-12 15:52:04,196 - ===> Train Epoch: 26 	 Accuracy: 81.69% 	 Loss: 0.97308685
2022-03-12 15:57:27,434 - ===> Validation after Training epoch: 26 	 Overall Accuracy: 83.71%	 Before inlet accuracy: 84.60% 	 After inlet accuracy: 79.68%
2022-03-12 16:16:19,912 - ===> Train Epoch: 27 	 Accuracy: 82.19% 	 Loss: 0.96335120
2022-03-12 16:21:38,992 - ===> Validation after Training epoch: 27 	 Overall Accuracy: 84.52%	 Before inlet accuracy: 85.47% 	 After inlet accuracy: 80.19%
2022-03-12 16:40:39,791 - ===> Train Epoch: 28 	 Accuracy: 82.06% 	 Loss: 0.95872537
2022-03-12 16:46:02,441 - ===> Validation after Training epoch: 28 	 Overall Accuracy: 84.52%	 Before inlet accuracy: 85.26% 	 After inlet accuracy: 81.14%
2022-03-12 17:05:03,638 - ===> Train Epoch: 29 	 Accuracy: 82.22% 	 Loss: 0.95306063
2022-03-12 17:10:22,540 - ===> Validation after Training epoch: 29 	 Overall Accuracy: 84.43%	 Before inlet accuracy: 85.31% 	 After inlet accuracy: 80.44%
2022-03-12 17:29:24,039 - ===> Train Epoch: 30 	 Accuracy: 82.42% 	 Loss: 0.94759913
2022-03-12 17:34:41,367 - ===> Validation after Training epoch: 30 	 Overall Accuracy: 84.61%	 Before inlet accuracy: 85.49% 	 After inlet accuracy: 80.62%
2022-03-12 17:53:38,978 - ===> Train Epoch: 31 	 Accuracy: 82.14% 	 Loss: 0.94654775
2022-03-12 17:58:59,167 - ===> Validation after Training epoch: 31 	 Overall Accuracy: 84.38%	 Before inlet accuracy: 85.17% 	 After inlet accuracy: 80.72%
2022-03-12 18:17:55,758 - ===> Train Epoch: 32 	 Accuracy: 82.35% 	 Loss: 0.94205988
2022-03-12 18:23:15,249 - ===> Validation after Training epoch: 32 	 Overall Accuracy: 84.90%	 Before inlet accuracy: 85.56% 	 After inlet accuracy: 81.84%
2022-03-12 18:42:14,708 - ===> Train Epoch: 33 	 Accuracy: 82.44% 	 Loss: 0.93828150
2022-03-12 18:47:33,100 - ===> Validation after Training epoch: 33 	 Overall Accuracy: 84.77%	 Before inlet accuracy: 85.58% 	 After inlet accuracy: 81.06%
2022-03-12 19:06:32,563 - ===> Train Epoch: 34 	 Accuracy: 82.58% 	 Loss: 0.93553990
2022-03-12 19:11:54,483 - ===> Validation after Training epoch: 34 	 Overall Accuracy: 84.59%	 Before inlet accuracy: 85.30% 	 After inlet accuracy: 81.31%
2022-03-12 19:31:00,626 - ===> Train Epoch: 35 	 Accuracy: 82.73% 	 Loss: 0.93258687
2022-03-12 19:36:22,495 - ===> Validation after Training epoch: 35 	 Overall Accuracy: 84.53%	 Before inlet accuracy: 85.33% 	 After inlet accuracy: 80.76%
2022-03-12 19:55:20,135 - ===> Train Epoch: 36 	 Accuracy: 82.53% 	 Loss: 0.93297236
2022-03-12 20:00:41,933 - ===> Validation after Training epoch: 36 	 Overall Accuracy: 84.81%	 Before inlet accuracy: 85.41% 	 After inlet accuracy: 82.00%
2022-03-12 20:19:42,996 - ===> Train Epoch: 37 	 Accuracy: 82.55% 	 Loss: 0.93149714
2022-03-12 20:25:04,592 - ===> Validation after Training epoch: 37 	 Overall Accuracy: 84.65%	 Before inlet accuracy: 85.57% 	 After inlet accuracy: 80.48%
2022-03-12 20:44:03,777 - ===> Train Epoch: 38 	 Accuracy: 82.48% 	 Loss: 0.93040064
2022-03-12 20:49:26,789 - ===> Validation after Training epoch: 38 	 Overall Accuracy: 84.48%	 Before inlet accuracy: 85.29% 	 After inlet accuracy: 80.80%
2022-03-12 21:08:29,345 - ===> Train Epoch: 39 	 Accuracy: 82.80% 	 Loss: 0.92656904
2022-03-12 21:13:48,068 - ===> Validation after Training epoch: 39 	 Overall Accuracy: 84.57%	 Before inlet accuracy: 85.29% 	 After inlet accuracy: 81.27%
2022-03-12 21:32:45,251 - ===> Train Epoch: 40 	 Accuracy: 82.40% 	 Loss: 0.92958649
2022-03-12 21:38:06,724 - ===> Validation after Training epoch: 40 	 Overall Accuracy: 85.10%	 Before inlet accuracy: 85.86% 	 After inlet accuracy: 81.57%
2022-03-12 21:57:08,741 - ===> Train Epoch: 41 	 Accuracy: 82.63% 	 Loss: 0.92618781
2022-03-12 22:02:27,369 - ===> Validation after Training epoch: 41 	 Overall Accuracy: 84.40%	 Before inlet accuracy: 85.24% 	 After inlet accuracy: 80.59%
2022-03-12 22:21:28,170 - ===> Train Epoch: 42 	 Accuracy: 83.08% 	 Loss: 0.92151702
2022-03-12 22:26:51,031 - ===> Validation after Training epoch: 42 	 Overall Accuracy: 84.15%	 Before inlet accuracy: 84.77% 	 After inlet accuracy: 81.29%
2022-03-12 22:45:52,947 - ===> Train Epoch: 43 	 Accuracy: 82.64% 	 Loss: 0.92488189
2022-03-12 22:51:14,325 - ===> Validation after Training epoch: 43 	 Overall Accuracy: 84.65%	 Before inlet accuracy: 85.47% 	 After inlet accuracy: 80.93%
2022-03-12 23:10:19,339 - ===> Train Epoch: 44 	 Accuracy: 82.86% 	 Loss: 0.92207128
2022-03-12 23:15:41,546 - ===> Validation after Training epoch: 44 	 Overall Accuracy: 84.61%	 Before inlet accuracy: 85.42% 	 After inlet accuracy: 80.94%
2022-03-12 23:34:39,352 - ===> Train Epoch: 45 	 Accuracy: 82.94% 	 Loss: 0.92126249
2022-03-12 23:40:02,179 - ===> Validation after Training epoch: 45 	 Overall Accuracy: 84.38%	 Before inlet accuracy: 84.96% 	 After inlet accuracy: 81.72%
2022-03-12 23:59:02,726 - ===> Train Epoch: 46 	 Accuracy: 82.81% 	 Loss: 0.92176888
2022-03-13 00:04:22,854 - ===> Validation after Training epoch: 46 	 Overall Accuracy: 85.42%	 Before inlet accuracy: 86.01% 	 After inlet accuracy: 82.68%
2022-03-13 00:23:20,113 - ===> Train Epoch: 47 	 Accuracy: 82.90% 	 Loss: 0.92008299
2022-03-13 00:28:42,939 - ===> Validation after Training epoch: 47 	 Overall Accuracy: 84.56%	 Before inlet accuracy: 85.15% 	 After inlet accuracy: 81.90%
2022-03-13 00:47:38,637 - ===> Train Epoch: 48 	 Accuracy: 82.74% 	 Loss: 0.92111413
2022-03-13 00:52:59,919 - ===> Validation after Training epoch: 48 	 Overall Accuracy: 85.07%	 Before inlet accuracy: 85.74% 	 After inlet accuracy: 82.03%
2022-03-13 01:12:00,151 - ===> Train Epoch: 49 	 Accuracy: 83.04% 	 Loss: 0.91803741
2022-03-13 01:17:20,222 - ===> Validation after Training epoch: 49 	 Overall Accuracy: 84.22%	 Before inlet accuracy: 85.15% 	 After inlet accuracy: 80.07%
2022-03-13 01:36:19,479 - ===> Train Epoch: 50 	 Accuracy: 82.87% 	 Loss: 0.91943114
2022-03-13 01:41:41,291 - ===> Validation after Training epoch: 50 	 Overall Accuracy: 84.74%	 Before inlet accuracy: 85.36% 	 After inlet accuracy: 81.89%
2022-03-13 02:00:49,097 - ===> Train Epoch: 51 	 Accuracy: 82.74% 	 Loss: 0.92046102
2022-03-13 02:06:11,331 - ===> Validation after Training epoch: 51 	 Overall Accuracy: 84.82%	 Before inlet accuracy: 85.50% 	 After inlet accuracy: 81.71%
2022-03-13 02:25:08,622 - ===> Train Epoch: 52 	 Accuracy: 82.93% 	 Loss: 0.91822934
2022-03-13 02:30:26,853 - ===> Validation after Training epoch: 52 	 Overall Accuracy: 85.38%	 Before inlet accuracy: 86.30% 	 After inlet accuracy: 81.11%
2022-03-13 02:49:25,139 - ===> Train Epoch: 53 	 Accuracy: 83.10% 	 Loss: 0.91624845
2022-03-13 02:54:45,007 - ===> Validation after Training epoch: 53 	 Overall Accuracy: 84.45%	 Before inlet accuracy: 85.22% 	 After inlet accuracy: 80.98%
2022-03-13 03:13:45,999 - ===> Train Epoch: 54 	 Accuracy: 83.03% 	 Loss: 0.91681374
2022-03-13 03:19:02,051 - ===> Validation after Training epoch: 54 	 Overall Accuracy: 84.90%	 Before inlet accuracy: 85.45% 	 After inlet accuracy: 82.36%
2022-03-13 03:37:59,081 - ===> Train Epoch: 55 	 Accuracy: 83.30% 	 Loss: 0.91454525
2022-03-13 03:43:17,791 - ===> Validation after Training epoch: 55 	 Overall Accuracy: 84.38%	 Before inlet accuracy: 85.11% 	 After inlet accuracy: 81.04%
2022-03-13 04:02:16,384 - ===> Train Epoch: 56 	 Accuracy: 83.01% 	 Loss: 0.91625807
2022-03-13 04:07:35,780 - ===> Validation after Training epoch: 56 	 Overall Accuracy: 84.16%	 Before inlet accuracy: 84.85% 	 After inlet accuracy: 80.92%
2022-03-13 04:26:35,476 - ===> Train Epoch: 57 	 Accuracy: 83.14% 	 Loss: 0.91508815
2022-03-13 04:31:48,998 - ===> Validation after Training epoch: 57 	 Overall Accuracy: 85.09%	 Before inlet accuracy: 85.65% 	 After inlet accuracy: 82.51%
