2022-03-12 05:27:43,738 - ### Training Machine Ip address ###
 127.0.1.1

2022-03-12 05:27:43,738 - ### Model summary below###
 Downstream(
  (decoder): Decoder(
    (linear): ModuleList(
      (0): Linear(in_features=256, out_features=128, bias=True)
      (1): ReLU()
      (2): Linear(in_features=128, out_features=64, bias=True)
      (3): ReLU()
      (4): Linear(in_features=64, out_features=32, bias=True)
      (5): ReLU()
      (6): Linear(in_features=32, out_features=16, bias=True)
      (7): ReLU()
    )
    (out): Linear(in_features=16, out_features=4, bias=True)
    (softmax): Softmax(dim=None)
  )
  (softmax): Softmax(dim=None)
  (lsoftmax): LogSoftmax(dim=None)
  (loss_mean): CrossEntropyLoss()
)

2022-03-12 05:27:43,738 - ===> Configuration parameter
                                    GPU_id: 1
                                    batch_size: 64
                                    epoch: 300
                                    n_warmup_steps: 30
                                    validataion_period: 1
                                    ckpt_period: 5
                                    ckpt_dir: /home/user/data/HyeongseokJeon/HMC_prediction/ckpt/
                                    learning_rate: 1e-06
                                    logging: True
                                    data_dir_train: /home/user/data/HyeongseokJeon/HMC_prediction/data/drone_data/processed/train/
                                    data_dir_val: /home/user/data/HyeongseokJeon/HMC_prediction/data/drone_data/processed/val/
                                    data_dir_orig: /home/user/data/HyeongseokJeon/HMC_prediction/data/drone_data/processed/archive/
                                    occlusion_rate: 0.2
                                    splicing_num: 128
                                    LC_multiple: 5
                                    FOV: 30
                                    interpolate: False
                                    max_pred_time: 5
                                    max_hist_time: 10
                                    hz: 2
                                    val_rate: 0.2
                                    n_linear_layer: 4
                                    n_hidden_after_deconv: 256
                                    log_dir: logs/

2022-03-12 05:27:43,738 - ===> Model total parameter: 43828
2022-03-12 05:27:43,738 - ### Selected Encoder model >>> File_id : maneuver_prediction-2022-03-10_04_02_34
2022-03-12 05:27:43,738 - ### Selected Encoder weight >>> weight_id : model_45.pt
2022-03-12 05:27:43,738 - ===> Model Training Start
2022-03-12 05:40:50,473 - ===> Train Epoch: 1 	 Accuracy: 39.81% 	 Loss: 1.37273282
2022-03-12 05:46:11,641 - ===> Validation after Training epoch: 1 	 Overall Accuracy: 36.56%	 Before inlet accuracy: 38.42% 	 After inlet accuracy: 28.10%
2022-03-12 06:05:20,715 - ===> Train Epoch: 2 	 Accuracy: 39.49% 	 Loss: 1.36991575
2022-03-12 06:10:47,017 - ===> Validation after Training epoch: 2 	 Overall Accuracy: 36.30%	 Before inlet accuracy: 38.29% 	 After inlet accuracy: 27.24%
2022-03-12 06:29:55,271 - ===> Train Epoch: 3 	 Accuracy: 39.46% 	 Loss: 1.36619202
2022-03-12 06:35:19,297 - ===> Validation after Training epoch: 3 	 Overall Accuracy: 36.10%	 Before inlet accuracy: 37.77% 	 After inlet accuracy: 28.40%
2022-03-12 06:54:34,457 - ===> Train Epoch: 4 	 Accuracy: 39.79% 	 Loss: 1.36147040
2022-03-12 06:59:59,019 - ===> Validation after Training epoch: 4 	 Overall Accuracy: 36.44%	 Before inlet accuracy: 38.52% 	 After inlet accuracy: 26.92%
2022-03-12 07:19:16,381 - ===> Train Epoch: 5 	 Accuracy: 39.55% 	 Loss: 1.35652091
2022-03-12 07:24:41,627 - ===> Validation after Training epoch: 5 	 Overall Accuracy: 36.89%	 Before inlet accuracy: 38.86% 	 After inlet accuracy: 27.79%
2022-03-12 07:43:57,732 - ===> Train Epoch: 6 	 Accuracy: 39.74% 	 Loss: 1.34997107
2022-03-12 07:49:21,824 - ===> Validation after Training epoch: 6 	 Overall Accuracy: 36.64%	 Before inlet accuracy: 38.61% 	 After inlet accuracy: 27.63%
2022-03-12 08:08:37,167 - ===> Train Epoch: 7 	 Accuracy: 39.31% 	 Loss: 1.34120933
2022-03-12 08:14:04,480 - ===> Validation after Training epoch: 7 	 Overall Accuracy: 36.86%	 Before inlet accuracy: 38.84% 	 After inlet accuracy: 27.68%
2022-03-12 08:33:17,475 - ===> Train Epoch: 8 	 Accuracy: 42.56% 	 Loss: 1.32898610
2022-03-12 08:38:43,019 - ===> Validation after Training epoch: 8 	 Overall Accuracy: 43.28%	 Before inlet accuracy: 46.51% 	 After inlet accuracy: 28.51%
2022-03-12 08:57:54,016 - ===> Train Epoch: 9 	 Accuracy: 52.61% 	 Loss: 1.31521939
2022-03-12 09:03:20,916 - ===> Validation after Training epoch: 9 	 Overall Accuracy: 52.93%	 Before inlet accuracy: 56.56% 	 After inlet accuracy: 36.43%
2022-03-12 09:22:37,505 - ===> Train Epoch: 10 	 Accuracy: 61.71% 	 Loss: 1.29808005
2022-03-12 09:28:03,212 - ===> Validation after Training epoch: 10 	 Overall Accuracy: 65.17%	 Before inlet accuracy: 68.38% 	 After inlet accuracy: 50.62%
2022-03-12 09:47:11,972 - ===> Train Epoch: 11 	 Accuracy: 70.28% 	 Loss: 1.27874605
2022-03-12 09:52:39,648 - ===> Validation after Training epoch: 11 	 Overall Accuracy: 73.47%	 Before inlet accuracy: 76.06% 	 After inlet accuracy: 61.58%
2022-03-12 10:11:51,796 - ===> Train Epoch: 12 	 Accuracy: 74.34% 	 Loss: 1.25639752
2022-03-12 10:17:18,464 - ===> Validation after Training epoch: 12 	 Overall Accuracy: 75.94%	 Before inlet accuracy: 78.01% 	 After inlet accuracy: 66.20%
2022-03-12 10:36:27,637 - ===> Train Epoch: 13 	 Accuracy: 76.00% 	 Loss: 1.23204568
2022-03-12 10:41:52,984 - ===> Validation after Training epoch: 13 	 Overall Accuracy: 77.01%	 Before inlet accuracy: 79.09% 	 After inlet accuracy: 67.42%
2022-03-12 11:01:03,942 - ===> Train Epoch: 14 	 Accuracy: 76.88% 	 Loss: 1.20689067
2022-03-12 11:06:33,129 - ===> Validation after Training epoch: 14 	 Overall Accuracy: 78.31%	 Before inlet accuracy: 80.46% 	 After inlet accuracy: 68.48%
2022-03-12 11:25:44,782 - ===> Train Epoch: 15 	 Accuracy: 77.47% 	 Loss: 1.18116332
2022-03-12 11:31:08,129 - ===> Validation after Training epoch: 15 	 Overall Accuracy: 79.74%	 Before inlet accuracy: 81.86% 	 After inlet accuracy: 70.13%
2022-03-12 11:50:23,046 - ===> Train Epoch: 16 	 Accuracy: 78.18% 	 Loss: 1.15471159
2022-03-12 11:55:50,107 - ===> Validation after Training epoch: 16 	 Overall Accuracy: 80.61%	 Before inlet accuracy: 82.59% 	 After inlet accuracy: 71.62%
2022-03-12 12:15:05,655 - ===> Train Epoch: 17 	 Accuracy: 78.65% 	 Loss: 1.12968869
2022-03-12 12:20:29,557 - ===> Validation after Training epoch: 17 	 Overall Accuracy: 80.89%	 Before inlet accuracy: 82.46% 	 After inlet accuracy: 73.54%
2022-03-12 12:39:49,236 - ===> Train Epoch: 18 	 Accuracy: 79.02% 	 Loss: 1.10599640
2022-03-12 12:45:15,123 - ===> Validation after Training epoch: 18 	 Overall Accuracy: 81.69%	 Before inlet accuracy: 83.24% 	 After inlet accuracy: 74.73%
2022-03-12 13:04:27,513 - ===> Train Epoch: 19 	 Accuracy: 79.41% 	 Loss: 1.08450119
2022-03-12 13:09:51,841 - ===> Validation after Training epoch: 19 	 Overall Accuracy: 82.06%	 Before inlet accuracy: 83.36% 	 After inlet accuracy: 76.13%
2022-03-12 13:29:06,012 - ===> Train Epoch: 20 	 Accuracy: 80.78% 	 Loss: 1.05781489
2022-03-12 13:34:35,414 - ===> Validation after Training epoch: 20 	 Overall Accuracy: 82.05%	 Before inlet accuracy: 83.15% 	 After inlet accuracy: 76.95%
2022-03-12 13:53:51,270 - ===> Train Epoch: 21 	 Accuracy: 80.58% 	 Loss: 1.04140107
2022-03-12 13:59:17,129 - ===> Validation after Training epoch: 21 	 Overall Accuracy: 83.50%	 Before inlet accuracy: 84.73% 	 After inlet accuracy: 77.86%
2022-03-12 14:18:30,398 - ===> Train Epoch: 22 	 Accuracy: 81.13% 	 Loss: 1.02267330
2022-03-12 14:23:58,350 - ===> Validation after Training epoch: 22 	 Overall Accuracy: 82.73%	 Before inlet accuracy: 83.76% 	 After inlet accuracy: 78.04%
2022-03-12 14:43:08,934 - ===> Train Epoch: 23 	 Accuracy: 81.19% 	 Loss: 1.00755153
2022-03-12 14:48:31,782 - ===> Validation after Training epoch: 23 	 Overall Accuracy: 83.64%	 Before inlet accuracy: 84.77% 	 After inlet accuracy: 78.51%
2022-03-12 15:07:38,551 - ===> Train Epoch: 24 	 Accuracy: 81.54% 	 Loss: 0.99384147
2022-03-12 15:13:06,804 - ===> Validation after Training epoch: 24 	 Overall Accuracy: 83.60%	 Before inlet accuracy: 84.42% 	 After inlet accuracy: 79.82%
2022-03-12 15:32:21,297 - ===> Train Epoch: 25 	 Accuracy: 81.57% 	 Loss: 0.98322174
2022-03-12 15:37:46,064 - ===> Validation after Training epoch: 25 	 Overall Accuracy: 83.97%	 Before inlet accuracy: 84.86% 	 After inlet accuracy: 79.90%
2022-03-12 15:57:03,575 - ===> Train Epoch: 26 	 Accuracy: 81.86% 	 Loss: 0.97162728
2022-03-12 16:02:28,807 - ===> Validation after Training epoch: 26 	 Overall Accuracy: 83.42%	 Before inlet accuracy: 84.52% 	 After inlet accuracy: 78.55%
2022-03-12 16:21:41,141 - ===> Train Epoch: 27 	 Accuracy: 81.63% 	 Loss: 0.96697750
2022-03-12 16:27:07,510 - ===> Validation after Training epoch: 27 	 Overall Accuracy: 84.31%	 Before inlet accuracy: 85.21% 	 After inlet accuracy: 80.20%
2022-03-12 16:46:27,455 - ===> Train Epoch: 28 	 Accuracy: 81.40% 	 Loss: 0.96262592
2022-03-12 16:51:53,247 - ===> Validation after Training epoch: 28 	 Overall Accuracy: 83.91%	 Before inlet accuracy: 84.80% 	 After inlet accuracy: 79.82%
2022-03-12 17:11:05,565 - ===> Train Epoch: 29 	 Accuracy: 82.19% 	 Loss: 0.95166129
2022-03-12 17:16:32,704 - ===> Validation after Training epoch: 29 	 Overall Accuracy: 84.39%	 Before inlet accuracy: 85.26% 	 After inlet accuracy: 80.39%
2022-03-12 17:35:42,111 - ===> Train Epoch: 30 	 Accuracy: 81.87% 	 Loss: 0.94984708
2022-03-12 17:41:07,395 - ===> Validation after Training epoch: 30 	 Overall Accuracy: 83.98%	 Before inlet accuracy: 84.74% 	 After inlet accuracy: 80.51%
2022-03-12 18:00:21,416 - ===> Train Epoch: 31 	 Accuracy: 82.06% 	 Loss: 0.94514207
2022-03-12 18:05:49,639 - ===> Validation after Training epoch: 31 	 Overall Accuracy: 84.37%	 Before inlet accuracy: 85.03% 	 After inlet accuracy: 81.31%
2022-03-12 18:24:56,820 - ===> Train Epoch: 32 	 Accuracy: 82.01% 	 Loss: 0.94221528
2022-03-12 18:30:20,096 - ===> Validation after Training epoch: 32 	 Overall Accuracy: 83.79%	 Before inlet accuracy: 84.64% 	 After inlet accuracy: 79.94%
2022-03-12 18:49:34,259 - ===> Train Epoch: 33 	 Accuracy: 82.31% 	 Loss: 0.93839704
2022-03-12 18:55:02,956 - ===> Validation after Training epoch: 33 	 Overall Accuracy: 84.39%	 Before inlet accuracy: 85.29% 	 After inlet accuracy: 80.17%
2022-03-12 19:14:15,543 - ===> Train Epoch: 34 	 Accuracy: 82.41% 	 Loss: 0.93501618
2022-03-12 19:19:41,770 - ===> Validation after Training epoch: 34 	 Overall Accuracy: 84.12%	 Before inlet accuracy: 84.88% 	 After inlet accuracy: 80.71%
2022-03-12 19:38:50,344 - ===> Train Epoch: 35 	 Accuracy: 82.36% 	 Loss: 0.93350335
2022-03-12 19:44:17,108 - ===> Validation after Training epoch: 35 	 Overall Accuracy: 84.18%	 Before inlet accuracy: 84.87% 	 After inlet accuracy: 81.03%
2022-03-12 20:03:30,096 - ===> Train Epoch: 36 	 Accuracy: 82.34% 	 Loss: 0.93167875
2022-03-12 20:08:57,568 - ===> Validation after Training epoch: 36 	 Overall Accuracy: 84.69%	 Before inlet accuracy: 85.48% 	 After inlet accuracy: 81.03%
2022-03-12 20:28:06,289 - ===> Train Epoch: 37 	 Accuracy: 82.43% 	 Loss: 0.92966478
2022-03-12 20:33:31,069 - ===> Validation after Training epoch: 37 	 Overall Accuracy: 83.72%	 Before inlet accuracy: 84.51% 	 After inlet accuracy: 80.13%
2022-03-12 20:52:43,300 - ===> Train Epoch: 38 	 Accuracy: 82.52% 	 Loss: 0.92800369
2022-03-12 20:58:10,245 - ===> Validation after Training epoch: 38 	 Overall Accuracy: 84.41%	 Before inlet accuracy: 85.26% 	 After inlet accuracy: 80.51%
2022-03-12 21:17:23,826 - ===> Train Epoch: 39 	 Accuracy: 82.58% 	 Loss: 0.92660883
2022-03-12 21:22:49,951 - ===> Validation after Training epoch: 39 	 Overall Accuracy: 83.86%	 Before inlet accuracy: 84.56% 	 After inlet accuracy: 80.65%
2022-03-12 21:41:57,694 - ===> Train Epoch: 40 	 Accuracy: 82.44% 	 Loss: 0.92684168
2022-03-12 21:47:25,453 - ===> Validation after Training epoch: 40 	 Overall Accuracy: 84.27%	 Before inlet accuracy: 85.01% 	 After inlet accuracy: 80.94%
2022-03-12 22:06:33,408 - ===> Train Epoch: 41 	 Accuracy: 82.64% 	 Loss: 0.92470713
2022-03-12 22:12:00,238 - ===> Validation after Training epoch: 41 	 Overall Accuracy: 84.35%	 Before inlet accuracy: 84.97% 	 After inlet accuracy: 81.48%
2022-03-12 22:31:12,562 - ===> Train Epoch: 42 	 Accuracy: 82.54% 	 Loss: 0.92471650
2022-03-12 22:36:45,468 - ===> Validation after Training epoch: 42 	 Overall Accuracy: 84.78%	 Before inlet accuracy: 85.46% 	 After inlet accuracy: 81.66%
2022-03-12 22:55:55,688 - ===> Train Epoch: 43 	 Accuracy: 82.79% 	 Loss: 0.92143963
2022-03-12 23:01:26,528 - ===> Validation after Training epoch: 43 	 Overall Accuracy: 84.74%	 Before inlet accuracy: 85.41% 	 After inlet accuracy: 81.60%
2022-03-12 23:20:38,481 - ===> Train Epoch: 44 	 Accuracy: 82.64% 	 Loss: 0.92203460
2022-03-12 23:26:08,230 - ===> Validation after Training epoch: 44 	 Overall Accuracy: 84.46%	 Before inlet accuracy: 85.14% 	 After inlet accuracy: 81.34%
2022-03-12 23:45:09,591 - ===> Train Epoch: 45 	 Accuracy: 82.78% 	 Loss: 0.92028312
2022-03-12 23:50:39,172 - ===> Validation after Training epoch: 45 	 Overall Accuracy: 84.31%	 Before inlet accuracy: 85.10% 	 After inlet accuracy: 80.80%
2022-03-13 00:09:52,652 - ===> Train Epoch: 46 	 Accuracy: 83.04% 	 Loss: 0.91771981
2022-03-13 00:15:21,455 - ===> Validation after Training epoch: 46 	 Overall Accuracy: 84.95%	 Before inlet accuracy: 85.71% 	 After inlet accuracy: 81.46%
2022-03-13 00:34:26,482 - ===> Train Epoch: 47 	 Accuracy: 82.92% 	 Loss: 0.91849049
2022-03-13 00:39:56,505 - ===> Validation after Training epoch: 47 	 Overall Accuracy: 84.63%	 Before inlet accuracy: 85.24% 	 After inlet accuracy: 81.73%
2022-03-13 00:59:04,571 - ===> Train Epoch: 48 	 Accuracy: 83.03% 	 Loss: 0.91721834
2022-03-13 01:04:36,077 - ===> Validation after Training epoch: 48 	 Overall Accuracy: 84.83%	 Before inlet accuracy: 85.67% 	 After inlet accuracy: 80.97%
2022-03-13 01:23:45,214 - ===> Train Epoch: 49 	 Accuracy: 83.04% 	 Loss: 0.91641578
2022-03-13 01:29:16,640 - ===> Validation after Training epoch: 49 	 Overall Accuracy: 84.45%	 Before inlet accuracy: 85.21% 	 After inlet accuracy: 80.95%
2022-03-13 01:48:24,245 - ===> Train Epoch: 50 	 Accuracy: 82.95% 	 Loss: 0.91716871
2022-03-13 01:53:55,897 - ===> Validation after Training epoch: 50 	 Overall Accuracy: 84.59%	 Before inlet accuracy: 85.36% 	 After inlet accuracy: 81.08%
2022-03-13 02:13:06,386 - ===> Train Epoch: 51 	 Accuracy: 83.24% 	 Loss: 0.91428234
2022-03-13 02:18:38,962 - ===> Validation after Training epoch: 51 	 Overall Accuracy: 85.09%	 Before inlet accuracy: 85.89% 	 After inlet accuracy: 81.43%
2022-03-13 02:37:50,225 - ===> Train Epoch: 52 	 Accuracy: 82.88% 	 Loss: 0.91728983
2022-03-13 02:43:22,245 - ===> Validation after Training epoch: 52 	 Overall Accuracy: 85.09%	 Before inlet accuracy: 85.79% 	 After inlet accuracy: 81.84%
2022-03-13 03:02:32,107 - ===> Train Epoch: 53 	 Accuracy: 83.18% 	 Loss: 0.91447206
2022-03-13 03:08:01,587 - ===> Validation after Training epoch: 53 	 Overall Accuracy: 84.14%	 Before inlet accuracy: 84.81% 	 After inlet accuracy: 81.10%
2022-03-13 03:27:11,109 - ===> Train Epoch: 54 	 Accuracy: 83.07% 	 Loss: 0.91533770
2022-03-13 03:32:40,600 - ===> Validation after Training epoch: 54 	 Overall Accuracy: 85.08%	 Before inlet accuracy: 86.01% 	 After inlet accuracy: 80.93%
2022-03-13 03:51:47,740 - ===> Train Epoch: 55 	 Accuracy: 83.27% 	 Loss: 0.91326079
2022-03-13 03:57:14,257 - ===> Validation after Training epoch: 55 	 Overall Accuracy: 84.64%	 Before inlet accuracy: 85.44% 	 After inlet accuracy: 80.99%
2022-03-13 04:16:29,058 - ===> Train Epoch: 56 	 Accuracy: 83.10% 	 Loss: 0.91466769
2022-03-13 04:21:45,318 - ===> Validation after Training epoch: 56 	 Overall Accuracy: 84.50%	 Before inlet accuracy: 85.17% 	 After inlet accuracy: 81.43%
2022-03-13 04:33:41,049 - ===> Train Epoch: 57 	 Accuracy: 83.20% 	 Loss: 0.91351101
2022-03-13 04:36:50,715 - ===> Validation after Training epoch: 57 	 Overall Accuracy: 84.24%	 Before inlet accuracy: 84.89% 	 After inlet accuracy: 81.31%
