2022-02-23 03:44:35,634 - ### Training Machine Ip address ###
 192.168.0.7

2022-02-23 03:44:35,634 - ### Model summary below###
 BackBone(
  (encoder): Encoder(
    (groups): ModuleList(
      (0): Sequential(
        (0): Res1d(
          (conv1): Conv1d(3, 32, kernel_size=(3,), stride=(1,), padding=(1,), bias=False)
          (conv2): Conv1d(32, 32, kernel_size=(3,), stride=(1,), padding=(1,), bias=False)
          (relu): ReLU(inplace=True)
          (bn1): GroupNorm(1, 32, eps=1e-05, affine=True)
          (bn2): GroupNorm(1, 32, eps=1e-05, affine=True)
          (downsample): Sequential(
            (0): Conv1d(3, 32, kernel_size=(1,), stride=(1,), bias=False)
            (1): GroupNorm(1, 32, eps=1e-05, affine=True)
          )
        )
        (1): Res1d(
          (conv1): Conv1d(32, 32, kernel_size=(3,), stride=(1,), padding=(1,), bias=False)
          (conv2): Conv1d(32, 32, kernel_size=(3,), stride=(1,), padding=(1,), bias=False)
          (relu): ReLU(inplace=True)
          (bn1): GroupNorm(1, 32, eps=1e-05, affine=True)
          (bn2): GroupNorm(1, 32, eps=1e-05, affine=True)
        )
      )
      (1): Sequential(
        (0): Res1d(
          (conv1): Conv1d(32, 64, kernel_size=(3,), stride=(2,), padding=(1,), bias=False)
          (conv2): Conv1d(64, 64, kernel_size=(3,), stride=(1,), padding=(1,), bias=False)
          (relu): ReLU(inplace=True)
          (bn1): GroupNorm(1, 64, eps=1e-05, affine=True)
          (bn2): GroupNorm(1, 64, eps=1e-05, affine=True)
          (downsample): Sequential(
            (0): Conv1d(32, 64, kernel_size=(1,), stride=(2,), bias=False)
            (1): GroupNorm(1, 64, eps=1e-05, affine=True)
          )
        )
        (1): Res1d(
          (conv1): Conv1d(64, 64, kernel_size=(3,), stride=(1,), padding=(1,), bias=False)
          (conv2): Conv1d(64, 64, kernel_size=(3,), stride=(1,), padding=(1,), bias=False)
          (relu): ReLU(inplace=True)
          (bn1): GroupNorm(1, 64, eps=1e-05, affine=True)
          (bn2): GroupNorm(1, 64, eps=1e-05, affine=True)
        )
      )
      (2): Sequential(
        (0): Res1d(
          (conv1): Conv1d(64, 128, kernel_size=(3,), stride=(2,), padding=(1,), bias=False)
          (conv2): Conv1d(128, 128, kernel_size=(3,), stride=(1,), padding=(1,), bias=False)
          (relu): ReLU(inplace=True)
          (bn1): GroupNorm(1, 128, eps=1e-05, affine=True)
          (bn2): GroupNorm(1, 128, eps=1e-05, affine=True)
          (downsample): Sequential(
            (0): Conv1d(64, 128, kernel_size=(1,), stride=(2,), bias=False)
            (1): GroupNorm(1, 128, eps=1e-05, affine=True)
          )
        )
        (1): Res1d(
          (conv1): Conv1d(128, 128, kernel_size=(3,), stride=(1,), padding=(1,), bias=False)
          (conv2): Conv1d(128, 128, kernel_size=(3,), stride=(1,), padding=(1,), bias=False)
          (relu): ReLU(inplace=True)
          (bn1): GroupNorm(1, 128, eps=1e-05, affine=True)
          (bn2): GroupNorm(1, 128, eps=1e-05, affine=True)
        )
      )
    )
    (lateral): ModuleList(
      (0): Conv1d(
        (conv): Conv1d(32, 256, kernel_size=(3,), stride=(1,), padding=(1,), bias=False)
        (norm): GroupNorm(1, 256, eps=1e-05, affine=True)
        (relu): ReLU(inplace=True)
      )
      (1): Conv1d(
        (conv): Conv1d(64, 256, kernel_size=(3,), stride=(1,), padding=(1,), bias=False)
        (norm): GroupNorm(1, 256, eps=1e-05, affine=True)
        (relu): ReLU(inplace=True)
      )
      (2): Conv1d(
        (conv): Conv1d(128, 256, kernel_size=(3,), stride=(1,), padding=(1,), bias=False)
        (norm): GroupNorm(1, 256, eps=1e-05, affine=True)
        (relu): ReLU(inplace=True)
      )
    )
    (output): Res1d(
      (conv1): Conv1d(256, 256, kernel_size=(3,), stride=(1,), padding=(1,), bias=False)
      (conv2): Conv1d(256, 256, kernel_size=(3,), stride=(1,), padding=(1,), bias=False)
      (relu): ReLU(inplace=True)
      (bn1): GroupNorm(1, 256, eps=1e-05, affine=True)
      (bn2): GroupNorm(1, 256, eps=1e-05, affine=True)
    )
  )
  (autoregressive): AutoRegressive(
    (gru): GRU(256, 128, batch_first=True)
  )
  (Wk): ModuleList(
    (0): Linear(in_features=128, out_features=256, bias=True)
    (1): Linear(in_features=128, out_features=256, bias=True)
    (2): Linear(in_features=128, out_features=256, bias=True)
    (3): Linear(in_features=128, out_features=256, bias=True)
    (4): Linear(in_features=128, out_features=256, bias=True)
    (5): Linear(in_features=128, out_features=256, bias=True)
    (6): Linear(in_features=128, out_features=256, bias=True)
    (7): Linear(in_features=128, out_features=256, bias=True)
    (8): Linear(in_features=128, out_features=256, bias=True)
    (9): Linear(in_features=128, out_features=256, bias=True)
  )
  (softmax): Softmax(dim=None)
  (lsoftmax): LogSoftmax(dim=None)
)

2022-02-23 03:44:35,635 - ===> Configuration parameter
                                    GPU_id: 0
                                    batch_size: 512
                                    epoch: 300
                                    n_warmup_steps: 30
                                    validataion_period: 5
                                    ckpt_period: 10
                                    ckpt_dir: C:\Users\VDCLAB\Desktop\hs\HMC_prediction/ckpt/
                                    data_dir_train: C:\Users\VDCLAB\Desktop\hs\HMC_prediction/data/drone_data/processed/train/
                                    data_dir_val: C:\Users\VDCLAB\Desktop\hs\HMC_prediction/data/drone_data/processed/val/
                                    data_dir_orig: C:\Users\VDCLAB\Desktop\hs\HMC_prediction/data/drone_data/processed/archive/
                                    occlusion_rate: 0.2
                                    splicing_num: 64
                                    LC_multiple: 5
                                    FOV: 30
                                    interpolate: False
                                    max_pred_time: 5
                                    max_hist_time: 10
                                    hz: 2
                                    val_rate: 0.2
                                    n_hidden_after_deconv: 256
                                    n_convgru_layer: 1
                                    convgru_kernel_size: (3, 3)
                                    convgru_output_layer_num: 4
                                    convgru_output_channel_list: [16, 32, 64, 128]
                                    convgru_output_kernel_size_list: [5, 5, 5, 5]
                                    log_dir: logs/

2022-02-23 03:44:35,635 - ===> Model total parameter: 1283392
2022-02-23 03:44:35,635 - ===> Model Training Start
2022-02-23 03:51:42,304 - ===> Train Epoch: 1 	 Accuracy: 1.93%	Loss: 5.19714212
2022-02-23 03:58:45,163 - ===> Train Epoch: 2 	 Accuracy: 6.73%	Loss: 3.68560767
2022-02-23 04:05:45,263 - ===> Train Epoch: 3 	 Accuracy: 12.14%	Loss: 3.03875685
2022-02-23 13:12:42,485 - ===> Train Epoch: 4 	 Accuracy: 17.11%	Loss: 2.67701793
2022-02-23 13:19:43,461 - ===> Train Epoch: 5 	 Accuracy: 20.97%	Loss: 2.43309689
2022-02-23 13:20:30,779 - ===> Validation after Training epoch: 5 	 Accuracy: 5.55%	Loss: 4.45400906
2022-02-23 13:27:35,456 - ===> Train Epoch: 6 	 Accuracy: 24.31%	Loss: 2.30587363
2022-02-23 13:34:34,602 - ===> Train Epoch: 7 	 Accuracy: 27.97%	Loss: 2.13878584
2022-02-23 13:41:33,429 - ===> Train Epoch: 8 	 Accuracy: 29.35%	Loss: 2.07094741
2022-02-23 13:48:32,132 - ===> Train Epoch: 9 	 Accuracy: 32.41%	Loss: 1.94946730
2022-02-23 13:55:31,347 - ===> Train Epoch: 10 	 Accuracy: 34.19%	Loss: 1.88932621
2022-02-23 13:56:18,436 - ===> Validation after Training epoch: 10 	 Accuracy: 5.25%	Loss: 5.78825378
2022-02-23 14:03:17,428 - ===> Train Epoch: 11 	 Accuracy: 36.81%	Loss: 1.78791356
2022-02-23 14:10:19,341 - ===> Train Epoch: 12 	 Accuracy: 38.24%	Loss: 1.73623037
2022-02-23 14:17:25,474 - ===> Train Epoch: 13 	 Accuracy: 40.07%	Loss: 1.66045356
2022-02-23 14:24:28,765 - ===> Train Epoch: 14 	 Accuracy: 41.25%	Loss: 1.63160789
2022-02-23 14:31:32,715 - ===> Train Epoch: 15 	 Accuracy: 43.36%	Loss: 1.54367483
2022-02-23 14:32:20,243 - ===> Validation after Training epoch: 15 	 Accuracy: 6.14%	Loss: 6.87998104
2022-02-23 14:39:21,242 - ===> Train Epoch: 16 	 Accuracy: 44.59%	Loss: 1.50431716
2022-02-23 14:46:20,722 - ===> Train Epoch: 17 	 Accuracy: 43.13%	Loss: 1.57709050
2022-02-23 14:53:18,742 - ===> Train Epoch: 18 	 Accuracy: 46.39%	Loss: 1.43531656
2022-02-23 15:00:19,274 - ===> Train Epoch: 19 	 Accuracy: 48.99%	Loss: 1.34896004
2022-02-23 15:07:22,385 - ===> Train Epoch: 20 	 Accuracy: 50.01%	Loss: 1.30372226
2022-02-23 15:08:10,096 - ===> Validation after Training epoch: 20 	 Accuracy: 5.80%	Loss: 7.96474600
2022-02-23 15:15:12,875 - ===> Train Epoch: 21 	 Accuracy: 49.79%	Loss: 1.31212008
2022-02-23 15:22:15,876 - ===> Train Epoch: 22 	 Accuracy: 51.86%	Loss: 1.23695767
2022-02-23 15:29:18,951 - ===> Train Epoch: 23 	 Accuracy: 51.35%	Loss: 1.23247337
2022-02-23 15:36:21,920 - ===> Train Epoch: 24 	 Accuracy: 53.09%	Loss: 1.18579805
2022-02-23 15:43:24,691 - ===> Train Epoch: 25 	 Accuracy: 53.69%	Loss: 1.16424787
2022-02-23 15:44:12,315 - ===> Validation after Training epoch: 25 	 Accuracy: 6.20%	Loss: 8.36635590
2022-02-23 15:51:15,552 - ===> Train Epoch: 26 	 Accuracy: 54.84%	Loss: 1.12218308
2022-02-23 15:58:18,594 - ===> Train Epoch: 27 	 Accuracy: 56.18%	Loss: 1.10120213
2022-02-23 16:05:21,480 - ===> Train Epoch: 28 	 Accuracy: 56.21%	Loss: 1.09744668
2022-02-23 16:12:24,471 - ===> Train Epoch: 29 	 Accuracy: 59.61%	Loss: 0.99854344
2022-02-23 16:19:27,473 - ===> Train Epoch: 30 	 Accuracy: 59.84%	Loss: 0.99408394
2022-02-23 16:20:15,092 - ===> Validation after Training epoch: 30 	 Accuracy: 5.93%	Loss: 9.58528137
2022-02-23 16:27:18,075 - ===> Train Epoch: 31 	 Accuracy: 61.36%	Loss: 0.94038343
2022-02-23 16:34:20,997 - ===> Train Epoch: 32 	 Accuracy: 62.86%	Loss: 0.91207325
2022-02-23 16:41:24,021 - ===> Train Epoch: 33 	 Accuracy: 61.67%	Loss: 0.94618505
2022-02-23 16:48:26,978 - ===> Train Epoch: 34 	 Accuracy: 63.87%	Loss: 0.86523205
2022-02-23 16:55:29,784 - ===> Train Epoch: 35 	 Accuracy: 64.37%	Loss: 0.85832536
2022-02-23 16:56:17,518 - ===> Validation after Training epoch: 35 	 Accuracy: 6.12%	Loss: 10.24458504
2022-02-23 17:03:20,739 - ===> Train Epoch: 36 	 Accuracy: 66.72%	Loss: 0.79861253
2022-02-23 17:10:23,798 - ===> Train Epoch: 37 	 Accuracy: 65.96%	Loss: 0.81708497
2022-02-23 17:17:26,825 - ===> Train Epoch: 38 	 Accuracy: 68.53%	Loss: 0.75856483
2022-02-23 17:24:29,783 - ===> Train Epoch: 39 	 Accuracy: 67.41%	Loss: 0.77293527
2022-02-23 17:31:32,561 - ===> Train Epoch: 40 	 Accuracy: 69.62%	Loss: 0.72587544
2022-02-23 17:32:20,230 - ===> Validation after Training epoch: 40 	 Accuracy: 6.20%	Loss: 11.09043789
2022-02-23 17:39:23,070 - ===> Train Epoch: 41 	 Accuracy: 66.83%	Loss: 0.84648132
2022-02-23 17:46:25,988 - ===> Train Epoch: 42 	 Accuracy: 71.17%	Loss: 0.69750530
2022-02-23 17:53:28,912 - ===> Train Epoch: 43 	 Accuracy: 72.30%	Loss: 0.66184729
2022-02-23 18:00:32,006 - ===> Train Epoch: 44 	 Accuracy: 71.54%	Loss: 0.67744416
2022-02-23 18:07:34,839 - ===> Train Epoch: 45 	 Accuracy: 71.76%	Loss: 0.68058956
2022-02-23 18:08:22,592 - ===> Validation after Training epoch: 45 	 Accuracy: 5.63%	Loss: 11.57514000
2022-02-23 18:15:25,763 - ===> Train Epoch: 46 	 Accuracy: 72.77%	Loss: 0.65315431
2022-02-23 18:22:29,109 - ===> Train Epoch: 47 	 Accuracy: 74.43%	Loss: 0.61380357
2022-02-23 18:29:32,233 - ===> Train Epoch: 48 	 Accuracy: 73.42%	Loss: 0.64093262
2022-02-23 18:36:35,327 - ===> Train Epoch: 49 	 Accuracy: 74.05%	Loss: 0.61604130
2022-02-23 18:43:38,489 - ===> Train Epoch: 50 	 Accuracy: 74.42%	Loss: 0.61250687
2022-02-23 18:44:26,125 - ===> Validation after Training epoch: 50 	 Accuracy: 5.85%	Loss: 11.93626595
2022-02-23 18:51:27,570 - ===> Train Epoch: 51 	 Accuracy: 73.06%	Loss: 0.64966279
2022-02-23 18:58:25,340 - ===> Train Epoch: 52 	 Accuracy: 75.24%	Loss: 0.59874642
2022-02-23 19:05:23,389 - ===> Train Epoch: 53 	 Accuracy: 76.80%	Loss: 0.55354083
2022-02-23 19:12:20,762 - ===> Train Epoch: 54 	 Accuracy: 77.19%	Loss: 0.54574394
2022-02-23 19:19:19,592 - ===> Train Epoch: 55 	 Accuracy: 76.13%	Loss: 0.57114404
2022-02-23 19:20:07,821 - ===> Validation after Training epoch: 55 	 Accuracy: 5.66%	Loss: 12.26141930
2022-02-23 19:27:07,147 - ===> Train Epoch: 56 	 Accuracy: 73.85%	Loss: 0.63990390
2022-02-23 19:34:05,143 - ===> Train Epoch: 57 	 Accuracy: 78.29%	Loss: 0.51299965
2022-02-23 19:41:03,103 - ===> Train Epoch: 58 	 Accuracy: 76.38%	Loss: 0.56180954
2022-02-23 19:48:00,900 - ===> Train Epoch: 59 	 Accuracy: 76.31%	Loss: 0.57105815
2022-02-23 19:54:59,621 - ===> Train Epoch: 60 	 Accuracy: 77.89%	Loss: 0.52304626
2022-02-23 19:55:46,685 - ===> Validation after Training epoch: 60 	 Accuracy: 5.77%	Loss: 12.91777134
2022-02-23 20:02:45,205 - ===> Train Epoch: 61 	 Accuracy: 78.35%	Loss: 0.50958562
2022-02-23 20:09:43,644 - ===> Train Epoch: 62 	 Accuracy: 78.33%	Loss: 0.50836277
2022-02-23 20:16:41,562 - ===> Train Epoch: 63 	 Accuracy: 78.98%	Loss: 0.49312469
2022-02-23 20:23:39,384 - ===> Train Epoch: 64 	 Accuracy: 78.99%	Loss: 0.48705852
2022-02-23 20:30:37,103 - ===> Train Epoch: 65 	 Accuracy: 79.44%	Loss: 0.48057622
2022-02-23 20:31:24,219 - ===> Validation after Training epoch: 65 	 Accuracy: 6.29%	Loss: 13.28864765
2022-02-23 20:38:22,446 - ===> Train Epoch: 66 	 Accuracy: 79.91%	Loss: 0.46995389
2022-02-23 20:45:20,743 - ===> Train Epoch: 67 	 Accuracy: 79.98%	Loss: 0.47467810
2022-02-23 20:52:18,394 - ===> Train Epoch: 68 	 Accuracy: 80.12%	Loss: 0.46865118
2022-02-23 20:59:16,537 - ===> Train Epoch: 69 	 Accuracy: 79.75%	Loss: 0.47351462
2022-02-23 21:06:14,325 - ===> Train Epoch: 70 	 Accuracy: 80.16%	Loss: 0.47091189
2022-02-23 21:07:01,309 - ===> Validation after Training epoch: 70 	 Accuracy: 5.86%	Loss: 13.82032394
2022-02-23 21:13:59,639 - ===> Train Epoch: 71 	 Accuracy: 79.75%	Loss: 0.46865654
2022-02-23 21:20:57,536 - ===> Train Epoch: 72 	 Accuracy: 80.68%	Loss: 0.44882512
2022-02-23 21:27:55,260 - ===> Train Epoch: 73 	 Accuracy: 80.36%	Loss: 0.45422095
2022-02-23 21:34:52,981 - ===> Train Epoch: 74 	 Accuracy: 78.95%	Loss: 0.50377828
2022-02-23 21:41:51,338 - ===> Train Epoch: 75 	 Accuracy: 80.47%	Loss: 0.45060676
2022-02-23 21:42:38,398 - ===> Validation after Training epoch: 75 	 Accuracy: 5.75%	Loss: 14.09598160
2022-02-23 21:49:40,722 - ===> Train Epoch: 76 	 Accuracy: 80.69%	Loss: 0.44024882
2022-02-23 21:56:43,640 - ===> Train Epoch: 77 	 Accuracy: 79.51%	Loss: 0.49389988
2022-02-23 22:03:46,505 - ===> Train Epoch: 78 	 Accuracy: 81.29%	Loss: 0.43674594
2022-02-23 22:10:49,505 - ===> Train Epoch: 79 	 Accuracy: 81.11%	Loss: 0.43449625
2022-02-23 22:17:52,445 - ===> Train Epoch: 80 	 Accuracy: 81.61%	Loss: 0.42327338
2022-02-23 22:18:40,105 - ===> Validation after Training epoch: 80 	 Accuracy: 5.94%	Loss: 14.14827061
2022-02-23 22:25:43,143 - ===> Train Epoch: 81 	 Accuracy: 81.76%	Loss: 0.41473791
2022-02-23 22:32:46,189 - ===> Train Epoch: 82 	 Accuracy: 78.30%	Loss: 0.53645140
2022-02-23 22:39:45,966 - ===> Train Epoch: 83 	 Accuracy: 81.57%	Loss: 0.42037907
2022-02-23 22:46:43,866 - ===> Train Epoch: 84 	 Accuracy: 81.69%	Loss: 0.41599452
2022-02-23 22:53:41,873 - ===> Train Epoch: 85 	 Accuracy: 82.23%	Loss: 0.40427440
2022-02-23 22:54:28,879 - ===> Validation after Training epoch: 85 	 Accuracy: 5.72%	Loss: 14.38364315
2022-02-23 23:01:26,789 - ===> Train Epoch: 86 	 Accuracy: 81.52%	Loss: 0.42916244
2022-02-23 23:08:24,904 - ===> Train Epoch: 87 	 Accuracy: 81.37%	Loss: 0.42607033
2022-02-23 23:15:22,749 - ===> Train Epoch: 88 	 Accuracy: 81.94%	Loss: 0.40988150
2022-02-23 23:22:20,479 - ===> Train Epoch: 89 	 Accuracy: 82.22%	Loss: 0.40097815
2022-02-23 23:29:18,149 - ===> Train Epoch: 90 	 Accuracy: 81.87%	Loss: 0.40743116
2022-02-23 23:30:05,214 - ===> Validation after Training epoch: 90 	 Accuracy: 5.76%	Loss: 14.65184689
2022-02-23 23:37:03,332 - ===> Train Epoch: 91 	 Accuracy: 82.22%	Loss: 0.39852870
2022-02-23 23:44:00,978 - ===> Train Epoch: 92 	 Accuracy: 78.71%	Loss: 0.52129972
2022-02-23 23:50:58,453 - ===> Train Epoch: 93 	 Accuracy: 82.41%	Loss: 0.39781946
2022-02-23 23:57:56,273 - ===> Train Epoch: 94 	 Accuracy: 82.66%	Loss: 0.38241833
2022-02-24 00:04:54,163 - ===> Train Epoch: 95 	 Accuracy: 82.57%	Loss: 0.39152974
2022-02-24 00:05:41,248 - ===> Validation after Training epoch: 95 	 Accuracy: 5.76%	Loss: 14.71728802
2022-02-24 00:12:39,059 - ===> Train Epoch: 96 	 Accuracy: 82.12%	Loss: 0.40939432
2022-02-24 00:19:36,859 - ===> Train Epoch: 97 	 Accuracy: 80.08%	Loss: 0.48651215
2022-02-24 00:26:34,478 - ===> Train Epoch: 98 	 Accuracy: 83.04%	Loss: 0.37714565
2022-02-24 00:33:36,346 - ===> Train Epoch: 99 	 Accuracy: 82.80%	Loss: 0.38035306
2022-02-24 00:40:34,697 - ===> Train Epoch: 100 	 Accuracy: 81.97%	Loss: 0.41483757
2022-02-24 00:41:22,586 - ===> Validation after Training epoch: 100 	 Accuracy: 6.09%	Loss: 14.73525620
2022-02-24 00:48:20,239 - ===> Train Epoch: 101 	 Accuracy: 82.73%	Loss: 0.37626258
2022-02-24 00:55:18,043 - ===> Train Epoch: 102 	 Accuracy: 82.73%	Loss: 0.37668303
2022-02-24 01:02:15,432 - ===> Train Epoch: 103 	 Accuracy: 82.90%	Loss: 0.37759605
2022-02-24 01:09:13,108 - ===> Train Epoch: 104 	 Accuracy: 82.83%	Loss: 0.38279411
2022-02-24 01:16:10,687 - ===> Train Epoch: 105 	 Accuracy: 82.96%	Loss: 0.37703145
2022-02-24 01:16:57,689 - ===> Validation after Training epoch: 105 	 Accuracy: 6.28%	Loss: 15.45430660
2022-02-24 01:23:55,427 - ===> Train Epoch: 106 	 Accuracy: 83.12%	Loss: 0.37370962
2022-02-24 01:30:53,430 - ===> Train Epoch: 107 	 Accuracy: 83.22%	Loss: 0.37114748
2022-02-24 01:37:50,948 - ===> Train Epoch: 108 	 Accuracy: 83.26%	Loss: 0.36995444
2022-02-24 01:44:48,644 - ===> Train Epoch: 109 	 Accuracy: 83.08%	Loss: 0.36907360
2022-02-24 01:51:46,413 - ===> Train Epoch: 110 	 Accuracy: 83.16%	Loss: 0.37129214
2022-02-24 01:52:33,403 - ===> Validation after Training epoch: 110 	 Accuracy: 5.97%	Loss: 15.46808529
2022-02-24 01:59:30,781 - ===> Train Epoch: 111 	 Accuracy: 83.17%	Loss: 0.36813852
2022-02-24 02:06:28,967 - ===> Train Epoch: 112 	 Accuracy: 80.56%	Loss: 0.46585593
2022-02-24 02:13:26,621 - ===> Train Epoch: 113 	 Accuracy: 83.24%	Loss: 0.37477544
2022-02-24 02:20:24,729 - ===> Train Epoch: 114 	 Accuracy: 83.48%	Loss: 0.36614197
2022-02-24 02:27:26,929 - ===> Train Epoch: 115 	 Accuracy: 83.13%	Loss: 0.37267169
2022-02-24 02:28:14,188 - ===> Validation after Training epoch: 115 	 Accuracy: 5.84%	Loss: 15.00819206
2022-02-24 02:35:12,723 - ===> Train Epoch: 116 	 Accuracy: 83.03%	Loss: 0.37757143
2022-02-24 02:42:11,094 - ===> Train Epoch: 117 	 Accuracy: 83.39%	Loss: 0.35849524
2022-02-24 02:49:08,933 - ===> Train Epoch: 118 	 Accuracy: 83.29%	Loss: 0.36439162
2022-02-24 02:56:06,791 - ===> Train Epoch: 119 	 Accuracy: 83.20%	Loss: 0.36637762
2022-02-24 03:03:05,003 - ===> Train Epoch: 120 	 Accuracy: 83.25%	Loss: 0.36488119
2022-02-24 03:03:52,081 - ===> Validation after Training epoch: 120 	 Accuracy: 5.64%	Loss: 15.42283916
2022-02-24 03:10:49,959 - ===> Train Epoch: 121 	 Accuracy: 83.53%	Loss: 0.35782740
2022-02-24 03:17:47,961 - ===> Train Epoch: 122 	 Accuracy: 83.44%	Loss: 0.36001638
2022-02-24 03:24:45,733 - ===> Train Epoch: 123 	 Accuracy: 83.59%	Loss: 0.35530391
2022-02-24 03:31:43,636 - ===> Train Epoch: 124 	 Accuracy: 83.88%	Loss: 0.35118940
2022-02-24 03:38:41,246 - ===> Train Epoch: 125 	 Accuracy: 83.54%	Loss: 0.35625806
2022-02-24 03:39:28,378 - ===> Validation after Training epoch: 125 	 Accuracy: 5.64%	Loss: 15.99475861
2022-02-24 03:46:26,202 - ===> Train Epoch: 126 	 Accuracy: 83.43%	Loss: 0.35624462
2022-02-24 03:53:24,049 - ===> Train Epoch: 127 	 Accuracy: 83.56%	Loss: 0.35761139
2022-02-24 04:00:21,914 - ===> Train Epoch: 128 	 Accuracy: 83.73%	Loss: 0.35143116
2022-02-24 04:07:19,688 - ===> Train Epoch: 129 	 Accuracy: 83.19%	Loss: 0.35966921
2022-02-24 04:14:17,657 - ===> Train Epoch: 130 	 Accuracy: 83.96%	Loss: 0.34599251
2022-02-24 04:15:04,721 - ===> Validation after Training epoch: 130 	 Accuracy: 5.99%	Loss: 15.83186722
2022-02-24 04:22:02,511 - ===> Train Epoch: 131 	 Accuracy: 83.64%	Loss: 0.35077128
2022-02-24 04:29:00,474 - ===> Train Epoch: 132 	 Accuracy: 83.66%	Loss: 0.35030323
2022-02-24 04:35:58,383 - ===> Train Epoch: 133 	 Accuracy: 83.71%	Loss: 0.35522732
2022-02-24 04:42:56,319 - ===> Train Epoch: 134 	 Accuracy: 83.71%	Loss: 0.35233495
2022-02-24 04:49:54,181 - ===> Train Epoch: 135 	 Accuracy: 83.56%	Loss: 0.35367534
2022-02-24 04:50:41,237 - ===> Validation after Training epoch: 135 	 Accuracy: 5.72%	Loss: 16.05434608
2022-02-24 04:57:39,055 - ===> Train Epoch: 136 	 Accuracy: 83.82%	Loss: 0.34366587
2022-02-24 05:04:36,675 - ===> Train Epoch: 137 	 Accuracy: 83.82%	Loss: 0.34814072
2022-02-24 05:11:34,344 - ===> Train Epoch: 138 	 Accuracy: 83.92%	Loss: 0.35119346
2022-02-24 05:18:32,444 - ===> Train Epoch: 139 	 Accuracy: 84.02%	Loss: 0.34426752
2022-02-24 05:25:30,588 - ===> Train Epoch: 140 	 Accuracy: 83.81%	Loss: 0.34866166
2022-02-24 05:26:17,655 - ===> Validation after Training epoch: 140 	 Accuracy: 5.42%	Loss: 16.07653809
2022-02-24 05:33:15,659 - ===> Train Epoch: 141 	 Accuracy: 84.21%	Loss: 0.34066415
2022-02-24 05:40:13,236 - ===> Train Epoch: 142 	 Accuracy: 83.69%	Loss: 0.34690154
2022-02-24 05:47:11,066 - ===> Train Epoch: 143 	 Accuracy: 84.15%	Loss: 0.34017873
2022-02-24 05:54:08,718 - ===> Train Epoch: 144 	 Accuracy: 83.95%	Loss: 0.34358126
2022-02-24 06:01:06,358 - ===> Train Epoch: 145 	 Accuracy: 83.72%	Loss: 0.34555769
2022-02-24 06:01:53,445 - ===> Validation after Training epoch: 145 	 Accuracy: 5.62%	Loss: 16.49242592
2022-02-24 06:08:50,879 - ===> Train Epoch: 146 	 Accuracy: 84.49%	Loss: 0.33334476
2022-02-24 06:15:48,217 - ===> Train Epoch: 147 	 Accuracy: 83.08%	Loss: 0.39012527
2022-02-24 06:22:46,008 - ===> Train Epoch: 148 	 Accuracy: 84.05%	Loss: 0.34227073
2022-02-24 06:29:43,844 - ===> Train Epoch: 149 	 Accuracy: 83.84%	Loss: 0.34160754
2022-02-24 06:36:41,635 - ===> Train Epoch: 150 	 Accuracy: 84.00%	Loss: 0.34418136
2022-02-24 06:37:28,741 - ===> Validation after Training epoch: 150 	 Accuracy: 5.90%	Loss: 16.27418518
2022-02-24 06:44:26,467 - ===> Train Epoch: 151 	 Accuracy: 84.45%	Loss: 0.33017391
2022-02-24 06:51:23,999 - ===> Train Epoch: 152 	 Accuracy: 84.10%	Loss: 0.33591172
2022-02-24 06:58:21,822 - ===> Train Epoch: 153 	 Accuracy: 84.08%	Loss: 0.34188375
2022-02-24 07:05:19,682 - ===> Train Epoch: 154 	 Accuracy: 84.18%	Loss: 0.34105787
2022-02-24 07:12:17,268 - ===> Train Epoch: 155 	 Accuracy: 84.19%	Loss: 0.33290663
2022-02-24 07:13:04,279 - ===> Validation after Training epoch: 155 	 Accuracy: 5.57%	Loss: 16.43339157
2022-02-24 07:20:01,881 - ===> Train Epoch: 156 	 Accuracy: 82.97%	Loss: 0.39576820
2022-02-24 07:26:59,540 - ===> Train Epoch: 157 	 Accuracy: 84.17%	Loss: 0.33876827
2022-02-24 07:33:57,211 - ===> Train Epoch: 158 	 Accuracy: 84.28%	Loss: 0.33114791
2022-02-24 07:40:55,218 - ===> Train Epoch: 159 	 Accuracy: 84.26%	Loss: 0.33205098
2022-02-24 07:47:52,910 - ===> Train Epoch: 160 	 Accuracy: 84.01%	Loss: 0.33689320
2022-02-24 07:48:39,978 - ===> Validation after Training epoch: 160 	 Accuracy: 5.67%	Loss: 16.55824089
2022-02-24 07:55:37,858 - ===> Train Epoch: 161 	 Accuracy: 84.52%	Loss: 0.33126467
2022-02-24 08:02:35,792 - ===> Train Epoch: 162 	 Accuracy: 83.74%	Loss: 0.34638786
2022-02-24 08:09:33,299 - ===> Train Epoch: 163 	 Accuracy: 84.28%	Loss: 0.33097467
2022-02-24 08:16:30,938 - ===> Train Epoch: 164 	 Accuracy: 84.15%	Loss: 0.33331609
2022-02-24 08:23:28,576 - ===> Train Epoch: 165 	 Accuracy: 82.49%	Loss: 0.40992177
2022-02-24 08:24:15,617 - ===> Validation after Training epoch: 165 	 Accuracy: 5.89%	Loss: 15.76625156
2022-02-24 08:31:13,590 - ===> Train Epoch: 166 	 Accuracy: 84.28%	Loss: 0.33120447
2022-02-24 08:38:11,169 - ===> Train Epoch: 167 	 Accuracy: 84.33%	Loss: 0.32671675
2022-02-24 08:45:08,869 - ===> Train Epoch: 168 	 Accuracy: 84.04%	Loss: 0.34452948
2022-02-24 08:52:06,555 - ===> Train Epoch: 169 	 Accuracy: 84.20%	Loss: 0.33160159
2022-02-24 08:59:04,026 - ===> Train Epoch: 170 	 Accuracy: 84.74%	Loss: 0.32374331
2022-02-24 08:59:51,060 - ===> Validation after Training epoch: 170 	 Accuracy: 5.61%	Loss: 16.34425545
2022-02-24 09:06:48,498 - ===> Train Epoch: 171 	 Accuracy: 83.97%	Loss: 0.34146783
2022-02-24 09:13:46,202 - ===> Train Epoch: 172 	 Accuracy: 84.15%	Loss: 0.34022039
2022-02-24 09:20:44,132 - ===> Train Epoch: 173 	 Accuracy: 84.25%	Loss: 0.33412361
2022-02-24 09:27:41,492 - ===> Train Epoch: 174 	 Accuracy: 84.32%	Loss: 0.32453650
2022-02-24 09:34:38,810 - ===> Train Epoch: 175 	 Accuracy: 84.47%	Loss: 0.32989979
2022-02-24 09:35:25,785 - ===> Validation after Training epoch: 175 	 Accuracy: 5.89%	Loss: 16.55259895
2022-02-24 09:42:23,341 - ===> Train Epoch: 176 	 Accuracy: 84.00%	Loss: 0.33724004
2022-02-24 09:49:20,744 - ===> Train Epoch: 177 	 Accuracy: 84.36%	Loss: 0.32651579
2022-02-24 09:56:18,285 - ===> Train Epoch: 178 	 Accuracy: 84.71%	Loss: 0.32033303
2022-02-24 10:03:15,671 - ===> Train Epoch: 179 	 Accuracy: 84.28%	Loss: 0.32588270
2022-02-24 10:10:13,278 - ===> Train Epoch: 180 	 Accuracy: 83.60%	Loss: 0.37574422
2022-02-24 10:11:00,384 - ===> Validation after Training epoch: 180 	 Accuracy: 5.33%	Loss: 15.69880676
2022-02-24 10:17:57,984 - ===> Train Epoch: 181 	 Accuracy: 84.47%	Loss: 0.32894769
2022-02-24 10:24:55,505 - ===> Train Epoch: 182 	 Accuracy: 84.40%	Loss: 0.32827440
2022-02-24 10:31:53,206 - ===> Train Epoch: 183 	 Accuracy: 84.31%	Loss: 0.32460922
2022-02-24 10:38:51,035 - ===> Train Epoch: 184 	 Accuracy: 84.66%	Loss: 0.32173681
2022-02-24 10:45:49,063 - ===> Train Epoch: 185 	 Accuracy: 84.66%	Loss: 0.31793535
2022-02-24 10:46:36,137 - ===> Validation after Training epoch: 185 	 Accuracy: 5.81%	Loss: 16.40247917
2022-02-24 10:53:34,016 - ===> Train Epoch: 186 	 Accuracy: 84.79%	Loss: 0.31478429
2022-02-24 11:00:32,008 - ===> Train Epoch: 187 	 Accuracy: 84.45%	Loss: 0.32483968
2022-02-24 11:07:30,761 - ===> Train Epoch: 188 	 Accuracy: 84.72%	Loss: 0.31456667
2022-02-24 11:14:29,083 - ===> Train Epoch: 189 	 Accuracy: 84.72%	Loss: 0.31712779
2022-02-24 11:21:28,226 - ===> Train Epoch: 190 	 Accuracy: 84.56%	Loss: 0.31946161
2022-02-24 11:22:15,620 - ===> Validation after Training epoch: 190 	 Accuracy: 5.50%	Loss: 16.46849442
2022-02-24 11:29:13,818 - ===> Train Epoch: 191 	 Accuracy: 84.70%	Loss: 0.31884578
2022-02-24 11:36:15,667 - ===> Train Epoch: 192 	 Accuracy: 84.82%	Loss: 0.31541574
2022-02-24 11:43:14,526 - ===> Train Epoch: 193 	 Accuracy: 84.79%	Loss: 0.31877330
2022-02-24 11:50:12,719 - ===> Train Epoch: 194 	 Accuracy: 84.31%	Loss: 0.32340541
2022-02-24 11:57:11,732 - ===> Train Epoch: 195 	 Accuracy: 84.19%	Loss: 0.34466368
2022-02-24 11:57:59,830 - ===> Validation after Training epoch: 195 	 Accuracy: 5.59%	Loss: 16.23480606
2022-02-24 12:04:58,767 - ===> Train Epoch: 196 	 Accuracy: 84.81%	Loss: 0.31800827
2022-02-24 12:11:57,554 - ===> Train Epoch: 197 	 Accuracy: 84.67%	Loss: 0.31682298
2022-02-24 12:18:56,398 - ===> Train Epoch: 198 	 Accuracy: 84.76%	Loss: 0.31451085
2022-02-24 12:26:00,024 - ===> Train Epoch: 199 	 Accuracy: 84.73%	Loss: 0.31467068
2022-02-24 12:32:57,943 - ===> Train Epoch: 200 	 Accuracy: 84.66%	Loss: 0.31924927
2022-02-24 12:33:44,868 - ===> Validation after Training epoch: 200 	 Accuracy: 5.78%	Loss: 16.88865089
2022-02-24 12:40:41,920 - ===> Train Epoch: 201 	 Accuracy: 84.84%	Loss: 0.31673315
2022-02-24 12:47:39,316 - ===> Train Epoch: 202 	 Accuracy: 84.75%	Loss: 0.31094527
2022-02-24 12:54:36,341 - ===> Train Epoch: 203 	 Accuracy: 84.94%	Loss: 0.31279424
2022-02-24 13:01:33,404 - ===> Train Epoch: 204 	 Accuracy: 84.64%	Loss: 0.31674191
2022-02-24 13:08:30,538 - ===> Train Epoch: 205 	 Accuracy: 84.74%	Loss: 0.31875247
2022-02-24 13:09:17,529 - ===> Validation after Training epoch: 205 	 Accuracy: 5.64%	Loss: 16.79185295
2022-02-24 13:16:14,583 - ===> Train Epoch: 206 	 Accuracy: 84.78%	Loss: 0.31571251
2022-02-24 13:23:11,713 - ===> Train Epoch: 207 	 Accuracy: 84.76%	Loss: 0.31989750
2022-02-24 13:30:08,775 - ===> Train Epoch: 208 	 Accuracy: 84.73%	Loss: 0.31041223
2022-02-24 13:37:05,832 - ===> Train Epoch: 209 	 Accuracy: 84.54%	Loss: 0.31444988
2022-02-24 13:44:03,110 - ===> Train Epoch: 210 	 Accuracy: 84.64%	Loss: 0.31150681
2022-02-24 13:44:50,051 - ===> Validation after Training epoch: 210 	 Accuracy: 5.53%	Loss: 16.91290092
2022-02-24 13:51:47,401 - ===> Train Epoch: 211 	 Accuracy: 84.51%	Loss: 0.31483617
2022-02-24 13:58:44,869 - ===> Train Epoch: 212 	 Accuracy: 84.85%	Loss: 0.31009933
2022-02-24 14:05:42,351 - ===> Train Epoch: 213 	 Accuracy: 84.82%	Loss: 0.31206679
2022-02-24 14:12:39,816 - ===> Train Epoch: 214 	 Accuracy: 84.74%	Loss: 0.31878462
2022-02-24 14:19:40,887 - ===> Train Epoch: 215 	 Accuracy: 84.68%	Loss: 0.31724700
2022-02-24 14:20:28,636 - ===> Validation after Training epoch: 215 	 Accuracy: 6.02%	Loss: 16.76461029
2022-02-24 14:27:26,287 - ===> Train Epoch: 216 	 Accuracy: 84.51%	Loss: 0.32698536
2022-02-24 14:34:23,711 - ===> Train Epoch: 217 	 Accuracy: 84.80%	Loss: 0.30926841
2022-02-24 14:41:21,076 - ===> Train Epoch: 218 	 Accuracy: 85.29%	Loss: 0.30693391
2022-02-24 14:48:18,488 - ===> Train Epoch: 219 	 Accuracy: 84.99%	Loss: 0.30736658
2022-02-24 14:55:15,905 - ===> Train Epoch: 220 	 Accuracy: 84.54%	Loss: 0.31589451
2022-02-24 14:56:02,880 - ===> Validation after Training epoch: 220 	 Accuracy: 5.52%	Loss: 16.86329269
2022-02-24 15:03:00,196 - ===> Train Epoch: 221 	 Accuracy: 84.77%	Loss: 0.30892685
2022-02-24 15:09:57,627 - ===> Train Epoch: 222 	 Accuracy: 84.94%	Loss: 0.31012082
2022-02-24 15:16:55,058 - ===> Train Epoch: 223 	 Accuracy: 85.17%	Loss: 0.30564663
2022-02-24 15:23:52,321 - ===> Train Epoch: 224 	 Accuracy: 84.81%	Loss: 0.31133786
2022-02-24 15:30:49,553 - ===> Train Epoch: 225 	 Accuracy: 84.78%	Loss: 0.31007421
2022-02-24 15:31:36,487 - ===> Validation after Training epoch: 225 	 Accuracy: 5.78%	Loss: 16.96779442
2022-02-24 15:38:33,757 - ===> Train Epoch: 226 	 Accuracy: 85.11%	Loss: 0.30757138
2022-02-24 15:45:30,775 - ===> Train Epoch: 227 	 Accuracy: 84.90%	Loss: 0.30987996
2022-02-24 15:52:28,078 - ===> Train Epoch: 228 	 Accuracy: 84.84%	Loss: 0.31250528
2022-02-24 15:59:25,258 - ===> Train Epoch: 229 	 Accuracy: 84.82%	Loss: 0.33451831
2022-02-24 16:06:22,420 - ===> Train Epoch: 230 	 Accuracy: 84.87%	Loss: 0.31083110
2022-02-24 16:07:09,331 - ===> Validation after Training epoch: 230 	 Accuracy: 5.51%	Loss: 16.64536095
2022-02-24 16:14:06,835 - ===> Train Epoch: 231 	 Accuracy: 84.91%	Loss: 0.30875522
2022-02-24 16:21:04,265 - ===> Train Epoch: 232 	 Accuracy: 85.12%	Loss: 0.30546013
2022-02-24 16:28:01,602 - ===> Train Epoch: 233 	 Accuracy: 84.75%	Loss: 0.31144193
2022-02-24 16:34:59,030 - ===> Train Epoch: 234 	 Accuracy: 84.86%	Loss: 0.30938038
2022-02-24 16:41:56,136 - ===> Train Epoch: 235 	 Accuracy: 84.99%	Loss: 0.30268547
2022-02-24 16:42:43,062 - ===> Validation after Training epoch: 235 	 Accuracy: 5.42%	Loss: 17.17915916
2022-02-24 16:49:40,120 - ===> Train Epoch: 236 	 Accuracy: 85.01%	Loss: 0.30380598
2022-02-24 16:56:37,217 - ===> Train Epoch: 237 	 Accuracy: 84.96%	Loss: 0.30681694
2022-02-24 17:03:34,556 - ===> Train Epoch: 238 	 Accuracy: 85.02%	Loss: 0.30393371
2022-02-24 17:10:31,493 - ===> Train Epoch: 239 	 Accuracy: 84.65%	Loss: 0.31496984
2022-02-24 17:17:28,701 - ===> Train Epoch: 240 	 Accuracy: 84.81%	Loss: 0.31283897
2022-02-24 17:18:15,697 - ===> Validation after Training epoch: 240 	 Accuracy: 5.38%	Loss: 16.80785942
2022-02-24 17:25:13,182 - ===> Train Epoch: 241 	 Accuracy: 85.19%	Loss: 0.29962966
2022-02-24 17:32:10,228 - ===> Train Epoch: 242 	 Accuracy: 84.71%	Loss: 0.31675950
2022-02-24 17:39:07,454 - ===> Train Epoch: 243 	 Accuracy: 85.07%	Loss: 0.30363762
2022-02-24 17:46:04,813 - ===> Train Epoch: 244 	 Accuracy: 84.93%	Loss: 0.31175387
2022-02-24 17:53:02,242 - ===> Train Epoch: 245 	 Accuracy: 84.90%	Loss: 0.30589858
2022-02-24 17:53:49,229 - ===> Validation after Training epoch: 245 	 Accuracy: 5.47%	Loss: 16.85539055
2022-02-24 18:00:46,382 - ===> Train Epoch: 246 	 Accuracy: 85.00%	Loss: 0.30616090
2022-02-24 18:07:43,706 - ===> Train Epoch: 247 	 Accuracy: 85.16%	Loss: 0.30531335
2022-02-24 18:14:41,001 - ===> Train Epoch: 248 	 Accuracy: 84.79%	Loss: 0.30674455
2022-02-24 18:21:38,398 - ===> Train Epoch: 249 	 Accuracy: 85.03%	Loss: 0.30032846
2022-02-24 18:28:35,667 - ===> Train Epoch: 250 	 Accuracy: 84.99%	Loss: 0.30554807
2022-02-24 18:29:22,644 - ===> Validation after Training epoch: 250 	 Accuracy: 5.28%	Loss: 16.87105942
2022-02-24 18:36:19,933 - ===> Train Epoch: 251 	 Accuracy: 85.10%	Loss: 0.30741829
2022-02-24 18:43:17,190 - ===> Train Epoch: 252 	 Accuracy: 84.89%	Loss: 0.30551526
2022-02-24 18:50:14,734 - ===> Train Epoch: 253 	 Accuracy: 84.90%	Loss: 0.30543932
2022-02-24 18:57:12,026 - ===> Train Epoch: 254 	 Accuracy: 85.14%	Loss: 0.29801264
2022-02-24 19:04:09,107 - ===> Train Epoch: 255 	 Accuracy: 85.08%	Loss: 0.30298278
2022-02-24 19:04:56,065 - ===> Validation after Training epoch: 255 	 Accuracy: 5.58%	Loss: 16.83852959
2022-02-24 19:11:53,344 - ===> Train Epoch: 256 	 Accuracy: 85.15%	Loss: 0.30016628
2022-02-24 19:18:50,828 - ===> Train Epoch: 257 	 Accuracy: 85.19%	Loss: 0.30272731
2022-02-24 19:25:48,185 - ===> Train Epoch: 258 	 Accuracy: 85.18%	Loss: 0.30016407
2022-02-24 19:32:45,782 - ===> Train Epoch: 259 	 Accuracy: 85.16%	Loss: 0.30156225
2022-02-24 19:39:43,105 - ===> Train Epoch: 260 	 Accuracy: 85.39%	Loss: 0.29586759
2022-02-24 19:40:30,087 - ===> Validation after Training epoch: 260 	 Accuracy: 5.44%	Loss: 17.18915176
2022-02-24 19:47:27,411 - ===> Train Epoch: 261 	 Accuracy: 85.30%	Loss: 0.30069563
2022-02-24 19:54:24,654 - ===> Train Epoch: 262 	 Accuracy: 84.73%	Loss: 0.31200820
2022-02-24 20:01:22,135 - ===> Train Epoch: 263 	 Accuracy: 85.23%	Loss: 0.30101445
2022-02-24 20:08:19,252 - ===> Train Epoch: 264 	 Accuracy: 84.76%	Loss: 0.31728855
2022-02-24 20:15:16,546 - ===> Train Epoch: 265 	 Accuracy: 84.82%	Loss: 0.31720600
2022-02-24 20:16:03,638 - ===> Validation after Training epoch: 265 	 Accuracy: 5.44%	Loss: 16.53027725
2022-02-24 20:23:01,011 - ===> Train Epoch: 266 	 Accuracy: 84.60%	Loss: 0.31497762
2022-02-24 20:29:58,028 - ===> Train Epoch: 267 	 Accuracy: 84.97%	Loss: 0.30611840
2022-02-24 20:36:55,335 - ===> Train Epoch: 268 	 Accuracy: 84.67%	Loss: 0.30762029
2022-02-24 20:43:53,079 - ===> Train Epoch: 269 	 Accuracy: 85.12%	Loss: 0.29561681
2022-02-24 20:50:50,173 - ===> Train Epoch: 270 	 Accuracy: 85.37%	Loss: 0.29816088
2022-02-24 20:51:37,140 - ===> Validation after Training epoch: 270 	 Accuracy: 5.13%	Loss: 16.91558266
2022-02-24 20:58:34,198 - ===> Train Epoch: 271 	 Accuracy: 85.02%	Loss: 0.30318454
2022-02-24 21:05:31,788 - ===> Train Epoch: 272 	 Accuracy: 85.04%	Loss: 0.29989684
2022-02-24 21:12:29,010 - ===> Train Epoch: 273 	 Accuracy: 85.00%	Loss: 0.30262113
2022-02-24 21:19:26,258 - ===> Train Epoch: 274 	 Accuracy: 85.29%	Loss: 0.29603326
2022-02-24 21:26:23,629 - ===> Train Epoch: 275 	 Accuracy: 85.33%	Loss: 0.29723191
2022-02-24 21:27:10,724 - ===> Validation after Training epoch: 275 	 Accuracy: 5.51%	Loss: 16.85276222
2022-02-24 21:34:08,101 - ===> Train Epoch: 276 	 Accuracy: 85.34%	Loss: 0.29569447
2022-02-24 21:41:05,081 - ===> Train Epoch: 277 	 Accuracy: 85.14%	Loss: 0.29929861
2022-02-24 21:48:02,401 - ===> Train Epoch: 278 	 Accuracy: 84.93%	Loss: 0.30140939
2022-02-24 21:54:59,832 - ===> Train Epoch: 279 	 Accuracy: 85.09%	Loss: 0.29636279
2022-02-24 22:01:57,125 - ===> Train Epoch: 280 	 Accuracy: 85.17%	Loss: 0.29886341
2022-02-24 22:02:44,084 - ===> Validation after Training epoch: 280 	 Accuracy: 5.30%	Loss: 16.87761879
2022-02-24 22:09:41,392 - ===> Train Epoch: 281 	 Accuracy: 85.23%	Loss: 0.30107504
2022-02-24 22:16:38,905 - ===> Train Epoch: 282 	 Accuracy: 84.97%	Loss: 0.30643857
2022-02-24 22:23:36,128 - ===> Train Epoch: 283 	 Accuracy: 85.02%	Loss: 0.30575871
2022-02-24 22:30:33,167 - ===> Train Epoch: 284 	 Accuracy: 85.37%	Loss: 0.29294834
2022-02-24 22:37:30,225 - ===> Train Epoch: 285 	 Accuracy: 84.90%	Loss: 0.29935986
2022-02-24 22:38:17,196 - ===> Validation after Training epoch: 285 	 Accuracy: 5.45%	Loss: 17.05714035
2022-02-24 22:45:14,615 - ===> Train Epoch: 286 	 Accuracy: 85.18%	Loss: 0.29742315
2022-02-24 22:52:11,964 - ===> Train Epoch: 287 	 Accuracy: 85.20%	Loss: 0.30009791
2022-02-24 22:59:09,213 - ===> Train Epoch: 288 	 Accuracy: 85.25%	Loss: 0.29782623
2022-02-24 23:06:06,770 - ===> Train Epoch: 289 	 Accuracy: 85.13%	Loss: 0.30574849
2022-02-24 23:13:04,273 - ===> Train Epoch: 290 	 Accuracy: 85.31%	Loss: 0.29589570
2022-02-24 23:13:51,281 - ===> Validation after Training epoch: 290 	 Accuracy: 5.58%	Loss: 16.87135124
2022-02-24 23:20:48,907 - ===> Train Epoch: 291 	 Accuracy: 85.19%	Loss: 0.29519513
2022-02-24 23:27:46,538 - ===> Train Epoch: 292 	 Accuracy: 85.24%	Loss: 0.29756001
2022-02-24 23:34:43,761 - ===> Train Epoch: 293 	 Accuracy: 85.44%	Loss: 0.29483172
2022-02-24 23:41:41,060 - ===> Train Epoch: 294 	 Accuracy: 85.52%	Loss: 0.29108301
2022-02-24 23:48:38,484 - ===> Train Epoch: 295 	 Accuracy: 85.28%	Loss: 0.29790476
2022-02-24 23:49:25,556 - ===> Validation after Training epoch: 295 	 Accuracy: 5.39%	Loss: 16.87998581
2022-02-24 23:56:23,098 - ===> Train Epoch: 296 	 Accuracy: 85.40%	Loss: 0.29373893
2022-02-25 00:03:20,698 - ===> Train Epoch: 297 	 Accuracy: 85.27%	Loss: 0.29705542
2022-02-25 00:10:18,013 - ===> Train Epoch: 298 	 Accuracy: 85.37%	Loss: 0.29591745
2022-02-25 00:17:15,617 - ===> Train Epoch: 299 	 Accuracy: 85.29%	Loss: 0.29530764
2022-02-25 00:24:12,914 - ===> Train Epoch: 300 	 Accuracy: 85.21%	Loss: 0.29450470
2022-02-25 00:24:59,951 - ===> Validation after Training epoch: 300 	 Accuracy: 5.53%	Loss: 17.01394653
