2022-03-10 04:03:33,200 - ### Training Machine Ip address ###
 192.168.0.7

2022-03-10 04:03:33,201 - ### Model summary below###
 BackBone(
  (encoder): Encoder(
    (groups): ModuleList(
      (0): Sequential(
        (0): Res1d(
          (conv1): Conv1d(3, 32, kernel_size=(3,), stride=(1,), padding=(1,), bias=False)
          (conv2): Conv1d(32, 32, kernel_size=(3,), stride=(1,), padding=(1,), bias=False)
          (relu): ReLU(inplace=True)
          (bn1): GroupNorm(1, 32, eps=1e-05, affine=True)
          (bn2): GroupNorm(1, 32, eps=1e-05, affine=True)
          (downsample): Sequential(
            (0): Conv1d(3, 32, kernel_size=(1,), stride=(1,), bias=False)
            (1): GroupNorm(1, 32, eps=1e-05, affine=True)
          )
        )
        (1): Res1d(
          (conv1): Conv1d(32, 32, kernel_size=(3,), stride=(1,), padding=(1,), bias=False)
          (conv2): Conv1d(32, 32, kernel_size=(3,), stride=(1,), padding=(1,), bias=False)
          (relu): ReLU(inplace=True)
          (bn1): GroupNorm(1, 32, eps=1e-05, affine=True)
          (bn2): GroupNorm(1, 32, eps=1e-05, affine=True)
        )
      )
      (1): Sequential(
        (0): Res1d(
          (conv1): Conv1d(32, 64, kernel_size=(3,), stride=(2,), padding=(1,), bias=False)
          (conv2): Conv1d(64, 64, kernel_size=(3,), stride=(1,), padding=(1,), bias=False)
          (relu): ReLU(inplace=True)
          (bn1): GroupNorm(1, 64, eps=1e-05, affine=True)
          (bn2): GroupNorm(1, 64, eps=1e-05, affine=True)
          (downsample): Sequential(
            (0): Conv1d(32, 64, kernel_size=(1,), stride=(2,), bias=False)
            (1): GroupNorm(1, 64, eps=1e-05, affine=True)
          )
        )
        (1): Res1d(
          (conv1): Conv1d(64, 64, kernel_size=(3,), stride=(1,), padding=(1,), bias=False)
          (conv2): Conv1d(64, 64, kernel_size=(3,), stride=(1,), padding=(1,), bias=False)
          (relu): ReLU(inplace=True)
          (bn1): GroupNorm(1, 64, eps=1e-05, affine=True)
          (bn2): GroupNorm(1, 64, eps=1e-05, affine=True)
        )
      )
      (2): Sequential(
        (0): Res1d(
          (conv1): Conv1d(64, 128, kernel_size=(3,), stride=(2,), padding=(1,), bias=False)
          (conv2): Conv1d(128, 128, kernel_size=(3,), stride=(1,), padding=(1,), bias=False)
          (relu): ReLU(inplace=True)
          (bn1): GroupNorm(1, 128, eps=1e-05, affine=True)
          (bn2): GroupNorm(1, 128, eps=1e-05, affine=True)
          (downsample): Sequential(
            (0): Conv1d(64, 128, kernel_size=(1,), stride=(2,), bias=False)
            (1): GroupNorm(1, 128, eps=1e-05, affine=True)
          )
        )
        (1): Res1d(
          (conv1): Conv1d(128, 128, kernel_size=(3,), stride=(1,), padding=(1,), bias=False)
          (conv2): Conv1d(128, 128, kernel_size=(3,), stride=(1,), padding=(1,), bias=False)
          (relu): ReLU(inplace=True)
          (bn1): GroupNorm(1, 128, eps=1e-05, affine=True)
          (bn2): GroupNorm(1, 128, eps=1e-05, affine=True)
        )
      )
    )
    (lateral): ModuleList(
      (0): Conv1d(
        (conv): Conv1d(32, 256, kernel_size=(3,), stride=(1,), padding=(1,), bias=False)
        (norm): GroupNorm(1, 256, eps=1e-05, affine=True)
        (relu): ReLU(inplace=True)
      )
      (1): Conv1d(
        (conv): Conv1d(64, 256, kernel_size=(3,), stride=(1,), padding=(1,), bias=False)
        (norm): GroupNorm(1, 256, eps=1e-05, affine=True)
        (relu): ReLU(inplace=True)
      )
      (2): Conv1d(
        (conv): Conv1d(128, 256, kernel_size=(3,), stride=(1,), padding=(1,), bias=False)
        (norm): GroupNorm(1, 256, eps=1e-05, affine=True)
        (relu): ReLU(inplace=True)
      )
    )
    (output): Res1d(
      (conv1): Conv1d(256, 256, kernel_size=(3,), stride=(1,), padding=(1,), bias=False)
      (conv2): Conv1d(256, 256, kernel_size=(3,), stride=(1,), padding=(1,), bias=False)
      (relu): ReLU(inplace=True)
      (bn1): GroupNorm(1, 256, eps=1e-05, affine=True)
      (bn2): GroupNorm(1, 256, eps=1e-05, affine=True)
    )
  )
  (autoregressive): AutoRegressive(
    (gru): GRU(256, 256, batch_first=True)
  )
  (Wk): ModuleList(
    (0): Linear(in_features=256, out_features=256, bias=True)
    (1): Linear(in_features=256, out_features=256, bias=True)
    (2): Linear(in_features=256, out_features=256, bias=True)
    (3): Linear(in_features=256, out_features=256, bias=True)
    (4): Linear(in_features=256, out_features=256, bias=True)
    (5): Linear(in_features=256, out_features=256, bias=True)
    (6): Linear(in_features=256, out_features=256, bias=True)
    (7): Linear(in_features=256, out_features=256, bias=True)
    (8): Linear(in_features=256, out_features=256, bias=True)
    (9): Linear(in_features=256, out_features=256, bias=True)
  )
  (softmax): Softmax(dim=None)
  (lsoftmax): LogSoftmax(dim=None)
)

2022-03-10 04:03:33,202 - ===> Configuration parameter
                                    GPU_id: 0
                                    batch_size: 16
                                    epoch: 300
                                    n_warmup_steps: 30
                                    validataion_period: 1
                                    ckpt_period: 5
                                    ckpt_dir: C:\Users\VDCLAB\Desktop\hs\HMC_prediction/ckpt/
                                    learning_rate: 5e-06
                                    coordinate_conv: True
                                    data_dir_train: C:\Users\VDCLAB\Desktop\hs\HMC_prediction/data/drone_data/processed/train/
                                    data_dir_val: C:\Users\VDCLAB\Desktop\hs\HMC_prediction/data/drone_data/processed/val/
                                    data_dir_orig: C:\Users\VDCLAB\Desktop\hs\HMC_prediction/data/drone_data/processed/archive/
                                    occlusion_rate: 0.2
                                    splicing_num: 128
                                    LC_multiple: 5
                                    FOV: 30
                                    interpolate: False
                                    max_pred_time: 5
                                    max_hist_time: 10
                                    hz: 2
                                    val_rate: 0.2
                                    n_hidden_after_deconv: 256
                                    n_convgru_layer: 1
                                    convgru_kernel_size: (3, 3)
                                    convgru_output_layer_num: 4
                                    convgru_output_channel_list: [16, 32, 64, 128]
                                    convgru_output_kernel_size_list: [5, 5, 5, 5]
                                    log_dir: logs/

2022-03-10 04:03:33,202 - ===> Model total parameter: 1857600
2022-03-10 04:03:33,203 - ===> Model Training Start
2022-03-10 04:14:24,281 - ===> Train Epoch: 1 	 Accuracy: 33.21% 	 Loss: 1.93315610
2022-03-10 04:15:51,458 - ===> Validation after Training epoch: 1 	 Accuracy: 31.50%	Loss: 1.93225959
2022-03-10 04:26:34,671 - ===> Train Epoch: 2 	 Accuracy: 52.03% 	 Loss: 1.52433953
2022-03-10 04:28:02,143 - ===> Validation after Training epoch: 2 	 Accuracy: 29.03%	Loss: 2.15666526
2022-03-10 04:38:45,383 - ===> Train Epoch: 3 	 Accuracy: 63.09% 	 Loss: 1.29394526
2022-03-10 04:40:12,728 - ===> Validation after Training epoch: 3 	 Accuracy: 29.45%	Loss: 2.38943681
2022-03-10 04:50:55,002 - ===> Train Epoch: 4 	 Accuracy: 69.06% 	 Loss: 1.13904988
2022-03-10 04:52:22,553 - ===> Validation after Training epoch: 4 	 Accuracy: 27.68%	Loss: 2.50797562
2022-03-10 05:03:05,739 - ===> Train Epoch: 5 	 Accuracy: 73.42% 	 Loss: 1.00877588
2022-03-10 05:04:33,256 - ===> Validation after Training epoch: 5 	 Accuracy: 28.64%	Loss: 2.64009735
2022-03-10 05:15:16,527 - ===> Train Epoch: 6 	 Accuracy: 76.90% 	 Loss: 0.90373994
2022-03-10 05:16:44,032 - ===> Validation after Training epoch: 6 	 Accuracy: 27.23%	Loss: 2.83372467
2022-03-10 05:27:26,791 - ===> Train Epoch: 7 	 Accuracy: 80.45% 	 Loss: 0.80304755
2022-03-10 05:28:54,203 - ===> Validation after Training epoch: 7 	 Accuracy: 27.78%	Loss: 2.92691425
2022-03-10 05:39:38,596 - ===> Train Epoch: 8 	 Accuracy: 83.62% 	 Loss: 0.71304764
2022-03-10 05:41:06,080 - ===> Validation after Training epoch: 8 	 Accuracy: 27.91%	Loss: 3.04342210
2022-03-10 05:51:53,029 - ===> Train Epoch: 9 	 Accuracy: 86.11% 	 Loss: 0.63061488
2022-03-10 05:53:21,083 - ===> Validation after Training epoch: 9 	 Accuracy: 26.89%	Loss: 3.24559823
2022-03-10 06:04:07,735 - ===> Train Epoch: 10 	 Accuracy: 88.29% 	 Loss: 0.56062853
2022-03-10 06:05:35,291 - ===> Validation after Training epoch: 10 	 Accuracy: 29.04%	Loss: 3.30238730
2022-03-10 06:16:17,567 - ===> Train Epoch: 11 	 Accuracy: 90.21% 	 Loss: 0.49901114
2022-03-10 06:17:45,145 - ===> Validation after Training epoch: 11 	 Accuracy: 27.91%	Loss: 3.40242763
2022-03-10 06:28:27,806 - ===> Train Epoch: 12 	 Accuracy: 91.87% 	 Loss: 0.44040765
2022-03-10 06:29:55,397 - ===> Validation after Training epoch: 12 	 Accuracy: 27.57%	Loss: 3.53937454
2022-03-10 06:40:38,691 - ===> Train Epoch: 13 	 Accuracy: 92.97% 	 Loss: 0.40151896
2022-03-10 06:42:06,375 - ===> Validation after Training epoch: 13 	 Accuracy: 28.61%	Loss: 3.64847311
2022-03-10 06:52:53,124 - ===> Train Epoch: 14 	 Accuracy: 93.96% 	 Loss: 0.36152609
2022-03-10 06:54:21,000 - ===> Validation after Training epoch: 14 	 Accuracy: 28.27%	Loss: 3.57699480
2022-03-10 07:05:08,353 - ===> Train Epoch: 15 	 Accuracy: 94.88% 	 Loss: 0.32940547
2022-03-10 07:06:36,272 - ===> Validation after Training epoch: 15 	 Accuracy: 27.51%	Loss: 3.71301085
2022-03-10 07:17:23,960 - ===> Train Epoch: 16 	 Accuracy: 95.57% 	 Loss: 0.30354700
2022-03-10 07:18:51,960 - ===> Validation after Training epoch: 16 	 Accuracy: 28.36%	Loss: 3.79227912
2022-03-10 07:29:37,840 - ===> Train Epoch: 17 	 Accuracy: 96.02% 	 Loss: 0.27956088
2022-03-10 07:31:05,548 - ===> Validation after Training epoch: 17 	 Accuracy: 28.39%	Loss: 3.88775925
2022-03-10 07:41:53,689 - ===> Train Epoch: 18 	 Accuracy: 96.35% 	 Loss: 0.26313935
2022-03-10 07:43:21,660 - ===> Validation after Training epoch: 18 	 Accuracy: 27.43%	Loss: 3.89037228
2022-03-10 07:54:09,058 - ===> Train Epoch: 19 	 Accuracy: 96.82% 	 Loss: 0.24461519
2022-03-10 07:55:36,645 - ===> Validation after Training epoch: 19 	 Accuracy: 27.35%	Loss: 3.97429320
2022-03-10 08:06:24,801 - ===> Train Epoch: 20 	 Accuracy: 97.04% 	 Loss: 0.23003589
2022-03-10 08:07:52,578 - ===> Validation after Training epoch: 20 	 Accuracy: 26.48%	Loss: 4.06310600
2022-03-10 08:18:39,537 - ===> Train Epoch: 21 	 Accuracy: 97.18% 	 Loss: 0.21793459
2022-03-10 08:20:07,530 - ===> Validation after Training epoch: 21 	 Accuracy: 27.42%	Loss: 4.07209394
2022-03-10 08:30:55,246 - ===> Train Epoch: 22 	 Accuracy: 97.42% 	 Loss: 0.21082604
2022-03-10 08:32:23,391 - ===> Validation after Training epoch: 22 	 Accuracy: 27.35%	Loss: 4.13708331
2022-03-10 08:43:10,326 - ===> Train Epoch: 23 	 Accuracy: 97.53% 	 Loss: 0.19910185
2022-03-10 08:44:37,818 - ===> Validation after Training epoch: 23 	 Accuracy: 27.77%	Loss: 4.11307353
2022-03-10 08:55:25,236 - ===> Train Epoch: 24 	 Accuracy: 97.67% 	 Loss: 0.18982482
2022-03-10 08:56:52,741 - ===> Validation after Training epoch: 24 	 Accuracy: 27.50%	Loss: 4.19487874
2022-03-10 09:07:40,601 - ===> Train Epoch: 25 	 Accuracy: 97.87% 	 Loss: 0.18151364
2022-03-10 09:09:08,356 - ===> Validation after Training epoch: 25 	 Accuracy: 27.37%	Loss: 4.21446359
2022-03-10 09:19:57,124 - ===> Train Epoch: 26 	 Accuracy: 97.99% 	 Loss: 0.17396895
2022-03-10 09:21:25,131 - ===> Validation after Training epoch: 26 	 Accuracy: 27.46%	Loss: 4.26798481
2022-03-10 09:32:14,948 - ===> Train Epoch: 27 	 Accuracy: 98.08% 	 Loss: 0.16871107
2022-03-10 09:33:42,451 - ===> Validation after Training epoch: 27 	 Accuracy: 26.58%	Loss: 4.30533226
2022-03-10 09:44:32,907 - ===> Train Epoch: 28 	 Accuracy: 98.14% 	 Loss: 0.16352434
2022-03-10 09:46:00,991 - ===> Validation after Training epoch: 28 	 Accuracy: 27.45%	Loss: 4.31254609
2022-03-10 09:56:51,274 - ===> Train Epoch: 29 	 Accuracy: 98.21% 	 Loss: 0.15783274
2022-03-10 09:58:19,068 - ===> Validation after Training epoch: 29 	 Accuracy: 28.52%	Loss: 4.31637450
2022-03-10 10:09:09,136 - ===> Train Epoch: 30 	 Accuracy: 98.31% 	 Loss: 0.15287920
2022-03-10 10:10:36,421 - ===> Validation after Training epoch: 30 	 Accuracy: 27.31%	Loss: 4.34531827
2022-03-10 10:21:24,212 - ===> Train Epoch: 31 	 Accuracy: 98.23% 	 Loss: 0.15082068
2022-03-10 10:22:51,588 - ===> Validation after Training epoch: 31 	 Accuracy: 27.68%	Loss: 4.37726847
2022-03-10 10:33:36,800 - ===> Train Epoch: 32 	 Accuracy: 98.40% 	 Loss: 0.14621708
2022-03-10 10:35:04,495 - ===> Validation after Training epoch: 32 	 Accuracy: 27.61%	Loss: 4.38201489
2022-03-10 10:45:49,991 - ===> Train Epoch: 33 	 Accuracy: 98.44% 	 Loss: 0.14214969
2022-03-10 10:47:17,613 - ===> Validation after Training epoch: 33 	 Accuracy: 27.45%	Loss: 4.40657916
2022-03-10 10:57:55,074 - ===> Train Epoch: 34 	 Accuracy: 98.45% 	 Loss: 0.13945806
2022-03-10 10:59:22,898 - ===> Validation after Training epoch: 34 	 Accuracy: 27.16%	Loss: 4.41151467
2022-03-10 11:09:59,093 - ===> Train Epoch: 35 	 Accuracy: 98.54% 	 Loss: 0.13596232
2022-03-10 11:11:26,630 - ===> Validation after Training epoch: 35 	 Accuracy: 26.76%	Loss: 4.47669695
2022-03-10 11:22:04,173 - ===> Train Epoch: 36 	 Accuracy: 98.52% 	 Loss: 0.13224846
2022-03-10 11:23:32,309 - ===> Validation after Training epoch: 36 	 Accuracy: 27.67%	Loss: 4.42862187
2022-03-10 11:34:09,054 - ===> Train Epoch: 37 	 Accuracy: 98.68% 	 Loss: 0.13035803
2022-03-10 11:35:36,921 - ===> Validation after Training epoch: 37 	 Accuracy: 26.88%	Loss: 4.47580087
2022-03-10 11:46:14,610 - ===> Train Epoch: 38 	 Accuracy: 98.65% 	 Loss: 0.12722309
2022-03-10 11:47:42,388 - ===> Validation after Training epoch: 38 	 Accuracy: 26.42%	Loss: 4.51800145
2022-03-10 11:58:20,324 - ===> Train Epoch: 39 	 Accuracy: 98.65% 	 Loss: 0.12512743
2022-03-10 11:59:47,992 - ===> Validation after Training epoch: 39 	 Accuracy: 26.33%	Loss: 4.54254963
2022-03-10 12:10:27,294 - ===> Train Epoch: 40 	 Accuracy: 98.71% 	 Loss: 0.12259205
2022-03-10 12:11:55,493 - ===> Validation after Training epoch: 40 	 Accuracy: 27.05%	Loss: 4.53781139
2022-03-10 12:22:31,929 - ===> Train Epoch: 41 	 Accuracy: 98.75% 	 Loss: 0.12173659
2022-03-10 12:23:59,998 - ===> Validation after Training epoch: 41 	 Accuracy: 27.43%	Loss: 4.51637129
2022-03-10 12:34:36,946 - ===> Train Epoch: 42 	 Accuracy: 98.88% 	 Loss: 0.11773670
2022-03-10 12:36:04,978 - ===> Validation after Training epoch: 42 	 Accuracy: 27.13%	Loss: 4.46980788
2022-03-10 12:46:40,638 - ===> Train Epoch: 43 	 Accuracy: 98.75% 	 Loss: 0.11535825
2022-03-10 12:48:08,479 - ===> Validation after Training epoch: 43 	 Accuracy: 27.10%	Loss: 4.50619260
2022-03-10 12:58:45,281 - ===> Train Epoch: 44 	 Accuracy: 98.85% 	 Loss: 0.11468761
2022-03-10 13:00:13,186 - ===> Validation after Training epoch: 44 	 Accuracy: 27.06%	Loss: 4.56825029
2022-03-10 13:10:50,553 - ===> Train Epoch: 45 	 Accuracy: 98.80% 	 Loss: 0.11166661
2022-03-10 13:12:18,351 - ===> Validation after Training epoch: 45 	 Accuracy: 27.26%	Loss: 4.53700729
2022-03-10 13:22:55,655 - ===> Train Epoch: 46 	 Accuracy: 98.80% 	 Loss: 0.11073119
2022-03-10 13:24:24,677 - ===> Validation after Training epoch: 46 	 Accuracy: 27.23%	Loss: 4.59253469
2022-03-10 13:35:03,498 - ===> Train Epoch: 47 	 Accuracy: 98.89% 	 Loss: 0.10896584
2022-03-10 13:36:31,454 - ===> Validation after Training epoch: 47 	 Accuracy: 26.44%	Loss: 4.60827331
2022-03-10 13:47:06,583 - ===> Train Epoch: 48 	 Accuracy: 98.92% 	 Loss: 0.10760893
2022-03-10 13:48:34,355 - ===> Validation after Training epoch: 48 	 Accuracy: 26.90%	Loss: 4.63822205
2022-03-10 13:59:11,161 - ===> Train Epoch: 49 	 Accuracy: 98.91% 	 Loss: 0.10564184
2022-03-10 14:00:38,909 - ===> Validation after Training epoch: 49 	 Accuracy: 27.20%	Loss: 4.56204631
2022-03-10 14:11:15,869 - ===> Train Epoch: 50 	 Accuracy: 98.91% 	 Loss: 0.10528194
2022-03-10 14:12:43,640 - ===> Validation after Training epoch: 50 	 Accuracy: 27.57%	Loss: 4.63558893
2022-03-10 14:23:18,617 - ===> Train Epoch: 51 	 Accuracy: 98.98% 	 Loss: 0.10268876
2022-03-10 14:24:46,639 - ===> Validation after Training epoch: 51 	 Accuracy: 27.39%	Loss: 4.63162180
2022-03-10 14:35:24,498 - ===> Train Epoch: 52 	 Accuracy: 98.99% 	 Loss: 0.10317120
2022-03-10 14:36:52,441 - ===> Validation after Training epoch: 52 	 Accuracy: 26.46%	Loss: 4.69238524
2022-03-10 14:47:28,852 - ===> Train Epoch: 53 	 Accuracy: 98.99% 	 Loss: 0.10087512
2022-03-10 14:48:56,943 - ===> Validation after Training epoch: 53 	 Accuracy: 27.28%	Loss: 4.56824821
2022-03-10 14:59:32,324 - ===> Train Epoch: 54 	 Accuracy: 98.96% 	 Loss: 0.09946682
2022-03-10 15:01:00,295 - ===> Validation after Training epoch: 54 	 Accuracy: 26.74%	Loss: 4.63509744
2022-03-10 15:11:36,391 - ===> Train Epoch: 55 	 Accuracy: 99.00% 	 Loss: 0.09868782
2022-03-10 15:13:04,315 - ===> Validation after Training epoch: 55 	 Accuracy: 27.07%	Loss: 4.61310663
2022-03-10 15:23:40,226 - ===> Train Epoch: 56 	 Accuracy: 98.99% 	 Loss: 0.09724563
2022-03-10 15:25:08,216 - ===> Validation after Training epoch: 56 	 Accuracy: 27.05%	Loss: 4.61495031
2022-03-10 15:35:44,459 - ===> Train Epoch: 57 	 Accuracy: 99.00% 	 Loss: 0.09616605
2022-03-10 15:37:12,464 - ===> Validation after Training epoch: 57 	 Accuracy: 27.51%	Loss: 4.63563904
2022-03-10 15:47:47,424 - ===> Train Epoch: 58 	 Accuracy: 99.03% 	 Loss: 0.09557630
2022-03-10 15:49:15,138 - ===> Validation after Training epoch: 58 	 Accuracy: 27.07%	Loss: 4.63200907
2022-03-10 15:59:49,884 - ===> Train Epoch: 59 	 Accuracy: 99.01% 	 Loss: 0.09541063
2022-03-10 16:01:17,893 - ===> Validation after Training epoch: 59 	 Accuracy: 27.39%	Loss: 4.65465492
2022-03-10 16:11:54,537 - ===> Train Epoch: 60 	 Accuracy: 99.11% 	 Loss: 0.09416536
2022-03-10 16:13:22,613 - ===> Validation after Training epoch: 60 	 Accuracy: 26.66%	Loss: 4.71630312
2022-03-10 16:23:59,176 - ===> Train Epoch: 61 	 Accuracy: 99.15% 	 Loss: 0.09228529
2022-03-10 16:25:27,439 - ===> Validation after Training epoch: 61 	 Accuracy: 27.03%	Loss: 4.64296920
2022-03-10 16:36:03,745 - ===> Train Epoch: 62 	 Accuracy: 99.09% 	 Loss: 0.09255907
2022-03-10 16:37:31,806 - ===> Validation after Training epoch: 62 	 Accuracy: 27.40%	Loss: 4.69533621
2022-03-10 16:48:07,103 - ===> Train Epoch: 63 	 Accuracy: 99.09% 	 Loss: 0.09169163
2022-03-10 16:49:34,932 - ===> Validation after Training epoch: 63 	 Accuracy: 27.23%	Loss: 4.69654645
2022-03-10 17:00:10,719 - ===> Train Epoch: 64 	 Accuracy: 99.12% 	 Loss: 0.08937876
2022-03-10 17:01:38,360 - ===> Validation after Training epoch: 64 	 Accuracy: 26.95%	Loss: 4.72326254
2022-03-10 17:12:14,099 - ===> Train Epoch: 65 	 Accuracy: 99.10% 	 Loss: 0.08982724
2022-03-10 17:13:42,091 - ===> Validation after Training epoch: 65 	 Accuracy: 26.46%	Loss: 4.75518735
2022-03-10 17:24:18,604 - ===> Train Epoch: 66 	 Accuracy: 99.06% 	 Loss: 0.08829265
2022-03-10 17:25:46,350 - ===> Validation after Training epoch: 66 	 Accuracy: 26.94%	Loss: 4.71708575
2022-03-10 17:36:21,605 - ===> Train Epoch: 67 	 Accuracy: 99.15% 	 Loss: 0.08667507
2022-03-10 17:37:49,212 - ===> Validation after Training epoch: 67 	 Accuracy: 27.52%	Loss: 4.68069530
2022-03-10 17:48:25,369 - ===> Train Epoch: 68 	 Accuracy: 99.20% 	 Loss: 0.08616084
2022-03-10 17:49:53,316 - ===> Validation after Training epoch: 68 	 Accuracy: 26.63%	Loss: 4.72165553
2022-03-10 18:00:28,689 - ===> Train Epoch: 69 	 Accuracy: 99.19% 	 Loss: 0.08654738
2022-03-10 18:01:56,956 - ===> Validation after Training epoch: 69 	 Accuracy: 26.90%	Loss: 4.73072083
2022-03-10 18:12:31,643 - ===> Train Epoch: 70 	 Accuracy: 99.19% 	 Loss: 0.08570891
2022-03-10 18:13:59,642 - ===> Validation after Training epoch: 70 	 Accuracy: 26.66%	Loss: 4.69878250
2022-03-10 18:24:34,828 - ===> Train Epoch: 71 	 Accuracy: 99.18% 	 Loss: 0.08539311
2022-03-10 18:26:02,897 - ===> Validation after Training epoch: 71 	 Accuracy: 26.51%	Loss: 4.72107820
2022-03-10 18:36:38,597 - ===> Train Epoch: 72 	 Accuracy: 99.19% 	 Loss: 0.08306042
2022-03-10 18:38:06,789 - ===> Validation after Training epoch: 72 	 Accuracy: 26.26%	Loss: 4.76393274
2022-03-10 18:48:42,637 - ===> Train Epoch: 73 	 Accuracy: 99.25% 	 Loss: 0.08264754
2022-03-10 18:50:10,677 - ===> Validation after Training epoch: 73 	 Accuracy: 26.68%	Loss: 4.81467838
2022-03-10 19:00:45,522 - ===> Train Epoch: 74 	 Accuracy: 99.21% 	 Loss: 0.08291984
2022-03-10 19:02:13,516 - ===> Validation after Training epoch: 74 	 Accuracy: 26.04%	Loss: 4.74143366
2022-03-10 19:12:52,891 - ===> Train Epoch: 75 	 Accuracy: 99.22% 	 Loss: 0.08128367
2022-03-10 19:14:21,663 - ===> Validation after Training epoch: 75 	 Accuracy: 25.98%	Loss: 4.78612408
2022-03-10 19:24:56,989 - ===> Train Epoch: 76 	 Accuracy: 99.24% 	 Loss: 0.08045673
2022-03-10 19:26:25,098 - ===> Validation after Training epoch: 76 	 Accuracy: 26.32%	Loss: 4.78501544
2022-03-10 19:37:01,884 - ===> Train Epoch: 77 	 Accuracy: 99.20% 	 Loss: 0.08022605
2022-03-10 19:38:29,992 - ===> Validation after Training epoch: 77 	 Accuracy: 26.17%	Loss: 4.79454413
2022-03-10 19:49:06,111 - ===> Train Epoch: 78 	 Accuracy: 99.23% 	 Loss: 0.07968213
2022-03-10 19:50:34,090 - ===> Validation after Training epoch: 78 	 Accuracy: 26.68%	Loss: 4.75160366
2022-03-10 20:01:09,734 - ===> Train Epoch: 79 	 Accuracy: 99.16% 	 Loss: 0.07991301
2022-03-10 20:02:37,752 - ===> Validation after Training epoch: 79 	 Accuracy: 26.58%	Loss: 4.79534190
2022-03-10 20:13:18,905 - ===> Train Epoch: 80 	 Accuracy: 99.19% 	 Loss: 0.07983651
2022-03-10 20:14:46,215 - ===> Validation after Training epoch: 80 	 Accuracy: 25.67%	Loss: 4.80123580
2022-03-10 20:25:30,366 - ===> Train Epoch: 81 	 Accuracy: 99.23% 	 Loss: 0.07797240
2022-03-10 20:26:57,968 - ===> Validation after Training epoch: 81 	 Accuracy: 26.47%	Loss: 4.76037143
2022-03-10 20:37:45,517 - ===> Train Epoch: 82 	 Accuracy: 99.31% 	 Loss: 0.07778690
2022-03-10 20:39:13,332 - ===> Validation after Training epoch: 82 	 Accuracy: 26.26%	Loss: 4.81641384
2022-03-10 20:49:57,106 - ===> Train Epoch: 83 	 Accuracy: 99.19% 	 Loss: 0.07873256
2022-03-10 20:51:24,759 - ===> Validation after Training epoch: 83 	 Accuracy: 26.53%	Loss: 4.77144984
2022-03-10 21:02:10,550 - ===> Train Epoch: 84 	 Accuracy: 99.32% 	 Loss: 0.07607484
2022-03-10 21:03:37,952 - ===> Validation after Training epoch: 84 	 Accuracy: 26.17%	Loss: 4.82500915
2022-03-10 21:14:22,548 - ===> Train Epoch: 85 	 Accuracy: 99.29% 	 Loss: 0.07552464
2022-03-10 21:15:50,499 - ===> Validation after Training epoch: 85 	 Accuracy: 26.61%	Loss: 4.77873856
2022-03-10 21:26:35,711 - ===> Train Epoch: 86 	 Accuracy: 99.21% 	 Loss: 0.07649077
2022-03-10 21:28:03,314 - ===> Validation after Training epoch: 86 	 Accuracy: 25.87%	Loss: 4.80427869
2022-03-10 21:38:48,310 - ===> Train Epoch: 87 	 Accuracy: 99.31% 	 Loss: 0.07555703
2022-03-10 21:40:16,338 - ===> Validation after Training epoch: 87 	 Accuracy: 26.40%	Loss: 4.79130803
2022-03-10 21:51:00,886 - ===> Train Epoch: 88 	 Accuracy: 99.33% 	 Loss: 0.07459341
2022-03-10 21:52:28,567 - ===> Validation after Training epoch: 88 	 Accuracy: 26.97%	Loss: 4.78717488
2022-03-10 22:03:13,934 - ===> Train Epoch: 89 	 Accuracy: 99.30% 	 Loss: 0.07433688
2022-03-10 22:04:41,208 - ===> Validation after Training epoch: 89 	 Accuracy: 26.51%	Loss: 4.84677047
2022-03-10 22:15:26,266 - ===> Train Epoch: 90 	 Accuracy: 99.33% 	 Loss: 0.07357640
2022-03-10 22:16:54,198 - ===> Validation after Training epoch: 90 	 Accuracy: 25.86%	Loss: 4.84978268
2022-03-10 22:27:39,180 - ===> Train Epoch: 91 	 Accuracy: 99.26% 	 Loss: 0.07342795
2022-03-10 22:29:07,035 - ===> Validation after Training epoch: 91 	 Accuracy: 26.74%	Loss: 4.76749401
2022-03-10 22:39:53,909 - ===> Train Epoch: 92 	 Accuracy: 99.32% 	 Loss: 0.07297451
2022-03-10 22:41:21,046 - ===> Validation after Training epoch: 92 	 Accuracy: 26.14%	Loss: 4.80110232
2022-03-10 22:52:00,051 - ===> Train Epoch: 93 	 Accuracy: 99.34% 	 Loss: 0.07227098
2022-03-10 22:53:27,726 - ===> Validation after Training epoch: 93 	 Accuracy: 26.51%	Loss: 4.77904648
2022-03-10 23:04:02,906 - ===> Train Epoch: 94 	 Accuracy: 99.34% 	 Loss: 0.07149507
2022-03-10 23:05:30,870 - ===> Validation after Training epoch: 94 	 Accuracy: 26.11%	Loss: 4.80954955
2022-03-10 23:16:07,435 - ===> Train Epoch: 95 	 Accuracy: 99.33% 	 Loss: 0.07151373
2022-03-10 23:17:35,611 - ===> Validation after Training epoch: 95 	 Accuracy: 26.45%	Loss: 4.76416644
2022-03-10 23:28:14,036 - ===> Train Epoch: 96 	 Accuracy: 99.35% 	 Loss: 0.07046122
2022-03-10 23:29:41,952 - ===> Validation after Training epoch: 96 	 Accuracy: 26.05%	Loss: 4.82300168
2022-03-10 23:40:20,455 - ===> Train Epoch: 97 	 Accuracy: 99.33% 	 Loss: 0.07108746
2022-03-10 23:41:48,266 - ===> Validation after Training epoch: 97 	 Accuracy: 26.17%	Loss: 4.80251792
2022-03-10 23:52:26,459 - ===> Train Epoch: 98 	 Accuracy: 99.29% 	 Loss: 0.07126884
2022-03-10 23:53:54,248 - ===> Validation after Training epoch: 98 	 Accuracy: 26.70%	Loss: 4.83420129
2022-03-11 00:04:33,841 - ===> Train Epoch: 99 	 Accuracy: 99.36% 	 Loss: 0.06904136
2022-03-11 00:06:01,744 - ===> Validation after Training epoch: 99 	 Accuracy: 26.09%	Loss: 4.82397299
2022-03-11 00:16:44,354 - ===> Train Epoch: 100 	 Accuracy: 99.37% 	 Loss: 0.06844846
2022-03-11 00:18:12,524 - ===> Validation after Training epoch: 100 	 Accuracy: 26.38%	Loss: 4.86639153
2022-03-11 00:28:47,419 - ===> Train Epoch: 101 	 Accuracy: 99.40% 	 Loss: 0.06865171
2022-03-11 00:30:15,593 - ===> Validation after Training epoch: 101 	 Accuracy: 26.31%	Loss: 4.88561308
2022-03-11 00:40:52,014 - ===> Train Epoch: 102 	 Accuracy: 99.34% 	 Loss: 0.06909048
2022-03-11 00:42:19,609 - ===> Validation after Training epoch: 102 	 Accuracy: 25.96%	Loss: 4.86728429
2022-03-11 00:52:55,951 - ===> Train Epoch: 103 	 Accuracy: 99.42% 	 Loss: 0.06739584
2022-03-11 00:54:23,753 - ===> Validation after Training epoch: 103 	 Accuracy: 26.71%	Loss: 4.87544250
2022-03-11 01:05:00,567 - ===> Train Epoch: 104 	 Accuracy: 99.39% 	 Loss: 0.06758230
2022-03-11 01:06:28,333 - ===> Validation after Training epoch: 104 	 Accuracy: 26.38%	Loss: 4.83509526
2022-03-11 01:17:08,730 - ===> Train Epoch: 105 	 Accuracy: 99.42% 	 Loss: 0.06724310
2022-03-11 01:18:36,677 - ===> Validation after Training epoch: 105 	 Accuracy: 25.24%	Loss: 4.86638107
2022-03-11 01:29:26,567 - ===> Train Epoch: 106 	 Accuracy: 99.36% 	 Loss: 0.06694328
2022-03-11 01:30:54,602 - ===> Validation after Training epoch: 106 	 Accuracy: 26.34%	Loss: 4.88151064
2022-03-11 01:41:36,401 - ===> Train Epoch: 107 	 Accuracy: 99.36% 	 Loss: 0.06824057
2022-03-11 01:43:04,126 - ===> Validation after Training epoch: 107 	 Accuracy: 26.33%	Loss: 4.85440050
2022-03-11 01:53:40,561 - ===> Train Epoch: 108 	 Accuracy: 99.40% 	 Loss: 0.06789354
2022-03-11 01:55:08,306 - ===> Validation after Training epoch: 108 	 Accuracy: 26.42%	Loss: 4.84473161
2022-03-11 02:05:45,635 - ===> Train Epoch: 109 	 Accuracy: 99.39% 	 Loss: 0.06582126
2022-03-11 02:07:13,391 - ===> Validation after Training epoch: 109 	 Accuracy: 27.00%	Loss: 4.84726825
2022-03-11 02:17:49,602 - ===> Train Epoch: 110 	 Accuracy: 99.34% 	 Loss: 0.06529328
2022-03-11 02:19:17,668 - ===> Validation after Training epoch: 110 	 Accuracy: 26.70%	Loss: 4.87207813
2022-03-11 02:29:53,060 - ===> Train Epoch: 111 	 Accuracy: 99.39% 	 Loss: 0.06534199
2022-03-11 02:31:20,744 - ===> Validation after Training epoch: 111 	 Accuracy: 26.39%	Loss: 4.83937575
2022-03-11 02:41:55,814 - ===> Train Epoch: 112 	 Accuracy: 99.43% 	 Loss: 0.06551125
2022-03-11 02:43:23,581 - ===> Validation after Training epoch: 112 	 Accuracy: 25.57%	Loss: 4.86756608
2022-03-11 02:53:59,073 - ===> Train Epoch: 113 	 Accuracy: 99.43% 	 Loss: 0.06488999
2022-03-11 02:55:27,116 - ===> Validation after Training epoch: 113 	 Accuracy: 25.88%	Loss: 4.86645506
2022-03-11 03:06:04,025 - ===> Train Epoch: 114 	 Accuracy: 99.45% 	 Loss: 0.06460165
2022-03-11 03:07:32,205 - ===> Validation after Training epoch: 114 	 Accuracy: 26.27%	Loss: 4.83001399
2022-03-11 03:18:08,306 - ===> Train Epoch: 115 	 Accuracy: 99.40% 	 Loss: 0.06474358
2022-03-11 03:19:35,952 - ===> Validation after Training epoch: 115 	 Accuracy: 27.44%	Loss: 4.82072517
2022-03-11 03:30:12,481 - ===> Train Epoch: 116 	 Accuracy: 99.42% 	 Loss: 0.06302281
2022-03-11 03:31:40,550 - ===> Validation after Training epoch: 116 	 Accuracy: 25.63%	Loss: 4.88556596
2022-03-11 03:42:16,227 - ===> Train Epoch: 117 	 Accuracy: 99.39% 	 Loss: 0.06266439
2022-03-11 03:43:44,129 - ===> Validation after Training epoch: 117 	 Accuracy: 26.65%	Loss: 4.84190876
2022-03-11 03:54:19,927 - ===> Train Epoch: 118 	 Accuracy: 99.42% 	 Loss: 0.06279767
2022-03-11 03:55:47,668 - ===> Validation after Training epoch: 118 	 Accuracy: 26.21%	Loss: 4.92410788
2022-03-11 04:06:23,813 - ===> Train Epoch: 119 	 Accuracy: 99.48% 	 Loss: 0.06265313
2022-03-11 04:07:51,754 - ===> Validation after Training epoch: 119 	 Accuracy: 26.36%	Loss: 4.85721432
2022-03-11 04:18:27,439 - ===> Train Epoch: 120 	 Accuracy: 99.38% 	 Loss: 0.06213024
2022-03-11 04:19:55,427 - ===> Validation after Training epoch: 120 	 Accuracy: 25.94%	Loss: 4.88032195
2022-03-11 04:30:31,109 - ===> Train Epoch: 121 	 Accuracy: 99.41% 	 Loss: 0.06379114
2022-03-11 04:31:59,370 - ===> Validation after Training epoch: 121 	 Accuracy: 26.05%	Loss: 4.90999390
2022-03-11 04:42:38,048 - ===> Train Epoch: 122 	 Accuracy: 99.46% 	 Loss: 0.06102133
2022-03-11 04:44:06,009 - ===> Validation after Training epoch: 122 	 Accuracy: 25.90%	Loss: 4.87173439
2022-03-11 04:54:41,072 - ===> Train Epoch: 123 	 Accuracy: 99.39% 	 Loss: 0.06176926
2022-03-11 04:56:09,350 - ===> Validation after Training epoch: 123 	 Accuracy: 26.36%	Loss: 4.88177445
2022-03-11 05:06:45,023 - ===> Train Epoch: 124 	 Accuracy: 99.46% 	 Loss: 0.06097381
2022-03-11 05:08:12,623 - ===> Validation after Training epoch: 124 	 Accuracy: 25.83%	Loss: 4.87688887
2022-03-11 05:18:49,174 - ===> Train Epoch: 125 	 Accuracy: 99.43% 	 Loss: 0.06099520
2022-03-11 05:20:17,202 - ===> Validation after Training epoch: 125 	 Accuracy: 26.61%	Loss: 4.94126093
2022-03-11 05:30:53,236 - ===> Train Epoch: 126 	 Accuracy: 99.45% 	 Loss: 0.06115637
2022-03-11 05:32:20,823 - ===> Validation after Training epoch: 126 	 Accuracy: 25.69%	Loss: 4.93257027
2022-03-11 05:42:57,666 - ===> Train Epoch: 127 	 Accuracy: 99.45% 	 Loss: 0.06143057
2022-03-11 05:44:25,270 - ===> Validation after Training epoch: 127 	 Accuracy: 25.82%	Loss: 4.92417723
2022-03-11 05:55:01,128 - ===> Train Epoch: 128 	 Accuracy: 99.44% 	 Loss: 0.06141905
2022-03-11 05:56:28,782 - ===> Validation after Training epoch: 128 	 Accuracy: 25.60%	Loss: 4.94277552
2022-03-11 06:07:04,865 - ===> Train Epoch: 129 	 Accuracy: 99.44% 	 Loss: 0.06005141
2022-03-11 06:08:32,779 - ===> Validation after Training epoch: 129 	 Accuracy: 26.09%	Loss: 4.97713087
2022-03-11 06:19:07,274 - ===> Train Epoch: 130 	 Accuracy: 99.46% 	 Loss: 0.05894102
2022-03-11 06:20:35,232 - ===> Validation after Training epoch: 130 	 Accuracy: 26.15%	Loss: 4.93747719
2022-03-11 06:31:10,628 - ===> Train Epoch: 131 	 Accuracy: 99.44% 	 Loss: 0.05983546
2022-03-11 06:32:38,552 - ===> Validation after Training epoch: 131 	 Accuracy: 25.91%	Loss: 4.94123588
2022-03-11 06:43:13,499 - ===> Train Epoch: 132 	 Accuracy: 99.52% 	 Loss: 0.05838142
2022-03-11 06:44:41,531 - ===> Validation after Training epoch: 132 	 Accuracy: 26.26%	Loss: 4.92066296
2022-03-11 06:55:17,667 - ===> Train Epoch: 133 	 Accuracy: 99.45% 	 Loss: 0.05840523
2022-03-11 06:56:45,787 - ===> Validation after Training epoch: 133 	 Accuracy: 26.55%	Loss: 4.98863904
2022-03-11 07:07:21,328 - ===> Train Epoch: 134 	 Accuracy: 99.46% 	 Loss: 0.05902921
2022-03-11 07:08:48,974 - ===> Validation after Training epoch: 134 	 Accuracy: 26.41%	Loss: 4.96187302
2022-03-11 07:19:26,010 - ===> Train Epoch: 135 	 Accuracy: 99.44% 	 Loss: 0.05837797
2022-03-11 07:20:54,248 - ===> Validation after Training epoch: 135 	 Accuracy: 25.87%	Loss: 4.90859197
2022-03-11 07:31:28,706 - ===> Train Epoch: 136 	 Accuracy: 99.49% 	 Loss: 0.05787549
2022-03-11 07:32:56,320 - ===> Validation after Training epoch: 136 	 Accuracy: 26.46%	Loss: 4.92096050
2022-03-11 07:43:32,171 - ===> Train Epoch: 137 	 Accuracy: 99.46% 	 Loss: 0.05857331
2022-03-11 07:44:59,566 - ===> Validation after Training epoch: 137 	 Accuracy: 26.80%	Loss: 4.91419844
2022-03-11 07:55:34,929 - ===> Train Epoch: 138 	 Accuracy: 99.52% 	 Loss: 0.05716620
2022-03-11 07:57:02,743 - ===> Validation after Training epoch: 138 	 Accuracy: 25.64%	Loss: 4.97885928
2022-03-11 08:07:39,382 - ===> Train Epoch: 139 	 Accuracy: 99.46% 	 Loss: 0.05767371
2022-03-11 08:09:07,467 - ===> Validation after Training epoch: 139 	 Accuracy: 25.98%	Loss: 4.96202221
2022-03-11 08:19:43,493 - ===> Train Epoch: 140 	 Accuracy: 99.45% 	 Loss: 0.05769414
2022-03-11 08:21:11,166 - ===> Validation after Training epoch: 140 	 Accuracy: 26.30%	Loss: 4.92155572
2022-03-11 08:31:47,483 - ===> Train Epoch: 141 	 Accuracy: 99.48% 	 Loss: 0.05706452
2022-03-11 08:33:15,528 - ===> Validation after Training epoch: 141 	 Accuracy: 26.68%	Loss: 4.94249548
2022-03-11 08:43:52,012 - ===> Train Epoch: 142 	 Accuracy: 99.47% 	 Loss: 0.05641071
2022-03-11 08:45:19,725 - ===> Validation after Training epoch: 142 	 Accuracy: 27.05%	Loss: 4.91485170
2022-03-11 08:55:55,687 - ===> Train Epoch: 143 	 Accuracy: 99.45% 	 Loss: 0.05736487
2022-03-11 08:57:23,829 - ===> Validation after Training epoch: 143 	 Accuracy: 26.58%	Loss: 4.89227826
2022-03-11 09:07:59,790 - ===> Train Epoch: 144 	 Accuracy: 99.50% 	 Loss: 0.05728747
2022-03-11 09:09:27,516 - ===> Validation after Training epoch: 144 	 Accuracy: 25.54%	Loss: 4.99905963
2022-03-11 09:20:04,881 - ===> Train Epoch: 145 	 Accuracy: 99.44% 	 Loss: 0.05634609
2022-03-11 09:21:32,750 - ===> Validation after Training epoch: 145 	 Accuracy: 25.87%	Loss: 4.99289365
2022-03-11 09:32:08,620 - ===> Train Epoch: 146 	 Accuracy: 99.48% 	 Loss: 0.05679823
2022-03-11 09:33:36,437 - ===> Validation after Training epoch: 146 	 Accuracy: 26.25%	Loss: 4.94306902
2022-03-11 09:44:13,275 - ===> Train Epoch: 147 	 Accuracy: 99.55% 	 Loss: 0.05549431
2022-03-11 09:45:40,912 - ===> Validation after Training epoch: 147 	 Accuracy: 25.57%	Loss: 4.97108521
2022-03-11 09:56:16,650 - ===> Train Epoch: 148 	 Accuracy: 99.48% 	 Loss: 0.05565477
2022-03-11 09:57:44,601 - ===> Validation after Training epoch: 148 	 Accuracy: 25.85%	Loss: 4.99981764
2022-03-11 10:08:22,245 - ===> Train Epoch: 149 	 Accuracy: 99.46% 	 Loss: 0.05541753
2022-03-11 10:09:50,269 - ===> Validation after Training epoch: 149 	 Accuracy: 26.28%	Loss: 4.95964301
2022-03-11 10:20:27,605 - ===> Train Epoch: 150 	 Accuracy: 99.50% 	 Loss: 0.05534071
2022-03-11 10:21:55,543 - ===> Validation after Training epoch: 150 	 Accuracy: 25.86%	Loss: 4.95175202
2022-03-11 10:32:32,270 - ===> Train Epoch: 151 	 Accuracy: 99.51% 	 Loss: 0.05632504
2022-03-11 10:34:00,233 - ===> Validation after Training epoch: 151 	 Accuracy: 26.12%	Loss: 4.94637533
2022-03-11 10:44:37,160 - ===> Train Epoch: 152 	 Accuracy: 99.43% 	 Loss: 0.05541148
2022-03-11 10:46:04,872 - ===> Validation after Training epoch: 152 	 Accuracy: 25.80%	Loss: 5.00978421
2022-03-11 10:56:41,525 - ===> Train Epoch: 153 	 Accuracy: 99.54% 	 Loss: 0.05395721
2022-03-11 10:58:09,141 - ===> Validation after Training epoch: 153 	 Accuracy: 26.30%	Loss: 5.01882024
2022-03-11 11:08:46,389 - ===> Train Epoch: 154 	 Accuracy: 99.49% 	 Loss: 0.05395235
2022-03-11 11:10:14,201 - ===> Validation after Training epoch: 154 	 Accuracy: 26.35%	Loss: 4.97841956
2022-03-11 11:20:51,882 - ===> Train Epoch: 155 	 Accuracy: 99.50% 	 Loss: 0.05424567
2022-03-11 11:22:19,885 - ===> Validation after Training epoch: 155 	 Accuracy: 26.01%	Loss: 4.97230524
2022-03-11 11:32:56,753 - ===> Train Epoch: 156 	 Accuracy: 99.52% 	 Loss: 0.05348275
2022-03-11 11:34:24,936 - ===> Validation after Training epoch: 156 	 Accuracy: 26.20%	Loss: 4.92745586
2022-03-11 11:45:01,020 - ===> Train Epoch: 157 	 Accuracy: 99.49% 	 Loss: 0.05371943
2022-03-11 11:46:29,088 - ===> Validation after Training epoch: 157 	 Accuracy: 25.99%	Loss: 4.94058482
2022-03-11 11:57:04,714 - ===> Train Epoch: 158 	 Accuracy: 99.57% 	 Loss: 0.05352074
2022-03-11 11:58:32,539 - ===> Validation after Training epoch: 158 	 Accuracy: 25.49%	Loss: 5.04698542
2022-03-11 12:09:09,171 - ===> Train Epoch: 159 	 Accuracy: 99.56% 	 Loss: 0.05291005
2022-03-11 12:10:37,135 - ===> Validation after Training epoch: 159 	 Accuracy: 25.80%	Loss: 5.03393482
2022-03-11 12:21:14,640 - ===> Train Epoch: 160 	 Accuracy: 99.51% 	 Loss: 0.05358800
2022-03-11 12:22:43,042 - ===> Validation after Training epoch: 160 	 Accuracy: 25.89%	Loss: 4.98838594
2022-03-11 12:33:19,546 - ===> Train Epoch: 161 	 Accuracy: 99.52% 	 Loss: 0.05278531
2022-03-11 12:34:47,518 - ===> Validation after Training epoch: 161 	 Accuracy: 26.13%	Loss: 4.98697083
2022-03-11 12:45:24,475 - ===> Train Epoch: 162 	 Accuracy: 99.52% 	 Loss: 0.05283863
2022-03-11 12:46:52,472 - ===> Validation after Training epoch: 162 	 Accuracy: 25.80%	Loss: 4.95702685
2022-03-11 12:57:28,926 - ===> Train Epoch: 163 	 Accuracy: 99.55% 	 Loss: 0.05313804
2022-03-11 12:58:57,167 - ===> Validation after Training epoch: 163 	 Accuracy: 26.20%	Loss: 4.96109990
2022-03-11 13:09:34,629 - ===> Train Epoch: 164 	 Accuracy: 99.51% 	 Loss: 0.05256069
2022-03-11 13:11:02,774 - ===> Validation after Training epoch: 164 	 Accuracy: 25.83%	Loss: 5.01402126
2022-03-11 13:21:39,252 - ===> Train Epoch: 165 	 Accuracy: 99.55% 	 Loss: 0.05179657
2022-03-11 13:23:07,574 - ===> Validation after Training epoch: 165 	 Accuracy: 25.97%	Loss: 5.02848584
2022-03-11 13:33:44,230 - ===> Train Epoch: 166 	 Accuracy: 99.53% 	 Loss: 0.05231866
2022-03-11 13:35:11,973 - ===> Validation after Training epoch: 166 	 Accuracy: 26.78%	Loss: 4.97535052
2022-03-11 13:45:47,527 - ===> Train Epoch: 167 	 Accuracy: 99.58% 	 Loss: 0.05166893
2022-03-11 13:47:15,095 - ===> Validation after Training epoch: 167 	 Accuracy: 25.60%	Loss: 5.04474095
2022-03-11 13:57:50,585 - ===> Train Epoch: 168 	 Accuracy: 99.54% 	 Loss: 0.05181549
2022-03-11 13:59:18,676 - ===> Validation after Training epoch: 168 	 Accuracy: 25.31%	Loss: 5.05874791
2022-03-11 14:09:56,152 - ===> Train Epoch: 169 	 Accuracy: 99.50% 	 Loss: 0.05178202
2022-03-11 14:11:24,050 - ===> Validation after Training epoch: 169 	 Accuracy: 26.07%	Loss: 4.96823626
2022-03-11 14:22:00,951 - ===> Train Epoch: 170 	 Accuracy: 99.53% 	 Loss: 0.05134060
2022-03-11 14:23:28,957 - ===> Validation after Training epoch: 170 	 Accuracy: 26.25%	Loss: 4.98361711
2022-03-11 14:34:05,370 - ===> Train Epoch: 171 	 Accuracy: 99.47% 	 Loss: 0.05207581
2022-03-11 14:35:33,377 - ===> Validation after Training epoch: 171 	 Accuracy: 26.29%	Loss: 5.06426677
2022-03-11 14:46:09,201 - ===> Train Epoch: 172 	 Accuracy: 99.49% 	 Loss: 0.05126789
2022-03-11 14:47:37,188 - ===> Validation after Training epoch: 172 	 Accuracy: 26.56%	Loss: 5.04235022
2022-03-11 14:58:14,433 - ===> Train Epoch: 173 	 Accuracy: 99.55% 	 Loss: 0.05120772
2022-03-11 14:59:42,398 - ===> Validation after Training epoch: 173 	 Accuracy: 26.05%	Loss: 5.07576202
2022-03-11 15:10:17,934 - ===> Train Epoch: 174 	 Accuracy: 99.52% 	 Loss: 0.05071363
2022-03-11 15:11:45,852 - ===> Validation after Training epoch: 174 	 Accuracy: 25.98%	Loss: 4.99182159
2022-03-11 15:22:22,386 - ===> Train Epoch: 175 	 Accuracy: 99.46% 	 Loss: 0.05189066
2022-03-11 15:23:50,522 - ===> Validation after Training epoch: 175 	 Accuracy: 26.14%	Loss: 5.06167024
2022-03-11 15:34:26,715 - ===> Train Epoch: 176 	 Accuracy: 99.57% 	 Loss: 0.05089228
2022-03-11 15:35:54,673 - ===> Validation after Training epoch: 176 	 Accuracy: 25.76%	Loss: 5.02359864
2022-03-11 15:46:31,287 - ===> Train Epoch: 177 	 Accuracy: 99.56% 	 Loss: 0.05046239
2022-03-11 15:47:58,969 - ===> Validation after Training epoch: 177 	 Accuracy: 25.50%	Loss: 5.02743047
2022-03-11 15:58:35,000 - ===> Train Epoch: 178 	 Accuracy: 99.57% 	 Loss: 0.05079944
2022-03-11 16:00:02,981 - ===> Validation after Training epoch: 178 	 Accuracy: 26.11%	Loss: 4.97563896
2022-03-11 16:10:39,946 - ===> Train Epoch: 179 	 Accuracy: 99.58% 	 Loss: 0.04899266
2022-03-11 16:12:07,628 - ===> Validation after Training epoch: 179 	 Accuracy: 25.98%	Loss: 5.00582224
2022-03-11 16:22:44,166 - ===> Train Epoch: 180 	 Accuracy: 99.56% 	 Loss: 0.04911497
2022-03-11 16:24:11,962 - ===> Validation after Training epoch: 180 	 Accuracy: 26.58%	Loss: 4.98617858
2022-03-11 16:34:47,811 - ===> Train Epoch: 181 	 Accuracy: 99.52% 	 Loss: 0.04972384
2022-03-11 16:36:15,736 - ===> Validation after Training epoch: 181 	 Accuracy: 26.54%	Loss: 5.02572808
2022-03-11 16:46:51,893 - ===> Train Epoch: 182 	 Accuracy: 99.52% 	 Loss: 0.05028772
2022-03-11 16:48:19,864 - ===> Validation after Training epoch: 182 	 Accuracy: 25.90%	Loss: 5.03856053
2022-03-11 16:58:56,085 - ===> Train Epoch: 183 	 Accuracy: 99.48% 	 Loss: 0.04974478
2022-03-11 17:00:24,031 - ===> Validation after Training epoch: 183 	 Accuracy: 26.48%	Loss: 5.03427111
2022-03-11 17:11:00,749 - ===> Train Epoch: 184 	 Accuracy: 99.56% 	 Loss: 0.04921588
2022-03-11 17:12:28,486 - ===> Validation after Training epoch: 184 	 Accuracy: 26.25%	Loss: 5.02346791
2022-03-11 17:23:03,715 - ===> Train Epoch: 185 	 Accuracy: 99.56% 	 Loss: 0.04953514
2022-03-11 17:24:31,861 - ===> Validation after Training epoch: 185 	 Accuracy: 25.46%	Loss: 5.07600715
2022-03-11 17:35:08,035 - ===> Train Epoch: 186 	 Accuracy: 99.54% 	 Loss: 0.04910672
2022-03-11 17:36:35,766 - ===> Validation after Training epoch: 186 	 Accuracy: 25.94%	Loss: 5.05201726
2022-03-11 17:47:12,778 - ===> Train Epoch: 187 	 Accuracy: 99.57% 	 Loss: 0.04884473
2022-03-11 17:48:40,220 - ===> Validation after Training epoch: 187 	 Accuracy: 25.76%	Loss: 5.08932881
2022-03-11 17:59:16,319 - ===> Train Epoch: 188 	 Accuracy: 99.57% 	 Loss: 0.04909129
2022-03-11 18:00:44,138 - ===> Validation after Training epoch: 188 	 Accuracy: 26.47%	Loss: 5.09410947
2022-03-11 18:11:21,208 - ===> Train Epoch: 189 	 Accuracy: 99.53% 	 Loss: 0.04809677
2022-03-11 18:12:48,974 - ===> Validation after Training epoch: 189 	 Accuracy: 26.57%	Loss: 5.00948564
2022-03-11 18:23:26,768 - ===> Train Epoch: 190 	 Accuracy: 99.58% 	 Loss: 0.04797694
2022-03-11 18:24:55,457 - ===> Validation after Training epoch: 190 	 Accuracy: 26.33%	Loss: 5.06302733
2022-03-11 18:35:32,269 - ===> Train Epoch: 191 	 Accuracy: 99.54% 	 Loss: 0.04804226
2022-03-11 18:37:00,404 - ===> Validation after Training epoch: 191 	 Accuracy: 25.98%	Loss: 5.09383063
2022-03-11 18:47:37,428 - ===> Train Epoch: 192 	 Accuracy: 99.60% 	 Loss: 0.04853015
2022-03-11 18:49:05,555 - ===> Validation after Training epoch: 192 	 Accuracy: 26.08%	Loss: 5.07397308
2022-03-11 18:59:41,040 - ===> Train Epoch: 193 	 Accuracy: 99.52% 	 Loss: 0.04871524
2022-03-11 19:01:08,905 - ===> Validation after Training epoch: 193 	 Accuracy: 26.14%	Loss: 5.10067447
2022-03-11 19:11:44,591 - ===> Train Epoch: 194 	 Accuracy: 99.56% 	 Loss: 0.04899012
2022-03-11 19:13:12,583 - ===> Validation after Training epoch: 194 	 Accuracy: 26.37%	Loss: 5.00019306
2022-03-11 19:23:49,772 - ===> Train Epoch: 195 	 Accuracy: 99.57% 	 Loss: 0.04721300
2022-03-11 19:25:18,001 - ===> Validation after Training epoch: 195 	 Accuracy: 25.64%	Loss: 5.07495749
2022-03-11 19:35:55,058 - ===> Train Epoch: 196 	 Accuracy: 99.59% 	 Loss: 0.04681905
2022-03-11 19:37:23,035 - ===> Validation after Training epoch: 196 	 Accuracy: 25.76%	Loss: 5.16639301
2022-03-11 19:47:59,868 - ===> Train Epoch: 197 	 Accuracy: 99.59% 	 Loss: 0.04790027
2022-03-11 19:49:27,910 - ===> Validation after Training epoch: 197 	 Accuracy: 26.08%	Loss: 5.00378369
2022-03-11 20:00:03,882 - ===> Train Epoch: 198 	 Accuracy: 99.60% 	 Loss: 0.04809057
2022-03-11 20:01:31,847 - ===> Validation after Training epoch: 198 	 Accuracy: 25.93%	Loss: 5.12064688
2022-03-11 20:12:06,845 - ===> Train Epoch: 199 	 Accuracy: 99.58% 	 Loss: 0.04676371
2022-03-11 20:13:34,885 - ===> Validation after Training epoch: 199 	 Accuracy: 26.88%	Loss: 5.04052091
2022-03-11 20:24:10,352 - ===> Train Epoch: 200 	 Accuracy: 99.60% 	 Loss: 0.04650818
2022-03-11 20:25:38,762 - ===> Validation after Training epoch: 200 	 Accuracy: 26.42%	Loss: 5.07131850
2022-03-11 20:36:15,805 - ===> Train Epoch: 201 	 Accuracy: 99.60% 	 Loss: 0.04711327
2022-03-11 20:37:43,992 - ===> Validation after Training epoch: 201 	 Accuracy: 25.76%	Loss: 5.07756904
2022-03-11 20:48:20,575 - ===> Train Epoch: 202 	 Accuracy: 99.58% 	 Loss: 0.04686935
2022-03-11 20:49:48,298 - ===> Validation after Training epoch: 202 	 Accuracy: 26.64%	Loss: 5.08580493
2022-03-11 21:00:23,814 - ===> Train Epoch: 203 	 Accuracy: 99.61% 	 Loss: 0.04642086
2022-03-11 21:01:51,891 - ===> Validation after Training epoch: 203 	 Accuracy: 26.17%	Loss: 5.04151942
2022-03-11 21:12:28,971 - ===> Train Epoch: 204 	 Accuracy: 99.59% 	 Loss: 0.04698666
2022-03-11 21:13:57,080 - ===> Validation after Training epoch: 204 	 Accuracy: 25.73%	Loss: 5.07376904
2022-03-11 21:24:33,104 - ===> Train Epoch: 205 	 Accuracy: 99.62% 	 Loss: 0.04614212
2022-03-11 21:26:01,205 - ===> Validation after Training epoch: 205 	 Accuracy: 25.99%	Loss: 5.07906629
2022-03-11 21:36:38,486 - ===> Train Epoch: 206 	 Accuracy: 99.59% 	 Loss: 0.04601208
2022-03-11 21:38:06,530 - ===> Validation after Training epoch: 206 	 Accuracy: 26.13%	Loss: 5.04826530
2022-03-11 21:48:43,542 - ===> Train Epoch: 207 	 Accuracy: 99.62% 	 Loss: 0.04571942
2022-03-11 21:50:11,853 - ===> Validation after Training epoch: 207 	 Accuracy: 25.98%	Loss: 5.02134533
2022-03-11 22:00:50,159 - ===> Train Epoch: 208 	 Accuracy: 99.58% 	 Loss: 0.04570704
2022-03-11 22:02:17,758 - ===> Validation after Training epoch: 208 	 Accuracy: 26.72%	Loss: 5.07227876
2022-03-11 22:12:53,906 - ===> Train Epoch: 209 	 Accuracy: 99.58% 	 Loss: 0.04625446
2022-03-11 22:14:21,986 - ===> Validation after Training epoch: 209 	 Accuracy: 26.12%	Loss: 5.08376377
2022-03-11 22:24:58,523 - ===> Train Epoch: 210 	 Accuracy: 99.54% 	 Loss: 0.04598538
2022-03-11 22:26:26,381 - ===> Validation after Training epoch: 210 	 Accuracy: 26.70%	Loss: 5.09593528
2022-03-11 22:37:03,951 - ===> Train Epoch: 211 	 Accuracy: 99.62% 	 Loss: 0.04496844
2022-03-11 22:38:31,718 - ===> Validation after Training epoch: 211 	 Accuracy: 26.06%	Loss: 5.10930776
2022-03-11 22:49:07,755 - ===> Train Epoch: 212 	 Accuracy: 99.62% 	 Loss: 0.04591215
2022-03-11 22:50:35,684 - ===> Validation after Training epoch: 212 	 Accuracy: 26.39%	Loss: 5.06189733
2022-03-11 23:01:13,079 - ===> Train Epoch: 213 	 Accuracy: 99.60% 	 Loss: 0.04591828
2022-03-11 23:02:40,773 - ===> Validation after Training epoch: 213 	 Accuracy: 25.94%	Loss: 5.05889741
2022-03-11 23:13:18,063 - ===> Train Epoch: 214 	 Accuracy: 99.60% 	 Loss: 0.04467359
2022-03-11 23:14:46,074 - ===> Validation after Training epoch: 214 	 Accuracy: 26.75%	Loss: 5.03526259
2022-03-11 23:25:23,992 - ===> Train Epoch: 215 	 Accuracy: 99.55% 	 Loss: 0.04613744
2022-03-11 23:26:51,943 - ===> Validation after Training epoch: 215 	 Accuracy: 26.49%	Loss: 5.03803289
2022-03-11 23:37:27,829 - ===> Train Epoch: 216 	 Accuracy: 99.54% 	 Loss: 0.04575940
2022-03-11 23:38:55,779 - ===> Validation after Training epoch: 216 	 Accuracy: 26.43%	Loss: 5.07683495
2022-03-11 23:49:32,135 - ===> Train Epoch: 217 	 Accuracy: 99.62% 	 Loss: 0.04445706
2022-03-11 23:50:59,860 - ===> Validation after Training epoch: 217 	 Accuracy: 26.34%	Loss: 5.08248913
2022-03-12 00:01:36,479 - ===> Train Epoch: 218 	 Accuracy: 99.59% 	 Loss: 0.04429972
2022-03-12 00:03:04,221 - ===> Validation after Training epoch: 218 	 Accuracy: 26.00%	Loss: 5.08064834
2022-03-12 00:13:41,519 - ===> Train Epoch: 219 	 Accuracy: 99.63% 	 Loss: 0.04510708
2022-03-12 00:15:09,648 - ===> Validation after Training epoch: 219 	 Accuracy: 26.26%	Loss: 5.04677415
2022-03-12 00:25:48,244 - ===> Train Epoch: 220 	 Accuracy: 99.58% 	 Loss: 0.04351670
2022-03-12 00:27:16,157 - ===> Validation after Training epoch: 220 	 Accuracy: 26.01%	Loss: 5.16828684
2022-03-12 00:37:52,562 - ===> Train Epoch: 221 	 Accuracy: 99.62% 	 Loss: 0.04365567
2022-03-12 00:39:20,599 - ===> Validation after Training epoch: 221 	 Accuracy: 26.91%	Loss: 5.03679634
2022-03-12 00:49:56,822 - ===> Train Epoch: 222 	 Accuracy: 99.65% 	 Loss: 0.04385555
2022-03-12 00:51:25,208 - ===> Validation after Training epoch: 222 	 Accuracy: 26.37%	Loss: 5.11699328
2022-03-12 01:02:23,316 - ===> Train Epoch: 223 	 Accuracy: 99.62% 	 Loss: 0.04427021
2022-03-12 01:03:50,970 - ===> Validation after Training epoch: 223 	 Accuracy: 26.69%	Loss: 5.11910894
2022-03-12 01:14:35,472 - ===> Train Epoch: 224 	 Accuracy: 99.65% 	 Loss: 0.04405314
2022-03-12 01:16:03,230 - ===> Validation after Training epoch: 224 	 Accuracy: 25.91%	Loss: 5.16428302
2022-03-12 01:26:47,211 - ===> Train Epoch: 225 	 Accuracy: 99.61% 	 Loss: 0.04472361
2022-03-12 01:28:14,631 - ===> Validation after Training epoch: 225 	 Accuracy: 26.28%	Loss: 5.07847991
2022-03-12 01:38:56,827 - ===> Train Epoch: 226 	 Accuracy: 99.66% 	 Loss: 0.04339248
2022-03-12 01:40:24,525 - ===> Validation after Training epoch: 226 	 Accuracy: 26.29%	Loss: 5.14283566
2022-03-12 01:51:01,248 - ===> Train Epoch: 227 	 Accuracy: 99.57% 	 Loss: 0.04425700
2022-03-12 01:52:29,266 - ===> Validation after Training epoch: 227 	 Accuracy: 25.90%	Loss: 5.12213311
2022-03-12 02:03:05,977 - ===> Train Epoch: 228 	 Accuracy: 99.56% 	 Loss: 0.04350760
2022-03-12 02:04:33,989 - ===> Validation after Training epoch: 228 	 Accuracy: 26.09%	Loss: 5.19465473
2022-03-12 02:15:11,248 - ===> Train Epoch: 229 	 Accuracy: 99.61% 	 Loss: 0.04383005
2022-03-12 02:16:38,955 - ===> Validation after Training epoch: 229 	 Accuracy: 26.11%	Loss: 5.06746469
2022-03-12 02:27:15,263 - ===> Train Epoch: 230 	 Accuracy: 99.59% 	 Loss: 0.04365562
2022-03-12 02:28:43,102 - ===> Validation after Training epoch: 230 	 Accuracy: 26.02%	Loss: 5.09485309
2022-03-12 02:39:19,512 - ===> Train Epoch: 231 	 Accuracy: 99.59% 	 Loss: 0.04325170
2022-03-12 02:40:47,431 - ===> Validation after Training epoch: 231 	 Accuracy: 26.44%	Loss: 5.05752804
