2022-03-01 23:38:36,492 - ### Training Machine Ip address ###
 127.0.1.1

2022-03-01 23:38:36,493 - ### Model summary below###
 BackBone(
  (encoder): Encoder(
    (groups): ModuleList(
      (0): Sequential(
        (0): Res1d(
          (conv1): Conv1d(3, 32, kernel_size=(3,), stride=(1,), padding=(1,), bias=False)
          (conv2): Conv1d(32, 32, kernel_size=(3,), stride=(1,), padding=(1,), bias=False)
          (relu): ReLU(inplace=True)
          (bn1): GroupNorm(1, 32, eps=1e-05, affine=True)
          (bn2): GroupNorm(1, 32, eps=1e-05, affine=True)
          (downsample): Sequential(
            (0): Conv1d(3, 32, kernel_size=(1,), stride=(1,), bias=False)
            (1): GroupNorm(1, 32, eps=1e-05, affine=True)
          )
        )
        (1): Res1d(
          (conv1): Conv1d(32, 32, kernel_size=(3,), stride=(1,), padding=(1,), bias=False)
          (conv2): Conv1d(32, 32, kernel_size=(3,), stride=(1,), padding=(1,), bias=False)
          (relu): ReLU(inplace=True)
          (bn1): GroupNorm(1, 32, eps=1e-05, affine=True)
          (bn2): GroupNorm(1, 32, eps=1e-05, affine=True)
        )
      )
      (1): Sequential(
        (0): Res1d(
          (conv1): Conv1d(32, 64, kernel_size=(3,), stride=(2,), padding=(1,), bias=False)
          (conv2): Conv1d(64, 64, kernel_size=(3,), stride=(1,), padding=(1,), bias=False)
          (relu): ReLU(inplace=True)
          (bn1): GroupNorm(1, 64, eps=1e-05, affine=True)
          (bn2): GroupNorm(1, 64, eps=1e-05, affine=True)
          (downsample): Sequential(
            (0): Conv1d(32, 64, kernel_size=(1,), stride=(2,), bias=False)
            (1): GroupNorm(1, 64, eps=1e-05, affine=True)
          )
        )
        (1): Res1d(
          (conv1): Conv1d(64, 64, kernel_size=(3,), stride=(1,), padding=(1,), bias=False)
          (conv2): Conv1d(64, 64, kernel_size=(3,), stride=(1,), padding=(1,), bias=False)
          (relu): ReLU(inplace=True)
          (bn1): GroupNorm(1, 64, eps=1e-05, affine=True)
          (bn2): GroupNorm(1, 64, eps=1e-05, affine=True)
        )
      )
      (2): Sequential(
        (0): Res1d(
          (conv1): Conv1d(64, 128, kernel_size=(3,), stride=(2,), padding=(1,), bias=False)
          (conv2): Conv1d(128, 128, kernel_size=(3,), stride=(1,), padding=(1,), bias=False)
          (relu): ReLU(inplace=True)
          (bn1): GroupNorm(1, 128, eps=1e-05, affine=True)
          (bn2): GroupNorm(1, 128, eps=1e-05, affine=True)
          (downsample): Sequential(
            (0): Conv1d(64, 128, kernel_size=(1,), stride=(2,), bias=False)
            (1): GroupNorm(1, 128, eps=1e-05, affine=True)
          )
        )
        (1): Res1d(
          (conv1): Conv1d(128, 128, kernel_size=(3,), stride=(1,), padding=(1,), bias=False)
          (conv2): Conv1d(128, 128, kernel_size=(3,), stride=(1,), padding=(1,), bias=False)
          (relu): ReLU(inplace=True)
          (bn1): GroupNorm(1, 128, eps=1e-05, affine=True)
          (bn2): GroupNorm(1, 128, eps=1e-05, affine=True)
        )
      )
    )
    (lateral): ModuleList(
      (0): Conv1d(
        (conv): Conv1d(32, 256, kernel_size=(3,), stride=(1,), padding=(1,), bias=False)
        (norm): GroupNorm(1, 256, eps=1e-05, affine=True)
        (relu): ReLU(inplace=True)
      )
      (1): Conv1d(
        (conv): Conv1d(64, 256, kernel_size=(3,), stride=(1,), padding=(1,), bias=False)
        (norm): GroupNorm(1, 256, eps=1e-05, affine=True)
        (relu): ReLU(inplace=True)
      )
      (2): Conv1d(
        (conv): Conv1d(128, 256, kernel_size=(3,), stride=(1,), padding=(1,), bias=False)
        (norm): GroupNorm(1, 256, eps=1e-05, affine=True)
        (relu): ReLU(inplace=True)
      )
    )
    (output): Res1d(
      (conv1): Conv1d(256, 256, kernel_size=(3,), stride=(1,), padding=(1,), bias=False)
      (conv2): Conv1d(256, 256, kernel_size=(3,), stride=(1,), padding=(1,), bias=False)
      (relu): ReLU(inplace=True)
      (bn1): GroupNorm(1, 256, eps=1e-05, affine=True)
      (bn2): GroupNorm(1, 256, eps=1e-05, affine=True)
    )
  )
  (autoregressive): AutoRegressive(
    (gru): GRU(256, 128, batch_first=True)
  )
  (Wk): ModuleList(
    (0): Linear(in_features=128, out_features=256, bias=True)
    (1): Linear(in_features=128, out_features=256, bias=True)
    (2): Linear(in_features=128, out_features=256, bias=True)
    (3): Linear(in_features=128, out_features=256, bias=True)
    (4): Linear(in_features=128, out_features=256, bias=True)
    (5): Linear(in_features=128, out_features=256, bias=True)
    (6): Linear(in_features=128, out_features=256, bias=True)
    (7): Linear(in_features=128, out_features=256, bias=True)
    (8): Linear(in_features=128, out_features=256, bias=True)
    (9): Linear(in_features=128, out_features=256, bias=True)
  )
  (softmax): Softmax(dim=None)
  (lsoftmax): LogSoftmax(dim=None)
)

2022-03-01 23:38:36,493 - ===> Configuration parameter
                                    GPU_id: 3
                                    batch_size: 16
                                    epoch: 300
                                    n_warmup_steps: 30
                                    validataion_period: 1
                                    ckpt_period: 5
                                    ckpt_dir: /home/user/data/HyeongseokJeon/HMC_prediction/ckpt/
                                    learning_rate: 5e-06
                                    data_dir_train: /home/user/data/HyeongseokJeon/HMC_prediction/data/drone_data/processed/train/
                                    data_dir_val: /home/user/data/HyeongseokJeon/HMC_prediction/data/drone_data/processed/val/
                                    data_dir_orig: /home/user/data/HyeongseokJeon/HMC_prediction/data/drone_data/processed/archive/
                                    occlusion_rate: 0.2
                                    splicing_num: 128
                                    LC_multiple: 5
                                    FOV: 30
                                    interpolate: False
                                    max_pred_time: 5
                                    max_hist_time: 10
                                    hz: 2
                                    val_rate: 0.2
                                    n_hidden_after_deconv: 256
                                    n_convgru_layer: 1
                                    convgru_kernel_size: (3, 3)
                                    convgru_output_layer_num: 4
                                    convgru_output_channel_list: [16, 32, 64, 128]
                                    convgru_output_kernel_size_list: [5, 5, 5, 5]
                                    log_dir: logs/

2022-03-01 23:38:36,493 - ===> Model total parameter: 1283392
2022-03-01 23:38:36,494 - ===> Model Training Start
2022-03-01 23:54:50,578 - ===> Train Epoch: 1 	 Accuracy: 71.30%	Loss: 0.66029912
2022-03-01 23:56:27,054 - ===> Validation after Training epoch: 1 	 Accuracy: 60.89%	Loss: 0.97958893
2022-03-02 00:12:42,869 - ===> Train Epoch: 2 	 Accuracy: 84.97%	Loss: 0.34647703
2022-03-02 00:14:24,886 - ===> Validation after Training epoch: 2 	 Accuracy: 61.40%	Loss: 1.00838196
2022-03-02 00:30:38,372 - ===> Train Epoch: 3 	 Accuracy: 88.50%	Loss: 0.27730379
2022-03-02 00:32:22,216 - ===> Validation after Training epoch: 3 	 Accuracy: 61.51%	Loss: 1.10773873
2022-03-02 00:48:33,742 - ===> Train Epoch: 4 	 Accuracy: 90.39%	Loss: 0.23532909
2022-03-02 00:50:16,264 - ===> Validation after Training epoch: 4 	 Accuracy: 62.13%	Loss: 1.10831296
2022-03-02 01:06:24,740 - ===> Train Epoch: 5 	 Accuracy: 91.51%	Loss: 0.20772062
2022-03-02 01:08:01,322 - ===> Validation after Training epoch: 5 	 Accuracy: 63.33%	Loss: 1.20901453
2022-03-02 01:24:12,924 - ===> Train Epoch: 6 	 Accuracy: 92.47%	Loss: 0.18637301
2022-03-02 01:25:54,383 - ===> Validation after Training epoch: 6 	 Accuracy: 63.71%	Loss: 1.24429905
2022-03-02 01:42:06,587 - ===> Train Epoch: 7 	 Accuracy: 93.25%	Loss: 0.17058194
2022-03-02 01:43:49,967 - ===> Validation after Training epoch: 7 	 Accuracy: 62.58%	Loss: 1.22913992
2022-03-02 02:00:01,694 - ===> Train Epoch: 8 	 Accuracy: 93.95%	Loss: 0.15453304
2022-03-02 02:01:41,810 - ===> Validation after Training epoch: 8 	 Accuracy: 62.27%	Loss: 1.31503808
2022-03-02 02:17:50,074 - ===> Train Epoch: 9 	 Accuracy: 94.75%	Loss: 0.14041375
2022-03-02 02:19:34,418 - ===> Validation after Training epoch: 9 	 Accuracy: 62.40%	Loss: 1.37703061
2022-03-02 02:35:50,510 - ===> Train Epoch: 10 	 Accuracy: 95.16%	Loss: 0.13036008
2022-03-02 02:37:28,788 - ===> Validation after Training epoch: 10 	 Accuracy: 62.75%	Loss: 1.42791212
2022-03-02 02:53:41,182 - ===> Train Epoch: 11 	 Accuracy: 95.71%	Loss: 0.12105743
2022-03-02 02:55:17,382 - ===> Validation after Training epoch: 11 	 Accuracy: 62.27%	Loss: 1.47301137
2022-03-02 03:11:30,644 - ===> Train Epoch: 12 	 Accuracy: 95.98%	Loss: 0.11302570
2022-03-02 03:13:04,512 - ===> Validation after Training epoch: 12 	 Accuracy: 62.03%	Loss: 1.43362343
2022-03-02 03:29:15,507 - ===> Train Epoch: 13 	 Accuracy: 96.35%	Loss: 0.10747295
2022-03-02 03:30:57,544 - ===> Validation after Training epoch: 13 	 Accuracy: 62.25%	Loss: 1.48854399
2022-03-02 03:47:05,330 - ===> Train Epoch: 14 	 Accuracy: 96.56%	Loss: 0.10116982
2022-03-02 03:48:45,846 - ===> Validation after Training epoch: 14 	 Accuracy: 61.93%	Loss: 1.51837516
2022-03-02 04:04:57,153 - ===> Train Epoch: 15 	 Accuracy: 96.87%	Loss: 0.09466869
2022-03-02 04:06:40,555 - ===> Validation after Training epoch: 15 	 Accuracy: 61.83%	Loss: 1.54484093
2022-03-02 04:22:51,929 - ===> Train Epoch: 16 	 Accuracy: 97.14%	Loss: 0.08995799
2022-03-02 04:24:29,243 - ===> Validation after Training epoch: 16 	 Accuracy: 61.76%	Loss: 1.56199646
2022-03-02 04:38:15,171 - ===> Train Epoch: 17 	 Accuracy: 97.23%	Loss: 0.08681845
2022-03-02 04:39:20,553 - ===> Validation after Training epoch: 17 	 Accuracy: 62.38%	Loss: 1.58955956
2022-03-02 04:52:03,876 - ===> Train Epoch: 18 	 Accuracy: 97.46%	Loss: 0.08252107
2022-03-02 04:53:09,306 - ===> Validation after Training epoch: 18 	 Accuracy: 61.87%	Loss: 1.60312402
2022-03-02 05:05:52,702 - ===> Train Epoch: 19 	 Accuracy: 97.45%	Loss: 0.07960859
2022-03-02 05:06:57,896 - ===> Validation after Training epoch: 19 	 Accuracy: 62.36%	Loss: 1.69019318
2022-03-02 05:19:41,452 - ===> Train Epoch: 20 	 Accuracy: 97.65%	Loss: 0.07605593
2022-03-02 05:20:46,794 - ===> Validation after Training epoch: 20 	 Accuracy: 61.75%	Loss: 1.63128090
2022-03-02 05:33:31,681 - ===> Train Epoch: 21 	 Accuracy: 97.80%	Loss: 0.07471800
2022-03-02 05:34:37,073 - ===> Validation after Training epoch: 21 	 Accuracy: 60.94%	Loss: 1.68630528
2022-03-02 05:47:21,028 - ===> Train Epoch: 22 	 Accuracy: 97.84%	Loss: 0.07276963
2022-03-02 05:48:26,253 - ===> Validation after Training epoch: 22 	 Accuracy: 61.90%	Loss: 1.65096998
2022-03-02 06:01:09,007 - ===> Train Epoch: 23 	 Accuracy: 97.97%	Loss: 0.06974449
2022-03-02 06:02:14,133 - ===> Validation after Training epoch: 23 	 Accuracy: 62.57%	Loss: 1.67272639
2022-03-02 06:14:57,756 - ===> Train Epoch: 24 	 Accuracy: 98.06%	Loss: 0.06741960
2022-03-02 06:16:03,035 - ===> Validation after Training epoch: 24 	 Accuracy: 61.16%	Loss: 1.75104094
2022-03-02 06:28:46,659 - ===> Train Epoch: 25 	 Accuracy: 98.14%	Loss: 0.06616686
2022-03-02 06:29:52,364 - ===> Validation after Training epoch: 25 	 Accuracy: 62.04%	Loss: 1.69687164
2022-03-02 06:42:36,830 - ===> Train Epoch: 26 	 Accuracy: 98.11%	Loss: 0.06445528
2022-03-02 06:43:42,209 - ===> Validation after Training epoch: 26 	 Accuracy: 61.57%	Loss: 1.70376921
2022-03-02 06:56:26,726 - ===> Train Epoch: 27 	 Accuracy: 98.21%	Loss: 0.06284676
2022-03-02 06:57:32,763 - ===> Validation after Training epoch: 27 	 Accuracy: 61.19%	Loss: 1.77692282
2022-03-02 07:10:17,615 - ===> Train Epoch: 28 	 Accuracy: 98.28%	Loss: 0.05990098
2022-03-02 07:11:23,002 - ===> Validation after Training epoch: 28 	 Accuracy: 62.99%	Loss: 1.78252149
2022-03-02 07:24:06,647 - ===> Train Epoch: 29 	 Accuracy: 98.44%	Loss: 0.05930618
2022-03-02 07:25:11,903 - ===> Validation after Training epoch: 29 	 Accuracy: 62.34%	Loss: 1.76398075
2022-03-02 07:37:56,376 - ===> Train Epoch: 30 	 Accuracy: 98.39%	Loss: 0.05727791
2022-03-02 07:39:01,603 - ===> Validation after Training epoch: 30 	 Accuracy: 60.92%	Loss: 1.79742575
2022-03-02 07:51:46,653 - ===> Train Epoch: 31 	 Accuracy: 98.51%	Loss: 0.05629915
2022-03-02 07:52:52,038 - ===> Validation after Training epoch: 31 	 Accuracy: 60.10%	Loss: 1.83314478
2022-03-02 08:05:36,009 - ===> Train Epoch: 32 	 Accuracy: 98.48%	Loss: 0.05691151
2022-03-02 08:06:41,222 - ===> Validation after Training epoch: 32 	 Accuracy: 61.07%	Loss: 1.80677104
2022-03-02 08:19:25,580 - ===> Train Epoch: 33 	 Accuracy: 98.42%	Loss: 0.05436034
2022-03-02 08:20:30,912 - ===> Validation after Training epoch: 33 	 Accuracy: 61.44%	Loss: 1.79726970
2022-03-02 08:33:13,833 - ===> Train Epoch: 34 	 Accuracy: 98.46%	Loss: 0.05400958
2022-03-02 08:34:18,989 - ===> Validation after Training epoch: 34 	 Accuracy: 61.77%	Loss: 1.81446254
2022-03-02 08:47:03,358 - ===> Train Epoch: 35 	 Accuracy: 98.60%	Loss: 0.05332291
2022-03-02 08:48:08,613 - ===> Validation after Training epoch: 35 	 Accuracy: 61.52%	Loss: 1.82701206
2022-03-02 09:00:53,386 - ===> Train Epoch: 36 	 Accuracy: 98.65%	Loss: 0.05162027
2022-03-02 09:01:58,699 - ===> Validation after Training epoch: 36 	 Accuracy: 61.13%	Loss: 1.84925389
2022-03-02 09:14:43,872 - ===> Train Epoch: 37 	 Accuracy: 98.66%	Loss: 0.05141090
2022-03-02 09:15:49,134 - ===> Validation after Training epoch: 37 	 Accuracy: 61.01%	Loss: 1.82601774
2022-03-02 09:28:33,805 - ===> Train Epoch: 38 	 Accuracy: 98.66%	Loss: 0.05171501
2022-03-02 09:29:39,147 - ===> Validation after Training epoch: 38 	 Accuracy: 60.41%	Loss: 1.83843791
2022-03-02 09:42:23,222 - ===> Train Epoch: 39 	 Accuracy: 98.63%	Loss: 0.04949928
2022-03-02 09:43:28,457 - ===> Validation after Training epoch: 39 	 Accuracy: 61.03%	Loss: 1.87132502
2022-03-02 09:56:12,521 - ===> Train Epoch: 40 	 Accuracy: 98.78%	Loss: 0.04825386
2022-03-02 09:57:17,915 - ===> Validation after Training epoch: 40 	 Accuracy: 62.04%	Loss: 1.87900233
2022-03-02 10:10:02,975 - ===> Train Epoch: 41 	 Accuracy: 98.68%	Loss: 0.04841308
2022-03-02 10:11:08,180 - ===> Validation after Training epoch: 41 	 Accuracy: 61.32%	Loss: 1.83412755
2022-03-02 10:23:52,623 - ===> Train Epoch: 42 	 Accuracy: 98.71%	Loss: 0.04747184
2022-03-02 10:24:57,831 - ===> Validation after Training epoch: 42 	 Accuracy: 61.54%	Loss: 1.91005397
2022-03-02 10:37:42,031 - ===> Train Epoch: 43 	 Accuracy: 98.74%	Loss: 0.04667528
2022-03-02 10:38:47,396 - ===> Validation after Training epoch: 43 	 Accuracy: 61.09%	Loss: 1.90748155
2022-03-02 10:51:30,453 - ===> Train Epoch: 44 	 Accuracy: 98.69%	Loss: 0.04728505
2022-03-02 10:52:35,783 - ===> Validation after Training epoch: 44 	 Accuracy: 61.88%	Loss: 1.87883210
2022-03-02 11:05:20,118 - ===> Train Epoch: 45 	 Accuracy: 98.74%	Loss: 0.04600109
2022-03-02 11:06:25,372 - ===> Validation after Training epoch: 45 	 Accuracy: 61.26%	Loss: 1.91966021
2022-03-02 11:19:09,463 - ===> Train Epoch: 46 	 Accuracy: 98.81%	Loss: 0.04513226
2022-03-02 11:20:14,739 - ===> Validation after Training epoch: 46 	 Accuracy: 60.42%	Loss: 1.98681724
2022-03-02 11:32:58,559 - ===> Train Epoch: 47 	 Accuracy: 98.71%	Loss: 0.04584920
2022-03-02 11:34:03,935 - ===> Validation after Training epoch: 47 	 Accuracy: 60.75%	Loss: 1.94105709
2022-03-02 11:46:47,636 - ===> Train Epoch: 48 	 Accuracy: 98.75%	Loss: 0.04403051
2022-03-02 11:47:52,976 - ===> Validation after Training epoch: 48 	 Accuracy: 61.52%	Loss: 1.93603408
2022-03-02 12:00:36,884 - ===> Train Epoch: 49 	 Accuracy: 98.78%	Loss: 0.04425084
2022-03-02 12:01:42,183 - ===> Validation after Training epoch: 49 	 Accuracy: 60.45%	Loss: 1.92557526
2022-03-02 12:14:26,580 - ===> Train Epoch: 50 	 Accuracy: 98.83%	Loss: 0.04389900
2022-03-02 12:15:31,984 - ===> Validation after Training epoch: 50 	 Accuracy: 60.61%	Loss: 2.00618505
2022-03-02 12:28:16,470 - ===> Train Epoch: 51 	 Accuracy: 98.88%	Loss: 0.04269351
2022-03-02 12:29:21,898 - ===> Validation after Training epoch: 51 	 Accuracy: 60.37%	Loss: 1.96332395
2022-03-02 12:42:17,525 - ===> Train Epoch: 52 	 Accuracy: 98.85%	Loss: 0.04175570
2022-03-02 12:43:22,905 - ===> Validation after Training epoch: 52 	 Accuracy: 60.97%	Loss: 1.92222965
2022-03-02 12:56:46,987 - ===> Train Epoch: 53 	 Accuracy: 98.83%	Loss: 0.04157008
2022-03-02 12:57:57,417 - ===> Validation after Training epoch: 53 	 Accuracy: 60.36%	Loss: 2.00042748
2022-03-02 13:10:46,442 - ===> Train Epoch: 54 	 Accuracy: 98.92%	Loss: 0.04135817
2022-03-02 13:11:51,677 - ===> Validation after Training epoch: 54 	 Accuracy: 61.04%	Loss: 1.95279086
2022-03-02 13:24:37,863 - ===> Train Epoch: 55 	 Accuracy: 98.87%	Loss: 0.04097603
2022-03-02 13:25:43,285 - ===> Validation after Training epoch: 55 	 Accuracy: 60.55%	Loss: 1.95159090
2022-03-02 13:38:30,553 - ===> Train Epoch: 56 	 Accuracy: 98.89%	Loss: 0.04055726
2022-03-02 13:39:36,024 - ===> Validation after Training epoch: 56 	 Accuracy: 62.14%	Loss: 1.93929350
2022-03-02 13:52:21,950 - ===> Train Epoch: 57 	 Accuracy: 98.91%	Loss: 0.04057681
2022-03-02 13:53:27,228 - ===> Validation after Training epoch: 57 	 Accuracy: 60.98%	Loss: 1.97366929
2022-03-02 14:06:09,603 - ===> Train Epoch: 58 	 Accuracy: 98.91%	Loss: 0.04013424
2022-03-02 14:07:14,689 - ===> Validation after Training epoch: 58 	 Accuracy: 60.40%	Loss: 2.04147720
2022-03-02 14:19:56,333 - ===> Train Epoch: 59 	 Accuracy: 98.97%	Loss: 0.03925688
2022-03-02 14:21:01,430 - ===> Validation after Training epoch: 59 	 Accuracy: 60.98%	Loss: 2.01192904
2022-03-02 14:33:42,948 - ===> Train Epoch: 60 	 Accuracy: 98.91%	Loss: 0.03939835
2022-03-02 14:34:48,137 - ===> Validation after Training epoch: 60 	 Accuracy: 61.10%	Loss: 1.99848104
2022-03-02 14:47:31,254 - ===> Train Epoch: 61 	 Accuracy: 98.95%	Loss: 0.03918272
2022-03-02 14:48:36,386 - ===> Validation after Training epoch: 61 	 Accuracy: 60.79%	Loss: 2.01865220
2022-03-02 15:01:17,889 - ===> Train Epoch: 62 	 Accuracy: 98.85%	Loss: 0.04069961
2022-03-02 15:02:22,941 - ===> Validation after Training epoch: 62 	 Accuracy: 61.40%	Loss: 2.03254461
2022-03-02 15:15:04,174 - ===> Train Epoch: 63 	 Accuracy: 98.97%	Loss: 0.03836225
2022-03-02 15:16:09,216 - ===> Validation after Training epoch: 63 	 Accuracy: 60.01%	Loss: 2.00223279
2022-03-02 15:28:52,224 - ===> Train Epoch: 64 	 Accuracy: 98.95%	Loss: 0.03783718
2022-03-02 15:29:57,574 - ===> Validation after Training epoch: 64 	 Accuracy: 61.83%	Loss: 1.93618906
2022-03-02 15:42:41,367 - ===> Train Epoch: 65 	 Accuracy: 98.92%	Loss: 0.03870074
2022-03-02 15:43:46,575 - ===> Validation after Training epoch: 65 	 Accuracy: 60.33%	Loss: 2.07610559
2022-03-02 15:56:29,828 - ===> Train Epoch: 66 	 Accuracy: 98.95%	Loss: 0.03785701
2022-03-02 15:57:35,111 - ===> Validation after Training epoch: 66 	 Accuracy: 60.52%	Loss: 2.00413918
2022-03-02 16:10:19,422 - ===> Train Epoch: 67 	 Accuracy: 98.97%	Loss: 0.03796087
2022-03-02 16:11:24,639 - ===> Validation after Training epoch: 67 	 Accuracy: 61.66%	Loss: 1.99874139
2022-03-02 16:24:06,339 - ===> Train Epoch: 68 	 Accuracy: 98.92%	Loss: 0.03777726
2022-03-02 16:25:11,463 - ===> Validation after Training epoch: 68 	 Accuracy: 61.66%	Loss: 1.98421454
2022-03-02 16:37:52,575 - ===> Train Epoch: 69 	 Accuracy: 99.02%	Loss: 0.03675689
2022-03-02 16:38:57,594 - ===> Validation after Training epoch: 69 	 Accuracy: 60.91%	Loss: 2.02511477
2022-03-02 16:51:38,914 - ===> Train Epoch: 70 	 Accuracy: 98.98%	Loss: 0.03753172
2022-03-02 16:52:43,903 - ===> Validation after Training epoch: 70 	 Accuracy: 60.39%	Loss: 2.04190135
2022-03-02 17:05:25,692 - ===> Train Epoch: 71 	 Accuracy: 99.00%	Loss: 0.03593276
2022-03-02 17:06:30,752 - ===> Validation after Training epoch: 71 	 Accuracy: 60.20%	Loss: 2.05731988
2022-03-02 17:19:11,317 - ===> Train Epoch: 72 	 Accuracy: 98.95%	Loss: 0.03732090
2022-03-02 17:20:17,017 - ===> Validation after Training epoch: 72 	 Accuracy: 61.16%	Loss: 2.04870248
2022-03-02 17:32:58,941 - ===> Train Epoch: 73 	 Accuracy: 98.96%	Loss: 0.03614251
2022-03-02 17:34:04,222 - ===> Validation after Training epoch: 73 	 Accuracy: 60.86%	Loss: 2.05284381
2022-03-02 17:46:47,336 - ===> Train Epoch: 74 	 Accuracy: 98.98%	Loss: 0.03641333
2022-03-02 17:47:52,651 - ===> Validation after Training epoch: 74 	 Accuracy: 61.09%	Loss: 2.00942945
2022-03-02 18:00:35,583 - ===> Train Epoch: 75 	 Accuracy: 99.07%	Loss: 0.03492193
2022-03-02 18:01:40,902 - ===> Validation after Training epoch: 75 	 Accuracy: 61.14%	Loss: 1.99864292
2022-03-02 18:14:24,305 - ===> Train Epoch: 76 	 Accuracy: 99.00%	Loss: 0.03500590
2022-03-02 18:15:29,818 - ===> Validation after Training epoch: 76 	 Accuracy: 60.35%	Loss: 2.02766776
2022-03-02 18:28:12,932 - ===> Train Epoch: 77 	 Accuracy: 98.97%	Loss: 0.03631993
2022-03-02 18:29:18,418 - ===> Validation after Training epoch: 77 	 Accuracy: 61.53%	Loss: 2.03756237
2022-03-02 18:42:03,266 - ===> Train Epoch: 78 	 Accuracy: 99.09%	Loss: 0.03478055
2022-03-02 18:43:08,808 - ===> Validation after Training epoch: 78 	 Accuracy: 60.04%	Loss: 2.05322123
