2022-03-02 19:19:01,178 - ### Training Machine Ip address ###
 192.168.0.7

2022-03-02 19:19:01,179 - ### Model summary below###
 BackBone(
  (encoder): Encoder(
    (groups): ModuleList(
      (0): Sequential(
        (0): Res1d(
          (conv1): Conv1d(3, 32, kernel_size=(3,), stride=(1,), padding=(1,), bias=False)
          (conv2): Conv1d(32, 32, kernel_size=(3,), stride=(1,), padding=(1,), bias=False)
          (relu): ReLU(inplace=True)
          (bn1): GroupNorm(1, 32, eps=1e-05, affine=True)
          (bn2): GroupNorm(1, 32, eps=1e-05, affine=True)
          (downsample): Sequential(
            (0): Conv1d(3, 32, kernel_size=(1,), stride=(1,), bias=False)
            (1): GroupNorm(1, 32, eps=1e-05, affine=True)
          )
        )
        (1): Res1d(
          (conv1): Conv1d(32, 32, kernel_size=(3,), stride=(1,), padding=(1,), bias=False)
          (conv2): Conv1d(32, 32, kernel_size=(3,), stride=(1,), padding=(1,), bias=False)
          (relu): ReLU(inplace=True)
          (bn1): GroupNorm(1, 32, eps=1e-05, affine=True)
          (bn2): GroupNorm(1, 32, eps=1e-05, affine=True)
        )
      )
      (1): Sequential(
        (0): Res1d(
          (conv1): Conv1d(32, 64, kernel_size=(3,), stride=(2,), padding=(1,), bias=False)
          (conv2): Conv1d(64, 64, kernel_size=(3,), stride=(1,), padding=(1,), bias=False)
          (relu): ReLU(inplace=True)
          (bn1): GroupNorm(1, 64, eps=1e-05, affine=True)
          (bn2): GroupNorm(1, 64, eps=1e-05, affine=True)
          (downsample): Sequential(
            (0): Conv1d(32, 64, kernel_size=(1,), stride=(2,), bias=False)
            (1): GroupNorm(1, 64, eps=1e-05, affine=True)
          )
        )
        (1): Res1d(
          (conv1): Conv1d(64, 64, kernel_size=(3,), stride=(1,), padding=(1,), bias=False)
          (conv2): Conv1d(64, 64, kernel_size=(3,), stride=(1,), padding=(1,), bias=False)
          (relu): ReLU(inplace=True)
          (bn1): GroupNorm(1, 64, eps=1e-05, affine=True)
          (bn2): GroupNorm(1, 64, eps=1e-05, affine=True)
        )
      )
      (2): Sequential(
        (0): Res1d(
          (conv1): Conv1d(64, 128, kernel_size=(3,), stride=(2,), padding=(1,), bias=False)
          (conv2): Conv1d(128, 128, kernel_size=(3,), stride=(1,), padding=(1,), bias=False)
          (relu): ReLU(inplace=True)
          (bn1): GroupNorm(1, 128, eps=1e-05, affine=True)
          (bn2): GroupNorm(1, 128, eps=1e-05, affine=True)
          (downsample): Sequential(
            (0): Conv1d(64, 128, kernel_size=(1,), stride=(2,), bias=False)
            (1): GroupNorm(1, 128, eps=1e-05, affine=True)
          )
        )
        (1): Res1d(
          (conv1): Conv1d(128, 128, kernel_size=(3,), stride=(1,), padding=(1,), bias=False)
          (conv2): Conv1d(128, 128, kernel_size=(3,), stride=(1,), padding=(1,), bias=False)
          (relu): ReLU(inplace=True)
          (bn1): GroupNorm(1, 128, eps=1e-05, affine=True)
          (bn2): GroupNorm(1, 128, eps=1e-05, affine=True)
        )
      )
    )
    (lateral): ModuleList(
      (0): Conv1d(
        (conv): Conv1d(32, 256, kernel_size=(3,), stride=(1,), padding=(1,), bias=False)
        (norm): GroupNorm(1, 256, eps=1e-05, affine=True)
        (relu): ReLU(inplace=True)
      )
      (1): Conv1d(
        (conv): Conv1d(64, 256, kernel_size=(3,), stride=(1,), padding=(1,), bias=False)
        (norm): GroupNorm(1, 256, eps=1e-05, affine=True)
        (relu): ReLU(inplace=True)
      )
      (2): Conv1d(
        (conv): Conv1d(128, 256, kernel_size=(3,), stride=(1,), padding=(1,), bias=False)
        (norm): GroupNorm(1, 256, eps=1e-05, affine=True)
        (relu): ReLU(inplace=True)
      )
    )
    (output): Res1d(
      (conv1): Conv1d(256, 256, kernel_size=(3,), stride=(1,), padding=(1,), bias=False)
      (conv2): Conv1d(256, 256, kernel_size=(3,), stride=(1,), padding=(1,), bias=False)
      (relu): ReLU(inplace=True)
      (bn1): GroupNorm(1, 256, eps=1e-05, affine=True)
      (bn2): GroupNorm(1, 256, eps=1e-05, affine=True)
    )
  )
  (autoregressive): AutoRegressive(
    (gru): GRU(256, 256, batch_first=True)
  )
  (Wk): ModuleList(
    (0): Linear(in_features=256, out_features=256, bias=True)
    (1): Linear(in_features=256, out_features=256, bias=True)
    (2): Linear(in_features=256, out_features=256, bias=True)
    (3): Linear(in_features=256, out_features=256, bias=True)
    (4): Linear(in_features=256, out_features=256, bias=True)
    (5): Linear(in_features=256, out_features=256, bias=True)
    (6): Linear(in_features=256, out_features=256, bias=True)
    (7): Linear(in_features=256, out_features=256, bias=True)
    (8): Linear(in_features=256, out_features=256, bias=True)
    (9): Linear(in_features=256, out_features=256, bias=True)
  )
  (softmax): Softmax(dim=None)
  (lsoftmax): LogSoftmax(dim=None)
)

2022-03-02 19:19:01,180 - ===> Configuration parameter
                                    GPU_id: 0
                                    batch_size: 16
                                    epoch: 300
                                    n_warmup_steps: 30
                                    validataion_period: 1
                                    ckpt_period: 5
                                    ckpt_dir: C:\Users\VDCLAB\Desktop\hs\HMC_prediction/ckpt/
                                    learning_rate: 5e-06
                                    data_dir_train: C:\Users\VDCLAB\Desktop\hs\HMC_prediction/data/drone_data/processed/train/
                                    data_dir_val: C:\Users\VDCLAB\Desktop\hs\HMC_prediction/data/drone_data/processed/val/
                                    data_dir_orig: C:\Users\VDCLAB\Desktop\hs\HMC_prediction/data/drone_data/processed/archive/
                                    occlusion_rate: 0.2
                                    splicing_num: 128
                                    LC_multiple: 5
                                    FOV: 30
                                    interpolate: False
                                    max_pred_time: 5
                                    max_hist_time: 10
                                    hz: 2
                                    val_rate: 0.2
                                    n_hidden_after_deconv: 256
                                    n_convgru_layer: 1
                                    convgru_kernel_size: (3, 3)
                                    convgru_output_layer_num: 4
                                    convgru_output_channel_list: [16, 32, 64, 128]
                                    convgru_output_kernel_size_list: [5, 5, 5, 5]
                                    log_dir: logs/

2022-03-02 19:19:01,180 - ===> Model total parameter: 1857600
2022-03-02 19:19:01,181 - ===> Model Training Start
2022-03-02 19:33:03,802 - ===> Train Epoch: 1 	 Accuracy: 70.81%	Loss: 0.66575891
2022-03-02 19:34:37,160 - ===> Validation after Training epoch: 1 	 Accuracy: 61.04%	Loss: 0.92063898
2022-03-02 19:48:36,815 - ===> Train Epoch: 2 	 Accuracy: 85.90%	Loss: 0.32953346
2022-03-02 19:50:09,977 - ===> Validation after Training epoch: 2 	 Accuracy: 59.21%	Loss: 0.99993175
2022-03-02 20:04:08,893 - ===> Train Epoch: 3 	 Accuracy: 89.43%	Loss: 0.25592387
2022-03-02 20:05:41,688 - ===> Validation after Training epoch: 3 	 Accuracy: 62.36%	Loss: 1.03123903
2022-03-02 20:19:36,107 - ===> Train Epoch: 4 	 Accuracy: 91.56%	Loss: 0.21137948
2022-03-02 20:21:08,933 - ===> Validation after Training epoch: 4 	 Accuracy: 61.06%	Loss: 1.12382460
2022-03-02 20:35:03,250 - ===> Train Epoch: 5 	 Accuracy: 93.23%	Loss: 0.18086538
2022-03-02 20:36:36,260 - ===> Validation after Training epoch: 5 	 Accuracy: 59.30%	Loss: 1.24984181
2022-03-02 20:50:43,445 - ===> Train Epoch: 6 	 Accuracy: 94.28%	Loss: 0.16055255
2022-03-02 20:52:17,199 - ===> Validation after Training epoch: 6 	 Accuracy: 59.77%	Loss: 1.23158371
2022-03-02 21:06:18,090 - ===> Train Epoch: 7 	 Accuracy: 95.11%	Loss: 0.14127503
2022-03-02 21:07:51,731 - ===> Validation after Training epoch: 7 	 Accuracy: 57.96%	Loss: 1.31210864
2022-03-02 21:21:52,573 - ===> Train Epoch: 8 	 Accuracy: 95.71%	Loss: 0.12920164
2022-03-02 21:23:26,439 - ===> Validation after Training epoch: 8 	 Accuracy: 59.48%	Loss: 1.31990457
2022-03-02 21:37:29,071 - ===> Train Epoch: 9 	 Accuracy: 96.16%	Loss: 0.11688350
2022-03-02 21:39:02,852 - ===> Validation after Training epoch: 9 	 Accuracy: 58.95%	Loss: 1.41970813
2022-03-02 21:53:04,525 - ===> Train Epoch: 10 	 Accuracy: 96.63%	Loss: 0.11021750
2022-03-02 21:54:38,201 - ===> Validation after Training epoch: 10 	 Accuracy: 59.60%	Loss: 1.39147484
2022-03-02 22:08:40,263 - ===> Train Epoch: 11 	 Accuracy: 96.90%	Loss: 0.10008266
2022-03-02 22:10:13,963 - ===> Validation after Training epoch: 11 	 Accuracy: 60.23%	Loss: 1.41837931
2022-03-02 22:24:15,664 - ===> Train Epoch: 12 	 Accuracy: 97.35%	Loss: 0.09252292
2022-03-02 22:25:49,775 - ===> Validation after Training epoch: 12 	 Accuracy: 58.02%	Loss: 1.54630411
2022-03-02 22:39:51,425 - ===> Train Epoch: 13 	 Accuracy: 97.46%	Loss: 0.08779136
2022-03-02 22:41:25,199 - ===> Validation after Training epoch: 13 	 Accuracy: 58.90%	Loss: 1.45139837
2022-03-02 22:55:25,993 - ===> Train Epoch: 14 	 Accuracy: 97.78%	Loss: 0.08234646
2022-03-02 22:56:59,552 - ===> Validation after Training epoch: 14 	 Accuracy: 58.90%	Loss: 1.47135305
2022-03-02 23:11:00,844 - ===> Train Epoch: 15 	 Accuracy: 97.98%	Loss: 0.07836748
2022-03-02 23:12:34,597 - ===> Validation after Training epoch: 15 	 Accuracy: 60.05%	Loss: 1.46222961
2022-03-02 23:26:35,331 - ===> Train Epoch: 16 	 Accuracy: 98.06%	Loss: 0.07485968
2022-03-02 23:28:08,941 - ===> Validation after Training epoch: 16 	 Accuracy: 59.49%	Loss: 1.51498997
2022-03-02 23:42:10,819 - ===> Train Epoch: 17 	 Accuracy: 98.16%	Loss: 0.07061506
2022-03-02 23:43:44,582 - ===> Validation after Training epoch: 17 	 Accuracy: 60.90%	Loss: 1.60523057
2022-03-02 23:57:45,187 - ===> Train Epoch: 18 	 Accuracy: 98.24%	Loss: 0.06628487
2022-03-02 23:59:18,785 - ===> Validation after Training epoch: 18 	 Accuracy: 58.64%	Loss: 1.62331569
2022-03-03 00:13:20,272 - ===> Train Epoch: 19 	 Accuracy: 98.35%	Loss: 0.06497272
2022-03-03 00:14:54,062 - ===> Validation after Training epoch: 19 	 Accuracy: 59.30%	Loss: 1.57080889
